-- The C compiler identification is GNU 11.4.0
-- The CXX compiler identification is GNU 11.4.0
-- Detecting C compiler ABI info
-- Detecting C compiler ABI info - done
-- Check for working C compiler: /usr/bin/cc - skipped
-- Detecting C compile features
-- Detecting C compile features - done
-- Detecting CXX compiler ABI info
-- Detecting CXX compiler ABI info - done
-- Check for working CXX compiler: /usr/bin/c++ - skipped
-- Detecting CXX compile features
-- Detecting CXX compile features - done
-- Found ament_cmake: 1.3.12 (/opt/ros/humble/share/ament_cmake/cmake)
-- Found Python3: /usr/bin/python3 (found version "3.10.12") found components: Interpreter 
-- Found builtin_interfaces: 1.2.2 (/opt/ros/humble/share/builtin_interfaces/cmake)
-- Found rosidl_generator_c: 3.1.7 (/opt/ros/humble/share/rosidl_generator_c/cmake)
-- Found rosidl_adapter: 3.1.7 (/opt/ros/humble/share/rosidl_adapter/cmake)
-- Found rosidl_generator_cpp: 3.1.7 (/opt/ros/humble/share/rosidl_generator_cpp/cmake)
-- Using all available rosidl_typesupport_c: rosidl_typesupport_fastrtps_c;rosidl_typesupport_introspection_c
-- Using all available rosidl_typesupport_cpp: rosidl_typesupport_fastrtps_cpp;rosidl_typesupport_introspection_cpp
-- Found rosidl_default_generators: 1.2.0 (/opt/ros/humble/share/rosidl_default_generators/cmake)
-- Found std_msgs: 4.9.0 (/opt/ros/humble/share/std_msgs/cmake)
-- Found geometry_msgs: 4.9.0 (/opt/ros/humble/share/geometry_msgs/cmake)
-- Found sensor_msgs: 4.9.0 (/opt/ros/humble/share/sensor_msgs/cmake)
-- Found trajectory_msgs: 4.9.0 (/opt/ros/humble/share/trajectory_msgs/cmake)
-- Found control_msgs: 4.8.0 (/opt/ros/humble/share/control_msgs/cmake)
-- Found diagnostic_msgs: 4.9.0 (/opt/ros/humble/share/diagnostic_msgs/cmake)
-- Found ament_cmake_ros: 0.10.0 (/opt/ros/humble/share/ament_cmake_ros/cmake)
-- Using all available rosidl_typesupport_c: rosidl_typesupport_fastrtps_c;rosidl_typesupport_introspection_c
-- Using all available rosidl_typesupport_cpp: rosidl_typesupport_fastrtps_cpp;rosidl_typesupport_introspection_cpp
-- Found PythonInterp: /usr/bin/python3 (found suitable version "3.10.12", minimum required is "3.6") 
-- Found python_cmake_module: 0.10.0 (/opt/ros/humble/share/python_cmake_module/cmake)
-- Found PythonLibs: /usr/lib/aarch64-linux-gnu/libpython3.10.so (found suitable version "3.10.12", minimum required is "3.5") 
-- Using PYTHON_EXECUTABLE: /usr/bin/python3
-- Using PYTHON_INCLUDE_DIRS: /usr/include/python3.10
-- Using PYTHON_LIBRARIES: /usr/lib/aarch64-linux-gnu/libpython3.10.so
-- Found PythonExtra: .so  
-- Found ament_lint_auto: 0.12.14 (/opt/ros/humble/share/ament_lint_auto/cmake)
-- Added test 'copyright' to check source files copyright and LICENSE
-- Added test 'flake8' to check Python code syntax and style conventions
-- Added test 'lint_cmake' to check CMake code style
-- Added test 'pep257' to check Python code against some of the docstring style conventions in PEP 257
-- Added test 'xmllint' to check XML markup files
-- Configuring done
-- Generating done
-- Build files have been written to: /home/rover/workspaces/rover-real/src/build/arm_control
[  1%] [34m[1mGenerating C++ code for ROS interfaces[0m
[  1%] Built target arm_control__cpp
[  1%] Built target ament_cmake_python_copy_arm_control
[  3%] [34m[1mGenerating C++ introspection for ROS interfaces[0m
[  4%] [32mBuilding CXX object CMakeFiles/arm_control__rosidl_typesupport_introspection_cpp.dir/rosidl_typesupport_introspection_cpp/arm_control/msg/detail/arm_status__type_support.cpp.o[0m
[  6%] [32mBuilding CXX object CMakeFiles/arm_control__rosidl_typesupport_introspection_cpp.dir/rosidl_typesupport_introspection_cpp/arm_control/msg/detail/fault__type_support.cpp.o[0m
[  7%] [32mBuilding CXX object CMakeFiles/arm_control__rosidl_typesupport_introspection_cpp.dir/rosidl_typesupport_introspection_cpp/arm_control/action/detail/go_to_named_pose__type_support.cpp.o[0m
[  9%] [32mBuilding CXX object CMakeFiles/arm_control__rosidl_typesupport_introspection_cpp.dir/rosidl_typesupport_introspection_cpp/arm_control/action/detail/pick_and_place__type_support.cpp.o[0m
[ 11%] [32mBuilding CXX object CMakeFiles/arm_control__rosidl_typesupport_introspection_cpp.dir/rosidl_typesupport_introspection_cpp/arm_control/action/detail/tool_change__type_support.cpp.o[0m
[ 12%] [32m[1mLinking CXX shared library libarm_control__rosidl_typesupport_introspection_cpp.so[0m
[ 12%] Built target arm_control__rosidl_typesupport_introspection_cpp
running egg_info
creating arm_control.egg-info
writing arm_control.egg-info/PKG-INFO
writing dependency_links to arm_control.egg-info/dependency_links.txt
writing top-level names to arm_control.egg-info/top_level.txt
writing manifest file 'arm_control.egg-info/SOURCES.txt'
reading manifest file 'arm_control.egg-info/SOURCES.txt'
writing manifest file 'arm_control.egg-info/SOURCES.txt'
[ 12%] Built target ament_cmake_python_build_arm_control_egg
[ 14%] [34m[1mGenerating C++ type support for eProsima Fast-RTPS[0m
[ 15%] [32mBuilding CXX object CMakeFiles/arm_control__rosidl_typesupport_fastrtps_cpp.dir/rosidl_typesupport_fastrtps_cpp/arm_control/msg/detail/dds_fastrtps/arm_status__type_support.cpp.o[0m
[ 17%] [32mBuilding CXX object CMakeFiles/arm_control__rosidl_typesupport_fastrtps_cpp.dir/rosidl_typesupport_fastrtps_cpp/arm_control/action/detail/dds_fastrtps/pick_and_place__type_support.cpp.o[0m
[ 19%] [32mBuilding CXX object CMakeFiles/arm_control__rosidl_typesupport_fastrtps_cpp.dir/rosidl_typesupport_fastrtps_cpp/arm_control/action/detail/dds_fastrtps/tool_change__type_support.cpp.o[0m
[ 20%] [32mBuilding CXX object CMakeFiles/arm_control__rosidl_typesupport_fastrtps_cpp.dir/rosidl_typesupport_fastrtps_cpp/arm_control/action/detail/dds_fastrtps/go_to_named_pose__type_support.cpp.o[0m
[ 22%] [32mBuilding CXX object CMakeFiles/arm_control__rosidl_typesupport_fastrtps_cpp.dir/rosidl_typesupport_fastrtps_cpp/arm_control/msg/detail/dds_fastrtps/fault__type_support.cpp.o[0m
[ 23%] [32m[1mLinking CXX shared library libarm_control__rosidl_typesupport_fastrtps_cpp.so[0m
[ 23%] Built target arm_control__rosidl_typesupport_fastrtps_cpp
[ 25%] [34m[1mGenerating C++ type support dispatch for ROS interfaces[0m
[ 26%] [32mBuilding CXX object CMakeFiles/arm_control__rosidl_typesupport_cpp.dir/rosidl_typesupport_cpp/arm_control/msg/arm_status__type_support.cpp.o[0m
[ 28%] [32mBuilding CXX object CMakeFiles/arm_control__rosidl_typesupport_cpp.dir/rosidl_typesupport_cpp/arm_control/action/tool_change__type_support.cpp.o[0m
[ 30%] [32mBuilding CXX object CMakeFiles/arm_control__rosidl_typesupport_cpp.dir/rosidl_typesupport_cpp/arm_control/action/pick_and_place__type_support.cpp.o[0m
[ 31%] [32mBuilding CXX object CMakeFiles/arm_control__rosidl_typesupport_cpp.dir/rosidl_typesupport_cpp/arm_control/action/go_to_named_pose__type_support.cpp.o[0m
[ 33%] [32mBuilding CXX object CMakeFiles/arm_control__rosidl_typesupport_cpp.dir/rosidl_typesupport_cpp/arm_control/msg/fault__type_support.cpp.o[0m
[ 34%] [32m[1mLinking CXX shared library libarm_control__rosidl_typesupport_cpp.so[0m
[ 34%] Built target arm_control__rosidl_typesupport_cpp
[ 36%] [34m[1mGenerating C code for ROS interfaces[0m
[ 38%] [32mBuilding C object CMakeFiles/arm_control__rosidl_generator_c.dir/rosidl_generator_c/arm_control/msg/detail/arm_status__functions.c.o[0m
[ 39%] [32mBuilding C object CMakeFiles/arm_control__rosidl_generator_c.dir/rosidl_generator_c/arm_control/action/detail/tool_change__functions.c.o[0m
[ 41%] [32mBuilding C object CMakeFiles/arm_control__rosidl_generator_c.dir/rosidl_generator_c/arm_control/action/detail/pick_and_place__functions.c.o[0m
[ 42%] [32mBuilding C object CMakeFiles/arm_control__rosidl_generator_c.dir/rosidl_generator_c/arm_control/action/detail/go_to_named_pose__functions.c.o[0m
[ 44%] [32mBuilding C object CMakeFiles/arm_control__rosidl_generator_c.dir/rosidl_generator_c/arm_control/msg/detail/fault__functions.c.o[0m
[ 46%] [32m[1mLinking C shared library libarm_control__rosidl_generator_c.so[0m
[ 46%] Built target arm_control__rosidl_generator_c
[ 47%] [34m[1mGenerating C type support for eProsima Fast-RTPS[0m
[ 49%] [32mBuilding CXX object CMakeFiles/arm_control__rosidl_typesupport_fastrtps_c.dir/rosidl_typesupport_fastrtps_c/arm_control/msg/detail/arm_status__type_support_c.cpp.o[0m
[ 50%] [32mBuilding CXX object CMakeFiles/arm_control__rosidl_typesupport_fastrtps_c.dir/rosidl_typesupport_fastrtps_c/arm_control/action/detail/pick_and_place__type_support_c.cpp.o[0m
[ 52%] [32mBuilding CXX object CMakeFiles/arm_control__rosidl_typesupport_fastrtps_c.dir/rosidl_typesupport_fastrtps_c/arm_control/action/detail/tool_change__type_support_c.cpp.o[0m
[ 53%] [32mBuilding CXX object CMakeFiles/arm_control__rosidl_typesupport_fastrtps_c.dir/rosidl_typesupport_fastrtps_c/arm_control/action/detail/go_to_named_pose__type_support_c.cpp.o[0m
[ 55%] [32mBuilding CXX object CMakeFiles/arm_control__rosidl_typesupport_fastrtps_c.dir/rosidl_typesupport_fastrtps_c/arm_control/msg/detail/fault__type_support_c.cpp.o[0m
[ 57%] [32m[1mLinking CXX shared library libarm_control__rosidl_typesupport_fastrtps_c.so[0m
[ 57%] Built target arm_control__rosidl_typesupport_fastrtps_c
[ 58%] [34m[1mGenerating C introspection for ROS interfaces[0m
[ 60%] [34m[1mGenerating C type support dispatch for ROS interfaces[0m
[ 61%] [32mBuilding CXX object CMakeFiles/arm_control__rosidl_typesupport_c.dir/rosidl_typesupport_c/arm_control/msg/arm_status__type_support.cpp.o[0m
[ 63%] [32mBuilding CXX object CMakeFiles/arm_control__rosidl_typesupport_c.dir/rosidl_typesupport_c/arm_control/action/pick_and_place__type_support.cpp.o[0m
[ 65%] [32mBuilding CXX object CMakeFiles/arm_control__rosidl_typesupport_c.dir/rosidl_typesupport_c/arm_control/action/tool_change__type_support.cpp.o[0m
[ 66%] [32mBuilding C object CMakeFiles/arm_control__rosidl_typesupport_introspection_c.dir/rosidl_typesupport_introspection_c/arm_control/msg/detail/arm_status__type_support.c.o[0m
[ 68%] [32mBuilding CXX object CMakeFiles/arm_control__rosidl_typesupport_c.dir/rosidl_typesupport_c/arm_control/action/go_to_named_pose__type_support.cpp.o[0m
[ 69%] [32mBuilding C object CMakeFiles/arm_control__rosidl_typesupport_introspection_c.dir/rosidl_typesupport_introspection_c/arm_control/action/detail/pick_and_place__type_support.c.o[0m
[ 71%] [32mBuilding CXX object CMakeFiles/arm_control__rosidl_typesupport_c.dir/rosidl_typesupport_c/arm_control/msg/fault__type_support.cpp.o[0m
[ 73%] [32mBuilding C object CMakeFiles/arm_control__rosidl_typesupport_introspection_c.dir/rosidl_typesupport_introspection_c/arm_control/action/detail/tool_change__type_support.c.o[0m
[ 74%] [32m[1mLinking CXX shared library libarm_control__rosidl_typesupport_c.so[0m
[ 76%] [32mBuilding C object CMakeFiles/arm_control__rosidl_typesupport_introspection_c.dir/rosidl_typesupport_introspection_c/arm_control/action/detail/go_to_named_pose__type_support.c.o[0m
[ 76%] Built target arm_control__rosidl_typesupport_c
[ 77%] [32mBuilding C object CMakeFiles/arm_control__rosidl_typesupport_introspection_c.dir/rosidl_typesupport_introspection_c/arm_control/msg/detail/fault__type_support.c.o[0m
[ 79%] [32m[1mLinking C shared library libarm_control__rosidl_typesupport_introspection_c.so[0m
[ 79%] Built target arm_control__rosidl_typesupport_introspection_c
[ 79%] Built target arm_control
[ 80%] [34m[1mGenerating Python code for ROS interfaces[0m
[ 80%] Built target arm_control__py
[ 82%] [32mBuilding C object CMakeFiles/arm_control__rosidl_generator_py.dir/rosidl_generator_py/arm_control/msg/_arm_status_s.c.o[0m
[ 84%] [32mBuilding C object CMakeFiles/arm_control__rosidl_generator_py.dir/rosidl_generator_py/arm_control/action/_tool_change_s.c.o[0m
[ 85%] [32mBuilding C object CMakeFiles/arm_control__rosidl_generator_py.dir/rosidl_generator_py/arm_control/action/_pick_and_place_s.c.o[0m
[ 87%] [32mBuilding C object CMakeFiles/arm_control__rosidl_generator_py.dir/rosidl_generator_py/arm_control/action/_go_to_named_pose_s.c.o[0m
[ 88%] [32mBuilding C object CMakeFiles/arm_control__rosidl_generator_py.dir/rosidl_generator_py/arm_control/msg/_fault_s.c.o[0m
[ 90%] [32m[1mLinking C shared library rosidl_generator_py/arm_control/libarm_control__rosidl_generator_py.so[0m
[ 90%] Built target arm_control__rosidl_generator_py
[ 92%] [32mBuilding C object CMakeFiles/arm_control__rosidl_typesupport_fastrtps_c__pyext.dir/rosidl_generator_py/arm_control/_arm_control_s.ep.rosidl_typesupport_fastrtps_c.c.o[0m
[ 93%] [32m[1mLinking C shared library rosidl_generator_py/arm_control/arm_control_s__rosidl_typesupport_fastrtps_c.cpython-310-aarch64-linux-gnu.so[0m
[ 93%] Built target arm_control__rosidl_typesupport_fastrtps_c__pyext
[ 95%] [32mBuilding C object CMakeFiles/arm_control__rosidl_typesupport_c__pyext.dir/rosidl_generator_py/arm_control/_arm_control_s.ep.rosidl_typesupport_c.c.o[0m
[ 96%] [32m[1mLinking C shared library rosidl_generator_py/arm_control/arm_control_s__rosidl_typesupport_c.cpython-310-aarch64-linux-gnu.so[0m
[ 96%] Built target arm_control__rosidl_typesupport_c__pyext
[ 98%] [32mBuilding C object CMakeFiles/arm_control__rosidl_typesupport_introspection_c__pyext.dir/rosidl_generator_py/arm_control/_arm_control_s.ep.rosidl_typesupport_introspection_c.c.o[0m
[100%] [32m[1mLinking C shared library rosidl_generator_py/arm_control/arm_control_s__rosidl_typesupport_introspection_c.cpython-310-aarch64-linux-gnu.so[0m
[100%] Built target arm_control__rosidl_typesupport_introspection_c__pyext
-- Install configuration: ""
-- Installing: /home/rover/workspaces/rover-real/src/install/arm_control/share/ament_index/resource_index/rosidl_interfaces/arm_control
-- Installing: /home/rover/workspaces/rover-real/src/install/arm_control/include/arm_control/arm_control
-- Installing: /home/rover/workspaces/rover-real/src/install/arm_control/include/arm_control/arm_control/action
-- Installing: /home/rover/workspaces/rover-real/src/install/arm_control/include/arm_control/arm_control/action/pick_and_place.h
-- Installing: /home/rover/workspaces/rover-real/src/install/arm_control/include/arm_control/arm_control/action/detail
-- Installing: /home/rover/workspaces/rover-real/src/install/arm_control/include/arm_control/arm_control/action/detail/tool_change__functions.c
-- Installing: /home/rover/workspaces/rover-real/src/install/arm_control/include/arm_control/arm_control/action/detail/go_to_named_pose__functions.h
-- Installing: /home/rover/workspaces/rover-real/src/install/arm_control/include/arm_control/arm_control/action/detail/pick_and_place__functions.c
-- Installing: /home/rover/workspaces/rover-real/src/install/arm_control/include/arm_control/arm_control/action/detail/tool_change__functions.h
-- Installing: /home/rover/workspaces/rover-real/src/install/arm_control/include/arm_control/arm_control/action/detail/go_to_named_pose__functions.c
-- Installing: /home/rover/workspaces/rover-real/src/install/arm_control/include/arm_control/arm_control/action/detail/pick_and_place__struct.h
-- Installing: /home/rover/workspaces/rover-real/src/install/arm_control/include/arm_control/arm_control/action/detail/tool_change__struct.h
-- Installing: /home/rover/workspaces/rover-real/src/install/arm_control/include/arm_control/arm_control/action/detail/pick_and_place__type_support.h
-- Installing: /home/rover/workspaces/rover-real/src/install/arm_control/include/arm_control/arm_control/action/detail/tool_change__type_support.h
-- Installing: /home/rover/workspaces/rover-real/src/install/arm_control/include/arm_control/arm_control/action/detail/pick_and_place__functions.h
-- Installing: /home/rover/workspaces/rover-real/src/install/arm_control/include/arm_control/arm_control/action/detail/go_to_named_pose__type_support.h
-- Installing: /home/rover/workspaces/rover-real/src/install/arm_control/include/arm_control/arm_control/action/detail/go_to_named_pose__struct.h
-- Installing: /home/rover/workspaces/rover-real/src/install/arm_control/include/arm_control/arm_control/action/tool_change.h
-- Installing: /home/rover/workspaces/rover-real/src/install/arm_control/include/arm_control/arm_control/action/go_to_named_pose.h
-- Installing: /home/rover/workspaces/rover-real/src/install/arm_control/include/arm_control/arm_control/msg
-- Installing: /home/rover/workspaces/rover-real/src/install/arm_control/include/arm_control/arm_control/msg/rosidl_generator_c__visibility_control.h
-- Installing: /home/rover/workspaces/rover-real/src/install/arm_control/include/arm_control/arm_control/msg/fault.h
-- Installing: /home/rover/workspaces/rover-real/src/install/arm_control/include/arm_control/arm_control/msg/detail
-- Installing: /home/rover/workspaces/rover-real/src/install/arm_control/include/arm_control/arm_control/msg/detail/fault__struct.h
-- Installing: /home/rover/workspaces/rover-real/src/install/arm_control/include/arm_control/arm_control/msg/detail/arm_status__functions.h
-- Installing: /home/rover/workspaces/rover-real/src/install/arm_control/include/arm_control/arm_control/msg/detail/arm_status__type_support.h
-- Installing: /home/rover/workspaces/rover-real/src/install/arm_control/include/arm_control/arm_control/msg/detail/arm_status__functions.c
-- Installing: /home/rover/workspaces/rover-real/src/install/arm_control/include/arm_control/arm_control/msg/detail/fault__type_support.h
-- Installing: /home/rover/workspaces/rover-real/src/install/arm_control/include/arm_control/arm_control/msg/detail/fault__functions.h
-- Installing: /home/rover/workspaces/rover-real/src/install/arm_control/include/arm_control/arm_control/msg/detail/fault__functions.c
-- Installing: /home/rover/workspaces/rover-real/src/install/arm_control/include/arm_control/arm_control/msg/detail/arm_status__struct.h
-- Installing: /home/rover/workspaces/rover-real/src/install/arm_control/include/arm_control/arm_control/msg/arm_status.h
-- Installing: /home/rover/workspaces/rover-real/src/install/arm_control/share/arm_control/environment/library_path.sh
-- Installing: /home/rover/workspaces/rover-real/src/install/arm_control/share/arm_control/environment/library_path.dsv
-- Installing: /home/rover/workspaces/rover-real/src/install/arm_control/lib/libarm_control__rosidl_generator_c.so
-- Set runtime path of "/home/rover/workspaces/rover-real/src/install/arm_control/lib/libarm_control__rosidl_generator_c.so" to ""
-- Up-to-date: /home/rover/workspaces/rover-real/src/install/arm_control/include/arm_control/arm_control
-- Up-to-date: /home/rover/workspaces/rover-real/src/install/arm_control/include/arm_control/arm_control/action
-- Up-to-date: /home/rover/workspaces/rover-real/src/install/arm_control/include/arm_control/arm_control/action/detail
-- Installing: /home/rover/workspaces/rover-real/src/install/arm_control/include/arm_control/arm_control/action/detail/pick_and_place__rosidl_typesupport_fastrtps_c.h
-- Installing: /home/rover/workspaces/rover-real/src/install/arm_control/include/arm_control/arm_control/action/detail/go_to_named_pose__rosidl_typesupport_fastrtps_c.h
-- Installing: /home/rover/workspaces/rover-real/src/install/arm_control/include/arm_control/arm_control/action/detail/tool_change__rosidl_typesupport_fastrtps_c.h
-- Up-to-date: /home/rover/workspaces/rover-real/src/install/arm_control/include/arm_control/arm_control/msg
-- Up-to-date: /home/rover/workspaces/rover-real/src/install/arm_control/include/arm_control/arm_control/msg/detail
-- Installing: /home/rover/workspaces/rover-real/src/install/arm_control/include/arm_control/arm_control/msg/detail/fault__rosidl_typesupport_fastrtps_c.h
-- Installing: /home/rover/workspaces/rover-real/src/install/arm_control/include/arm_control/arm_control/msg/detail/arm_status__rosidl_typesupport_fastrtps_c.h
-- Installing: /home/rover/workspaces/rover-real/src/install/arm_control/include/arm_control/arm_control/msg/rosidl_typesupport_fastrtps_c__visibility_control.h
-- Installing: /home/rover/workspaces/rover-real/src/install/arm_control/lib/libarm_control__rosidl_typesupport_fastrtps_c.so
-- Set runtime path of "/home/rover/workspaces/rover-real/src/install/arm_control/lib/libarm_control__rosidl_typesupport_fastrtps_c.so" to ""
-- Up-to-date: /home/rover/workspaces/rover-real/src/install/arm_control/include/arm_control/arm_control
-- Up-to-date: /home/rover/workspaces/rover-real/src/install/arm_control/include/arm_control/arm_control/action
-- Installing: /home/rover/workspaces/rover-real/src/install/arm_control/include/arm_control/arm_control/action/pick_and_place.hpp
-- Up-to-date: /home/rover/workspaces/rover-real/src/install/arm_control/include/arm_control/arm_control/action/detail
-- Installing: /home/rover/workspaces/rover-real/src/install/arm_control/include/arm_control/arm_control/action/detail/pick_and_place__struct.hpp
-- Installing: /home/rover/workspaces/rover-real/src/install/arm_control/include/arm_control/arm_control/action/detail/tool_change__builder.hpp
-- Installing: /home/rover/workspaces/rover-real/src/install/arm_control/include/arm_control/arm_control/action/detail/go_to_named_pose__builder.hpp
-- Installing: /home/rover/workspaces/rover-real/src/install/arm_control/include/arm_control/arm_control/action/detail/pick_and_place__traits.hpp
-- Installing: /home/rover/workspaces/rover-real/src/install/arm_control/include/arm_control/arm_control/action/detail/pick_and_place__type_support.hpp
-- Installing: /home/rover/workspaces/rover-real/src/install/arm_control/include/arm_control/arm_control/action/detail/go_to_named_pose__traits.hpp
-- Installing: /home/rover/workspaces/rover-real/src/install/arm_control/include/arm_control/arm_control/action/detail/go_to_named_pose__struct.hpp
-- Installing: /home/rover/workspaces/rover-real/src/install/arm_control/include/arm_control/arm_control/action/detail/tool_change__struct.hpp
-- Installing: /home/rover/workspaces/rover-real/src/install/arm_control/include/arm_control/arm_control/action/detail/tool_change__traits.hpp
-- Installing: /home/rover/workspaces/rover-real/src/install/arm_control/include/arm_control/arm_control/action/detail/go_to_named_pose__type_support.hpp
-- Installing: /home/rover/workspaces/rover-real/src/install/arm_control/include/arm_control/arm_control/action/detail/tool_change__type_support.hpp
-- Installing: /home/rover/workspaces/rover-real/src/install/arm_control/include/arm_control/arm_control/action/detail/pick_and_place__builder.hpp
-- Installing: /home/rover/workspaces/rover-real/src/install/arm_control/include/arm_control/arm_control/action/go_to_named_pose.hpp
-- Installing: /home/rover/workspaces/rover-real/src/install/arm_control/include/arm_control/arm_control/action/tool_change.hpp
-- Up-to-date: /home/rover/workspaces/rover-real/src/install/arm_control/include/arm_control/arm_control/msg
-- Installing: /home/rover/workspaces/rover-real/src/install/arm_control/include/arm_control/arm_control/msg/rosidl_generator_cpp__visibility_control.hpp
-- Installing: /home/rover/workspaces/rover-real/src/install/arm_control/include/arm_control/arm_control/msg/fault.hpp
-- Up-to-date: /home/rover/workspaces/rover-real/src/install/arm_control/include/arm_control/arm_control/msg/detail
-- Installing: /home/rover/workspaces/rover-real/src/install/arm_control/include/arm_control/arm_control/msg/detail/arm_status__struct.hpp
-- Installing: /home/rover/workspaces/rover-real/src/install/arm_control/include/arm_control/arm_control/msg/detail/fault__traits.hpp
-- Installing: /home/rover/workspaces/rover-real/src/install/arm_control/include/arm_control/arm_control/msg/detail/fault__type_support.hpp
-- Installing: /home/rover/workspaces/rover-real/src/install/arm_control/include/arm_control/arm_control/msg/detail/arm_status__builder.hpp
-- Installing: /home/rover/workspaces/rover-real/src/install/arm_control/include/arm_control/arm_control/msg/detail/arm_status__traits.hpp
-- Installing: /home/rover/workspaces/rover-real/src/install/arm_control/include/arm_control/arm_control/msg/detail/arm_status__type_support.hpp
-- Installing: /home/rover/workspaces/rover-real/src/install/arm_control/include/arm_control/arm_control/msg/detail/fault__builder.hpp
-- Installing: /home/rover/workspaces/rover-real/src/install/arm_control/include/arm_control/arm_control/msg/detail/fault__struct.hpp
-- Installing: /home/rover/workspaces/rover-real/src/install/arm_control/include/arm_control/arm_control/msg/arm_status.hpp
-- Up-to-date: /home/rover/workspaces/rover-real/src/install/arm_control/include/arm_control/arm_control
-- Up-to-date: /home/rover/workspaces/rover-real/src/install/arm_control/include/arm_control/arm_control/action
-- Up-to-date: /home/rover/workspaces/rover-real/src/install/arm_control/include/arm_control/arm_control/action/detail
-- Installing: /home/rover/workspaces/rover-real/src/install/arm_control/include/arm_control/arm_control/action/detail/dds_fastrtps
-- Installing: /home/rover/workspaces/rover-real/src/install/arm_control/include/arm_control/arm_control/action/detail/pick_and_place__rosidl_typesupport_fastrtps_cpp.hpp
-- Installing: /home/rover/workspaces/rover-real/src/install/arm_control/include/arm_control/arm_control/action/detail/tool_change__rosidl_typesupport_fastrtps_cpp.hpp
-- Installing: /home/rover/workspaces/rover-real/src/install/arm_control/include/arm_control/arm_control/action/detail/go_to_named_pose__rosidl_typesupport_fastrtps_cpp.hpp
-- Up-to-date: /home/rover/workspaces/rover-real/src/install/arm_control/include/arm_control/arm_control/msg
-- Up-to-date: /home/rover/workspaces/rover-real/src/install/arm_control/include/arm_control/arm_control/msg/detail
-- Installing: /home/rover/workspaces/rover-real/src/install/arm_control/include/arm_control/arm_control/msg/detail/dds_fastrtps
-- Installing: /home/rover/workspaces/rover-real/src/install/arm_control/include/arm_control/arm_control/msg/detail/fault__rosidl_typesupport_fastrtps_cpp.hpp
-- Installing: /home/rover/workspaces/rover-real/src/install/arm_control/include/arm_control/arm_control/msg/detail/arm_status__rosidl_typesupport_fastrtps_cpp.hpp
-- Installing: /home/rover/workspaces/rover-real/src/install/arm_control/include/arm_control/arm_control/msg/rosidl_typesupport_fastrtps_cpp__visibility_control.h
-- Installing: /home/rover/workspaces/rover-real/src/install/arm_control/lib/libarm_control__rosidl_typesupport_fastrtps_cpp.so
-- Set runtime path of "/home/rover/workspaces/rover-real/src/install/arm_control/lib/libarm_control__rosidl_typesupport_fastrtps_cpp.so" to ""
-- Up-to-date: /home/rover/workspaces/rover-real/src/install/arm_control/include/arm_control/arm_control
-- Up-to-date: /home/rover/workspaces/rover-real/src/install/arm_control/include/arm_control/arm_control/action
-- Up-to-date: /home/rover/workspaces/rover-real/src/install/arm_control/include/arm_control/arm_control/action/detail
-- Installing: /home/rover/workspaces/rover-real/src/install/arm_control/include/arm_control/arm_control/action/detail/pick_and_place__rosidl_typesupport_introspection_c.h
-- Installing: /home/rover/workspaces/rover-real/src/install/arm_control/include/arm_control/arm_control/action/detail/pick_and_place__type_support.c
-- Installing: /home/rover/workspaces/rover-real/src/install/arm_control/include/arm_control/arm_control/action/detail/go_to_named_pose__type_support.c
-- Installing: /home/rover/workspaces/rover-real/src/install/arm_control/include/arm_control/arm_control/action/detail/go_to_named_pose__rosidl_typesupport_introspection_c.h
-- Installing: /home/rover/workspaces/rover-real/src/install/arm_control/include/arm_control/arm_control/action/detail/tool_change__type_support.c
-- Installing: /home/rover/workspaces/rover-real/src/install/arm_control/include/arm_control/arm_control/action/detail/tool_change__rosidl_typesupport_introspection_c.h
-- Up-to-date: /home/rover/workspaces/rover-real/src/install/arm_control/include/arm_control/arm_control/msg
-- Up-to-date: /home/rover/workspaces/rover-real/src/install/arm_control/include/arm_control/arm_control/msg/detail
-- Installing: /home/rover/workspaces/rover-real/src/install/arm_control/include/arm_control/arm_control/msg/detail/fault__rosidl_typesupport_introspection_c.h
-- Installing: /home/rover/workspaces/rover-real/src/install/arm_control/include/arm_control/arm_control/msg/detail/fault__type_support.c
-- Installing: /home/rover/workspaces/rover-real/src/install/arm_control/include/arm_control/arm_control/msg/detail/arm_status__rosidl_typesupport_introspection_c.h
-- Installing: /home/rover/workspaces/rover-real/src/install/arm_control/include/arm_control/arm_control/msg/detail/arm_status__type_support.c
-- Installing: /home/rover/workspaces/rover-real/src/install/arm_control/include/arm_control/arm_control/msg/rosidl_typesupport_introspection_c__visibility_control.h
-- Installing: /home/rover/workspaces/rover-real/src/install/arm_control/lib/libarm_control__rosidl_typesupport_introspection_c.so
-- Set runtime path of "/home/rover/workspaces/rover-real/src/install/arm_control/lib/libarm_control__rosidl_typesupport_introspection_c.so" to ""
-- Installing: /home/rover/workspaces/rover-real/src/install/arm_control/lib/libarm_control__rosidl_typesupport_c.so
-- Set runtime path of "/home/rover/workspaces/rover-real/src/install/arm_control/lib/libarm_control__rosidl_typesupport_c.so" to ""
-- Up-to-date: /home/rover/workspaces/rover-real/src/install/arm_control/include/arm_control/arm_control
-- Up-to-date: /home/rover/workspaces/rover-real/src/install/arm_control/include/arm_control/arm_control/action
-- Up-to-date: /home/rover/workspaces/rover-real/src/install/arm_control/include/arm_control/arm_control/action/detail
-- Installing: /home/rover/workspaces/rover-real/src/install/arm_control/include/arm_control/arm_control/action/detail/tool_change__type_support.cpp
-- Installing: /home/rover/workspaces/rover-real/src/install/arm_control/include/arm_control/arm_control/action/detail/go_to_named_pose__rosidl_typesupport_introspection_cpp.hpp
-- Installing: /home/rover/workspaces/rover-real/src/install/arm_control/include/arm_control/arm_control/action/detail/pick_and_place__type_support.cpp
-- Installing: /home/rover/workspaces/rover-real/src/install/arm_control/include/arm_control/arm_control/action/detail/tool_change__rosidl_typesupport_introspection_cpp.hpp
-- Installing: /home/rover/workspaces/rover-real/src/install/arm_control/include/arm_control/arm_control/action/detail/pick_and_place__rosidl_typesupport_introspection_cpp.hpp
-- Installing: /home/rover/workspaces/rover-real/src/install/arm_control/include/arm_control/arm_control/action/detail/go_to_named_pose__type_support.cpp
-- Up-to-date: /home/rover/workspaces/rover-real/src/install/arm_control/include/arm_control/arm_control/msg
-- Up-to-date: /home/rover/workspaces/rover-real/src/install/arm_control/include/arm_control/arm_control/msg/detail
-- Installing: /home/rover/workspaces/rover-real/src/install/arm_control/include/arm_control/arm_control/msg/detail/fault__type_support.cpp
-- Installing: /home/rover/workspaces/rover-real/src/install/arm_control/include/arm_control/arm_control/msg/detail/arm_status__type_support.cpp
-- Installing: /home/rover/workspaces/rover-real/src/install/arm_control/include/arm_control/arm_control/msg/detail/fault__rosidl_typesupport_introspection_cpp.hpp
-- Installing: /home/rover/workspaces/rover-real/src/install/arm_control/include/arm_control/arm_control/msg/detail/arm_status__rosidl_typesupport_introspection_cpp.hpp
-- Installing: /home/rover/workspaces/rover-real/src/install/arm_control/lib/libarm_control__rosidl_typesupport_introspection_cpp.so
-- Set runtime path of "/home/rover/workspaces/rover-real/src/install/arm_control/lib/libarm_control__rosidl_typesupport_introspection_cpp.so" to ""
-- Installing: /home/rover/workspaces/rover-real/src/install/arm_control/lib/libarm_control__rosidl_typesupport_cpp.so
-- Set runtime path of "/home/rover/workspaces/rover-real/src/install/arm_control/lib/libarm_control__rosidl_typesupport_cpp.so" to ""
-- Installing: /home/rover/workspaces/rover-real/src/install/arm_control/share/arm_control/environment/pythonpath.sh
-- Installing: /home/rover/workspaces/rover-real/src/install/arm_control/share/arm_control/environment/pythonpath.dsv
-- Installing: /home/rover/workspaces/rover-real/src/install/arm_control/local/lib/python3.10/dist-packages/arm_control-1.0.0-py3.10.egg-info
-- Installing: /home/rover/workspaces/rover-real/src/install/arm_control/local/lib/python3.10/dist-packages/arm_control-1.0.0-py3.10.egg-info/top_level.txt
-- Installing: /home/rover/workspaces/rover-real/src/install/arm_control/local/lib/python3.10/dist-packages/arm_control-1.0.0-py3.10.egg-info/SOURCES.txt
-- Installing: /home/rover/workspaces/rover-real/src/install/arm_control/local/lib/python3.10/dist-packages/arm_control-1.0.0-py3.10.egg-info/PKG-INFO
-- Installing: /home/rover/workspaces/rover-real/src/install/arm_control/local/lib/python3.10/dist-packages/arm_control-1.0.0-py3.10.egg-info/dependency_links.txt
-- Installing: /home/rover/workspaces/rover-real/src/install/arm_control/local/lib/python3.10/dist-packages/arm_control
-- Installing: /home/rover/workspaces/rover-real/src/install/arm_control/local/lib/python3.10/dist-packages/arm_control/action
-- Installing: /home/rover/workspaces/rover-real/src/install/arm_control/local/lib/python3.10/dist-packages/arm_control/action/_pick_and_place.py
-- Installing: /home/rover/workspaces/rover-real/src/install/arm_control/local/lib/python3.10/dist-packages/arm_control/action/_tool_change.py
-- Installing: /home/rover/workspaces/rover-real/src/install/arm_control/local/lib/python3.10/dist-packages/arm_control/action/_pick_and_place_s.c
-- Installing: /home/rover/workspaces/rover-real/src/install/arm_control/local/lib/python3.10/dist-packages/arm_control/action/_go_to_named_pose.py
-- Installing: /home/rover/workspaces/rover-real/src/install/arm_control/local/lib/python3.10/dist-packages/arm_control/action/_go_to_named_pose_s.c
-- Installing: /home/rover/workspaces/rover-real/src/install/arm_control/local/lib/python3.10/dist-packages/arm_control/action/__init__.py
-- Installing: /home/rover/workspaces/rover-real/src/install/arm_control/local/lib/python3.10/dist-packages/arm_control/action/_tool_change_s.c
-- Installing: /home/rover/workspaces/rover-real/src/install/arm_control/local/lib/python3.10/dist-packages/arm_control/_arm_control_s.ep.rosidl_typesupport_introspection_c.c
-- Installing: /home/rover/workspaces/rover-real/src/install/arm_control/local/lib/python3.10/dist-packages/arm_control/arm_control_s__rosidl_typesupport_c.cpython-310-aarch64-linux-gnu.so
-- Installing: /home/rover/workspaces/rover-real/src/install/arm_control/local/lib/python3.10/dist-packages/arm_control/_arm_control_s.ep.rosidl_typesupport_c.c
-- Installing: /home/rover/workspaces/rover-real/src/install/arm_control/local/lib/python3.10/dist-packages/arm_control/msg
-- Installing: /home/rover/workspaces/rover-real/src/install/arm_control/local/lib/python3.10/dist-packages/arm_control/msg/_fault.py
-- Installing: /home/rover/workspaces/rover-real/src/install/arm_control/local/lib/python3.10/dist-packages/arm_control/msg/_arm_status_s.c
-- Installing: /home/rover/workspaces/rover-real/src/install/arm_control/local/lib/python3.10/dist-packages/arm_control/msg/_fault_s.c
-- Installing: /home/rover/workspaces/rover-real/src/install/arm_control/local/lib/python3.10/dist-packages/arm_control/msg/_arm_status.py
-- Installing: /home/rover/workspaces/rover-real/src/install/arm_control/local/lib/python3.10/dist-packages/arm_control/msg/__init__.py
-- Installing: /home/rover/workspaces/rover-real/src/install/arm_control/local/lib/python3.10/dist-packages/arm_control/arm_control_s__rosidl_typesupport_fastrtps_c.cpython-310-aarch64-linux-gnu.so
-- Installing: /home/rover/workspaces/rover-real/src/install/arm_control/local/lib/python3.10/dist-packages/arm_control/_arm_control_s.ep.rosidl_typesupport_fastrtps_c.c
-- Installing: /home/rover/workspaces/rover-real/src/install/arm_control/local/lib/python3.10/dist-packages/arm_control/arm_control_s__rosidl_typesupport_introspection_c.cpython-310-aarch64-linux-gnu.so
-- Installing: /home/rover/workspaces/rover-real/src/install/arm_control/local/lib/python3.10/dist-packages/arm_control/libarm_control__rosidl_generator_py.so
-- Installing: /home/rover/workspaces/rover-real/src/install/arm_control/local/lib/python3.10/dist-packages/arm_control/__init__.py
Listing '/home/rover/workspaces/rover-real/src/install/arm_control/local/lib/python3.10/dist-packages/arm_control'...
Compiling '/home/rover/workspaces/rover-real/src/install/arm_control/local/lib/python3.10/dist-packages/arm_control/__init__.py'...
Listing '/home/rover/workspaces/rover-real/src/install/arm_control/local/lib/python3.10/dist-packages/arm_control/action'...
Compiling '/home/rover/workspaces/rover-real/src/install/arm_control/local/lib/python3.10/dist-packages/arm_control/action/__init__.py'...
Compiling '/home/rover/workspaces/rover-real/src/install/arm_control/local/lib/python3.10/dist-packages/arm_control/action/_go_to_named_pose.py'...
Compiling '/home/rover/workspaces/rover-real/src/install/arm_control/local/lib/python3.10/dist-packages/arm_control/action/_pick_and_place.py'...
Compiling '/home/rover/workspaces/rover-real/src/install/arm_control/local/lib/python3.10/dist-packages/arm_control/action/_tool_change.py'...
Listing '/home/rover/workspaces/rover-real/src/install/arm_control/local/lib/python3.10/dist-packages/arm_control/msg'...
Compiling '/home/rover/workspaces/rover-real/src/install/arm_control/local/lib/python3.10/dist-packages/arm_control/msg/__init__.py'...
Compiling '/home/rover/workspaces/rover-real/src/install/arm_control/local/lib/python3.10/dist-packages/arm_control/msg/_arm_status.py'...
Compiling '/home/rover/workspaces/rover-real/src/install/arm_control/local/lib/python3.10/dist-packages/arm_control/msg/_fault.py'...
-- Installing: /home/rover/workspaces/rover-real/src/install/arm_control/local/lib/python3.10/dist-packages/arm_control/arm_control_s__rosidl_typesupport_fastrtps_c.cpython-310-aarch64-linux-gnu.so
-- Set runtime path of "/home/rover/workspaces/rover-real/src/install/arm_control/local/lib/python3.10/dist-packages/arm_control/arm_control_s__rosidl_typesupport_fastrtps_c.cpython-310-aarch64-linux-gnu.so" to ""
-- Installing: /home/rover/workspaces/rover-real/src/install/arm_control/local/lib/python3.10/dist-packages/arm_control/arm_control_s__rosidl_typesupport_introspection_c.cpython-310-aarch64-linux-gnu.so
-- Set runtime path of "/home/rover/workspaces/rover-real/src/install/arm_control/local/lib/python3.10/dist-packages/arm_control/arm_control_s__rosidl_typesupport_introspection_c.cpython-310-aarch64-linux-gnu.so" to ""
-- Installing: /home/rover/workspaces/rover-real/src/install/arm_control/local/lib/python3.10/dist-packages/arm_control/arm_control_s__rosidl_typesupport_c.cpython-310-aarch64-linux-gnu.so
-- Set runtime path of "/home/rover/workspaces/rover-real/src/install/arm_control/local/lib/python3.10/dist-packages/arm_control/arm_control_s__rosidl_typesupport_c.cpython-310-aarch64-linux-gnu.so" to ""
-- Installing: /home/rover/workspaces/rover-real/src/install/arm_control/lib/libarm_control__rosidl_generator_py.so
-- Set runtime path of "/home/rover/workspaces/rover-real/src/install/arm_control/lib/libarm_control__rosidl_generator_py.so" to ""
-- Installing: /home/rover/workspaces/rover-real/src/install/arm_control/share/arm_control/msg/ArmStatus.idl
-- Installing: /home/rover/workspaces/rover-real/src/install/arm_control/share/arm_control/msg/Fault.idl
-- Installing: /home/rover/workspaces/rover-real/src/install/arm_control/share/arm_control/action/GoToNamedPose.idl
-- Installing: /home/rover/workspaces/rover-real/src/install/arm_control/share/arm_control/action/PickAndPlace.idl
-- Installing: /home/rover/workspaces/rover-real/src/install/arm_control/share/arm_control/action/ToolChange.idl
-- Installing: /home/rover/workspaces/rover-real/src/install/arm_control/share/arm_control/msg/ArmStatus.msg
-- Installing: /home/rover/workspaces/rover-real/src/install/arm_control/share/arm_control/msg/Fault.msg
-- Installing: /home/rover/workspaces/rover-real/src/install/arm_control/share/arm_control/action/GoToNamedPose.action
-- Installing: /home/rover/workspaces/rover-real/src/install/arm_control/share/arm_control/action/PickAndPlace.action
-- Installing: /home/rover/workspaces/rover-real/src/install/arm_control/share/arm_control/action/ToolChange.action
-- Installing: /home/rover/workspaces/rover-real/src/install/arm_control/share/arm_control/launch
-- Installing: /home/rover/workspaces/rover-real/src/install/arm_control/share/arm_control/launch/arm_control.launch.py
-- Installing: /home/rover/workspaces/rover-real/src/install/arm_control/share/arm_control/config
-- Installing: /home/rover/workspaces/rover-real/src/install/arm_control/share/arm_control/config/safety_params.yaml
-- Installing: /home/rover/workspaces/rover-real/src/install/arm_control/share/arm_control/config/controller_config.yaml
-- Installing: /home/rover/workspaces/rover-real/src/install/arm_control/share/arm_control/test
-- Installing: /home/rover/workspaces/rover-real/src/install/arm_control/share/arm_control/test/README.md
-- Installing: /home/rover/workspaces/rover-real/src/install/arm_control/share/arm_control/resource
-- Installing: /home/rover/workspaces/rover-real/src/install/arm_control/share/arm_control/resource/arm_control
-- Installing: /home/rover/workspaces/rover-real/src/install/arm_control/share/ament_index/resource_index/package_run_dependencies/arm_control
-- Installing: /home/rover/workspaces/rover-real/src/install/arm_control/share/ament_index/resource_index/parent_prefix_path/arm_control
-- Installing: /home/rover/workspaces/rover-real/src/install/arm_control/share/arm_control/environment/ament_prefix_path.sh
-- Installing: /home/rover/workspaces/rover-real/src/install/arm_control/share/arm_control/environment/ament_prefix_path.dsv
-- Installing: /home/rover/workspaces/rover-real/src/install/arm_control/share/arm_control/environment/path.sh
-- Installing: /home/rover/workspaces/rover-real/src/install/arm_control/share/arm_control/environment/path.dsv
-- Installing: /home/rover/workspaces/rover-real/src/install/arm_control/share/arm_control/local_setup.bash
-- Installing: /home/rover/workspaces/rover-real/src/install/arm_control/share/arm_control/local_setup.sh
-- Installing: /home/rover/workspaces/rover-real/src/install/arm_control/share/arm_control/local_setup.zsh
-- Installing: /home/rover/workspaces/rover-real/src/install/arm_control/share/arm_control/local_setup.dsv
-- Installing: /home/rover/workspaces/rover-real/src/install/arm_control/share/arm_control/package.dsv
-- Installing: /home/rover/workspaces/rover-real/src/install/arm_control/share/ament_index/resource_index/packages/arm_control
-- Installing: /home/rover/workspaces/rover-real/src/install/arm_control/share/arm_control/cmake/export_arm_control__rosidl_generator_cExport.cmake
-- Installing: /home/rover/workspaces/rover-real/src/install/arm_control/share/arm_control/cmake/export_arm_control__rosidl_generator_cExport-noconfig.cmake
-- Installing: /home/rover/workspaces/rover-real/src/install/arm_control/share/arm_control/cmake/export_arm_control__rosidl_typesupport_fastrtps_cExport.cmake
-- Installing: /home/rover/workspaces/rover-real/src/install/arm_control/share/arm_control/cmake/export_arm_control__rosidl_typesupport_fastrtps_cExport-noconfig.cmake
-- Installing: /home/rover/workspaces/rover-real/src/install/arm_control/share/arm_control/cmake/export_arm_control__rosidl_generator_cppExport.cmake
-- Installing: /home/rover/workspaces/rover-real/src/install/arm_control/share/arm_control/cmake/export_arm_control__rosidl_typesupport_fastrtps_cppExport.cmake
-- Installing: /home/rover/workspaces/rover-real/src/install/arm_control/share/arm_control/cmake/export_arm_control__rosidl_typesupport_fastrtps_cppExport-noconfig.cmake
-- Installing: /home/rover/workspaces/rover-real/src/install/arm_control/share/arm_control/cmake/arm_control__rosidl_typesupport_introspection_cExport.cmake
-- Installing: /home/rover/workspaces/rover-real/src/install/arm_control/share/arm_control/cmake/arm_control__rosidl_typesupport_introspection_cExport-noconfig.cmake
-- Installing: /home/rover/workspaces/rover-real/src/install/arm_control/share/arm_control/cmake/arm_control__rosidl_typesupport_cExport.cmake
-- Installing: /home/rover/workspaces/rover-real/src/install/arm_control/share/arm_control/cmake/arm_control__rosidl_typesupport_cExport-noconfig.cmake
-- Installing: /home/rover/workspaces/rover-real/src/install/arm_control/share/arm_control/cmake/arm_control__rosidl_typesupport_introspection_cppExport.cmake
-- Installing: /home/rover/workspaces/rover-real/src/install/arm_control/share/arm_control/cmake/arm_control__rosidl_typesupport_introspection_cppExport-noconfig.cmake
-- Installing: /home/rover/workspaces/rover-real/src/install/arm_control/share/arm_control/cmake/arm_control__rosidl_typesupport_cppExport.cmake
-- Installing: /home/rover/workspaces/rover-real/src/install/arm_control/share/arm_control/cmake/arm_control__rosidl_typesupport_cppExport-noconfig.cmake
-- Installing: /home/rover/workspaces/rover-real/src/install/arm_control/share/arm_control/cmake/export_arm_control__rosidl_generator_pyExport.cmake
-- Installing: /home/rover/workspaces/rover-real/src/install/arm_control/share/arm_control/cmake/export_arm_control__rosidl_generator_pyExport-noconfig.cmake
-- Installing: /home/rover/workspaces/rover-real/src/install/arm_control/share/arm_control/cmake/rosidl_cmake-extras.cmake
-- Installing: /home/rover/workspaces/rover-real/src/install/arm_control/share/arm_control/cmake/ament_cmake_export_dependencies-extras.cmake
-- Installing: /home/rover/workspaces/rover-real/src/install/arm_control/share/arm_control/cmake/ament_cmake_export_include_directories-extras.cmake
-- Installing: /home/rover/workspaces/rover-real/src/install/arm_control/share/arm_control/cmake/ament_cmake_export_libraries-extras.cmake
-- Installing: /home/rover/workspaces/rover-real/src/install/arm_control/share/arm_control/cmake/ament_cmake_export_targets-extras.cmake
-- Installing: /home/rover/workspaces/rover-real/src/install/arm_control/share/arm_control/cmake/rosidl_cmake_export_typesupport_targets-extras.cmake
-- Installing: /home/rover/workspaces/rover-real/src/install/arm_control/share/arm_control/cmake/rosidl_cmake_export_typesupport_libraries-extras.cmake
-- Installing: /home/rover/workspaces/rover-real/src/install/arm_control/share/arm_control/cmake/arm_controlConfig.cmake
-- Installing: /home/rover/workspaces/rover-real/src/install/arm_control/share/arm_control/cmake/arm_controlConfig-version.cmake
-- Installing: /home/rover/workspaces/rover-real/src/install/arm_control/share/arm_control/package.xml
