[0.041s] Invoking command in '/home/rover/workspaces/rover-real/src/build/arm_control': AMENT_PREFIX_PATH=/home/rover/workspaces/rover-real/src/install/arm_template:${AMENT_PREFIX_PATH} CMAKE_PREFIX_PATH=/home/rover/workspaces/rover-real/src/install/arm_template:/opt/ros/humble:${CMAKE_PREFIX_PATH} PYTHONPATH=/home/rover/workspaces/rover-real/src/install/arm_template/local/lib/python3.10/dist-packages:${PYTHONPATH} /usr/bin/cmake /home/rover/workspaces/rover-real/src/moveit/arm_control -DCMAKE_INSTALL_PREFIX=/home/rover/workspaces/rover-real/src/install/arm_control
[0.290s] -- The C compiler identification is GNU 11.4.0
[0.498s] -- The CXX compiler identification is GNU 11.4.0
[0.523s] -- Detecting C compiler ABI info
[0.881s] -- Detecting C compiler ABI info - done
[0.896s] -- Check for working C compiler: /usr/bin/cc - skipped
[0.897s] -- Detecting C compile features
[0.897s] -- Detecting C compile features - done
[0.905s] -- Detecting CXX compiler ABI info
[1.350s] -- Detecting CXX compiler ABI info - done
[1.381s] -- Check for working CXX compiler: /usr/bin/c++ - skipped
[1.385s] -- Detecting CXX compile features
[1.386s] -- Detecting CXX compile features - done
[1.395s] -- Found ament_cmake: 1.3.12 (/opt/ros/humble/share/ament_cmake/cmake)
[2.032s] -- Found Python3: /usr/bin/python3 (found version "3.10.12") found components: Interpreter 
[2.421s] -- Found builtin_interfaces: 1.2.2 (/opt/ros/humble/share/builtin_interfaces/cmake)
[2.506s] -- Found rosidl_generator_c: 3.1.7 (/opt/ros/humble/share/rosidl_generator_c/cmake)
[2.532s] -- Found rosidl_adapter: 3.1.7 (/opt/ros/humble/share/rosidl_adapter/cmake)
[2.555s] -- Found rosidl_generator_cpp: 3.1.7 (/opt/ros/humble/share/rosidl_generator_cpp/cmake)
[2.585s] -- Using all available rosidl_typesupport_c: rosidl_typesupport_fastrtps_c;rosidl_typesupport_introspection_c
[2.625s] -- Using all available rosidl_typesupport_cpp: rosidl_typesupport_fastrtps_cpp;rosidl_typesupport_introspection_cpp
[2.664s] -- Found rosidl_default_generators: 1.2.0 (/opt/ros/humble/share/rosidl_default_generators/cmake)
[2.688s] -- Found std_msgs: 4.9.0 (/opt/ros/humble/share/std_msgs/cmake)
[2.719s] -- Found geometry_msgs: 4.9.0 (/opt/ros/humble/share/geometry_msgs/cmake)
[2.754s] -- Found sensor_msgs: 4.9.0 (/opt/ros/humble/share/sensor_msgs/cmake)
[2.794s] -- Found trajectory_msgs: 4.9.0 (/opt/ros/humble/share/trajectory_msgs/cmake)
[2.833s] -- Found control_msgs: 4.8.0 (/opt/ros/humble/share/control_msgs/cmake)
[2.953s] -- Found diagnostic_msgs: 4.9.0 (/opt/ros/humble/share/diagnostic_msgs/cmake)
[4.264s] -- Found ament_cmake_ros: 0.10.0 (/opt/ros/humble/share/ament_cmake_ros/cmake)
[6.391s] -- Using all available rosidl_typesupport_c: rosidl_typesupport_fastrtps_c;rosidl_typesupport_introspection_c
[7.022s] -- Using all available rosidl_typesupport_cpp: rosidl_typesupport_fastrtps_cpp;rosidl_typesupport_introspection_cpp
[7.132s] -- Found PythonInterp: /usr/bin/python3 (found suitable version "3.10.12", minimum required is "3.6") 
[7.136s] -- Found python_cmake_module: 0.10.0 (/opt/ros/humble/share/python_cmake_module/cmake)
[7.262s] -- Found PythonLibs: /usr/lib/aarch64-linux-gnu/libpython3.10.so (found suitable version "3.10.12", minimum required is "3.5") 
[7.262s] -- Using PYTHON_EXECUTABLE: /usr/bin/python3
[7.263s] -- Using PYTHON_INCLUDE_DIRS: /usr/include/python3.10
[7.263s] -- Using PYTHON_LIBRARIES: /usr/lib/aarch64-linux-gnu/libpython3.10.so
[7.353s] -- Found PythonExtra: .so  
[7.697s] -- Found ament_lint_auto: 0.12.14 (/opt/ros/humble/share/ament_lint_auto/cmake)
[7.757s] -- Added test 'copyright' to check source files copyright and LICENSE
[7.766s] -- Added test 'flake8' to check Python code syntax and style conventions
[7.768s] -- Added test 'lint_cmake' to check CMake code style
[7.771s] -- Added test 'pep257' to check Python code against some of the docstring style conventions in PEP 257
[7.776s] -- Added test 'xmllint' to check XML markup files
[7.784s] -- Configuring done
[8.096s] -- Generating done
[8.145s] -- Build files have been written to: /home/rover/workspaces/rover-real/src/build/arm_control
[8.211s] Invoked command in '/home/rover/workspaces/rover-real/src/build/arm_control' returned '0': AMENT_PREFIX_PATH=/home/rover/workspaces/rover-real/src/install/arm_template:${AMENT_PREFIX_PATH} CMAKE_PREFIX_PATH=/home/rover/workspaces/rover-real/src/install/arm_template:/opt/ros/humble:${CMAKE_PREFIX_PATH} PYTHONPATH=/home/rover/workspaces/rover-real/src/install/arm_template/local/lib/python3.10/dist-packages:${PYTHONPATH} /usr/bin/cmake /home/rover/workspaces/rover-real/src/moveit/arm_control -DCMAKE_INSTALL_PREFIX=/home/rover/workspaces/rover-real/src/install/arm_control
[8.219s] Invoking command in '/home/rover/workspaces/rover-real/src/build/arm_control': AMENT_PREFIX_PATH=/home/rover/workspaces/rover-real/src/install/arm_template:${AMENT_PREFIX_PATH} CMAKE_PREFIX_PATH=/home/rover/workspaces/rover-real/src/install/arm_template:/opt/ros/humble:${CMAKE_PREFIX_PATH} PYTHONPATH=/home/rover/workspaces/rover-real/src/install/arm_template/local/lib/python3.10/dist-packages:${PYTHONPATH} /usr/bin/cmake --build /home/rover/workspaces/rover-real/src/build/arm_control -- -j6 -l6
[8.517s] [  1%] [34m[1mGenerating C++ code for ROS interfaces[0m
[16.898s] [  1%] Built target arm_control__cpp
[17.005s] [  1%] Built target ament_cmake_python_copy_arm_control
[17.058s] [  3%] [34m[1mGenerating C++ introspection for ROS interfaces[0m
[23.744s] [  4%] [32mBuilding CXX object CMakeFiles/arm_control__rosidl_typesupport_introspection_cpp.dir/rosidl_typesupport_introspection_cpp/arm_control/msg/detail/arm_status__type_support.cpp.o[0m
[25.168s] [  6%] [32mBuilding CXX object CMakeFiles/arm_control__rosidl_typesupport_introspection_cpp.dir/rosidl_typesupport_introspection_cpp/arm_control/msg/detail/fault__type_support.cpp.o[0m
[26.613s] [  7%] [32mBuilding CXX object CMakeFiles/arm_control__rosidl_typesupport_introspection_cpp.dir/rosidl_typesupport_introspection_cpp/arm_control/action/detail/go_to_named_pose__type_support.cpp.o[0m
[28.747s] [  9%] [32mBuilding CXX object CMakeFiles/arm_control__rosidl_typesupport_introspection_cpp.dir/rosidl_typesupport_introspection_cpp/arm_control/action/detail/pick_and_place__type_support.cpp.o[0m
[30.941s] [ 11%] [32mBuilding CXX object CMakeFiles/arm_control__rosidl_typesupport_introspection_cpp.dir/rosidl_typesupport_introspection_cpp/arm_control/action/detail/tool_change__type_support.cpp.o[0m
[33.053s] [ 12%] [32m[1mLinking CXX shared library libarm_control__rosidl_typesupport_introspection_cpp.so[0m
[33.352s] [ 12%] Built target arm_control__rosidl_typesupport_introspection_cpp
[34.126s] running egg_info
[34.127s] creating arm_control.egg-info
[34.128s] writing arm_control.egg-info/PKG-INFO
[34.128s] writing dependency_links to arm_control.egg-info/dependency_links.txt
[34.129s] writing top-level names to arm_control.egg-info/top_level.txt
[34.130s] writing manifest file 'arm_control.egg-info/SOURCES.txt'
[34.136s] reading manifest file 'arm_control.egg-info/SOURCES.txt'
[34.138s] writing manifest file 'arm_control.egg-info/SOURCES.txt'
[34.266s] [ 12%] Built target ament_cmake_python_build_arm_control_egg
[34.299s] [ 14%] [34m[1mGenerating C++ type support for eProsima Fast-RTPS[0m
[41.285s] [ 15%] [32mBuilding CXX object CMakeFiles/arm_control__rosidl_typesupport_fastrtps_cpp.dir/rosidl_typesupport_fastrtps_cpp/arm_control/msg/detail/dds_fastrtps/arm_status__type_support.cpp.o[0m
[42.706s] [ 17%] [32mBuilding CXX object CMakeFiles/arm_control__rosidl_typesupport_fastrtps_cpp.dir/rosidl_typesupport_fastrtps_cpp/arm_control/action/detail/dds_fastrtps/pick_and_place__type_support.cpp.o[0m
[44.472s] [ 19%] [32mBuilding CXX object CMakeFiles/arm_control__rosidl_typesupport_fastrtps_cpp.dir/rosidl_typesupport_fastrtps_cpp/arm_control/action/detail/dds_fastrtps/tool_change__type_support.cpp.o[0m
[46.215s] [ 20%] [32mBuilding CXX object CMakeFiles/arm_control__rosidl_typesupport_fastrtps_cpp.dir/rosidl_typesupport_fastrtps_cpp/arm_control/action/detail/dds_fastrtps/go_to_named_pose__type_support.cpp.o[0m
[47.896s] [ 22%] [32mBuilding CXX object CMakeFiles/arm_control__rosidl_typesupport_fastrtps_cpp.dir/rosidl_typesupport_fastrtps_cpp/arm_control/msg/detail/dds_fastrtps/fault__type_support.cpp.o[0m
[49.251s] [ 23%] [32m[1mLinking CXX shared library libarm_control__rosidl_typesupport_fastrtps_cpp.so[0m
[49.519s] [ 23%] Built target arm_control__rosidl_typesupport_fastrtps_cpp
[49.552s] [ 25%] [34m[1mGenerating C++ type support dispatch for ROS interfaces[0m
[55.369s] [ 26%] [32mBuilding CXX object CMakeFiles/arm_control__rosidl_typesupport_cpp.dir/rosidl_typesupport_cpp/arm_control/msg/arm_status__type_support.cpp.o[0m
[56.152s] [ 28%] [32mBuilding CXX object CMakeFiles/arm_control__rosidl_typesupport_cpp.dir/rosidl_typesupport_cpp/arm_control/action/tool_change__type_support.cpp.o[0m
[57.526s] [ 30%] [32mBuilding CXX object CMakeFiles/arm_control__rosidl_typesupport_cpp.dir/rosidl_typesupport_cpp/arm_control/action/pick_and_place__type_support.cpp.o[0m
[58.875s] [ 31%] [32mBuilding CXX object CMakeFiles/arm_control__rosidl_typesupport_cpp.dir/rosidl_typesupport_cpp/arm_control/action/go_to_named_pose__type_support.cpp.o[0m
[60.242s] [ 33%] [32mBuilding CXX object CMakeFiles/arm_control__rosidl_typesupport_cpp.dir/rosidl_typesupport_cpp/arm_control/msg/fault__type_support.cpp.o[0m
[61.064s] [ 34%] [32m[1mLinking CXX shared library libarm_control__rosidl_typesupport_cpp.so[0m
[61.193s] [ 34%] Built target arm_control__rosidl_typesupport_cpp
[61.231s] [ 36%] [34m[1mGenerating C code for ROS interfaces[0m
[68.909s] [ 38%] [32mBuilding C object CMakeFiles/arm_control__rosidl_generator_c.dir/rosidl_generator_c/arm_control/msg/detail/arm_status__functions.c.o[0m
[69.104s] [ 39%] [32mBuilding C object CMakeFiles/arm_control__rosidl_generator_c.dir/rosidl_generator_c/arm_control/action/detail/tool_change__functions.c.o[0m
[69.504s] [ 41%] [32mBuilding C object CMakeFiles/arm_control__rosidl_generator_c.dir/rosidl_generator_c/arm_control/action/detail/pick_and_place__functions.c.o[0m
[69.936s] [ 42%] [32mBuilding C object CMakeFiles/arm_control__rosidl_generator_c.dir/rosidl_generator_c/arm_control/action/detail/go_to_named_pose__functions.c.o[0m
[70.329s] [ 44%] [32mBuilding C object CMakeFiles/arm_control__rosidl_generator_c.dir/rosidl_generator_c/arm_control/msg/detail/fault__functions.c.o[0m
[70.511s] [ 46%] [32m[1mLinking C shared library libarm_control__rosidl_generator_c.so[0m
[70.631s] [ 46%] Built target arm_control__rosidl_generator_c
[70.664s] [ 47%] [34m[1mGenerating C type support for eProsima Fast-RTPS[0m
[77.479s] [ 49%] [32mBuilding CXX object CMakeFiles/arm_control__rosidl_typesupport_fastrtps_c.dir/rosidl_typesupport_fastrtps_c/arm_control/msg/detail/arm_status__type_support_c.cpp.o[0m
[78.575s] [ 50%] [32mBuilding CXX object CMakeFiles/arm_control__rosidl_typesupport_fastrtps_c.dir/rosidl_typesupport_fastrtps_c/arm_control/action/detail/pick_and_place__type_support_c.cpp.o[0m
[79.786s] [ 52%] [32mBuilding CXX object CMakeFiles/arm_control__rosidl_typesupport_fastrtps_c.dir/rosidl_typesupport_fastrtps_c/arm_control/action/detail/tool_change__type_support_c.cpp.o[0m
[81.009s] [ 53%] [32mBuilding CXX object CMakeFiles/arm_control__rosidl_typesupport_fastrtps_c.dir/rosidl_typesupport_fastrtps_c/arm_control/action/detail/go_to_named_pose__type_support_c.cpp.o[0m
[82.196s] [ 55%] [32mBuilding CXX object CMakeFiles/arm_control__rosidl_typesupport_fastrtps_c.dir/rosidl_typesupport_fastrtps_c/arm_control/msg/detail/fault__type_support_c.cpp.o[0m
[83.285s] [ 57%] [32m[1mLinking CXX shared library libarm_control__rosidl_typesupport_fastrtps_c.so[0m
[83.622s] [ 57%] Built target arm_control__rosidl_typesupport_fastrtps_c
[83.673s] [ 58%] [34m[1mGenerating C introspection for ROS interfaces[0m
[83.706s] [ 60%] [34m[1mGenerating C type support dispatch for ROS interfaces[0m
[96.462s] [ 61%] [32mBuilding CXX object CMakeFiles/arm_control__rosidl_typesupport_c.dir/rosidl_typesupport_c/arm_control/msg/arm_status__type_support.cpp.o[0m
[96.662s] [ 63%] [32mBuilding CXX object CMakeFiles/arm_control__rosidl_typesupport_c.dir/rosidl_typesupport_c/arm_control/action/pick_and_place__type_support.cpp.o[0m
[96.955s] [ 65%] [32mBuilding CXX object CMakeFiles/arm_control__rosidl_typesupport_c.dir/rosidl_typesupport_c/arm_control/action/tool_change__type_support.cpp.o[0m
[97.002s] [ 66%] [32mBuilding C object CMakeFiles/arm_control__rosidl_typesupport_introspection_c.dir/rosidl_typesupport_introspection_c/arm_control/msg/detail/arm_status__type_support.c.o[0m
[97.239s] [ 68%] [32mBuilding CXX object CMakeFiles/arm_control__rosidl_typesupport_c.dir/rosidl_typesupport_c/arm_control/action/go_to_named_pose__type_support.cpp.o[0m
[97.320s] [ 69%] [32mBuilding C object CMakeFiles/arm_control__rosidl_typesupport_introspection_c.dir/rosidl_typesupport_introspection_c/arm_control/action/detail/pick_and_place__type_support.c.o[0m
[97.541s] [ 71%] [32mBuilding CXX object CMakeFiles/arm_control__rosidl_typesupport_c.dir/rosidl_typesupport_c/arm_control/msg/fault__type_support.cpp.o[0m
[97.719s] [ 73%] [32mBuilding C object CMakeFiles/arm_control__rosidl_typesupport_introspection_c.dir/rosidl_typesupport_introspection_c/arm_control/action/detail/tool_change__type_support.c.o[0m
[97.781s] [ 74%] [32m[1mLinking CXX shared library libarm_control__rosidl_typesupport_c.so[0m
[98.071s] [ 76%] [32mBuilding C object CMakeFiles/arm_control__rosidl_typesupport_introspection_c.dir/rosidl_typesupport_introspection_c/arm_control/action/detail/go_to_named_pose__type_support.c.o[0m
[98.124s] [ 76%] Built target arm_control__rosidl_typesupport_c
[98.428s] [ 77%] [32mBuilding C object CMakeFiles/arm_control__rosidl_typesupport_introspection_c.dir/rosidl_typesupport_introspection_c/arm_control/msg/detail/fault__type_support.c.o[0m
[98.635s] [ 79%] [32m[1mLinking C shared library libarm_control__rosidl_typesupport_introspection_c.so[0m
[98.955s] [ 79%] Built target arm_control__rosidl_typesupport_introspection_c
[99.151s] [ 79%] Built target arm_control
[99.331s] [ 80%] [34m[1mGenerating Python code for ROS interfaces[0m
[117.180s] [ 80%] Built target arm_control__py
[117.370s] [ 82%] [32mBuilding C object CMakeFiles/arm_control__rosidl_generator_py.dir/rosidl_generator_py/arm_control/msg/_arm_status_s.c.o[0m
[117.939s] [ 84%] [32mBuilding C object CMakeFiles/arm_control__rosidl_generator_py.dir/rosidl_generator_py/arm_control/action/_tool_change_s.c.o[0m
[118.402s] [ 85%] [32mBuilding C object CMakeFiles/arm_control__rosidl_generator_py.dir/rosidl_generator_py/arm_control/action/_pick_and_place_s.c.o[0m
[118.858s] [ 87%] [32mBuilding C object CMakeFiles/arm_control__rosidl_generator_py.dir/rosidl_generator_py/arm_control/action/_go_to_named_pose_s.c.o[0m
[119.315s] [ 88%] [32mBuilding C object CMakeFiles/arm_control__rosidl_generator_py.dir/rosidl_generator_py/arm_control/msg/_fault_s.c.o[0m
[119.674s] [ 90%] [32m[1mLinking C shared library rosidl_generator_py/arm_control/libarm_control__rosidl_generator_py.so[0m
[119.851s] [ 90%] Built target arm_control__rosidl_generator_py
[119.913s] [ 92%] [32mBuilding C object CMakeFiles/arm_control__rosidl_typesupport_fastrtps_c__pyext.dir/rosidl_generator_py/arm_control/_arm_control_s.ep.rosidl_typesupport_fastrtps_c.c.o[0m
[120.381s] [ 93%] [32m[1mLinking C shared library rosidl_generator_py/arm_control/arm_control_s__rosidl_typesupport_fastrtps_c.cpython-310-aarch64-linux-gnu.so[0m
[120.636s] [ 93%] Built target arm_control__rosidl_typesupport_fastrtps_c__pyext
[120.697s] [ 95%] [32mBuilding C object CMakeFiles/arm_control__rosidl_typesupport_c__pyext.dir/rosidl_generator_py/arm_control/_arm_control_s.ep.rosidl_typesupport_c.c.o[0m
[121.173s] [ 96%] [32m[1mLinking C shared library rosidl_generator_py/arm_control/arm_control_s__rosidl_typesupport_c.cpython-310-aarch64-linux-gnu.so[0m
[121.314s] [ 96%] Built target arm_control__rosidl_typesupport_c__pyext
[121.379s] [ 98%] [32mBuilding C object CMakeFiles/arm_control__rosidl_typesupport_introspection_c__pyext.dir/rosidl_generator_py/arm_control/_arm_control_s.ep.rosidl_typesupport_introspection_c.c.o[0m
[121.855s] [100%] [32m[1mLinking C shared library rosidl_generator_py/arm_control/arm_control_s__rosidl_typesupport_introspection_c.cpython-310-aarch64-linux-gnu.so[0m
[121.993s] [100%] Built target arm_control__rosidl_typesupport_introspection_c__pyext
[122.031s] Invoked command in '/home/rover/workspaces/rover-real/src/build/arm_control' returned '0': AMENT_PREFIX_PATH=/home/rover/workspaces/rover-real/src/install/arm_template:${AMENT_PREFIX_PATH} CMAKE_PREFIX_PATH=/home/rover/workspaces/rover-real/src/install/arm_template:/opt/ros/humble:${CMAKE_PREFIX_PATH} PYTHONPATH=/home/rover/workspaces/rover-real/src/install/arm_template/local/lib/python3.10/dist-packages:${PYTHONPATH} /usr/bin/cmake --build /home/rover/workspaces/rover-real/src/build/arm_control -- -j6 -l6
[122.040s] Invoking command in '/home/rover/workspaces/rover-real/src/build/arm_control': AMENT_PREFIX_PATH=/home/rover/workspaces/rover-real/src/install/arm_template:${AMENT_PREFIX_PATH} CMAKE_PREFIX_PATH=/home/rover/workspaces/rover-real/src/install/arm_template:/opt/ros/humble:${CMAKE_PREFIX_PATH} PYTHONPATH=/home/rover/workspaces/rover-real/src/install/arm_template/local/lib/python3.10/dist-packages:${PYTHONPATH} /usr/bin/cmake --install /home/rover/workspaces/rover-real/src/build/arm_control
[122.070s] -- Install configuration: ""
[122.072s] -- Installing: /home/rover/workspaces/rover-real/src/install/arm_control/share/ament_index/resource_index/rosidl_interfaces/arm_control
[122.076s] -- Installing: /home/rover/workspaces/rover-real/src/install/arm_control/include/arm_control/arm_control
[122.077s] -- Installing: /home/rover/workspaces/rover-real/src/install/arm_control/include/arm_control/arm_control/action
[122.077s] -- Installing: /home/rover/workspaces/rover-real/src/install/arm_control/include/arm_control/arm_control/action/pick_and_place.h
[122.079s] -- Installing: /home/rover/workspaces/rover-real/src/install/arm_control/include/arm_control/arm_control/action/detail
[122.080s] -- Installing: /home/rover/workspaces/rover-real/src/install/arm_control/include/arm_control/arm_control/action/detail/tool_change__functions.c
[122.087s] -- Installing: /home/rover/workspaces/rover-real/src/install/arm_control/include/arm_control/arm_control/action/detail/go_to_named_pose__functions.h
[122.092s] -- Installing: /home/rover/workspaces/rover-real/src/install/arm_control/include/arm_control/arm_control/action/detail/pick_and_place__functions.c
[122.100s] -- Installing: /home/rover/workspaces/rover-real/src/install/arm_control/include/arm_control/arm_control/action/detail/tool_change__functions.h
[122.102s] -- Installing: /home/rover/workspaces/rover-real/src/install/arm_control/include/arm_control/arm_control/action/detail/go_to_named_pose__functions.c
[122.106s] -- Installing: /home/rover/workspaces/rover-real/src/install/arm_control/include/arm_control/arm_control/action/detail/pick_and_place__struct.h
[122.107s] -- Installing: /home/rover/workspaces/rover-real/src/install/arm_control/include/arm_control/arm_control/action/detail/tool_change__struct.h
[122.108s] -- Installing: /home/rover/workspaces/rover-real/src/install/arm_control/include/arm_control/arm_control/action/detail/pick_and_place__type_support.h
[122.109s] -- Installing: /home/rover/workspaces/rover-real/src/install/arm_control/include/arm_control/arm_control/action/detail/tool_change__type_support.h
[122.110s] -- Installing: /home/rover/workspaces/rover-real/src/install/arm_control/include/arm_control/arm_control/action/detail/pick_and_place__functions.h
[122.111s] -- Installing: /home/rover/workspaces/rover-real/src/install/arm_control/include/arm_control/arm_control/action/detail/go_to_named_pose__type_support.h
[122.111s] -- Installing: /home/rover/workspaces/rover-real/src/install/arm_control/include/arm_control/arm_control/action/detail/go_to_named_pose__struct.h
[122.112s] -- Installing: /home/rover/workspaces/rover-real/src/install/arm_control/include/arm_control/arm_control/action/tool_change.h
[122.113s] -- Installing: /home/rover/workspaces/rover-real/src/install/arm_control/include/arm_control/arm_control/action/go_to_named_pose.h
[122.113s] -- Installing: /home/rover/workspaces/rover-real/src/install/arm_control/include/arm_control/arm_control/msg
[122.114s] -- Installing: /home/rover/workspaces/rover-real/src/install/arm_control/include/arm_control/arm_control/msg/rosidl_generator_c__visibility_control.h
[122.115s] -- Installing: /home/rover/workspaces/rover-real/src/install/arm_control/include/arm_control/arm_control/msg/fault.h
[122.116s] -- Installing: /home/rover/workspaces/rover-real/src/install/arm_control/include/arm_control/arm_control/msg/detail
[122.117s] -- Installing: /home/rover/workspaces/rover-real/src/install/arm_control/include/arm_control/arm_control/msg/detail/fault__struct.h
[122.118s] -- Installing: /home/rover/workspaces/rover-real/src/install/arm_control/include/arm_control/arm_control/msg/detail/arm_status__functions.h
[122.119s] -- Installing: /home/rover/workspaces/rover-real/src/install/arm_control/include/arm_control/arm_control/msg/detail/arm_status__type_support.h
[122.119s] -- Installing: /home/rover/workspaces/rover-real/src/install/arm_control/include/arm_control/arm_control/msg/detail/arm_status__functions.c
[122.121s] -- Installing: /home/rover/workspaces/rover-real/src/install/arm_control/include/arm_control/arm_control/msg/detail/fault__type_support.h
[122.122s] -- Installing: /home/rover/workspaces/rover-real/src/install/arm_control/include/arm_control/arm_control/msg/detail/fault__functions.h
[122.122s] -- Installing: /home/rover/workspaces/rover-real/src/install/arm_control/include/arm_control/arm_control/msg/detail/fault__functions.c
[122.124s] -- Installing: /home/rover/workspaces/rover-real/src/install/arm_control/include/arm_control/arm_control/msg/detail/arm_status__struct.h
[122.125s] -- Installing: /home/rover/workspaces/rover-real/src/install/arm_control/include/arm_control/arm_control/msg/arm_status.h
[122.127s] -- Installing: /home/rover/workspaces/rover-real/src/install/arm_control/share/arm_control/environment/library_path.sh
[122.129s] -- Installing: /home/rover/workspaces/rover-real/src/install/arm_control/share/arm_control/environment/library_path.dsv
[122.130s] -- Installing: /home/rover/workspaces/rover-real/src/install/arm_control/lib/libarm_control__rosidl_generator_c.so
[122.136s] -- Set runtime path of "/home/rover/workspaces/rover-real/src/install/arm_control/lib/libarm_control__rosidl_generator_c.so" to ""
[122.137s] -- Up-to-date: /home/rover/workspaces/rover-real/src/install/arm_control/include/arm_control/arm_control
[122.138s] -- Up-to-date: /home/rover/workspaces/rover-real/src/install/arm_control/include/arm_control/arm_control/action
[122.138s] -- Up-to-date: /home/rover/workspaces/rover-real/src/install/arm_control/include/arm_control/arm_control/action/detail
[122.139s] -- Installing: /home/rover/workspaces/rover-real/src/install/arm_control/include/arm_control/arm_control/action/detail/pick_and_place__rosidl_typesupport_fastrtps_c.h
[122.141s] -- Installing: /home/rover/workspaces/rover-real/src/install/arm_control/include/arm_control/arm_control/action/detail/go_to_named_pose__rosidl_typesupport_fastrtps_c.h
[122.142s] -- Installing: /home/rover/workspaces/rover-real/src/install/arm_control/include/arm_control/arm_control/action/detail/tool_change__rosidl_typesupport_fastrtps_c.h
[122.143s] -- Up-to-date: /home/rover/workspaces/rover-real/src/install/arm_control/include/arm_control/arm_control/msg
[122.144s] -- Up-to-date: /home/rover/workspaces/rover-real/src/install/arm_control/include/arm_control/arm_control/msg/detail
[122.145s] -- Installing: /home/rover/workspaces/rover-real/src/install/arm_control/include/arm_control/arm_control/msg/detail/fault__rosidl_typesupport_fastrtps_c.h
[122.146s] -- Installing: /home/rover/workspaces/rover-real/src/install/arm_control/include/arm_control/arm_control/msg/detail/arm_status__rosidl_typesupport_fastrtps_c.h
[122.149s] -- Installing: /home/rover/workspaces/rover-real/src/install/arm_control/include/arm_control/arm_control/msg/rosidl_typesupport_fastrtps_c__visibility_control.h
[122.150s] -- Installing: /home/rover/workspaces/rover-real/src/install/arm_control/lib/libarm_control__rosidl_typesupport_fastrtps_c.so
[122.160s] -- Set runtime path of "/home/rover/workspaces/rover-real/src/install/arm_control/lib/libarm_control__rosidl_typesupport_fastrtps_c.so" to ""
[122.161s] -- Up-to-date: /home/rover/workspaces/rover-real/src/install/arm_control/include/arm_control/arm_control
[122.162s] -- Up-to-date: /home/rover/workspaces/rover-real/src/install/arm_control/include/arm_control/arm_control/action
[122.162s] -- Installing: /home/rover/workspaces/rover-real/src/install/arm_control/include/arm_control/arm_control/action/pick_and_place.hpp
[122.167s] -- Up-to-date: /home/rover/workspaces/rover-real/src/install/arm_control/include/arm_control/arm_control/action/detail
[122.168s] -- Installing: /home/rover/workspaces/rover-real/src/install/arm_control/include/arm_control/arm_control/action/detail/pick_and_place__struct.hpp
[122.168s] -- Installing: /home/rover/workspaces/rover-real/src/install/arm_control/include/arm_control/arm_control/action/detail/tool_change__builder.hpp
[122.169s] -- Installing: /home/rover/workspaces/rover-real/src/install/arm_control/include/arm_control/arm_control/action/detail/go_to_named_pose__builder.hpp
[122.173s] -- Installing: /home/rover/workspaces/rover-real/src/install/arm_control/include/arm_control/arm_control/action/detail/pick_and_place__traits.hpp
[122.174s] -- Installing: /home/rover/workspaces/rover-real/src/install/arm_control/include/arm_control/arm_control/action/detail/pick_and_place__type_support.hpp
[122.175s] -- Installing: /home/rover/workspaces/rover-real/src/install/arm_control/include/arm_control/arm_control/action/detail/go_to_named_pose__traits.hpp
[122.176s] -- Installing: /home/rover/workspaces/rover-real/src/install/arm_control/include/arm_control/arm_control/action/detail/go_to_named_pose__struct.hpp
[122.177s] -- Installing: /home/rover/workspaces/rover-real/src/install/arm_control/include/arm_control/arm_control/action/detail/tool_change__struct.hpp
[122.177s] -- Installing: /home/rover/workspaces/rover-real/src/install/arm_control/include/arm_control/arm_control/action/detail/tool_change__traits.hpp
[122.179s] -- Installing: /home/rover/workspaces/rover-real/src/install/arm_control/include/arm_control/arm_control/action/detail/go_to_named_pose__type_support.hpp
[122.179s] -- Installing: /home/rover/workspaces/rover-real/src/install/arm_control/include/arm_control/arm_control/action/detail/tool_change__type_support.hpp
[122.180s] -- Installing: /home/rover/workspaces/rover-real/src/install/arm_control/include/arm_control/arm_control/action/detail/pick_and_place__builder.hpp
[122.181s] -- Installing: /home/rover/workspaces/rover-real/src/install/arm_control/include/arm_control/arm_control/action/go_to_named_pose.hpp
[122.182s] -- Installing: /home/rover/workspaces/rover-real/src/install/arm_control/include/arm_control/arm_control/action/tool_change.hpp
[122.183s] -- Up-to-date: /home/rover/workspaces/rover-real/src/install/arm_control/include/arm_control/arm_control/msg
[122.183s] -- Installing: /home/rover/workspaces/rover-real/src/install/arm_control/include/arm_control/arm_control/msg/rosidl_generator_cpp__visibility_control.hpp
[122.185s] -- Installing: /home/rover/workspaces/rover-real/src/install/arm_control/include/arm_control/arm_control/msg/fault.hpp
[122.189s] -- Up-to-date: /home/rover/workspaces/rover-real/src/install/arm_control/include/arm_control/arm_control/msg/detail
[122.190s] -- Installing: /home/rover/workspaces/rover-real/src/install/arm_control/include/arm_control/arm_control/msg/detail/arm_status__struct.hpp
[122.190s] -- Installing: /home/rover/workspaces/rover-real/src/install/arm_control/include/arm_control/arm_control/msg/detail/fault__traits.hpp
[122.190s] -- Installing: /home/rover/workspaces/rover-real/src/install/arm_control/include/arm_control/arm_control/msg/detail/fault__type_support.hpp
[122.191s] -- Installing: /home/rover/workspaces/rover-real/src/install/arm_control/include/arm_control/arm_control/msg/detail/arm_status__builder.hpp
[122.203s] -- Installing: /home/rover/workspaces/rover-real/src/install/arm_control/include/arm_control/arm_control/msg/detail/arm_status__traits.hpp
[122.204s] -- Installing: /home/rover/workspaces/rover-real/src/install/arm_control/include/arm_control/arm_control/msg/detail/arm_status__type_support.hpp
[122.204s] -- Installing: /home/rover/workspaces/rover-real/src/install/arm_control/include/arm_control/arm_control/msg/detail/fault__builder.hpp
[122.204s] -- Installing: /home/rover/workspaces/rover-real/src/install/arm_control/include/arm_control/arm_control/msg/detail/fault__struct.hpp
[122.204s] -- Installing: /home/rover/workspaces/rover-real/src/install/arm_control/include/arm_control/arm_control/msg/arm_status.hpp
[122.205s] -- Up-to-date: /home/rover/workspaces/rover-real/src/install/arm_control/include/arm_control/arm_control
[122.205s] -- Up-to-date: /home/rover/workspaces/rover-real/src/install/arm_control/include/arm_control/arm_control/action
[122.205s] -- Up-to-date: /home/rover/workspaces/rover-real/src/install/arm_control/include/arm_control/arm_control/action/detail
[122.205s] -- Installing: /home/rover/workspaces/rover-real/src/install/arm_control/include/arm_control/arm_control/action/detail/dds_fastrtps
[122.206s] -- Installing: /home/rover/workspaces/rover-real/src/install/arm_control/include/arm_control/arm_control/action/detail/pick_and_place__rosidl_typesupport_fastrtps_cpp.hpp
[122.206s] -- Installing: /home/rover/workspaces/rover-real/src/install/arm_control/include/arm_control/arm_control/action/detail/tool_change__rosidl_typesupport_fastrtps_cpp.hpp
[122.206s] -- Installing: /home/rover/workspaces/rover-real/src/install/arm_control/include/arm_control/arm_control/action/detail/go_to_named_pose__rosidl_typesupport_fastrtps_cpp.hpp
[122.206s] -- Up-to-date: /home/rover/workspaces/rover-real/src/install/arm_control/include/arm_control/arm_control/msg
[122.206s] -- Up-to-date: /home/rover/workspaces/rover-real/src/install/arm_control/include/arm_control/arm_control/msg/detail
[122.206s] -- Installing: /home/rover/workspaces/rover-real/src/install/arm_control/include/arm_control/arm_control/msg/detail/dds_fastrtps
[122.207s] -- Installing: /home/rover/workspaces/rover-real/src/install/arm_control/include/arm_control/arm_control/msg/detail/fault__rosidl_typesupport_fastrtps_cpp.hpp
[122.207s] -- Installing: /home/rover/workspaces/rover-real/src/install/arm_control/include/arm_control/arm_control/msg/detail/arm_status__rosidl_typesupport_fastrtps_cpp.hpp
[122.207s] -- Installing: /home/rover/workspaces/rover-real/src/install/arm_control/include/arm_control/arm_control/msg/rosidl_typesupport_fastrtps_cpp__visibility_control.h
[122.207s] -- Installing: /home/rover/workspaces/rover-real/src/install/arm_control/lib/libarm_control__rosidl_typesupport_fastrtps_cpp.so
[122.217s] -- Set runtime path of "/home/rover/workspaces/rover-real/src/install/arm_control/lib/libarm_control__rosidl_typesupport_fastrtps_cpp.so" to ""
[122.218s] -- Up-to-date: /home/rover/workspaces/rover-real/src/install/arm_control/include/arm_control/arm_control
[122.218s] -- Up-to-date: /home/rover/workspaces/rover-real/src/install/arm_control/include/arm_control/arm_control/action
[122.218s] -- Up-to-date: /home/rover/workspaces/rover-real/src/install/arm_control/include/arm_control/arm_control/action/detail
[122.220s] -- Installing: /home/rover/workspaces/rover-real/src/install/arm_control/include/arm_control/arm_control/action/detail/pick_and_place__rosidl_typesupport_introspection_c.h
[122.220s] -- Installing: /home/rover/workspaces/rover-real/src/install/arm_control/include/arm_control/arm_control/action/detail/pick_and_place__type_support.c
[122.221s] -- Installing: /home/rover/workspaces/rover-real/src/install/arm_control/include/arm_control/arm_control/action/detail/go_to_named_pose__type_support.c
[122.221s] -- Installing: /home/rover/workspaces/rover-real/src/install/arm_control/include/arm_control/arm_control/action/detail/go_to_named_pose__rosidl_typesupport_introspection_c.h
[122.222s] -- Installing: /home/rover/workspaces/rover-real/src/install/arm_control/include/arm_control/arm_control/action/detail/tool_change__type_support.c
[122.222s] -- Installing: /home/rover/workspaces/rover-real/src/install/arm_control/include/arm_control/arm_control/action/detail/tool_change__rosidl_typesupport_introspection_c.h
[122.223s] -- Up-to-date: /home/rover/workspaces/rover-real/src/install/arm_control/include/arm_control/arm_control/msg
[122.223s] -- Up-to-date: /home/rover/workspaces/rover-real/src/install/arm_control/include/arm_control/arm_control/msg/detail
[122.223s] -- Installing: /home/rover/workspaces/rover-real/src/install/arm_control/include/arm_control/arm_control/msg/detail/fault__rosidl_typesupport_introspection_c.h
[122.224s] -- Installing: /home/rover/workspaces/rover-real/src/install/arm_control/include/arm_control/arm_control/msg/detail/fault__type_support.c
[122.224s] -- Installing: /home/rover/workspaces/rover-real/src/install/arm_control/include/arm_control/arm_control/msg/detail/arm_status__rosidl_typesupport_introspection_c.h
[122.225s] -- Installing: /home/rover/workspaces/rover-real/src/install/arm_control/include/arm_control/arm_control/msg/detail/arm_status__type_support.c
[122.227s] -- Installing: /home/rover/workspaces/rover-real/src/install/arm_control/include/arm_control/arm_control/msg/rosidl_typesupport_introspection_c__visibility_control.h
[122.227s] -- Installing: /home/rover/workspaces/rover-real/src/install/arm_control/lib/libarm_control__rosidl_typesupport_introspection_c.so
[122.229s] -- Set runtime path of "/home/rover/workspaces/rover-real/src/install/arm_control/lib/libarm_control__rosidl_typesupport_introspection_c.so" to ""
[122.230s] -- Installing: /home/rover/workspaces/rover-real/src/install/arm_control/lib/libarm_control__rosidl_typesupport_c.so
[122.231s] -- Set runtime path of "/home/rover/workspaces/rover-real/src/install/arm_control/lib/libarm_control__rosidl_typesupport_c.so" to ""
[122.232s] -- Up-to-date: /home/rover/workspaces/rover-real/src/install/arm_control/include/arm_control/arm_control
[122.232s] -- Up-to-date: /home/rover/workspaces/rover-real/src/install/arm_control/include/arm_control/arm_control/action
[122.232s] -- Up-to-date: /home/rover/workspaces/rover-real/src/install/arm_control/include/arm_control/arm_control/action/detail
[122.232s] -- Installing: /home/rover/workspaces/rover-real/src/install/arm_control/include/arm_control/arm_control/action/detail/tool_change__type_support.cpp
[122.235s] -- Installing: /home/rover/workspaces/rover-real/src/install/arm_control/include/arm_control/arm_control/action/detail/go_to_named_pose__rosidl_typesupport_introspection_cpp.hpp
[122.236s] -- Installing: /home/rover/workspaces/rover-real/src/install/arm_control/include/arm_control/arm_control/action/detail/pick_and_place__type_support.cpp
[122.239s] -- Installing: /home/rover/workspaces/rover-real/src/install/arm_control/include/arm_control/arm_control/action/detail/tool_change__rosidl_typesupport_introspection_cpp.hpp
[122.241s] -- Installing: /home/rover/workspaces/rover-real/src/install/arm_control/include/arm_control/arm_control/action/detail/pick_and_place__rosidl_typesupport_introspection_cpp.hpp
[122.242s] -- Installing: /home/rover/workspaces/rover-real/src/install/arm_control/include/arm_control/arm_control/action/detail/go_to_named_pose__type_support.cpp
[122.245s] -- Up-to-date: /home/rover/workspaces/rover-real/src/install/arm_control/include/arm_control/arm_control/msg
[122.245s] -- Up-to-date: /home/rover/workspaces/rover-real/src/install/arm_control/include/arm_control/arm_control/msg/detail
[122.245s] -- Installing: /home/rover/workspaces/rover-real/src/install/arm_control/include/arm_control/arm_control/msg/detail/fault__type_support.cpp
[122.247s] -- Installing: /home/rover/workspaces/rover-real/src/install/arm_control/include/arm_control/arm_control/msg/detail/arm_status__type_support.cpp
[122.249s] -- Installing: /home/rover/workspaces/rover-real/src/install/arm_control/include/arm_control/arm_control/msg/detail/fault__rosidl_typesupport_introspection_cpp.hpp
[122.250s] -- Installing: /home/rover/workspaces/rover-real/src/install/arm_control/include/arm_control/arm_control/msg/detail/arm_status__rosidl_typesupport_introspection_cpp.hpp
[122.251s] -- Installing: /home/rover/workspaces/rover-real/src/install/arm_control/lib/libarm_control__rosidl_typesupport_introspection_cpp.so
[122.258s] -- Set runtime path of "/home/rover/workspaces/rover-real/src/install/arm_control/lib/libarm_control__rosidl_typesupport_introspection_cpp.so" to ""
[122.259s] -- Installing: /home/rover/workspaces/rover-real/src/install/arm_control/lib/libarm_control__rosidl_typesupport_cpp.so
[122.262s] -- Set runtime path of "/home/rover/workspaces/rover-real/src/install/arm_control/lib/libarm_control__rosidl_typesupport_cpp.so" to ""
[122.263s] -- Installing: /home/rover/workspaces/rover-real/src/install/arm_control/share/arm_control/environment/pythonpath.sh
[122.264s] -- Installing: /home/rover/workspaces/rover-real/src/install/arm_control/share/arm_control/environment/pythonpath.dsv
[122.265s] -- Installing: /home/rover/workspaces/rover-real/src/install/arm_control/local/lib/python3.10/dist-packages/arm_control-1.0.0-py3.10.egg-info
[122.266s] -- Installing: /home/rover/workspaces/rover-real/src/install/arm_control/local/lib/python3.10/dist-packages/arm_control-1.0.0-py3.10.egg-info/top_level.txt
[122.267s] -- Installing: /home/rover/workspaces/rover-real/src/install/arm_control/local/lib/python3.10/dist-packages/arm_control-1.0.0-py3.10.egg-info/SOURCES.txt
[122.268s] -- Installing: /home/rover/workspaces/rover-real/src/install/arm_control/local/lib/python3.10/dist-packages/arm_control-1.0.0-py3.10.egg-info/PKG-INFO
[122.269s] -- Installing: /home/rover/workspaces/rover-real/src/install/arm_control/local/lib/python3.10/dist-packages/arm_control-1.0.0-py3.10.egg-info/dependency_links.txt
[122.273s] -- Installing: /home/rover/workspaces/rover-real/src/install/arm_control/local/lib/python3.10/dist-packages/arm_control
[122.273s] -- Installing: /home/rover/workspaces/rover-real/src/install/arm_control/local/lib/python3.10/dist-packages/arm_control/action
[122.274s] -- Installing: /home/rover/workspaces/rover-real/src/install/arm_control/local/lib/python3.10/dist-packages/arm_control/action/_pick_and_place.py
[122.274s] -- Installing: /home/rover/workspaces/rover-real/src/install/arm_control/local/lib/python3.10/dist-packages/arm_control/action/_tool_change.py
[122.274s] -- Installing: /home/rover/workspaces/rover-real/src/install/arm_control/local/lib/python3.10/dist-packages/arm_control/action/_pick_and_place_s.c
[122.275s] -- Installing: /home/rover/workspaces/rover-real/src/install/arm_control/local/lib/python3.10/dist-packages/arm_control/action/_go_to_named_pose.py
[122.275s] -- Installing: /home/rover/workspaces/rover-real/src/install/arm_control/local/lib/python3.10/dist-packages/arm_control/action/_go_to_named_pose_s.c
[122.276s] -- Installing: /home/rover/workspaces/rover-real/src/install/arm_control/local/lib/python3.10/dist-packages/arm_control/action/__init__.py
[122.276s] -- Installing: /home/rover/workspaces/rover-real/src/install/arm_control/local/lib/python3.10/dist-packages/arm_control/action/_tool_change_s.c
[122.277s] -- Installing: /home/rover/workspaces/rover-real/src/install/arm_control/local/lib/python3.10/dist-packages/arm_control/_arm_control_s.ep.rosidl_typesupport_introspection_c.c
[122.277s] -- Installing: /home/rover/workspaces/rover-real/src/install/arm_control/local/lib/python3.10/dist-packages/arm_control/arm_control_s__rosidl_typesupport_c.cpython-310-aarch64-linux-gnu.so
[122.278s] -- Installing: /home/rover/workspaces/rover-real/src/install/arm_control/local/lib/python3.10/dist-packages/arm_control/_arm_control_s.ep.rosidl_typesupport_c.c
[122.279s] -- Installing: /home/rover/workspaces/rover-real/src/install/arm_control/local/lib/python3.10/dist-packages/arm_control/msg
[122.279s] -- Installing: /home/rover/workspaces/rover-real/src/install/arm_control/local/lib/python3.10/dist-packages/arm_control/msg/_fault.py
[122.279s] -- Installing: /home/rover/workspaces/rover-real/src/install/arm_control/local/lib/python3.10/dist-packages/arm_control/msg/_arm_status_s.c
[122.279s] -- Installing: /home/rover/workspaces/rover-real/src/install/arm_control/local/lib/python3.10/dist-packages/arm_control/msg/_fault_s.c
[122.280s] -- Installing: /home/rover/workspaces/rover-real/src/install/arm_control/local/lib/python3.10/dist-packages/arm_control/msg/_arm_status.py
[122.280s] -- Installing: /home/rover/workspaces/rover-real/src/install/arm_control/local/lib/python3.10/dist-packages/arm_control/msg/__init__.py
[122.280s] -- Installing: /home/rover/workspaces/rover-real/src/install/arm_control/local/lib/python3.10/dist-packages/arm_control/arm_control_s__rosidl_typesupport_fastrtps_c.cpython-310-aarch64-linux-gnu.so
[122.281s] -- Installing: /home/rover/workspaces/rover-real/src/install/arm_control/local/lib/python3.10/dist-packages/arm_control/_arm_control_s.ep.rosidl_typesupport_fastrtps_c.c
[122.282s] -- Installing: /home/rover/workspaces/rover-real/src/install/arm_control/local/lib/python3.10/dist-packages/arm_control/arm_control_s__rosidl_typesupport_introspection_c.cpython-310-aarch64-linux-gnu.so
[122.282s] -- Installing: /home/rover/workspaces/rover-real/src/install/arm_control/local/lib/python3.10/dist-packages/arm_control/libarm_control__rosidl_generator_py.so
[122.283s] -- Installing: /home/rover/workspaces/rover-real/src/install/arm_control/local/lib/python3.10/dist-packages/arm_control/__init__.py
[122.483s] Listing '/home/rover/workspaces/rover-real/src/install/arm_control/local/lib/python3.10/dist-packages/arm_control'...
[122.483s] Compiling '/home/rover/workspaces/rover-real/src/install/arm_control/local/lib/python3.10/dist-packages/arm_control/__init__.py'...
[122.483s] Listing '/home/rover/workspaces/rover-real/src/install/arm_control/local/lib/python3.10/dist-packages/arm_control/action'...
[122.483s] Compiling '/home/rover/workspaces/rover-real/src/install/arm_control/local/lib/python3.10/dist-packages/arm_control/action/__init__.py'...
[122.483s] Compiling '/home/rover/workspaces/rover-real/src/install/arm_control/local/lib/python3.10/dist-packages/arm_control/action/_go_to_named_pose.py'...
[122.484s] Compiling '/home/rover/workspaces/rover-real/src/install/arm_control/local/lib/python3.10/dist-packages/arm_control/action/_pick_and_place.py'...
[122.484s] Compiling '/home/rover/workspaces/rover-real/src/install/arm_control/local/lib/python3.10/dist-packages/arm_control/action/_tool_change.py'...
[122.484s] Listing '/home/rover/workspaces/rover-real/src/install/arm_control/local/lib/python3.10/dist-packages/arm_control/msg'...
[122.484s] Compiling '/home/rover/workspaces/rover-real/src/install/arm_control/local/lib/python3.10/dist-packages/arm_control/msg/__init__.py'...
[122.484s] Compiling '/home/rover/workspaces/rover-real/src/install/arm_control/local/lib/python3.10/dist-packages/arm_control/msg/_arm_status.py'...
[122.484s] Compiling '/home/rover/workspaces/rover-real/src/install/arm_control/local/lib/python3.10/dist-packages/arm_control/msg/_fault.py'...
[122.506s] -- Installing: /home/rover/workspaces/rover-real/src/install/arm_control/local/lib/python3.10/dist-packages/arm_control/arm_control_s__rosidl_typesupport_fastrtps_c.cpython-310-aarch64-linux-gnu.so
[122.506s] -- Set runtime path of "/home/rover/workspaces/rover-real/src/install/arm_control/local/lib/python3.10/dist-packages/arm_control/arm_control_s__rosidl_typesupport_fastrtps_c.cpython-310-aarch64-linux-gnu.so" to ""
[122.507s] -- Installing: /home/rover/workspaces/rover-real/src/install/arm_control/local/lib/python3.10/dist-packages/arm_control/arm_control_s__rosidl_typesupport_introspection_c.cpython-310-aarch64-linux-gnu.so
[122.508s] -- Set runtime path of "/home/rover/workspaces/rover-real/src/install/arm_control/local/lib/python3.10/dist-packages/arm_control/arm_control_s__rosidl_typesupport_introspection_c.cpython-310-aarch64-linux-gnu.so" to ""
[122.508s] -- Installing: /home/rover/workspaces/rover-real/src/install/arm_control/local/lib/python3.10/dist-packages/arm_control/arm_control_s__rosidl_typesupport_c.cpython-310-aarch64-linux-gnu.so
[122.509s] -- Set runtime path of "/home/rover/workspaces/rover-real/src/install/arm_control/local/lib/python3.10/dist-packages/arm_control/arm_control_s__rosidl_typesupport_c.cpython-310-aarch64-linux-gnu.so" to ""
[122.509s] -- Installing: /home/rover/workspaces/rover-real/src/install/arm_control/lib/libarm_control__rosidl_generator_py.so
[122.511s] -- Set runtime path of "/home/rover/workspaces/rover-real/src/install/arm_control/lib/libarm_control__rosidl_generator_py.so" to ""
[122.511s] -- Installing: /home/rover/workspaces/rover-real/src/install/arm_control/share/arm_control/msg/ArmStatus.idl
[122.511s] -- Installing: /home/rover/workspaces/rover-real/src/install/arm_control/share/arm_control/msg/Fault.idl
[122.512s] -- Installing: /home/rover/workspaces/rover-real/src/install/arm_control/share/arm_control/action/GoToNamedPose.idl
[122.512s] -- Installing: /home/rover/workspaces/rover-real/src/install/arm_control/share/arm_control/action/PickAndPlace.idl
[122.513s] -- Installing: /home/rover/workspaces/rover-real/src/install/arm_control/share/arm_control/action/ToolChange.idl
[122.513s] -- Installing: /home/rover/workspaces/rover-real/src/install/arm_control/share/arm_control/msg/ArmStatus.msg
[122.513s] -- Installing: /home/rover/workspaces/rover-real/src/install/arm_control/share/arm_control/msg/Fault.msg
[122.513s] -- Installing: /home/rover/workspaces/rover-real/src/install/arm_control/share/arm_control/action/GoToNamedPose.action
[122.514s] -- Installing: /home/rover/workspaces/rover-real/src/install/arm_control/share/arm_control/action/PickAndPlace.action
[122.514s] -- Installing: /home/rover/workspaces/rover-real/src/install/arm_control/share/arm_control/action/ToolChange.action
[122.514s] -- Installing: /home/rover/workspaces/rover-real/src/install/arm_control/share/arm_control/launch
[122.514s] -- Installing: /home/rover/workspaces/rover-real/src/install/arm_control/share/arm_control/launch/arm_control.launch.py
[122.515s] -- Installing: /home/rover/workspaces/rover-real/src/install/arm_control/share/arm_control/config
[122.515s] -- Installing: /home/rover/workspaces/rover-real/src/install/arm_control/share/arm_control/config/safety_params.yaml
[122.515s] -- Installing: /home/rover/workspaces/rover-real/src/install/arm_control/share/arm_control/config/controller_config.yaml
[122.516s] -- Installing: /home/rover/workspaces/rover-real/src/install/arm_control/share/arm_control/test
[122.516s] -- Installing: /home/rover/workspaces/rover-real/src/install/arm_control/share/arm_control/test/README.md
[122.516s] -- Installing: /home/rover/workspaces/rover-real/src/install/arm_control/share/arm_control/resource
[122.516s] -- Installing: /home/rover/workspaces/rover-real/src/install/arm_control/share/arm_control/resource/arm_control
[122.517s] -- Installing: /home/rover/workspaces/rover-real/src/install/arm_control/share/ament_index/resource_index/package_run_dependencies/arm_control
[122.519s] -- Installing: /home/rover/workspaces/rover-real/src/install/arm_control/share/ament_index/resource_index/parent_prefix_path/arm_control
[122.520s] -- Installing: /home/rover/workspaces/rover-real/src/install/arm_control/share/arm_control/environment/ament_prefix_path.sh
[122.520s] -- Installing: /home/rover/workspaces/rover-real/src/install/arm_control/share/arm_control/environment/ament_prefix_path.dsv
[122.521s] -- Installing: /home/rover/workspaces/rover-real/src/install/arm_control/share/arm_control/environment/path.sh
[122.522s] -- Installing: /home/rover/workspaces/rover-real/src/install/arm_control/share/arm_control/environment/path.dsv
[122.523s] -- Installing: /home/rover/workspaces/rover-real/src/install/arm_control/share/arm_control/local_setup.bash
[122.524s] -- Installing: /home/rover/workspaces/rover-real/src/install/arm_control/share/arm_control/local_setup.sh
[122.524s] -- Installing: /home/rover/workspaces/rover-real/src/install/arm_control/share/arm_control/local_setup.zsh
[122.525s] -- Installing: /home/rover/workspaces/rover-real/src/install/arm_control/share/arm_control/local_setup.dsv
[122.526s] -- Installing: /home/rover/workspaces/rover-real/src/install/arm_control/share/arm_control/package.dsv
[122.527s] -- Installing: /home/rover/workspaces/rover-real/src/install/arm_control/share/ament_index/resource_index/packages/arm_control
[122.528s] -- Installing: /home/rover/workspaces/rover-real/src/install/arm_control/share/arm_control/cmake/export_arm_control__rosidl_generator_cExport.cmake
[122.529s] -- Installing: /home/rover/workspaces/rover-real/src/install/arm_control/share/arm_control/cmake/export_arm_control__rosidl_generator_cExport-noconfig.cmake
[122.529s] -- Installing: /home/rover/workspaces/rover-real/src/install/arm_control/share/arm_control/cmake/export_arm_control__rosidl_typesupport_fastrtps_cExport.cmake
[122.530s] -- Installing: /home/rover/workspaces/rover-real/src/install/arm_control/share/arm_control/cmake/export_arm_control__rosidl_typesupport_fastrtps_cExport-noconfig.cmake
[122.531s] -- Installing: /home/rover/workspaces/rover-real/src/install/arm_control/share/arm_control/cmake/export_arm_control__rosidl_generator_cppExport.cmake
[122.532s] -- Installing: /home/rover/workspaces/rover-real/src/install/arm_control/share/arm_control/cmake/export_arm_control__rosidl_typesupport_fastrtps_cppExport.cmake
[122.533s] -- Installing: /home/rover/workspaces/rover-real/src/install/arm_control/share/arm_control/cmake/export_arm_control__rosidl_typesupport_fastrtps_cppExport-noconfig.cmake
[122.534s] -- Installing: /home/rover/workspaces/rover-real/src/install/arm_control/share/arm_control/cmake/arm_control__rosidl_typesupport_introspection_cExport.cmake
[122.535s] -- Installing: /home/rover/workspaces/rover-real/src/install/arm_control/share/arm_control/cmake/arm_control__rosidl_typesupport_introspection_cExport-noconfig.cmake
[122.536s] -- Installing: /home/rover/workspaces/rover-real/src/install/arm_control/share/arm_control/cmake/arm_control__rosidl_typesupport_cExport.cmake
[122.537s] -- Installing: /home/rover/workspaces/rover-real/src/install/arm_control/share/arm_control/cmake/arm_control__rosidl_typesupport_cExport-noconfig.cmake
[122.538s] -- Installing: /home/rover/workspaces/rover-real/src/install/arm_control/share/arm_control/cmake/arm_control__rosidl_typesupport_introspection_cppExport.cmake
[122.539s] -- Installing: /home/rover/workspaces/rover-real/src/install/arm_control/share/arm_control/cmake/arm_control__rosidl_typesupport_introspection_cppExport-noconfig.cmake
[122.540s] -- Installing: /home/rover/workspaces/rover-real/src/install/arm_control/share/arm_control/cmake/arm_control__rosidl_typesupport_cppExport.cmake
[122.541s] -- Installing: /home/rover/workspaces/rover-real/src/install/arm_control/share/arm_control/cmake/arm_control__rosidl_typesupport_cppExport-noconfig.cmake
[122.542s] -- Installing: /home/rover/workspaces/rover-real/src/install/arm_control/share/arm_control/cmake/export_arm_control__rosidl_generator_pyExport.cmake
[122.543s] -- Installing: /home/rover/workspaces/rover-real/src/install/arm_control/share/arm_control/cmake/export_arm_control__rosidl_generator_pyExport-noconfig.cmake
[122.544s] -- Installing: /home/rover/workspaces/rover-real/src/install/arm_control/share/arm_control/cmake/rosidl_cmake-extras.cmake
[122.545s] -- Installing: /home/rover/workspaces/rover-real/src/install/arm_control/share/arm_control/cmake/ament_cmake_export_dependencies-extras.cmake
[122.545s] -- Installing: /home/rover/workspaces/rover-real/src/install/arm_control/share/arm_control/cmake/ament_cmake_export_include_directories-extras.cmake
[122.546s] -- Installing: /home/rover/workspaces/rover-real/src/install/arm_control/share/arm_control/cmake/ament_cmake_export_libraries-extras.cmake
[122.547s] -- Installing: /home/rover/workspaces/rover-real/src/install/arm_control/share/arm_control/cmake/ament_cmake_export_targets-extras.cmake
[122.548s] -- Installing: /home/rover/workspaces/rover-real/src/install/arm_control/share/arm_control/cmake/rosidl_cmake_export_typesupport_targets-extras.cmake
[122.549s] -- Installing: /home/rover/workspaces/rover-real/src/install/arm_control/share/arm_control/cmake/rosidl_cmake_export_typesupport_libraries-extras.cmake
[122.550s] -- Installing: /home/rover/workspaces/rover-real/src/install/arm_control/share/arm_control/cmake/arm_controlConfig.cmake
[122.554s] -- Installing: /home/rover/workspaces/rover-real/src/install/arm_control/share/arm_control/cmake/arm_controlConfig-version.cmake
[122.555s] -- Installing: /home/rover/workspaces/rover-real/src/install/arm_control/share/arm_control/package.xml
[122.566s] Invoked command in '/home/rover/workspaces/rover-real/src/build/arm_control' returned '0': AMENT_PREFIX_PATH=/home/rover/workspaces/rover-real/src/install/arm_template:${AMENT_PREFIX_PATH} CMAKE_PREFIX_PATH=/home/rover/workspaces/rover-real/src/install/arm_template:/opt/ros/humble:${CMAKE_PREFIX_PATH} PYTHONPATH=/home/rover/workspaces/rover-real/src/install/arm_template/local/lib/python3.10/dist-packages:${PYTHONPATH} /usr/bin/cmake --install /home/rover/workspaces/rover-real/src/build/arm_control
