[5.462s] Invoking command in '/home/rover/workspaces/rover-real/src/science/cache_manager': PYTHONPATH=/home/rover/workspaces/rover-real/src/build/cache_manager/prefix_override:/usr/lib/python3/dist-packages/colcon_core/task/python/colcon_distutils_commands:/home/rover/workspaces/rover-real/src/install/cache_manager/lib/python3.10/site-packages:${PYTHONPATH} /usr/bin/python3 -W ignore:setup.py install is deprecated -W ignore:easy_install command is deprecated setup.py egg_info --egg-base ../../build/cache_manager build --build-base /home/rover/workspaces/rover-real/src/build/cache_manager/build install --record /home/rover/workspaces/rover-real/src/build/cache_manager/install.log --single-version-externally-managed install_data
[7.158s] running egg_info
[7.159s] writing ../../build/cache_manager/cache_manager.egg-info/PKG-INFO
[7.159s] writing dependency_links to ../../build/cache_manager/cache_manager.egg-info/dependency_links.txt
[7.159s] writing entry points to ../../build/cache_manager/cache_manager.egg-info/entry_points.txt
[7.159s] writing requirements to ../../build/cache_manager/cache_manager.egg-info/requires.txt
[7.159s] writing top-level names to ../../build/cache_manager/cache_manager.egg-info/top_level.txt
[7.159s] reading manifest file '../../build/cache_manager/cache_manager.egg-info/SOURCES.txt'
[7.160s] writing manifest file '../../build/cache_manager/cache_manager.egg-info/SOURCES.txt'
[7.170s] running build
[7.171s] running build_py
[7.171s] running install
[7.173s] running install_lib
[7.184s] running install_data
[7.185s] running install_egg_info
[7.203s] removing '/home/rover/workspaces/rover-real/src/install/cache_manager/lib/python3.10/site-packages/cache_manager-0.0.0-py3.10.egg-info' (and everything under it)
[7.206s] Copying ../../build/cache_manager/cache_manager.egg-info to /home/rover/workspaces/rover-real/src/install/cache_manager/lib/python3.10/site-packages/cache_manager-0.0.0-py3.10.egg-info
[7.217s] running install_scripts
[7.356s] Installing cache_manager_node script to /home/rover/workspaces/rover-real/src/install/cache_manager/bin
[7.374s] writing list of installed files to '/home/rover/workspaces/rover-real/src/build/cache_manager/install.log'
[8.917s] Invoked command in '/home/rover/workspaces/rover-real/src/science/cache_manager' returned '0': PYTHONPATH=/home/rover/workspaces/rover-real/src/build/cache_manager/prefix_override:/usr/lib/python3/dist-packages/colcon_core/task/python/colcon_distutils_commands:/home/rover/workspaces/rover-real/src/install/cache_manager/lib/python3.10/site-packages:${PYTHONPATH} /usr/bin/python3 -W ignore:setup.py install is deprecated -W ignore:easy_install command is deprecated setup.py egg_info --egg-base ../../build/cache_manager build --build-base /home/rover/workspaces/rover-real/src/build/cache_manager/build install --record /home/rover/workspaces/rover-real/src/build/cache_manager/install.log --single-version-externally-managed install_data
