[0.079s] Invoking command in '/home/rover/workspaces/rover-real/src/build/gnss_launch': /usr/bin/cmake /home/rover/workspaces/rover-real/src/perception/gnss_launch -DCATKIN_INSTALL_INTO_PREFIX_ROOT=0 -DCMAKE_INSTALL_PREFIX=/home/rover/workspaces/rover-real/src/install/gnss_launch
[0.814s] -- The C compiler identification is GNU 11.4.0
[1.459s] -- The CXX compiler identification is GNU 11.4.0
[1.513s] -- Detecting C compiler ABI info
[2.336s] -- Detecting C compiler ABI info - done
[2.371s] -- Check for working C compiler: /usr/bin/cc - skipped
[2.371s] -- Detecting C compile features
[2.397s] -- Detecting C compile features - done
[2.425s] -- Detecting CXX compiler ABI info
[3.519s] -- Detecting CXX compiler ABI info - done
[3.589s] -- Check for working CXX compiler: /usr/bin/c++ - skipped
[3.589s] -- Detecting CXX compile features
[3.590s] -- Detecting CXX compile features - done
[3.648s] -- Found ament_cmake: 1.3.12 (/opt/ros/humble/share/ament_cmake/cmake)
[6.460s] -- Found Python3: /usr/bin/python3 (found version "3.10.12") found components: Interpreter 
[8.180s] -- Configuring done
[8.188s] -- Generating done
[8.191s] [33mCMake Warning:
[8.192s]   Manually-specified variables were not used by the project:
[8.192s] 
[8.192s]     CATKIN_INSTALL_INTO_PREFIX_ROOT
[8.192s] 
[8.193s] [0m
[8.198s] -- Build files have been written to: /home/rover/workspaces/rover-real/src/build/gnss_launch
[12.956s] Invoked command in '/home/rover/workspaces/rover-real/src/build/gnss_launch' returned '0': /usr/bin/cmake /home/rover/workspaces/rover-real/src/perception/gnss_launch -DCATKIN_INSTALL_INTO_PREFIX_ROOT=0 -DCMAKE_INSTALL_PREFIX=/home/rover/workspaces/rover-real/src/install/gnss_launch
[12.966s] Invoking command in '/home/rover/workspaces/rover-real/src/build/gnss_launch': /usr/bin/cmake --build /home/rover/workspaces/rover-real/src/build/gnss_launch -- -j6 -l6
[13.458s] Invoked command in '/home/rover/workspaces/rover-real/src/build/gnss_launch' returned '0': /usr/bin/cmake --build /home/rover/workspaces/rover-real/src/build/gnss_launch -- -j6 -l6
[13.489s] Invoking command in '/home/rover/workspaces/rover-real/src/build/gnss_launch': /usr/bin/cmake --install /home/rover/workspaces/rover-real/src/build/gnss_launch
[13.586s] -- Install configuration: ""
[13.586s] -- Installing: /home/rover/workspaces/rover-real/src/install/gnss_launch/share/gnss_launch/launch
[13.586s] -- Installing: /home/rover/workspaces/rover-real/src/install/gnss_launch/share/gnss_launch/launch/gnss_driver.launch.py
[13.587s] -- Installing: /home/rover/workspaces/rover-real/src/install/gnss_launch/share/gnss_launch/params
[13.587s] -- Installing: /home/rover/workspaces/rover-real/src/install/gnss_launch/share/gnss_launch/params/ublox.yaml
[13.603s] -- Installing: /home/rover/workspaces/rover-real/src/install/gnss_launch/share/ament_index/resource_index/package_run_dependencies/gnss_launch
[13.604s] -- Installing: /home/rover/workspaces/rover-real/src/install/gnss_launch/share/ament_index/resource_index/parent_prefix_path/gnss_launch
[13.604s] -- Installing: /home/rover/workspaces/rover-real/src/install/gnss_launch/share/gnss_launch/environment/ament_prefix_path.sh
[13.604s] -- Installing: /home/rover/workspaces/rover-real/src/install/gnss_launch/share/gnss_launch/environment/ament_prefix_path.dsv
[13.605s] -- Installing: /home/rover/workspaces/rover-real/src/install/gnss_launch/share/gnss_launch/environment/path.sh
[13.605s] -- Installing: /home/rover/workspaces/rover-real/src/install/gnss_launch/share/gnss_launch/environment/path.dsv
[13.605s] -- Installing: /home/rover/workspaces/rover-real/src/install/gnss_launch/share/gnss_launch/local_setup.bash
[13.605s] -- Installing: /home/rover/workspaces/rover-real/src/install/gnss_launch/share/gnss_launch/local_setup.sh
[13.606s] -- Installing: /home/rover/workspaces/rover-real/src/install/gnss_launch/share/gnss_launch/local_setup.zsh
[13.606s] -- Installing: /home/rover/workspaces/rover-real/src/install/gnss_launch/share/gnss_launch/local_setup.dsv
[13.606s] -- Installing: /home/rover/workspaces/rover-real/src/install/gnss_launch/share/gnss_launch/package.dsv
[13.607s] -- Installing: /home/rover/workspaces/rover-real/src/install/gnss_launch/share/ament_index/resource_index/packages/gnss_launch
[13.629s] -- Installing: /home/rover/workspaces/rover-real/src/install/gnss_launch/share/gnss_launch/cmake/gnss_launchConfig.cmake
[13.629s] -- Installing: /home/rover/workspaces/rover-real/src/install/gnss_launch/share/gnss_launch/cmake/gnss_launchConfig-version.cmake
[13.630s] -- Installing: /home/rover/workspaces/rover-real/src/install/gnss_launch/share/gnss_launch/package.xml
[13.653s] Invoked command in '/home/rover/workspaces/rover-real/src/build/gnss_launch' returned '0': /usr/bin/cmake --install /home/rover/workspaces/rover-real/src/build/gnss_launch
