[0.285s] Invoking command in '/home/rover/workspaces/rover-real/src/build/moveit_config_rover': CMAKE_PREFIX_PATH=/opt/ros/humble:${CMAKE_PREFIX_PATH} /usr/bin/cmake --build /home/rover/workspaces/rover-real/src/build/moveit_config_rover -- -j6 -l6
[2.006s] Invoked command in '/home/rover/workspaces/rover-real/src/build/moveit_config_rover' returned '0': CMAKE_PREFIX_PATH=/opt/ros/humble:${CMAKE_PREFIX_PATH} /usr/bin/cmake --build /home/rover/workspaces/rover-real/src/build/moveit_config_rover -- -j6 -l6
[2.010s] Invoking command in '/home/rover/workspaces/rover-real/src/build/moveit_config_rover': CMAKE_PREFIX_PATH=/opt/ros/humble:${CMAKE_PREFIX_PATH} /usr/bin/cmake --install /home/rover/workspaces/rover-real/src/build/moveit_config_rover
[2.198s] -- Install configuration: ""
[2.198s] -- Up-to-date: /home/rover/workspaces/rover-real/src/install/moveit_config_rover/share/moveit_config_rover//rviz
[2.199s] -- Up-to-date: /home/rover/workspaces/rover-real/src/install/moveit_config_rover/share/moveit_config_rover//rviz/moveit.rviz
[2.199s] -- Up-to-date: /home/rover/workspaces/rover-real/src/install/moveit_config_rover/share/ament_index/resource_index/package_run_dependencies/moveit_config_rover
[2.199s] -- Up-to-date: /home/rover/workspaces/rover-real/src/install/moveit_config_rover/share/ament_index/resource_index/parent_prefix_path/moveit_config_rover
[2.199s] -- Up-to-date: /home/rover/workspaces/rover-real/src/install/moveit_config_rover/share/moveit_config_rover/environment/ament_prefix_path.sh
[2.199s] -- Up-to-date: /home/rover/workspaces/rover-real/src/install/moveit_config_rover/share/moveit_config_rover/environment/ament_prefix_path.dsv
[2.199s] -- Up-to-date: /home/rover/workspaces/rover-real/src/install/moveit_config_rover/share/moveit_config_rover/environment/path.sh
[2.200s] -- Up-to-date: /home/rover/workspaces/rover-real/src/install/moveit_config_rover/share/moveit_config_rover/environment/path.dsv
[2.200s] -- Up-to-date: /home/rover/workspaces/rover-real/src/install/moveit_config_rover/share/moveit_config_rover/local_setup.bash
[2.200s] -- Up-to-date: /home/rover/workspaces/rover-real/src/install/moveit_config_rover/share/moveit_config_rover/local_setup.sh
[2.200s] -- Up-to-date: /home/rover/workspaces/rover-real/src/install/moveit_config_rover/share/moveit_config_rover/local_setup.zsh
[2.206s] -- Up-to-date: /home/rover/workspaces/rover-real/src/install/moveit_config_rover/share/moveit_config_rover/local_setup.dsv
[2.206s] -- Up-to-date: /home/rover/workspaces/rover-real/src/install/moveit_config_rover/share/moveit_config_rover/package.dsv
[2.206s] -- Up-to-date: /home/rover/workspaces/rover-real/src/install/moveit_config_rover/share/ament_index/resource_index/packages/moveit_config_rover
[2.206s] -- Up-to-date: /home/rover/workspaces/rover-real/src/install/moveit_config_rover/share/moveit_config_rover/cmake/moveit_config_roverConfig.cmake
[2.207s] -- Up-to-date: /home/rover/workspaces/rover-real/src/install/moveit_config_rover/share/moveit_config_rover/cmake/moveit_config_roverConfig-version.cmake
[2.207s] -- Up-to-date: /home/rover/workspaces/rover-real/src/install/moveit_config_rover/share/moveit_config_rover/package.xml
[2.314s] Invoked command in '/home/rover/workspaces/rover-real/src/build/moveit_config_rover' returned '0': CMAKE_PREFIX_PATH=/opt/ros/humble:${CMAKE_PREFIX_PATH} /usr/bin/cmake --install /home/rover/workspaces/rover-real/src/build/moveit_config_rover
