[0.040s] Invoking command in '/home/rover/workspaces/rover-real/src/build/aruco_detector': /usr/bin/cmake /home/rover/workspaces/rover-real/src/perception/aruco_detector -DCATKIN_INSTALL_INTO_PREFIX_ROOT=0 -DCMAKE_INSTALL_PREFIX=/home/rover/workspaces/rover-real/src/install/aruco_detector
[0.917s] -- The C compiler identification is GNU 11.4.0
[0.918s] -- The CXX compiler identification is GNU 11.4.0
[0.918s] -- Detecting C compiler ABI info
[0.989s] -- Detecting C compiler ABI info - done
[1.010s] -- Check for working C compiler: /usr/bin/cc - skipped
[1.010s] -- Detecting C compile features
[1.011s] -- Detecting C compile features - done
[1.021s] -- Detecting CXX compiler ABI info
[1.796s] -- Detecting CXX compiler ABI info - done
[1.835s] -- Check for working CXX compiler: /usr/bin/c++ - skipped
[1.835s] -- Detecting CXX compile features
[1.837s] -- Detecting CXX compile features - done
[1.870s] -- Found ament_cmake: 1.3.12 (/opt/ros/humble/share/ament_cmake/cmake)
[3.665s] -- Found Python3: /usr/bin/python3 (found version "3.10.12") found components: Interpreter 
[4.391s] -- Found rclcpp: 16.0.14 (/opt/ros/humble/share/rclcpp/cmake)
[4.713s] -- Found rosidl_generator_c: 3.1.7 (/opt/ros/humble/share/rosidl_generator_c/cmake)
[4.762s] -- Found rosidl_adapter: 3.1.7 (/opt/ros/humble/share/rosidl_adapter/cmake)
[4.825s] -- Found rosidl_generator_cpp: 3.1.7 (/opt/ros/humble/share/rosidl_generator_cpp/cmake)
[4.892s] -- Using all available rosidl_typesupport_c: rosidl_typesupport_fastrtps_c;rosidl_typesupport_introspection_c
[5.043s] -- Using all available rosidl_typesupport_cpp: rosidl_typesupport_fastrtps_cpp;rosidl_typesupport_introspection_cpp
[5.429s] -- Found rmw_implementation_cmake: 6.1.2 (/opt/ros/humble/share/rmw_implementation_cmake/cmake)
[5.447s] -- Found rmw_cyclonedds_cpp: 1.3.4 (/opt/ros/humble/share/rmw_cyclonedds_cpp/cmake)
[5.611s] -- Using RMW implementation 'rmw_cyclonedds_cpp' as default
[5.715s] -- Looking for pthread.h
[6.301s] -- Looking for pthread.h - found
[6.301s] -- Performing Test CMAKE_HAVE_LIBC_PTHREAD
[6.651s] -- Performing Test CMAKE_HAVE_LIBC_PTHREAD - Success
[6.653s] -- Found Threads: TRUE  
[6.900s] -- Found sensor_msgs: 4.9.0 (/opt/ros/humble/share/sensor_msgs/cmake)
[6.987s] -- Found ament_lint_auto: 0.12.14 (/opt/ros/humble/share/ament_lint_auto/cmake)
[7.624s] -- Added test 'copyright' to check source files copyright and LICENSE
[7.651s] -- Added test 'flake8' to check Python code syntax and style conventions
[7.658s] -- Added test 'lint_cmake' to check CMake code style
[7.667s] -- Added test 'pep257' to check Python code against some of the docstring style conventions in PEP 257
[7.681s] -- Added test 'xmllint' to check XML markup files
[7.693s] -- Configuring done
[7.780s] -- Generating done
[7.803s] [33mCMake Warning:
[7.803s]   Manually-specified variables were not used by the project:
[7.804s] 
[7.804s]     CATKIN_INSTALL_INTO_PREFIX_ROOT
[7.804s] 
[7.804s] [0m
[7.821s] -- Build files have been written to: /home/rover/workspaces/rover-real/src/build/aruco_detector
[7.890s] Invoked command in '/home/rover/workspaces/rover-real/src/build/aruco_detector' returned '0': /usr/bin/cmake /home/rover/workspaces/rover-real/src/perception/aruco_detector -DCATKIN_INSTALL_INTO_PREFIX_ROOT=0 -DCMAKE_INSTALL_PREFIX=/home/rover/workspaces/rover-real/src/install/aruco_detector
[7.908s] Invoking command in '/home/rover/workspaces/rover-real/src/build/aruco_detector': /usr/bin/cmake --build /home/rover/workspaces/rover-real/src/build/aruco_detector -- -j6 -l6
[8.319s] Invoked command in '/home/rover/workspaces/rover-real/src/build/aruco_detector' returned '0': /usr/bin/cmake --build /home/rover/workspaces/rover-real/src/build/aruco_detector -- -j6 -l6
[8.325s] Invoking command in '/home/rover/workspaces/rover-real/src/build/aruco_detector': /usr/bin/cmake --install /home/rover/workspaces/rover-real/src/build/aruco_detector
[8.426s] -- Install configuration: ""
[8.439s] -- Installing: /home/rover/workspaces/rover-real/src/install/aruco_detector/share/ament_index/resource_index/package_run_dependencies/aruco_detector
[8.446s] -- Installing: /home/rover/workspaces/rover-real/src/install/aruco_detector/share/ament_index/resource_index/parent_prefix_path/aruco_detector
[8.449s] -- Installing: /home/rover/workspaces/rover-real/src/install/aruco_detector/share/aruco_detector/environment/ament_prefix_path.sh
[8.451s] -- Installing: /home/rover/workspaces/rover-real/src/install/aruco_detector/share/aruco_detector/environment/ament_prefix_path.dsv
[8.470s] -- Installing: /home/rover/workspaces/rover-real/src/install/aruco_detector/share/aruco_detector/environment/path.sh
[8.471s] -- Installing: /home/rover/workspaces/rover-real/src/install/aruco_detector/share/aruco_detector/environment/path.dsv
[8.473s] -- Installing: /home/rover/workspaces/rover-real/src/install/aruco_detector/share/aruco_detector/local_setup.bash
[8.475s] -- Installing: /home/rover/workspaces/rover-real/src/install/aruco_detector/share/aruco_detector/local_setup.sh
[8.477s] -- Installing: /home/rover/workspaces/rover-real/src/install/aruco_detector/share/aruco_detector/local_setup.zsh
[8.479s] -- Installing: /home/rover/workspaces/rover-real/src/install/aruco_detector/share/aruco_detector/local_setup.dsv
[8.480s] -- Installing: /home/rover/workspaces/rover-real/src/install/aruco_detector/share/aruco_detector/package.dsv
[8.484s] -- Installing: /home/rover/workspaces/rover-real/src/install/aruco_detector/share/ament_index/resource_index/packages/aruco_detector
[8.486s] -- Installing: /home/rover/workspaces/rover-real/src/install/aruco_detector/share/aruco_detector/cmake/aruco_detectorConfig.cmake
[8.497s] -- Installing: /home/rover/workspaces/rover-real/src/install/aruco_detector/share/aruco_detector/cmake/aruco_detectorConfig-version.cmake
[8.499s] -- Installing: /home/rover/workspaces/rover-real/src/install/aruco_detector/share/aruco_detector/package.xml
[8.511s] Invoked command in '/home/rover/workspaces/rover-real/src/build/aruco_detector' returned '0': /usr/bin/cmake --install /home/rover/workspaces/rover-real/src/build/aruco_detector
