[0.326s] [34mcolcon[0m [1;30mDEBUG[0m [32mCommand line arguments: ['/usr/bin/colcon', 'build', '--packages-select', 'drive_firmware'][0m
[0.327s] [34mcolcon[0m [1;30mDEBUG[0m [32mParsed command line arguments: Namespace(log_base=None, log_level=None, verb_name='build', build_base='build', install_base='install', merge_install=False, symlink_install=False, test_result_base=None, continue_on_error=False, executor='parallel', parallel_workers=6, event_handlers=None, ignore_user_meta=False, metas=['./colcon.meta'], base_paths=['.'], packages_ignore=None, packages_ignore_regex=None, paths=None, packages_up_to=None, packages_up_to_regex=None, packages_above=None, packages_above_and_dependencies=None, packages_above_depth=None, packages_select_by_dep=None, packages_skip_by_dep=None, packages_skip_up_to=None, packages_select_build_failed=False, packages_skip_build_finished=False, packages_select_test_failures=False, packages_skip_test_passed=False, packages_select=['drive_firmware'], packages_skip=None, packages_select_regex=None, packages_skip_regex=None, packages_start=None, packages_end=None, allow_overriding=[], cmake_args=None, cmake_target=None, cmake_target_skip_unavailable=False, cmake_clean_cache=False, cmake_clean_first=False, cmake_force_configure=False, ament_cmake_args=None, catkin_cmake_args=None, catkin_skip_building_tests=False, mixin_files=None, mixin=None, verb_parser=<colcon_mixin.mixin.mixin_argument.MixinArgumentDecorator object at 0xffff88314dc0>, verb_extension=<colcon_core.verb.build.BuildVerb object at 0xffff8843dd80>, main=<bound method BuildVerb.main of <colcon_core.verb.build.BuildVerb object at 0xffff8843dd80>>, mixin_verb=('build',))[0m
[0.818s] [34mcolcon.colcon_core.package_discovery[0m [1;30mLevel 1[0m discover_packages(colcon_meta) check parameters
[0.818s] [34mcolcon.colcon_core.package_discovery[0m [1;30mLevel 1[0m discover_packages(recursive) check parameters
[0.819s] [34mcolcon.colcon_core.package_discovery[0m [1;30mLevel 1[0m discover_packages(ignore) check parameters
[0.819s] [34mcolcon.colcon_core.package_discovery[0m [1;30mLevel 1[0m discover_packages(path) check parameters
[0.819s] [34mcolcon.colcon_core.package_discovery[0m [1;30mLevel 1[0m discover_packages(colcon_meta) discover
[0.819s] [34mcolcon.colcon_core.package_discovery[0m [1;30mLevel 1[0m discover_packages(recursive) discover
[0.819s] [34mcolcon.colcon_core.package_discovery[0m [1;30mINFO[0m Crawling recursively for packages in '/home/rover/workspaces/rover/src'
[0.819s] [34mcolcon.colcon_core.package_identification[0m [1;30mLevel 1[0m _identify(.) by extensions ['ignore', 'ignore_ament_install']
[0.820s] [34mcolcon.colcon_core.package_identification[0m [1;30mLevel 1[0m _identify(.) by extension 'ignore'
[0.820s] [34mcolcon.colcon_core.package_identification[0m [1;30mLevel 1[0m _identify(.) by extension 'ignore_ament_install'
[0.820s] [34mcolcon.colcon_core.package_identification[0m [1;30mLevel 1[0m _identify(.) by extensions ['colcon_pkg']
[0.821s] [34mcolcon.colcon_core.package_identification[0m [1;30mLevel 1[0m _identify(.) by extension 'colcon_pkg'
[0.821s] [34mcolcon.colcon_core.package_identification[0m [1;30mLevel 1[0m _identify(.) by extensions ['colcon_meta']
[0.821s] [34mcolcon.colcon_core.package_identification[0m [1;30mLevel 1[0m _identify(.) by extension 'colcon_meta'
[0.821s] [34mcolcon.colcon_core.package_identification[0m [1;30mLevel 1[0m _identify(.) by extensions ['ros']
[0.821s] [34mcolcon.colcon_core.package_identification[0m [1;30mLevel 1[0m _identify(.) by extension 'ros'
[0.896s] [34mcolcon.colcon_core.package_identification[0m [1;30mLevel 1[0m _identify(.) by extensions ['cmake', 'python']
[0.896s] [34mcolcon.colcon_core.package_identification[0m [1;30mLevel 1[0m _identify(.) by extension 'cmake'
[0.896s] [34mcolcon.colcon_core.package_identification[0m [1;30mLevel 1[0m _identify(.) by extension 'python'
[0.896s] [34mcolcon.colcon_core.package_identification[0m [1;30mLevel 1[0m _identify(.) by extensions ['python_setup_py']
[0.897s] [34mcolcon.colcon_core.package_identification[0m [1;30mLevel 1[0m _identify(.) by extension 'python_setup_py'
[0.897s] [34mcolcon.colcon_core.package_identification[0m [1;30mLevel 1[0m _identify(arm_firmware) by extensions ['ignore', 'ignore_ament_install']
[0.897s] [34mcolcon.colcon_core.package_identification[0m [1;30mLevel 1[0m _identify(arm_firmware) by extension 'ignore'
[0.897s] [34mcolcon.colcon_core.package_identification[0m [1;30mLevel 1[0m _identify(arm_firmware) by extension 'ignore_ament_install'
[0.898s] [34mcolcon.colcon_core.package_identification[0m [1;30mLevel 1[0m _identify(arm_firmware) by extensions ['colcon_pkg']
[0.898s] [34mcolcon.colcon_core.package_identification[0m [1;30mLevel 1[0m _identify(arm_firmware) by extension 'colcon_pkg'
[0.898s] [34mcolcon.colcon_core.package_identification[0m [1;30mLevel 1[0m _identify(arm_firmware) by extensions ['colcon_meta']
[0.898s] [34mcolcon.colcon_core.package_identification[0m [1;30mLevel 1[0m _identify(arm_firmware) by extension 'colcon_meta'
[0.898s] [34mcolcon.colcon_core.package_identification[0m [1;30mLevel 1[0m _identify(arm_firmware) by extensions ['ros']
[0.898s] [34mcolcon.colcon_core.package_identification[0m [1;30mLevel 1[0m _identify(arm_firmware) by extension 'ros'
[0.905s] [34mcolcon.colcon_core.package_identification[0m [1;30mDEBUG[0m [32mPackage 'arm_firmware' with type 'ros.ament_cmake' and name 'arm_firmware'[0m
[0.906s] [34mcolcon.colcon_core.package_identification[0m [1;30mLevel 1[0m _identify(base_station) by extensions ['ignore', 'ignore_ament_install']
[0.906s] [34mcolcon.colcon_core.package_identification[0m [1;30mLevel 1[0m _identify(base_station) by extension 'ignore'
[0.906s] [34mcolcon.colcon_core.package_identification[0m [1;30mLevel 1[0m _identify(base_station) by extension 'ignore_ament_install'
[0.906s] [34mcolcon.colcon_core.package_identification[0m [1;30mLevel 1[0m _identify(base_station) by extensions ['colcon_pkg']
[0.907s] [34mcolcon.colcon_core.package_identification[0m [1;30mLevel 1[0m _identify(base_station) by extension 'colcon_pkg'
[0.907s] [34mcolcon.colcon_core.package_identification[0m [1;30mLevel 1[0m _identify(base_station) by extensions ['colcon_meta']
[0.907s] [34mcolcon.colcon_core.package_identification[0m [1;30mLevel 1[0m _identify(base_station) by extension 'colcon_meta'
[0.907s] [34mcolcon.colcon_core.package_identification[0m [1;30mLevel 1[0m _identify(base_station) by extensions ['ros']
[0.907s] [34mcolcon.colcon_core.package_identification[0m [1;30mLevel 1[0m _identify(base_station) by extension 'ros'
[0.907s] [34mcolcon.colcon_core.package_identification[0m [1;30mLevel 1[0m _identify(base_station) by extensions ['cmake', 'python']
[0.907s] [34mcolcon.colcon_core.package_identification[0m [1;30mLevel 1[0m _identify(base_station) by extension 'cmake'
[0.907s] [34mcolcon.colcon_core.package_identification[0m [1;30mLevel 1[0m _identify(base_station) by extension 'python'
[0.908s] [34mcolcon.colcon_core.package_identification[0m [1;30mLevel 1[0m _identify(base_station) by extensions ['python_setup_py']
[0.908s] [34mcolcon.colcon_core.package_identification[0m [1;30mLevel 1[0m _identify(base_station) by extension 'python_setup_py'
[0.908s] [34mcolcon.colcon_core.package_identification[0m [1;30mLevel 1[0m _identify(build) by extensions ['ignore', 'ignore_ament_install']
[0.908s] [34mcolcon.colcon_core.package_identification[0m [1;30mLevel 1[0m _identify(build) by extension 'ignore'
[0.908s] [34mcolcon.colcon_core.package_identification[0m [1;30mLevel 1[0m _identify(build) ignored
[0.909s] [34mcolcon.colcon_core.package_identification[0m [1;30mLevel 1[0m _identify(cli) by extensions ['ignore', 'ignore_ament_install']
[0.909s] [34mcolcon.colcon_core.package_identification[0m [1;30mLevel 1[0m _identify(cli) by extension 'ignore'
[0.909s] [34mcolcon.colcon_core.package_identification[0m [1;30mLevel 1[0m _identify(cli) by extension 'ignore_ament_install'
[0.909s] [34mcolcon.colcon_core.package_identification[0m [1;30mLevel 1[0m _identify(cli) by extensions ['colcon_pkg']
[0.909s] [34mcolcon.colcon_core.package_identification[0m [1;30mLevel 1[0m _identify(cli) by extension 'colcon_pkg'
[0.909s] [34mcolcon.colcon_core.package_identification[0m [1;30mLevel 1[0m _identify(cli) by extensions ['colcon_meta']
[0.909s] [34mcolcon.colcon_core.package_identification[0m [1;30mLevel 1[0m _identify(cli) by extension 'colcon_meta'
[0.909s] [34mcolcon.colcon_core.package_identification[0m [1;30mLevel 1[0m _identify(cli) by extensions ['ros']
[0.910s] [34mcolcon.colcon_core.package_identification[0m [1;30mLevel 1[0m _identify(cli) by extension 'ros'
[0.910s] [34mcolcon.colcon_core.package_identification[0m [1;30mLevel 1[0m _identify(cli) by extensions ['cmake', 'python']
[0.910s] [34mcolcon.colcon_core.package_identification[0m [1;30mLevel 1[0m _identify(cli) by extension 'cmake'
[0.910s] [34mcolcon.colcon_core.package_identification[0m [1;30mLevel 1[0m _identify(cli) by extension 'python'
[0.910s] [34mcolcon.colcon_core.package_identification[0m [1;30mLevel 1[0m _identify(cli) by extensions ['python_setup_py']
[0.910s] [34mcolcon.colcon_core.package_identification[0m [1;30mLevel 1[0m _identify(cli) by extension 'python_setup_py'
[0.910s] [34mcolcon.colcon_core.package_identification[0m [1;30mLevel 1[0m _identify(common) by extensions ['ignore', 'ignore_ament_install']
[0.910s] [34mcolcon.colcon_core.package_identification[0m [1;30mLevel 1[0m _identify(common) by extension 'ignore'
[0.911s] [34mcolcon.colcon_core.package_identification[0m [1;30mLevel 1[0m _identify(common) by extension 'ignore_ament_install'
[0.911s] [34mcolcon.colcon_core.package_identification[0m [1;30mLevel 1[0m _identify(common) by extensions ['colcon_pkg']
[0.911s] [34mcolcon.colcon_core.package_identification[0m [1;30mLevel 1[0m _identify(common) by extension 'colcon_pkg'
[0.911s] [34mcolcon.colcon_core.package_identification[0m [1;30mLevel 1[0m _identify(common) by extensions ['colcon_meta']
[0.911s] [34mcolcon.colcon_core.package_identification[0m [1;30mLevel 1[0m _identify(common) by extension 'colcon_meta'
[0.911s] [34mcolcon.colcon_core.package_identification[0m [1;30mLevel 1[0m _identify(common) by extensions ['ros']
[0.911s] [34mcolcon.colcon_core.package_identification[0m [1;30mLevel 1[0m _identify(common) by extension 'ros'
[0.911s] [34mcolcon.colcon_core.package_identification[0m [1;30mLevel 1[0m _identify(common) by extensions ['cmake', 'python']
[0.911s] [34mcolcon.colcon_core.package_identification[0m [1;30mLevel 1[0m _identify(common) by extension 'cmake'
[0.912s] [34mcolcon.colcon_core.package_identification[0m [1;30mLevel 1[0m _identify(common) by extension 'python'
[0.912s] [34mcolcon.colcon_core.package_identification[0m [1;30mLevel 1[0m _identify(common) by extensions ['python_setup_py']
[0.912s] [34mcolcon.colcon_core.package_identification[0m [1;30mLevel 1[0m _identify(common) by extension 'python_setup_py'
[0.912s] [34mcolcon.colcon_core.package_identification[0m [1;30mLevel 1[0m _identify(common/robot_description) by extensions ['ignore', 'ignore_ament_install']
[0.912s] [34mcolcon.colcon_core.package_identification[0m [1;30mLevel 1[0m _identify(common/robot_description) by extension 'ignore'
[0.912s] [34mcolcon.colcon_core.package_identification[0m [1;30mLevel 1[0m _identify(common/robot_description) by extension 'ignore_ament_install'
[0.912s] [34mcolcon.colcon_core.package_identification[0m [1;30mLevel 1[0m _identify(common/robot_description) by extensions ['colcon_pkg']
[0.912s] [34mcolcon.colcon_core.package_identification[0m [1;30mLevel 1[0m _identify(common/robot_description) by extension 'colcon_pkg'
[0.913s] [34mcolcon.colcon_core.package_identification[0m [1;30mLevel 1[0m _identify(common/robot_description) by extensions ['colcon_meta']
[0.913s] [34mcolcon.colcon_core.package_identification[0m [1;30mLevel 1[0m _identify(common/robot_description) by extension 'colcon_meta'
[0.913s] [34mcolcon.colcon_core.package_identification[0m [1;30mLevel 1[0m _identify(common/robot_description) by extensions ['ros']
[0.913s] [34mcolcon.colcon_core.package_identification[0m [1;30mLevel 1[0m _identify(common/robot_description) by extension 'ros'
[0.914s] [34mcolcon.colcon_core.package_identification[0m [1;30mDEBUG[0m [32mFailed to parse potential ROS package manifest in'common/robot_description': Error(s) in package 'common/robot_description/package.xml':
The manifest contains invalid XML:
no element found: line 1, column 0[0m
[0.914s] [34mcolcon.colcon_core.package_identification[0m [1;30mLevel 1[0m _identify(common/robot_description) by extensions ['cmake', 'python']
[0.914s] [34mcolcon.colcon_core.package_identification[0m [1;30mLevel 1[0m _identify(common/robot_description) by extension 'cmake'
[0.914s] [34mcolcon.colcon_core.package_identification[0m [1;30mLevel 1[0m _identify(common/robot_description) by extension 'python'
[0.914s] [34mcolcon.colcon_core.package_identification[0m [1;30mLevel 1[0m _identify(common/robot_description) by extensions ['python_setup_py']
[0.914s] [34mcolcon.colcon_core.package_identification[0m [1;30mLevel 1[0m _identify(common/robot_description) by extension 'python_setup_py'
[0.915s] [34mcolcon.colcon_core.package_identification[0m [1;30mLevel 1[0m _identify(common/urc_interfaces) by extensions ['ignore', 'ignore_ament_install']
[0.915s] [34mcolcon.colcon_core.package_identification[0m [1;30mLevel 1[0m _identify(common/urc_interfaces) by extension 'ignore'
[0.915s] [34mcolcon.colcon_core.package_identification[0m [1;30mLevel 1[0m _identify(common/urc_interfaces) by extension 'ignore_ament_install'
[0.915s] [34mcolcon.colcon_core.package_identification[0m [1;30mLevel 1[0m _identify(common/urc_interfaces) by extensions ['colcon_pkg']
[0.915s] [34mcolcon.colcon_core.package_identification[0m [1;30mLevel 1[0m _identify(common/urc_interfaces) by extension 'colcon_pkg'
[0.915s] [34mcolcon.colcon_core.package_identification[0m [1;30mLevel 1[0m _identify(common/urc_interfaces) by extensions ['colcon_meta']
[0.915s] [34mcolcon.colcon_core.package_identification[0m [1;30mLevel 1[0m _identify(common/urc_interfaces) by extension 'colcon_meta'
[0.915s] [34mcolcon.colcon_core.package_identification[0m [1;30mLevel 1[0m _identify(common/urc_interfaces) by extensions ['ros']
[0.916s] [34mcolcon.colcon_core.package_identification[0m [1;30mLevel 1[0m _identify(common/urc_interfaces) by extension 'ros'
[0.917s] [34mcolcon.colcon_core.package_identification[0m [1;30mDEBUG[0m [32mPackage 'common/urc_interfaces' with type 'ros.ament_python' and name 'urc_interfaces'[0m
[0.917s] [34mcolcon.colcon_core.package_identification[0m [1;30mLevel 1[0m _identify(common/urc_msgs) by extensions ['ignore', 'ignore_ament_install']
[0.917s] [34mcolcon.colcon_core.package_identification[0m [1;30mLevel 1[0m _identify(common/urc_msgs) by extension 'ignore'
[0.918s] [34mcolcon.colcon_core.package_identification[0m [1;30mLevel 1[0m _identify(common/urc_msgs) by extension 'ignore_ament_install'
[0.918s] [34mcolcon.colcon_core.package_identification[0m [1;30mLevel 1[0m _identify(common/urc_msgs) by extensions ['colcon_pkg']
[0.918s] [34mcolcon.colcon_core.package_identification[0m [1;30mLevel 1[0m _identify(common/urc_msgs) by extension 'colcon_pkg'
[0.918s] [34mcolcon.colcon_core.package_identification[0m [1;30mLevel 1[0m _identify(common/urc_msgs) by extensions ['colcon_meta']
[0.918s] [34mcolcon.colcon_core.package_identification[0m [1;30mLevel 1[0m _identify(common/urc_msgs) by extension 'colcon_meta'
[0.918s] [34mcolcon.colcon_core.package_identification[0m [1;30mLevel 1[0m _identify(common/urc_msgs) by extensions ['ros']
[0.918s] [34mcolcon.colcon_core.package_identification[0m [1;30mLevel 1[0m _identify(common/urc_msgs) by extension 'ros'
[0.920s] [34mcolcon.colcon_core.package_identification[0m [1;30mDEBUG[0m [32mPackage 'common/urc_msgs' with type 'ros.ament_cmake' and name 'urc_msgs'[0m
[0.920s] [34mcolcon.colcon_core.package_identification[0m [1;30mLevel 1[0m _identify(control) by extensions ['ignore', 'ignore_ament_install']
[0.921s] [34mcolcon.colcon_core.package_identification[0m [1;30mLevel 1[0m _identify(control) by extension 'ignore'
[0.921s] [34mcolcon.colcon_core.package_identification[0m [1;30mLevel 1[0m _identify(control) by extension 'ignore_ament_install'
[0.921s] [34mcolcon.colcon_core.package_identification[0m [1;30mLevel 1[0m _identify(control) by extensions ['colcon_pkg']
[0.921s] [34mcolcon.colcon_core.package_identification[0m [1;30mLevel 1[0m _identify(control) by extension 'colcon_pkg'
[0.921s] [34mcolcon.colcon_core.package_identification[0m [1;30mLevel 1[0m _identify(control) by extensions ['colcon_meta']
[0.921s] [34mcolcon.colcon_core.package_identification[0m [1;30mLevel 1[0m _identify(control) by extension 'colcon_meta'
[0.921s] [34mcolcon.colcon_core.package_identification[0m [1;30mLevel 1[0m _identify(control) by extensions ['ros']
[0.921s] [34mcolcon.colcon_core.package_identification[0m [1;30mLevel 1[0m _identify(control) by extension 'ros'
[0.922s] [34mcolcon.colcon_core.package_identification[0m [1;30mLevel 1[0m _identify(control) by extensions ['cmake', 'python']
[0.922s] [34mcolcon.colcon_core.package_identification[0m [1;30mLevel 1[0m _identify(control) by extension 'cmake'
[0.922s] [34mcolcon.colcon_core.package_identification[0m [1;30mLevel 1[0m _identify(control) by extension 'python'
[0.922s] [34mcolcon.colcon_core.package_identification[0m [1;30mLevel 1[0m _identify(control) by extensions ['python_setup_py']
[0.922s] [34mcolcon.colcon_core.package_identification[0m [1;30mLevel 1[0m _identify(control) by extension 'python_setup_py'
[0.922s] [34mcolcon.colcon_core.package_identification[0m [1;30mLevel 1[0m _identify(control/nav_supervisor) by extensions ['ignore', 'ignore_ament_install']
[0.922s] [34mcolcon.colcon_core.package_identification[0m [1;30mLevel 1[0m _identify(control/nav_supervisor) by extension 'ignore'
[0.923s] [34mcolcon.colcon_core.package_identification[0m [1;30mLevel 1[0m _identify(control/nav_supervisor) by extension 'ignore_ament_install'
[0.923s] [34mcolcon.colcon_core.package_identification[0m [1;30mLevel 1[0m _identify(control/nav_supervisor) by extensions ['colcon_pkg']
[0.923s] [34mcolcon.colcon_core.package_identification[0m [1;30mLevel 1[0m _identify(control/nav_supervisor) by extension 'colcon_pkg'
[0.923s] [34mcolcon.colcon_core.package_identification[0m [1;30mLevel 1[0m _identify(control/nav_supervisor) by extensions ['colcon_meta']
[0.923s] [34mcolcon.colcon_core.package_identification[0m [1;30mLevel 1[0m _identify(control/nav_supervisor) by extension 'colcon_meta'
[0.923s] [34mcolcon.colcon_core.package_identification[0m [1;30mLevel 1[0m _identify(control/nav_supervisor) by extensions ['ros']
[0.923s] [34mcolcon.colcon_core.package_identification[0m [1;30mLevel 1[0m _identify(control/nav_supervisor) by extension 'ros'
[0.924s] [34mcolcon.colcon_core.package_identification[0m [1;30mDEBUG[0m [32mPackage 'control/nav_supervisor' with type 'ros.catkin' and name 'nav_supervisor'[0m
[0.925s] [34mcolcon.colcon_core.package_identification[0m [1;30mLevel 1[0m _identify(control/rover_control) by extensions ['ignore', 'ignore_ament_install']
[0.925s] [34mcolcon.colcon_core.package_identification[0m [1;30mLevel 1[0m _identify(control/rover_control) by extension 'ignore'
[0.925s] [34mcolcon.colcon_core.package_identification[0m [1;30mLevel 1[0m _identify(control/rover_control) by extension 'ignore_ament_install'
[0.925s] [34mcolcon.colcon_core.package_identification[0m [1;30mLevel 1[0m _identify(control/rover_control) by extensions ['colcon_pkg']
[0.925s] [34mcolcon.colcon_core.package_identification[0m [1;30mLevel 1[0m _identify(control/rover_control) by extension 'colcon_pkg'
[0.925s] [34mcolcon.colcon_core.package_identification[0m [1;30mLevel 1[0m _identify(control/rover_control) by extensions ['colcon_meta']
[0.925s] [34mcolcon.colcon_core.package_identification[0m [1;30mLevel 1[0m _identify(control/rover_control) by extension 'colcon_meta'
[0.925s] [34mcolcon.colcon_core.package_identification[0m [1;30mLevel 1[0m _identify(control/rover_control) by extensions ['ros']
[0.926s] [34mcolcon.colcon_core.package_identification[0m [1;30mLevel 1[0m _identify(control/rover_control) by extension 'ros'
[0.931s] [34mcolcon.colcon_core.package_identification[0m [1;30mDEBUG[0m [32mPackage 'control/rover_control' with type 'ros.ament_cmake' and name 'rover_control'[0m
[0.931s] [34mcolcon.colcon_core.package_identification[0m [1;30mLevel 1[0m _identify(drive_control) by extensions ['ignore', 'ignore_ament_install']
[0.932s] [34mcolcon.colcon_core.package_identification[0m [1;30mLevel 1[0m _identify(drive_control) by extension 'ignore'
[0.932s] [34mcolcon.colcon_core.package_identification[0m [1;30mLevel 1[0m _identify(drive_control) by extension 'ignore_ament_install'
[0.932s] [34mcolcon.colcon_core.package_identification[0m [1;30mLevel 1[0m _identify(drive_control) by extensions ['colcon_pkg']
[0.932s] [34mcolcon.colcon_core.package_identification[0m [1;30mLevel 1[0m _identify(drive_control) by extension 'colcon_pkg'
[0.932s] [34mcolcon.colcon_core.package_identification[0m [1;30mLevel 1[0m _identify(drive_control) by extensions ['colcon_meta']
[0.932s] [34mcolcon.colcon_core.package_identification[0m [1;30mLevel 1[0m _identify(drive_control) by extension 'colcon_meta'
[0.932s] [34mcolcon.colcon_core.package_identification[0m [1;30mLevel 1[0m _identify(drive_control) by extensions ['ros']
[0.932s] [34mcolcon.colcon_core.package_identification[0m [1;30mLevel 1[0m _identify(drive_control) by extension 'ros'
[0.934s] [34mcolcon.colcon_core.package_identification[0m [1;30mDEBUG[0m [32mPackage 'drive_control' with type 'ros.ament_python' and name 'drive_control'[0m
[0.935s] [34mcolcon.colcon_core.package_identification[0m [1;30mLevel 1[0m _identify(drive_firmware) by extensions ['ignore', 'ignore_ament_install']
[0.935s] [34mcolcon.colcon_core.package_identification[0m [1;30mLevel 1[0m _identify(drive_firmware) by extension 'ignore'
[0.935s] [34mcolcon.colcon_core.package_identification[0m [1;30mLevel 1[0m _identify(drive_firmware) by extension 'ignore_ament_install'
[0.935s] [34mcolcon.colcon_core.package_identification[0m [1;30mLevel 1[0m _identify(drive_firmware) by extensions ['colcon_pkg']
[0.935s] [34mcolcon.colcon_core.package_identification[0m [1;30mLevel 1[0m _identify(drive_firmware) by extension 'colcon_pkg'
[0.935s] [34mcolcon.colcon_core.package_identification[0m [1;30mLevel 1[0m _identify(drive_firmware) by extensions ['colcon_meta']
[0.935s] [34mcolcon.colcon_core.package_identification[0m [1;30mLevel 1[0m _identify(drive_firmware) by extension 'colcon_meta'
[0.935s] [34mcolcon.colcon_core.package_identification[0m [1;30mLevel 1[0m _identify(drive_firmware) by extensions ['ros']
[0.936s] [34mcolcon.colcon_core.package_identification[0m [1;30mLevel 1[0m _identify(drive_firmware) by extension 'ros'
[0.937s] [34mcolcon.colcon_core.package_identification[0m [1;30mDEBUG[0m [32mPackage 'drive_firmware' with type 'ros.ament_cmake' and name 'drive_firmware'[0m
[0.937s] [34mcolcon.colcon_core.package_identification[0m [1;30mLevel 1[0m _identify(install) by extensions ['ignore', 'ignore_ament_install']
[0.937s] [34mcolcon.colcon_core.package_identification[0m [1;30mLevel 1[0m _identify(install) by extension 'ignore'
[0.937s] [34mcolcon.colcon_core.package_identification[0m [1;30mLevel 1[0m _identify(install) ignored
[0.938s] [34mcolcon.colcon_core.package_identification[0m [1;30mLevel 1[0m _identify(log) by extensions ['ignore', 'ignore_ament_install']
[0.938s] [34mcolcon.colcon_core.package_identification[0m [1;30mLevel 1[0m _identify(log) by extension 'ignore'
[0.938s] [34mcolcon.colcon_core.package_identification[0m [1;30mLevel 1[0m _identify(log) ignored
[0.938s] [34mcolcon.colcon_core.package_identification[0m [1;30mLevel 1[0m _identify(micro_ros_setup) by extensions ['ignore', 'ignore_ament_install']
[0.938s] [34mcolcon.colcon_core.package_identification[0m [1;30mLevel 1[0m _identify(micro_ros_setup) by extension 'ignore'
[0.938s] [34mcolcon.colcon_core.package_identification[0m [1;30mLevel 1[0m _identify(micro_ros_setup) by extension 'ignore_ament_install'
[0.939s] [34mcolcon.colcon_core.package_identification[0m [1;30mLevel 1[0m _identify(micro_ros_setup) by extensions ['colcon_pkg']
[0.939s] [34mcolcon.colcon_core.package_identification[0m [1;30mLevel 1[0m _identify(micro_ros_setup) by extension 'colcon_pkg'
[0.939s] [34mcolcon.colcon_core.package_identification[0m [1;30mLevel 1[0m _identify(micro_ros_setup) by extensions ['colcon_meta']
[0.939s] [34mcolcon.colcon_core.package_identification[0m [1;30mLevel 1[0m _identify(micro_ros_setup) by extension 'colcon_meta'
[0.939s] [34mcolcon.colcon_core.package_identification[0m [1;30mLevel 1[0m _identify(micro_ros_setup) by extensions ['ros']
[0.939s] [34mcolcon.colcon_core.package_identification[0m [1;30mLevel 1[0m _identify(micro_ros_setup) by extension 'ros'
[0.941s] [34mcolcon.colcon_core.package_identification[0m [1;30mDEBUG[0m [32mPackage 'micro_ros_setup' with type 'ros.ament_cmake' and name 'micro_ros_setup'[0m
[0.941s] [34mcolcon.colcon_core.package_identification[0m [1;30mLevel 1[0m _identify(mission_bt) by extensions ['ignore', 'ignore_ament_install']
[0.941s] [34mcolcon.colcon_core.package_identification[0m [1;30mLevel 1[0m _identify(mission_bt) by extension 'ignore'
[0.942s] [34mcolcon.colcon_core.package_identification[0m [1;30mLevel 1[0m _identify(mission_bt) by extension 'ignore_ament_install'
[0.942s] [34mcolcon.colcon_core.package_identification[0m [1;30mLevel 1[0m _identify(mission_bt) by extensions ['colcon_pkg']
[0.942s] [34mcolcon.colcon_core.package_identification[0m [1;30mLevel 1[0m _identify(mission_bt) by extension 'colcon_pkg'
[0.942s] [34mcolcon.colcon_core.package_identification[0m [1;30mLevel 1[0m _identify(mission_bt) by extensions ['colcon_meta']
[0.942s] [34mcolcon.colcon_core.package_identification[0m [1;30mLevel 1[0m _identify(mission_bt) by extension 'colcon_meta'
[0.942s] [34mcolcon.colcon_core.package_identification[0m [1;30mLevel 1[0m _identify(mission_bt) by extensions ['ros']
[0.942s] [34mcolcon.colcon_core.package_identification[0m [1;30mLevel 1[0m _identify(mission_bt) by extension 'ros'
[0.944s] [34mcolcon.colcon_core.package_identification[0m [1;30mDEBUG[0m [32mPackage 'mission_bt' with type 'ros.ament_python' and name 'mission_bt'[0m
[0.944s] [34mcolcon.colcon_core.package_identification[0m [1;30mLevel 1[0m _identify(moveit) by extensions ['ignore', 'ignore_ament_install']
[0.944s] [34mcolcon.colcon_core.package_identification[0m [1;30mLevel 1[0m _identify(moveit) by extension 'ignore'
[0.945s] [34mcolcon.colcon_core.package_identification[0m [1;30mLevel 1[0m _identify(moveit) by extension 'ignore_ament_install'
[0.945s] [34mcolcon.colcon_core.package_identification[0m [1;30mLevel 1[0m _identify(moveit) by extensions ['colcon_pkg']
[0.945s] [34mcolcon.colcon_core.package_identification[0m [1;30mLevel 1[0m _identify(moveit) by extension 'colcon_pkg'
[0.945s] [34mcolcon.colcon_core.package_identification[0m [1;30mLevel 1[0m _identify(moveit) by extensions ['colcon_meta']
[0.945s] [34mcolcon.colcon_core.package_identification[0m [1;30mLevel 1[0m _identify(moveit) by extension 'colcon_meta'
[0.945s] [34mcolcon.colcon_core.package_identification[0m [1;30mLevel 1[0m _identify(moveit) by extensions ['ros']
[0.945s] [34mcolcon.colcon_core.package_identification[0m [1;30mLevel 1[0m _identify(moveit) by extension 'ros'
[0.945s] [34mcolcon.colcon_core.package_identification[0m [1;30mLevel 1[0m _identify(moveit) by extensions ['cmake', 'python']
[0.946s] [34mcolcon.colcon_core.package_identification[0m [1;30mLevel 1[0m _identify(moveit) by extension 'cmake'
[0.946s] [34mcolcon.colcon_core.package_identification[0m [1;30mLevel 1[0m _identify(moveit) by extension 'python'
[0.946s] [34mcolcon.colcon_core.package_identification[0m [1;30mLevel 1[0m _identify(moveit) by extensions ['python_setup_py']
[0.946s] [34mcolcon.colcon_core.package_identification[0m [1;30mLevel 1[0m _identify(moveit) by extension 'python_setup_py'
[0.946s] [34mcolcon.colcon_core.package_identification[0m [1;30mLevel 1[0m _identify(moveit/arm_control) by extensions ['ignore', 'ignore_ament_install']
[0.946s] [34mcolcon.colcon_core.package_identification[0m [1;30mLevel 1[0m _identify(moveit/arm_control) by extension 'ignore'
[0.946s] [34mcolcon.colcon_core.package_identification[0m [1;30mLevel 1[0m _identify(moveit/arm_control) by extension 'ignore_ament_install'
[0.947s] [34mcolcon.colcon_core.package_identification[0m [1;30mLevel 1[0m _identify(moveit/arm_control) by extensions ['colcon_pkg']
[0.947s] [34mcolcon.colcon_core.package_identification[0m [1;30mLevel 1[0m _identify(moveit/arm_control) by extension 'colcon_pkg'
[0.947s] [34mcolcon.colcon_core.package_identification[0m [1;30mLevel 1[0m _identify(moveit/arm_control) by extensions ['colcon_meta']
[0.947s] [34mcolcon.colcon_core.package_identification[0m [1;30mLevel 1[0m _identify(moveit/arm_control) by extension 'colcon_meta'
[0.947s] [34mcolcon.colcon_core.package_identification[0m [1;30mLevel 1[0m _identify(moveit/arm_control) by extensions ['ros']
[0.947s] [34mcolcon.colcon_core.package_identification[0m [1;30mLevel 1[0m _identify(moveit/arm_control) by extension 'ros'
[0.952s] [34mcolcon.colcon_core.package_identification[0m [1;30mDEBUG[0m [32mPackage 'moveit/arm_control' with type 'ros.ament_cmake' and name 'arm_control'[0m
[0.952s] [34mcolcon.colcon_core.package_identification[0m [1;30mLevel 1[0m _identify(moveit/moveit_config_rover) by extensions ['ignore', 'ignore_ament_install']
[0.953s] [34mcolcon.colcon_core.package_identification[0m [1;30mLevel 1[0m _identify(moveit/moveit_config_rover) by extension 'ignore'
[0.953s] [34mcolcon.colcon_core.package_identification[0m [1;30mLevel 1[0m _identify(moveit/moveit_config_rover) by extension 'ignore_ament_install'
[0.953s] [34mcolcon.colcon_core.package_identification[0m [1;30mLevel 1[0m _identify(moveit/moveit_config_rover) by extensions ['colcon_pkg']
[0.953s] [34mcolcon.colcon_core.package_identification[0m [1;30mLevel 1[0m _identify(moveit/moveit_config_rover) by extension 'colcon_pkg'
[0.953s] [34mcolcon.colcon_core.package_identification[0m [1;30mLevel 1[0m _identify(moveit/moveit_config_rover) by extensions ['colcon_meta']
[0.953s] [34mcolcon.colcon_core.package_identification[0m [1;30mLevel 1[0m _identify(moveit/moveit_config_rover) by extension 'colcon_meta'
[0.953s] [34mcolcon.colcon_core.package_identification[0m [1;30mLevel 1[0m _identify(moveit/moveit_config_rover) by extensions ['ros']
[0.953s] [34mcolcon.colcon_core.package_identification[0m [1;30mLevel 1[0m _identify(moveit/moveit_config_rover) by extension 'ros'
[0.959s] [34mcolcon.colcon_core.package_identification[0m [1;30mDEBUG[0m [32mPackage 'moveit/moveit_config_rover' with type 'ros.ament_cmake' and name 'moveit_config_rover'[0m
[0.959s] [34mcolcon.colcon_core.package_identification[0m [1;30mLevel 1[0m _identify(navigation) by extensions ['ignore', 'ignore_ament_install']
[0.959s] [34mcolcon.colcon_core.package_identification[0m [1;30mLevel 1[0m _identify(navigation) by extension 'ignore'
[0.959s] [34mcolcon.colcon_core.package_identification[0m [1;30mLevel 1[0m _identify(navigation) by extension 'ignore_ament_install'
[0.960s] [34mcolcon.colcon_core.package_identification[0m [1;30mLevel 1[0m _identify(navigation) by extensions ['colcon_pkg']
[0.960s] [34mcolcon.colcon_core.package_identification[0m [1;30mLevel 1[0m _identify(navigation) by extension 'colcon_pkg'
[0.960s] [34mcolcon.colcon_core.package_identification[0m [1;30mLevel 1[0m _identify(navigation) by extensions ['colcon_meta']
[0.960s] [34mcolcon.colcon_core.package_identification[0m [1;30mLevel 1[0m _identify(navigation) by extension 'colcon_meta'
[0.960s] [34mcolcon.colcon_core.package_identification[0m [1;30mLevel 1[0m _identify(navigation) by extensions ['ros']
[0.960s] [34mcolcon.colcon_core.package_identification[0m [1;30mLevel 1[0m _identify(navigation) by extension 'ros'
[0.960s] [34mcolcon.colcon_core.package_identification[0m [1;30mLevel 1[0m _identify(navigation) by extensions ['cmake', 'python']
[0.960s] [34mcolcon.colcon_core.package_identification[0m [1;30mLevel 1[0m _identify(navigation) by extension 'cmake'
[0.961s] [34mcolcon.colcon_core.package_identification[0m [1;30mLevel 1[0m _identify(navigation) by extension 'python'
[0.961s] [34mcolcon.colcon_core.package_identification[0m [1;30mLevel 1[0m _identify(navigation) by extensions ['python_setup_py']
[0.961s] [34mcolcon.colcon_core.package_identification[0m [1;30mLevel 1[0m _identify(navigation) by extension 'python_setup_py'
[0.961s] [34mcolcon.colcon_core.package_identification[0m [1;30mLevel 1[0m _identify(navigation/nav2_launch) by extensions ['ignore', 'ignore_ament_install']
[0.961s] [34mcolcon.colcon_core.package_identification[0m [1;30mLevel 1[0m _identify(navigation/nav2_launch) by extension 'ignore'
[0.961s] [34mcolcon.colcon_core.package_identification[0m [1;30mLevel 1[0m _identify(navigation/nav2_launch) by extension 'ignore_ament_install'
[0.961s] [34mcolcon.colcon_core.package_identification[0m [1;30mLevel 1[0m _identify(navigation/nav2_launch) by extensions ['colcon_pkg']
[0.962s] [34mcolcon.colcon_core.package_identification[0m [1;30mLevel 1[0m _identify(navigation/nav2_launch) by extension 'colcon_pkg'
[0.962s] [34mcolcon.colcon_core.package_identification[0m [1;30mLevel 1[0m _identify(navigation/nav2_launch) by extensions ['colcon_meta']
[0.962s] [34mcolcon.colcon_core.package_identification[0m [1;30mLevel 1[0m _identify(navigation/nav2_launch) by extension 'colcon_meta'
[0.962s] [34mcolcon.colcon_core.package_identification[0m [1;30mLevel 1[0m _identify(navigation/nav2_launch) by extensions ['ros']
[0.962s] [34mcolcon.colcon_core.package_identification[0m [1;30mLevel 1[0m _identify(navigation/nav2_launch) by extension 'ros'
[0.963s] [34mcolcon.colcon_core.package_identification[0m [1;30mDEBUG[0m [32mPackage 'navigation/nav2_launch' with type 'ros.catkin' and name 'nav2_launch'[0m
[0.963s] [34mcolcon.colcon_core.package_identification[0m [1;30mLevel 1[0m _identify(perception) by extensions ['ignore', 'ignore_ament_install']
[0.963s] [34mcolcon.colcon_core.package_identification[0m [1;30mLevel 1[0m _identify(perception) by extension 'ignore'
[0.964s] [34mcolcon.colcon_core.package_identification[0m [1;30mLevel 1[0m _identify(perception) by extension 'ignore_ament_install'
[0.964s] [34mcolcon.colcon_core.package_identification[0m [1;30mLevel 1[0m _identify(perception) by extensions ['colcon_pkg']
[0.964s] [34mcolcon.colcon_core.package_identification[0m [1;30mLevel 1[0m _identify(perception) by extension 'colcon_pkg'
[0.964s] [34mcolcon.colcon_core.package_identification[0m [1;30mLevel 1[0m _identify(perception) by extensions ['colcon_meta']
[0.964s] [34mcolcon.colcon_core.package_identification[0m [1;30mLevel 1[0m _identify(perception) by extension 'colcon_meta'
[0.964s] [34mcolcon.colcon_core.package_identification[0m [1;30mLevel 1[0m _identify(perception) by extensions ['ros']
[0.964s] [34mcolcon.colcon_core.package_identification[0m [1;30mLevel 1[0m _identify(perception) by extension 'ros'
[0.964s] [34mcolcon.colcon_core.package_identification[0m [1;30mLevel 1[0m _identify(perception) by extensions ['cmake', 'python']
[0.964s] [34mcolcon.colcon_core.package_identification[0m [1;30mLevel 1[0m _identify(perception) by extension 'cmake'
[0.965s] [34mcolcon.colcon_core.package_identification[0m [1;30mLevel 1[0m _identify(perception) by extension 'python'
[0.965s] [34mcolcon.colcon_core.package_identification[0m [1;30mLevel 1[0m _identify(perception) by extensions ['python_setup_py']
[0.965s] [34mcolcon.colcon_core.package_identification[0m [1;30mLevel 1[0m _identify(perception) by extension 'python_setup_py'
[0.965s] [34mcolcon.colcon_core.package_identification[0m [1;30mLevel 1[0m _identify(perception/aruco_detector) by extensions ['ignore', 'ignore_ament_install']
[0.965s] [34mcolcon.colcon_core.package_identification[0m [1;30mLevel 1[0m _identify(perception/aruco_detector) by extension 'ignore'
[0.965s] [34mcolcon.colcon_core.package_identification[0m [1;30mLevel 1[0m _identify(perception/aruco_detector) by extension 'ignore_ament_install'
[0.966s] [34mcolcon.colcon_core.package_identification[0m [1;30mLevel 1[0m _identify(perception/aruco_detector) by extensions ['colcon_pkg']
[0.966s] [34mcolcon.colcon_core.package_identification[0m [1;30mLevel 1[0m _identify(perception/aruco_detector) by extension 'colcon_pkg'
[0.966s] [34mcolcon.colcon_core.package_identification[0m [1;30mLevel 1[0m _identify(perception/aruco_detector) by extensions ['colcon_meta']
[0.966s] [34mcolcon.colcon_core.package_identification[0m [1;30mLevel 1[0m _identify(perception/aruco_detector) by extension 'colcon_meta'
[0.966s] [34mcolcon.colcon_core.package_identification[0m [1;30mLevel 1[0m _identify(perception/aruco_detector) by extensions ['ros']
[0.966s] [34mcolcon.colcon_core.package_identification[0m [1;30mLevel 1[0m _identify(perception/aruco_detector) by extension 'ros'
[0.968s] [34mcolcon.colcon_core.package_identification[0m [1;30mDEBUG[0m [32mPackage 'perception/aruco_detector' with type 'ros.ament_python' and name 'aruco_detector'[0m
[0.968s] [34mcolcon.colcon_core.package_identification[0m [1;30mLevel 1[0m _identify(perception/detection_pose_estimator) by extensions ['ignore', 'ignore_ament_install']
[0.968s] [34mcolcon.colcon_core.package_identification[0m [1;30mLevel 1[0m _identify(perception/detection_pose_estimator) by extension 'ignore'
[0.968s] [34mcolcon.colcon_core.package_identification[0m [1;30mLevel 1[0m _identify(perception/detection_pose_estimator) by extension 'ignore_ament_install'
[0.969s] [34mcolcon.colcon_core.package_identification[0m [1;30mLevel 1[0m _identify(perception/detection_pose_estimator) by extensions ['colcon_pkg']
[0.969s] [34mcolcon.colcon_core.package_identification[0m [1;30mLevel 1[0m _identify(perception/detection_pose_estimator) by extension 'colcon_pkg'
[0.969s] [34mcolcon.colcon_core.package_identification[0m [1;30mLevel 1[0m _identify(perception/detection_pose_estimator) by extensions ['colcon_meta']
[0.969s] [34mcolcon.colcon_core.package_identification[0m [1;30mLevel 1[0m _identify(perception/detection_pose_estimator) by extension 'colcon_meta'
[0.969s] [34mcolcon.colcon_core.package_identification[0m [1;30mLevel 1[0m _identify(perception/detection_pose_estimator) by extensions ['ros']
[0.969s] [34mcolcon.colcon_core.package_identification[0m [1;30mLevel 1[0m _identify(perception/detection_pose_estimator) by extension 'ros'
[0.971s] [34mcolcon.colcon_core.package_identification[0m [1;30mDEBUG[0m [32mPackage 'perception/detection_pose_estimator' with type 'ros.catkin' and name 'detection_pose_estimator'[0m
[0.972s] [34mcolcon.colcon_core.package_identification[0m [1;30mLevel 1[0m _identify(perception/gnss_launch) by extensions ['ignore', 'ignore_ament_install']
[0.972s] [34mcolcon.colcon_core.package_identification[0m [1;30mLevel 1[0m _identify(perception/gnss_launch) by extension 'ignore'
[0.972s] [34mcolcon.colcon_core.package_identification[0m [1;30mLevel 1[0m _identify(perception/gnss_launch) by extension 'ignore_ament_install'
[0.972s] [34mcolcon.colcon_core.package_identification[0m [1;30mLevel 1[0m _identify(perception/gnss_launch) by extensions ['colcon_pkg']
[0.972s] [34mcolcon.colcon_core.package_identification[0m [1;30mLevel 1[0m _identify(perception/gnss_launch) by extension 'colcon_pkg'
[0.972s] [34mcolcon.colcon_core.package_identification[0m [1;30mLevel 1[0m _identify(perception/gnss_launch) by extensions ['colcon_meta']
[0.972s] [34mcolcon.colcon_core.package_identification[0m [1;30mLevel 1[0m _identify(perception/gnss_launch) by extension 'colcon_meta'
[0.973s] [34mcolcon.colcon_core.package_identification[0m [1;30mLevel 1[0m _identify(perception/gnss_launch) by extensions ['ros']
[0.973s] [34mcolcon.colcon_core.package_identification[0m [1;30mLevel 1[0m _identify(perception/gnss_launch) by extension 'ros'
[0.975s] [34mcolcon.colcon_core.package_identification[0m [1;30mDEBUG[0m [32mPackage 'perception/gnss_launch' with type 'ros.catkin' and name 'gnss_launch'[0m
[0.975s] [34mcolcon.colcon_core.package_identification[0m [1;30mLevel 1[0m _identify(perception/loc_fusion) by extensions ['ignore', 'ignore_ament_install']
[0.975s] [34mcolcon.colcon_core.package_identification[0m [1;30mLevel 1[0m _identify(perception/loc_fusion) by extension 'ignore'
[0.975s] [34mcolcon.colcon_core.package_identification[0m [1;30mLevel 1[0m _identify(perception/loc_fusion) by extension 'ignore_ament_install'
[0.975s] [34mcolcon.colcon_core.package_identification[0m [1;30mLevel 1[0m _identify(perception/loc_fusion) by extensions ['colcon_pkg']
[0.975s] [34mcolcon.colcon_core.package_identification[0m [1;30mLevel 1[0m _identify(perception/loc_fusion) by extension 'colcon_pkg'
[0.976s] [34mcolcon.colcon_core.package_identification[0m [1;30mLevel 1[0m _identify(perception/loc_fusion) by extensions ['colcon_meta']
[0.976s] [34mcolcon.colcon_core.package_identification[0m [1;30mLevel 1[0m _identify(perception/loc_fusion) by extension 'colcon_meta'
[0.976s] [34mcolcon.colcon_core.package_identification[0m [1;30mLevel 1[0m _identify(perception/loc_fusion) by extensions ['ros']
[0.976s] [34mcolcon.colcon_core.package_identification[0m [1;30mLevel 1[0m _identify(perception/loc_fusion) by extension 'ros'
[0.977s] [34mcolcon.colcon_core.package_identification[0m [1;30mDEBUG[0m [32mPackage 'perception/loc_fusion' with type 'ros.catkin' and name 'loc_fusion'[0m
[0.977s] [34mcolcon.colcon_core.package_identification[0m [1;30mLevel 1[0m _identify(perception/object_detection) by extensions ['ignore', 'ignore_ament_install']
[0.977s] [34mcolcon.colcon_core.package_identification[0m [1;30mLevel 1[0m _identify(perception/object_detection) by extension 'ignore'
[0.978s] [34mcolcon.colcon_core.package_identification[0m [1;30mLevel 1[0m _identify(perception/object_detection) by extension 'ignore_ament_install'
[0.978s] [34mcolcon.colcon_core.package_identification[0m [1;30mLevel 1[0m _identify(perception/object_detection) by extensions ['colcon_pkg']
[0.978s] [34mcolcon.colcon_core.package_identification[0m [1;30mLevel 1[0m _identify(perception/object_detection) by extension 'colcon_pkg'
[0.978s] [34mcolcon.colcon_core.package_identification[0m [1;30mLevel 1[0m _identify(perception/object_detection) by extensions ['colcon_meta']
[0.978s] [34mcolcon.colcon_core.package_identification[0m [1;30mLevel 1[0m _identify(perception/object_detection) by extension 'colcon_meta'
[0.978s] [34mcolcon.colcon_core.package_identification[0m [1;30mLevel 1[0m _identify(perception/object_detection) by extensions ['ros']
[0.978s] [34mcolcon.colcon_core.package_identification[0m [1;30mLevel 1[0m _identify(perception/object_detection) by extension 'ros'
[0.981s] [34mcolcon.colcon_core.package_identification[0m [1;30mDEBUG[0m [32mPackage 'perception/object_detection' with type 'ros.ament_python' and name 'object_detection'[0m
[0.982s] [34mcolcon.colcon_core.package_identification[0m [1;30mLevel 1[0m _identify(perception/pointcloud_tools) by extensions ['ignore', 'ignore_ament_install']
[0.982s] [34mcolcon.colcon_core.package_identification[0m [1;30mLevel 1[0m _identify(perception/pointcloud_tools) by extension 'ignore'
[0.982s] [34mcolcon.colcon_core.package_identification[0m [1;30mLevel 1[0m _identify(perception/pointcloud_tools) by extension 'ignore_ament_install'
[0.982s] [34mcolcon.colcon_core.package_identification[0m [1;30mLevel 1[0m _identify(perception/pointcloud_tools) by extensions ['colcon_pkg']
[0.982s] [34mcolcon.colcon_core.package_identification[0m [1;30mLevel 1[0m _identify(perception/pointcloud_tools) by extension 'colcon_pkg'
[0.982s] [34mcolcon.colcon_core.package_identification[0m [1;30mLevel 1[0m _identify(perception/pointcloud_tools) by extensions ['colcon_meta']
[0.982s] [34mcolcon.colcon_core.package_identification[0m [1;30mLevel 1[0m _identify(perception/pointcloud_tools) by extension 'colcon_meta'
[0.983s] [34mcolcon.colcon_core.package_identification[0m [1;30mLevel 1[0m _identify(perception/pointcloud_tools) by extensions ['ros']
[0.983s] [34mcolcon.colcon_core.package_identification[0m [1;30mLevel 1[0m _identify(perception/pointcloud_tools) by extension 'ros'
[0.984s] [34mcolcon.colcon_core.package_identification[0m [1;30mDEBUG[0m [32mFailed to parse potential ROS package manifest in'perception/pointcloud_tools': Error(s) in package 'perception/pointcloud_tools/package.xml':
The manifest contains invalid XML:
no element found: line 24, column 0[0m
[0.984s] [34mcolcon.colcon_core.package_identification[0m [1;30mLevel 1[0m _identify(perception/pointcloud_tools) by extensions ['cmake', 'python']
[0.984s] [34mcolcon.colcon_core.package_identification[0m [1;30mLevel 1[0m _identify(perception/pointcloud_tools) by extension 'cmake'
[0.984s] [34mcolcon.colcon_core.package_identification[0m [1;30mLevel 1[0m _identify(perception/pointcloud_tools) by extension 'python'
[0.984s] [34mcolcon.colcon_core.package_identification[0m [1;30mLevel 1[0m _identify(perception/pointcloud_tools) by extensions ['python_setup_py']
[0.984s] [34mcolcon.colcon_core.package_identification[0m [1;30mLevel 1[0m _identify(perception/pointcloud_tools) by extension 'python_setup_py'
[1.731s] [34mcolcon.colcon_core.package_identification[0m [1;30mDEBUG[0m [32mPackage 'perception/pointcloud_tools' with type 'python' and name 'pointcloud_tools'[0m
[1.732s] [34mcolcon.colcon_core.package_identification[0m [1;30mLevel 1[0m _identify(perception/slam_launch) by extensions ['ignore', 'ignore_ament_install']
[1.733s] [34mcolcon.colcon_core.package_identification[0m [1;30mLevel 1[0m _identify(perception/slam_launch) by extension 'ignore'
[1.733s] [34mcolcon.colcon_core.package_identification[0m [1;30mLevel 1[0m _identify(perception/slam_launch) by extension 'ignore_ament_install'
[1.733s] [34mcolcon.colcon_core.package_identification[0m [1;30mLevel 1[0m _identify(perception/slam_launch) by extensions ['colcon_pkg']
[1.733s] [34mcolcon.colcon_core.package_identification[0m [1;30mLevel 1[0m _identify(perception/slam_launch) by extension 'colcon_pkg'
[1.733s] [34mcolcon.colcon_core.package_identification[0m [1;30mLevel 1[0m _identify(perception/slam_launch) by extensions ['colcon_meta']
[1.734s] [34mcolcon.colcon_core.package_identification[0m [1;30mLevel 1[0m _identify(perception/slam_launch) by extension 'colcon_meta'
[1.734s] [34mcolcon.colcon_core.package_identification[0m [1;30mLevel 1[0m _identify(perception/slam_launch) by extensions ['ros']
[1.734s] [34mcolcon.colcon_core.package_identification[0m [1;30mLevel 1[0m _identify(perception/slam_launch) by extension 'ros'
[1.736s] [34mcolcon.colcon_core.package_identification[0m [1;30mDEBUG[0m [32mPackage 'perception/slam_launch' with type 'ros.catkin' and name 'slam_launch'[0m
[1.736s] [34mcolcon.colcon_core.package_identification[0m [1;30mLevel 1[0m _identify(perception/zed2i_launch) by extensions ['ignore', 'ignore_ament_install']
[1.737s] [34mcolcon.colcon_core.package_identification[0m [1;30mLevel 1[0m _identify(perception/zed2i_launch) by extension 'ignore'
[1.737s] [34mcolcon.colcon_core.package_identification[0m [1;30mLevel 1[0m _identify(perception/zed2i_launch) by extension 'ignore_ament_install'
[1.737s] [34mcolcon.colcon_core.package_identification[0m [1;30mLevel 1[0m _identify(perception/zed2i_launch) by extensions ['colcon_pkg']
[1.737s] [34mcolcon.colcon_core.package_identification[0m [1;30mLevel 1[0m _identify(perception/zed2i_launch) by extension 'colcon_pkg'
[1.737s] [34mcolcon.colcon_core.package_identification[0m [1;30mLevel 1[0m _identify(perception/zed2i_launch) by extensions ['colcon_meta']
[1.737s] [34mcolcon.colcon_core.package_identification[0m [1;30mLevel 1[0m _identify(perception/zed2i_launch) by extension 'colcon_meta'
[1.737s] [34mcolcon.colcon_core.package_identification[0m [1;30mLevel 1[0m _identify(perception/zed2i_launch) by extensions ['ros']
[1.737s] [34mcolcon.colcon_core.package_identification[0m [1;30mLevel 1[0m _identify(perception/zed2i_launch) by extension 'ros'
[1.738s] [34mcolcon.colcon_core.package_identification[0m [1;30mDEBUG[0m [32mPackage 'perception/zed2i_launch' with type 'ros.ament_cmake' and name 'zed2i_launch'[0m
[1.739s] [34mcolcon.colcon_core.package_identification[0m [1;30mLevel 1[0m _identify(perception/zed_gps_integration) by extensions ['ignore', 'ignore_ament_install']
[1.739s] [34mcolcon.colcon_core.package_identification[0m [1;30mLevel 1[0m _identify(perception/zed_gps_integration) by extension 'ignore'
[1.739s] [34mcolcon.colcon_core.package_identification[0m [1;30mLevel 1[0m _identify(perception/zed_gps_integration) by extension 'ignore_ament_install'
[1.739s] [34mcolcon.colcon_core.package_identification[0m [1;30mLevel 1[0m _identify(perception/zed_gps_integration) by extensions ['colcon_pkg']
[1.739s] [34mcolcon.colcon_core.package_identification[0m [1;30mLevel 1[0m _identify(perception/zed_gps_integration) by extension 'colcon_pkg'
[1.739s] [34mcolcon.colcon_core.package_identification[0m [1;30mLevel 1[0m _identify(perception/zed_gps_integration) by extensions ['colcon_meta']
[1.740s] [34mcolcon.colcon_core.package_identification[0m [1;30mLevel 1[0m _identify(perception/zed_gps_integration) by extension 'colcon_meta'
[1.740s] [34mcolcon.colcon_core.package_identification[0m [1;30mLevel 1[0m _identify(perception/zed_gps_integration) by extensions ['ros']
[1.740s] [34mcolcon.colcon_core.package_identification[0m [1;30mLevel 1[0m _identify(perception/zed_gps_integration) by extension 'ros'
[1.742s] [34mcolcon.colcon_core.package_identification[0m [1;30mDEBUG[0m [32mPackage 'perception/zed_gps_integration' with type 'ros.ament_python' and name 'zed_gps_integration'[0m
[1.743s] [34mcolcon.colcon_core.package_identification[0m [1;30mLevel 1[0m _identify(rover_description) by extensions ['ignore', 'ignore_ament_install']
[1.743s] [34mcolcon.colcon_core.package_identification[0m [1;30mLevel 1[0m _identify(rover_description) by extension 'ignore'
[1.743s] [34mcolcon.colcon_core.package_identification[0m [1;30mLevel 1[0m _identify(rover_description) by extension 'ignore_ament_install'
[1.743s] [34mcolcon.colcon_core.package_identification[0m [1;30mLevel 1[0m _identify(rover_description) by extensions ['colcon_pkg']
[1.743s] [34mcolcon.colcon_core.package_identification[0m [1;30mLevel 1[0m _identify(rover_description) by extension 'colcon_pkg'
[1.743s] [34mcolcon.colcon_core.package_identification[0m [1;30mLevel 1[0m _identify(rover_description) by extensions ['colcon_meta']
[1.743s] [34mcolcon.colcon_core.package_identification[0m [1;30mLevel 1[0m _identify(rover_description) by extension 'colcon_meta'
[1.743s] [34mcolcon.colcon_core.package_identification[0m [1;30mLevel 1[0m _identify(rover_description) by extensions ['ros']
[1.744s] [34mcolcon.colcon_core.package_identification[0m [1;30mLevel 1[0m _identify(rover_description) by extension 'ros'
[1.745s] [34mcolcon.colcon_core.package_identification[0m [1;30mDEBUG[0m [32mPackage 'rover_description' with type 'ros.ament_cmake' and name 'rover_description'[0m
[1.745s] [34mcolcon.colcon_core.package_identification[0m [1;30mLevel 1[0m _identify(science) by extensions ['ignore', 'ignore_ament_install']
[1.745s] [34mcolcon.colcon_core.package_identification[0m [1;30mLevel 1[0m _identify(science) by extension 'ignore'
[1.745s] [34mcolcon.colcon_core.package_identification[0m [1;30mLevel 1[0m _identify(science) by extension 'ignore_ament_install'
[1.745s] [34mcolcon.colcon_core.package_identification[0m [1;30mLevel 1[0m _identify(science) by extensions ['colcon_pkg']
[1.745s] [34mcolcon.colcon_core.package_identification[0m [1;30mLevel 1[0m _identify(science) by extension 'colcon_pkg'
[1.746s] [34mcolcon.colcon_core.package_identification[0m [1;30mLevel 1[0m _identify(science) by extensions ['colcon_meta']
[1.746s] [34mcolcon.colcon_core.package_identification[0m [1;30mLevel 1[0m _identify(science) by extension 'colcon_meta'
[1.746s] [34mcolcon.colcon_core.package_identification[0m [1;30mLevel 1[0m _identify(science) by extensions ['ros']
[1.746s] [34mcolcon.colcon_core.package_identification[0m [1;30mLevel 1[0m _identify(science) by extension 'ros'
[1.746s] [34mcolcon.colcon_core.package_identification[0m [1;30mLevel 1[0m _identify(science) by extensions ['cmake', 'python']
[1.746s] [34mcolcon.colcon_core.package_identification[0m [1;30mLevel 1[0m _identify(science) by extension 'cmake'
[1.746s] [34mcolcon.colcon_core.package_identification[0m [1;30mLevel 1[0m _identify(science) by extension 'python'
[1.746s] [34mcolcon.colcon_core.package_identification[0m [1;30mLevel 1[0m _identify(science) by extensions ['python_setup_py']
[1.746s] [34mcolcon.colcon_core.package_identification[0m [1;30mLevel 1[0m _identify(science) by extension 'python_setup_py'
[1.747s] [34mcolcon.colcon_core.package_identification[0m [1;30mLevel 1[0m _identify(science/cache_manager) by extensions ['ignore', 'ignore_ament_install']
[1.747s] [34mcolcon.colcon_core.package_identification[0m [1;30mLevel 1[0m _identify(science/cache_manager) by extension 'ignore'
[1.747s] [34mcolcon.colcon_core.package_identification[0m [1;30mLevel 1[0m _identify(science/cache_manager) by extension 'ignore_ament_install'
[1.747s] [34mcolcon.colcon_core.package_identification[0m [1;30mLevel 1[0m _identify(science/cache_manager) by extensions ['colcon_pkg']
[1.747s] [34mcolcon.colcon_core.package_identification[0m [1;30mLevel 1[0m _identify(science/cache_manager) by extension 'colcon_pkg'
[1.747s] [34mcolcon.colcon_core.package_identification[0m [1;30mLevel 1[0m _identify(science/cache_manager) by extensions ['colcon_meta']
[1.747s] [34mcolcon.colcon_core.package_identification[0m [1;30mLevel 1[0m _identify(science/cache_manager) by extension 'colcon_meta'
[1.747s] [34mcolcon.colcon_core.package_identification[0m [1;30mLevel 1[0m _identify(science/cache_manager) by extensions ['ros']
[1.748s] [34mcolcon.colcon_core.package_identification[0m [1;30mLevel 1[0m _identify(science/cache_manager) by extension 'ros'
[1.749s] [34mcolcon.colcon_core.package_identification[0m [1;30mDEBUG[0m [32mPackage 'science/cache_manager' with type 'ros.ament_python' and name 'cache_manager'[0m
[1.749s] [34mcolcon.colcon_core.package_identification[0m [1;30mLevel 1[0m _identify(science/science_analysis) by extensions ['ignore', 'ignore_ament_install']
[1.749s] [34mcolcon.colcon_core.package_identification[0m [1;30mLevel 1[0m _identify(science/science_analysis) by extension 'ignore'
[1.749s] [34mcolcon.colcon_core.package_identification[0m [1;30mLevel 1[0m _identify(science/science_analysis) by extension 'ignore_ament_install'
[1.750s] [34mcolcon.colcon_core.package_identification[0m [1;30mLevel 1[0m _identify(science/science_analysis) by extensions ['colcon_pkg']
[1.750s] [34mcolcon.colcon_core.package_identification[0m [1;30mLevel 1[0m _identify(science/science_analysis) by extension 'colcon_pkg'
[1.750s] [34mcolcon.colcon_core.package_identification[0m [1;30mLevel 1[0m _identify(science/science_analysis) by extensions ['colcon_meta']
[1.750s] [34mcolcon.colcon_core.package_identification[0m [1;30mLevel 1[0m _identify(science/science_analysis) by extension 'colcon_meta'
[1.750s] [34mcolcon.colcon_core.package_identification[0m [1;30mLevel 1[0m _identify(science/science_analysis) by extensions ['ros']
[1.750s] [34mcolcon.colcon_core.package_identification[0m [1;30mLevel 1[0m _identify(science/science_analysis) by extension 'ros'
[1.752s] [34mcolcon.colcon_core.package_identification[0m [1;30mDEBUG[0m [32mPackage 'science/science_analysis' with type 'ros.ament_python' and name 'science_analysis'[0m
[1.752s] [34mcolcon.colcon_core.package_identification[0m [1;30mLevel 1[0m _identify(system) by extensions ['ignore', 'ignore_ament_install']
[1.752s] [34mcolcon.colcon_core.package_identification[0m [1;30mLevel 1[0m _identify(system) by extension 'ignore'
[1.752s] [34mcolcon.colcon_core.package_identification[0m [1;30mLevel 1[0m _identify(system) by extension 'ignore_ament_install'
[1.752s] [34mcolcon.colcon_core.package_identification[0m [1;30mLevel 1[0m _identify(system) by extensions ['colcon_pkg']
[1.752s] [34mcolcon.colcon_core.package_identification[0m [1;30mLevel 1[0m _identify(system) by extension 'colcon_pkg'
[1.752s] [34mcolcon.colcon_core.package_identification[0m [1;30mLevel 1[0m _identify(system) by extensions ['colcon_meta']
[1.753s] [34mcolcon.colcon_core.package_identification[0m [1;30mLevel 1[0m _identify(system) by extension 'colcon_meta'
[1.753s] [34mcolcon.colcon_core.package_identification[0m [1;30mLevel 1[0m _identify(system) by extensions ['ros']
[1.753s] [34mcolcon.colcon_core.package_identification[0m [1;30mLevel 1[0m _identify(system) by extension 'ros'
[1.753s] [34mcolcon.colcon_core.package_identification[0m [1;30mLevel 1[0m _identify(system) by extensions ['cmake', 'python']
[1.753s] [34mcolcon.colcon_core.package_identification[0m [1;30mLevel 1[0m _identify(system) by extension 'cmake'
[1.753s] [34mcolcon.colcon_core.package_identification[0m [1;30mLevel 1[0m _identify(system) by extension 'python'
[1.753s] [34mcolcon.colcon_core.package_identification[0m [1;30mLevel 1[0m _identify(system) by extensions ['python_setup_py']
[1.753s] [34mcolcon.colcon_core.package_identification[0m [1;30mLevel 1[0m _identify(system) by extension 'python_setup_py'
[1.754s] [34mcolcon.colcon_core.package_identification[0m [1;30mLevel 1[0m _identify(system/rover_boot) by extensions ['ignore', 'ignore_ament_install']
[1.754s] [34mcolcon.colcon_core.package_identification[0m [1;30mLevel 1[0m _identify(system/rover_boot) by extension 'ignore'
[1.754s] [34mcolcon.colcon_core.package_identification[0m [1;30mLevel 1[0m _identify(system/rover_boot) by extension 'ignore_ament_install'
[1.754s] [34mcolcon.colcon_core.package_identification[0m [1;30mLevel 1[0m _identify(system/rover_boot) by extensions ['colcon_pkg']
[1.754s] [34mcolcon.colcon_core.package_identification[0m [1;30mLevel 1[0m _identify(system/rover_boot) by extension 'colcon_pkg'
[1.754s] [34mcolcon.colcon_core.package_identification[0m [1;30mLevel 1[0m _identify(system/rover_boot) by extensions ['colcon_meta']
[1.754s] [34mcolcon.colcon_core.package_identification[0m [1;30mLevel 1[0m _identify(system/rover_boot) by extension 'colcon_meta'
[1.754s] [34mcolcon.colcon_core.package_identification[0m [1;30mLevel 1[0m _identify(system/rover_boot) by extensions ['ros']
[1.754s] [34mcolcon.colcon_core.package_identification[0m [1;30mLevel 1[0m _identify(system/rover_boot) by extension 'ros'
[1.756s] [34mcolcon.colcon_core.package_identification[0m [1;30mDEBUG[0m [32mPackage 'system/rover_boot' with type 'ros.ament_python' and name 'rover_boot'[0m
[1.756s] [34mcolcon.colcon_core.package_identification[0m [1;30mLevel 1[0m _identify(uros) by extensions ['ignore', 'ignore_ament_install']
[1.756s] [34mcolcon.colcon_core.package_identification[0m [1;30mLevel 1[0m _identify(uros) by extension 'ignore'
[1.756s] [34mcolcon.colcon_core.package_identification[0m [1;30mLevel 1[0m _identify(uros) by extension 'ignore_ament_install'
[1.756s] [34mcolcon.colcon_core.package_identification[0m [1;30mLevel 1[0m _identify(uros) by extensions ['colcon_pkg']
[1.757s] [34mcolcon.colcon_core.package_identification[0m [1;30mLevel 1[0m _identify(uros) by extension 'colcon_pkg'
[1.757s] [34mcolcon.colcon_core.package_identification[0m [1;30mLevel 1[0m _identify(uros) by extensions ['colcon_meta']
[1.757s] [34mcolcon.colcon_core.package_identification[0m [1;30mLevel 1[0m _identify(uros) by extension 'colcon_meta'
[1.757s] [34mcolcon.colcon_core.package_identification[0m [1;30mLevel 1[0m _identify(uros) by extensions ['ros']
[1.757s] [34mcolcon.colcon_core.package_identification[0m [1;30mLevel 1[0m _identify(uros) by extension 'ros'
[1.757s] [34mcolcon.colcon_core.package_identification[0m [1;30mLevel 1[0m _identify(uros) by extensions ['cmake', 'python']
[1.757s] [34mcolcon.colcon_core.package_identification[0m [1;30mLevel 1[0m _identify(uros) by extension 'cmake'
[1.757s] [34mcolcon.colcon_core.package_identification[0m [1;30mLevel 1[0m _identify(uros) by extension 'python'
[1.757s] [34mcolcon.colcon_core.package_identification[0m [1;30mLevel 1[0m _identify(uros) by extensions ['python_setup_py']
[1.758s] [34mcolcon.colcon_core.package_identification[0m [1;30mLevel 1[0m _identify(uros) by extension 'python_setup_py'
[1.758s] [34mcolcon.colcon_core.package_identification[0m [1;30mLevel 1[0m _identify(uros/micro-ROS-Agent) by extensions ['ignore', 'ignore_ament_install']
[1.758s] [34mcolcon.colcon_core.package_identification[0m [1;30mLevel 1[0m _identify(uros/micro-ROS-Agent) by extension 'ignore'
[1.758s] [34mcolcon.colcon_core.package_identification[0m [1;30mLevel 1[0m _identify(uros/micro-ROS-Agent) by extension 'ignore_ament_install'
[1.758s] [34mcolcon.colcon_core.package_identification[0m [1;30mLevel 1[0m _identify(uros/micro-ROS-Agent) by extensions ['colcon_pkg']
[1.758s] [34mcolcon.colcon_core.package_identification[0m [1;30mLevel 1[0m _identify(uros/micro-ROS-Agent) by extension 'colcon_pkg'
[1.758s] [34mcolcon.colcon_core.package_identification[0m [1;30mLevel 1[0m _identify(uros/micro-ROS-Agent) by extensions ['colcon_meta']
[1.758s] [34mcolcon.colcon_core.package_identification[0m [1;30mLevel 1[0m _identify(uros/micro-ROS-Agent) by extension 'colcon_meta'
[1.759s] [34mcolcon.colcon_core.package_identification[0m [1;30mLevel 1[0m _identify(uros/micro-ROS-Agent) by extensions ['ros']
[1.759s] [34mcolcon.colcon_core.package_identification[0m [1;30mLevel 1[0m _identify(uros/micro-ROS-Agent) by extension 'ros'
[1.759s] [34mcolcon.colcon_core.package_identification[0m [1;30mLevel 1[0m _identify(uros/micro-ROS-Agent) by extensions ['cmake', 'python']
[1.759s] [34mcolcon.colcon_core.package_identification[0m [1;30mLevel 1[0m _identify(uros/micro-ROS-Agent) by extension 'cmake'
[1.759s] [34mcolcon.colcon_core.package_identification[0m [1;30mLevel 1[0m _identify(uros/micro-ROS-Agent) by extension 'python'
[1.759s] [34mcolcon.colcon_core.package_identification[0m [1;30mLevel 1[0m _identify(uros/micro-ROS-Agent) by extensions ['python_setup_py']
[1.759s] [34mcolcon.colcon_core.package_identification[0m [1;30mLevel 1[0m _identify(uros/micro-ROS-Agent) by extension 'python_setup_py'
[1.759s] [34mcolcon.colcon_core.package_identification[0m [1;30mLevel 1[0m _identify(uros/micro-ROS-Agent/micro_ros_agent) by extensions ['ignore', 'ignore_ament_install']
[1.760s] [34mcolcon.colcon_core.package_identification[0m [1;30mLevel 1[0m _identify(uros/micro-ROS-Agent/micro_ros_agent) by extension 'ignore'
[1.760s] [34mcolcon.colcon_core.package_identification[0m [1;30mLevel 1[0m _identify(uros/micro-ROS-Agent/micro_ros_agent) by extension 'ignore_ament_install'
[1.760s] [34mcolcon.colcon_core.package_identification[0m [1;30mLevel 1[0m _identify(uros/micro-ROS-Agent/micro_ros_agent) by extensions ['colcon_pkg']
[1.760s] [34mcolcon.colcon_core.package_identification[0m [1;30mLevel 1[0m _identify(uros/micro-ROS-Agent/micro_ros_agent) by extension 'colcon_pkg'
[1.760s] [34mcolcon.colcon_core.package_identification[0m [1;30mLevel 1[0m _identify(uros/micro-ROS-Agent/micro_ros_agent) by extensions ['colcon_meta']
[1.760s] [34mcolcon.colcon_core.package_identification[0m [1;30mLevel 1[0m _identify(uros/micro-ROS-Agent/micro_ros_agent) by extension 'colcon_meta'
[1.760s] [34mcolcon.colcon_core.package_identification[0m [1;30mLevel 1[0m _identify(uros/micro-ROS-Agent/micro_ros_agent) by extensions ['ros']
[1.760s] [34mcolcon.colcon_core.package_identification[0m [1;30mLevel 1[0m _identify(uros/micro-ROS-Agent/micro_ros_agent) by extension 'ros'
[1.766s] [34mcolcon.colcon_core.package_identification[0m [1;30mDEBUG[0m [32mPackage 'uros/micro-ROS-Agent/micro_ros_agent' with type 'ros.ament_cmake' and name 'micro_ros_agent'[0m
[1.767s] [34mcolcon.colcon_core.package_identification[0m [1;30mLevel 1[0m _identify(uros/micro-ROS-Agent/snap) by extensions ['ignore', 'ignore_ament_install']
[1.767s] [34mcolcon.colcon_core.package_identification[0m [1;30mLevel 1[0m _identify(uros/micro-ROS-Agent/snap) by extension 'ignore'
[1.767s] [34mcolcon.colcon_core.package_identification[0m [1;30mLevel 1[0m _identify(uros/micro-ROS-Agent/snap) by extension 'ignore_ament_install'
[1.767s] [34mcolcon.colcon_core.package_identification[0m [1;30mLevel 1[0m _identify(uros/micro-ROS-Agent/snap) by extensions ['colcon_pkg']
[1.767s] [34mcolcon.colcon_core.package_identification[0m [1;30mLevel 1[0m _identify(uros/micro-ROS-Agent/snap) by extension 'colcon_pkg'
[1.768s] [34mcolcon.colcon_core.package_identification[0m [1;30mLevel 1[0m _identify(uros/micro-ROS-Agent/snap) by extensions ['colcon_meta']
[1.768s] [34mcolcon.colcon_core.package_identification[0m [1;30mLevel 1[0m _identify(uros/micro-ROS-Agent/snap) by extension 'colcon_meta'
[1.768s] [34mcolcon.colcon_core.package_identification[0m [1;30mLevel 1[0m _identify(uros/micro-ROS-Agent/snap) by extensions ['ros']
[1.768s] [34mcolcon.colcon_core.package_identification[0m [1;30mLevel 1[0m _identify(uros/micro-ROS-Agent/snap) by extension 'ros'
[1.768s] [34mcolcon.colcon_core.package_identification[0m [1;30mLevel 1[0m _identify(uros/micro-ROS-Agent/snap) by extensions ['cmake', 'python']
[1.768s] [34mcolcon.colcon_core.package_identification[0m [1;30mLevel 1[0m _identify(uros/micro-ROS-Agent/snap) by extension 'cmake'
[1.768s] [34mcolcon.colcon_core.package_identification[0m [1;30mLevel 1[0m _identify(uros/micro-ROS-Agent/snap) by extension 'python'
[1.768s] [34mcolcon.colcon_core.package_identification[0m [1;30mLevel 1[0m _identify(uros/micro-ROS-Agent/snap) by extensions ['python_setup_py']
[1.768s] [34mcolcon.colcon_core.package_identification[0m [1;30mLevel 1[0m _identify(uros/micro-ROS-Agent/snap) by extension 'python_setup_py'
[1.769s] [34mcolcon.colcon_core.package_identification[0m [1;30mLevel 1[0m _identify(uros/micro-ROS-Agent/snap/hooks) by extensions ['ignore', 'ignore_ament_install']
[1.769s] [34mcolcon.colcon_core.package_identification[0m [1;30mLevel 1[0m _identify(uros/micro-ROS-Agent/snap/hooks) by extension 'ignore'
[1.769s] [34mcolcon.colcon_core.package_identification[0m [1;30mLevel 1[0m _identify(uros/micro-ROS-Agent/snap/hooks) by extension 'ignore_ament_install'
[1.769s] [34mcolcon.colcon_core.package_identification[0m [1;30mLevel 1[0m _identify(uros/micro-ROS-Agent/snap/hooks) by extensions ['colcon_pkg']
[1.769s] [34mcolcon.colcon_core.package_identification[0m [1;30mLevel 1[0m _identify(uros/micro-ROS-Agent/snap/hooks) by extension 'colcon_pkg'
[1.769s] [34mcolcon.colcon_core.package_identification[0m [1;30mLevel 1[0m _identify(uros/micro-ROS-Agent/snap/hooks) by extensions ['colcon_meta']
[1.769s] [34mcolcon.colcon_core.package_identification[0m [1;30mLevel 1[0m _identify(uros/micro-ROS-Agent/snap/hooks) by extension 'colcon_meta'
[1.770s] [34mcolcon.colcon_core.package_identification[0m [1;30mLevel 1[0m _identify(uros/micro-ROS-Agent/snap/hooks) by extensions ['ros']
[1.770s] [34mcolcon.colcon_core.package_identification[0m [1;30mLevel 1[0m _identify(uros/micro-ROS-Agent/snap/hooks) by extension 'ros'
[1.770s] [34mcolcon.colcon_core.package_identification[0m [1;30mLevel 1[0m _identify(uros/micro-ROS-Agent/snap/hooks) by extensions ['cmake', 'python']
[1.770s] [34mcolcon.colcon_core.package_identification[0m [1;30mLevel 1[0m _identify(uros/micro-ROS-Agent/snap/hooks) by extension 'cmake'
[1.770s] [34mcolcon.colcon_core.package_identification[0m [1;30mLevel 1[0m _identify(uros/micro-ROS-Agent/snap/hooks) by extension 'python'
[1.770s] [34mcolcon.colcon_core.package_identification[0m [1;30mLevel 1[0m _identify(uros/micro-ROS-Agent/snap/hooks) by extensions ['python_setup_py']
[1.770s] [34mcolcon.colcon_core.package_identification[0m [1;30mLevel 1[0m _identify(uros/micro-ROS-Agent/snap/hooks) by extension 'python_setup_py'
[1.771s] [34mcolcon.colcon_core.package_identification[0m [1;30mLevel 1[0m _identify(uros/micro-ROS-Agent/snap/local) by extensions ['ignore', 'ignore_ament_install']
[1.771s] [34mcolcon.colcon_core.package_identification[0m [1;30mLevel 1[0m _identify(uros/micro-ROS-Agent/snap/local) by extension 'ignore'
[1.771s] [34mcolcon.colcon_core.package_identification[0m [1;30mLevel 1[0m _identify(uros/micro-ROS-Agent/snap/local) by extension 'ignore_ament_install'
[1.771s] [34mcolcon.colcon_core.package_identification[0m [1;30mLevel 1[0m _identify(uros/micro-ROS-Agent/snap/local) by extensions ['colcon_pkg']
[1.771s] [34mcolcon.colcon_core.package_identification[0m [1;30mLevel 1[0m _identify(uros/micro-ROS-Agent/snap/local) by extension 'colcon_pkg'
[1.771s] [34mcolcon.colcon_core.package_identification[0m [1;30mLevel 1[0m _identify(uros/micro-ROS-Agent/snap/local) by extensions ['colcon_meta']
[1.771s] [34mcolcon.colcon_core.package_identification[0m [1;30mLevel 1[0m _identify(uros/micro-ROS-Agent/snap/local) by extension 'colcon_meta'
[1.771s] [34mcolcon.colcon_core.package_identification[0m [1;30mLevel 1[0m _identify(uros/micro-ROS-Agent/snap/local) by extensions ['ros']
[1.771s] [34mcolcon.colcon_core.package_identification[0m [1;30mLevel 1[0m _identify(uros/micro-ROS-Agent/snap/local) by extension 'ros'
[1.772s] [34mcolcon.colcon_core.package_identification[0m [1;30mLevel 1[0m _identify(uros/micro-ROS-Agent/snap/local) by extensions ['cmake', 'python']
[1.772s] [34mcolcon.colcon_core.package_identification[0m [1;30mLevel 1[0m _identify(uros/micro-ROS-Agent/snap/local) by extension 'cmake'
[1.772s] [34mcolcon.colcon_core.package_identification[0m [1;30mLevel 1[0m _identify(uros/micro-ROS-Agent/snap/local) by extension 'python'
[1.772s] [34mcolcon.colcon_core.package_identification[0m [1;30mLevel 1[0m _identify(uros/micro-ROS-Agent/snap/local) by extensions ['python_setup_py']
[1.772s] [34mcolcon.colcon_core.package_identification[0m [1;30mLevel 1[0m _identify(uros/micro-ROS-Agent/snap/local) by extension 'python_setup_py'
[1.772s] [34mcolcon.colcon_core.package_identification[0m [1;30mLevel 1[0m _identify(uros/micro_ros_msgs) by extensions ['ignore', 'ignore_ament_install']
[1.772s] [34mcolcon.colcon_core.package_identification[0m [1;30mLevel 1[0m _identify(uros/micro_ros_msgs) by extension 'ignore'
[1.773s] [34mcolcon.colcon_core.package_identification[0m [1;30mLevel 1[0m _identify(uros/micro_ros_msgs) by extension 'ignore_ament_install'
[1.773s] [34mcolcon.colcon_core.package_identification[0m [1;30mLevel 1[0m _identify(uros/micro_ros_msgs) by extensions ['colcon_pkg']
[1.773s] [34mcolcon.colcon_core.package_identification[0m [1;30mLevel 1[0m _identify(uros/micro_ros_msgs) by extension 'colcon_pkg'
[1.773s] [34mcolcon.colcon_core.package_identification[0m [1;30mLevel 1[0m _identify(uros/micro_ros_msgs) by extensions ['colcon_meta']
[1.773s] [34mcolcon.colcon_core.package_identification[0m [1;30mLevel 1[0m _identify(uros/micro_ros_msgs) by extension 'colcon_meta'
[1.773s] [34mcolcon.colcon_core.package_identification[0m [1;30mLevel 1[0m _identify(uros/micro_ros_msgs) by extensions ['ros']
[1.773s] [34mcolcon.colcon_core.package_identification[0m [1;30mLevel 1[0m _identify(uros/micro_ros_msgs) by extension 'ros'
[1.774s] [34mcolcon.colcon_core.package_identification[0m [1;30mDEBUG[0m [32mPackage 'uros/micro_ros_msgs' with type 'ros.ament_cmake' and name 'micro_ros_msgs'[0m
[1.775s] [34mcolcon.colcon_core.package_identification[0m [1;30mLevel 1[0m _identify(zed_components) by extensions ['ignore', 'ignore_ament_install']
[1.775s] [34mcolcon.colcon_core.package_identification[0m [1;30mLevel 1[0m _identify(zed_components) by extension 'ignore'
[1.775s] [34mcolcon.colcon_core.package_identification[0m [1;30mLevel 1[0m _identify(zed_components) by extension 'ignore_ament_install'
[1.775s] [34mcolcon.colcon_core.package_identification[0m [1;30mLevel 1[0m _identify(zed_components) by extensions ['colcon_pkg']
[1.775s] [34mcolcon.colcon_core.package_identification[0m [1;30mLevel 1[0m _identify(zed_components) by extension 'colcon_pkg'
[1.775s] [34mcolcon.colcon_core.package_identification[0m [1;30mLevel 1[0m _identify(zed_components) by extensions ['colcon_meta']
[1.776s] [34mcolcon.colcon_core.package_identification[0m [1;30mLevel 1[0m _identify(zed_components) by extension 'colcon_meta'
[1.776s] [34mcolcon.colcon_core.package_identification[0m [1;30mLevel 1[0m _identify(zed_components) by extensions ['ros']
[1.776s] [34mcolcon.colcon_core.package_identification[0m [1;30mLevel 1[0m _identify(zed_components) by extension 'ros'
[1.778s] [34mcolcon.colcon_core.package_identification[0m [1;30mDEBUG[0m [32mPackage 'zed_components' with type 'ros.ament_cmake' and name 'zed_components'[0m
[1.779s] [34mcolcon.colcon_core.package_identification[0m [1;30mLevel 1[0m _identify(zed_ros2) by extensions ['ignore', 'ignore_ament_install']
[1.779s] [34mcolcon.colcon_core.package_identification[0m [1;30mLevel 1[0m _identify(zed_ros2) by extension 'ignore'
[1.779s] [34mcolcon.colcon_core.package_identification[0m [1;30mLevel 1[0m _identify(zed_ros2) by extension 'ignore_ament_install'
[1.779s] [34mcolcon.colcon_core.package_identification[0m [1;30mLevel 1[0m _identify(zed_ros2) by extensions ['colcon_pkg']
[1.779s] [34mcolcon.colcon_core.package_identification[0m [1;30mLevel 1[0m _identify(zed_ros2) by extension 'colcon_pkg'
[1.779s] [34mcolcon.colcon_core.package_identification[0m [1;30mLevel 1[0m _identify(zed_ros2) by extensions ['colcon_meta']
[1.779s] [34mcolcon.colcon_core.package_identification[0m [1;30mLevel 1[0m _identify(zed_ros2) by extension 'colcon_meta'
[1.780s] [34mcolcon.colcon_core.package_identification[0m [1;30mLevel 1[0m _identify(zed_ros2) by extensions ['ros']
[1.780s] [34mcolcon.colcon_core.package_identification[0m [1;30mLevel 1[0m _identify(zed_ros2) by extension 'ros'
[1.781s] [34mcolcon.colcon_core.package_identification[0m [1;30mDEBUG[0m [32mPackage 'zed_ros2' with type 'ros.ament_cmake' and name 'zed_ros2'[0m
[1.782s] [34mcolcon.colcon_core.package_identification[0m [1;30mLevel 1[0m _identify(zed_wrapper) by extensions ['ignore', 'ignore_ament_install']
[1.782s] [34mcolcon.colcon_core.package_identification[0m [1;30mLevel 1[0m _identify(zed_wrapper) by extension 'ignore'
[1.782s] [34mcolcon.colcon_core.package_identification[0m [1;30mLevel 1[0m _identify(zed_wrapper) by extension 'ignore_ament_install'
[1.782s] [34mcolcon.colcon_core.package_identification[0m [1;30mLevel 1[0m _identify(zed_wrapper) by extensions ['colcon_pkg']
[1.782s] [34mcolcon.colcon_core.package_identification[0m [1;30mLevel 1[0m _identify(zed_wrapper) by extension 'colcon_pkg'
[1.782s] [34mcolcon.colcon_core.package_identification[0m [1;30mLevel 1[0m _identify(zed_wrapper) by extensions ['colcon_meta']
[1.782s] [34mcolcon.colcon_core.package_identification[0m [1;30mLevel 1[0m _identify(zed_wrapper) by extension 'colcon_meta'
[1.782s] [34mcolcon.colcon_core.package_identification[0m [1;30mLevel 1[0m _identify(zed_wrapper) by extensions ['ros']
[1.783s] [34mcolcon.colcon_core.package_identification[0m [1;30mLevel 1[0m _identify(zed_wrapper) by extension 'ros'
[1.784s] [34mcolcon.colcon_core.package_identification[0m [1;30mDEBUG[0m [32mPackage 'zed_wrapper' with type 'ros.ament_cmake' and name 'zed_wrapper'[0m
[1.784s] [34mcolcon.colcon_core.package_discovery[0m [1;30mLevel 1[0m discover_packages(recursive) using defaults
[1.785s] [34mcolcon.colcon_core.package_discovery[0m [1;30mLevel 1[0m discover_packages(ignore) discover
[1.785s] [34mcolcon.colcon_core.package_discovery[0m [1;30mLevel 1[0m discover_packages(ignore) using defaults
[1.785s] [34mcolcon.colcon_core.package_discovery[0m [1;30mLevel 1[0m discover_packages(path) discover
[1.785s] [34mcolcon.colcon_core.package_discovery[0m [1;30mLevel 1[0m discover_packages(path) using defaults
[1.845s] [34mcolcon.colcon_core.package_selection[0m [1;30mINFO[0m Skipping not selected package 'arm_control' in 'moveit/arm_control'
[1.846s] [34mcolcon.colcon_core.package_selection[0m [1;30mINFO[0m Skipping not selected package 'arm_firmware' in 'arm_firmware'
[1.846s] [34mcolcon.colcon_core.package_selection[0m [1;30mINFO[0m Skipping not selected package 'aruco_detector' in 'perception/aruco_detector'
[1.846s] [34mcolcon.colcon_core.package_selection[0m [1;30mINFO[0m Skipping not selected package 'cache_manager' in 'science/cache_manager'
[1.846s] [34mcolcon.colcon_core.package_selection[0m [1;30mINFO[0m Skipping not selected package 'gnss_launch' in 'perception/gnss_launch'
[1.846s] [34mcolcon.colcon_core.package_selection[0m [1;30mINFO[0m Skipping not selected package 'loc_fusion' in 'perception/loc_fusion'
[1.846s] [34mcolcon.colcon_core.package_selection[0m [1;30mINFO[0m Skipping not selected package 'micro_ros_msgs' in 'uros/micro_ros_msgs'
[1.846s] [34mcolcon.colcon_core.package_selection[0m [1;30mINFO[0m Skipping not selected package 'micro_ros_setup' in 'micro_ros_setup'
[1.846s] [34mcolcon.colcon_core.package_selection[0m [1;30mINFO[0m Skipping not selected package 'mission_bt' in 'mission_bt'
[1.846s] [34mcolcon.colcon_core.package_selection[0m [1;30mINFO[0m Skipping not selected package 'pointcloud_tools' in 'perception/pointcloud_tools'
[1.846s] [34mcolcon.colcon_core.package_selection[0m [1;30mINFO[0m Skipping not selected package 'rover_description' in 'rover_description'
[1.846s] [34mcolcon.colcon_core.package_selection[0m [1;30mINFO[0m Skipping not selected package 'science_analysis' in 'science/science_analysis'
[1.846s] [34mcolcon.colcon_core.package_selection[0m [1;30mINFO[0m Skipping not selected package 'urc_interfaces' in 'common/urc_interfaces'
[1.846s] [34mcolcon.colcon_core.package_selection[0m [1;30mINFO[0m Skipping not selected package 'urc_msgs' in 'common/urc_msgs'
[1.846s] [34mcolcon.colcon_core.package_selection[0m [1;30mINFO[0m Skipping not selected package 'zed_components' in 'zed_components'
[1.847s] [34mcolcon.colcon_core.package_selection[0m [1;30mINFO[0m Skipping not selected package 'zed_gps_integration' in 'perception/zed_gps_integration'
[1.847s] [34mcolcon.colcon_core.package_selection[0m [1;30mINFO[0m Skipping not selected package 'drive_control' in 'drive_control'
[1.847s] [34mcolcon.colcon_core.package_selection[0m [1;30mINFO[0m Skipping not selected package 'micro_ros_agent' in 'uros/micro-ROS-Agent/micro_ros_agent'
[1.847s] [34mcolcon.colcon_core.package_selection[0m [1;30mINFO[0m Skipping not selected package 'moveit_config_rover' in 'moveit/moveit_config_rover'
[1.847s] [34mcolcon.colcon_core.package_selection[0m [1;30mINFO[0m Skipping not selected package 'nav_supervisor' in 'control/nav_supervisor'
[1.847s] [34mcolcon.colcon_core.package_selection[0m [1;30mINFO[0m Skipping not selected package 'rover_control' in 'control/rover_control'
[1.847s] [34mcolcon.colcon_core.package_selection[0m [1;30mINFO[0m Skipping not selected package 'zed_wrapper' in 'zed_wrapper'
[1.847s] [34mcolcon.colcon_core.package_selection[0m [1;30mINFO[0m Skipping not selected package 'nav2_launch' in 'navigation/nav2_launch'
[1.847s] [34mcolcon.colcon_core.package_selection[0m [1;30mINFO[0m Skipping not selected package 'object_detection' in 'perception/object_detection'
[1.847s] [34mcolcon.colcon_core.package_selection[0m [1;30mINFO[0m Skipping not selected package 'zed2i_launch' in 'perception/zed2i_launch'
[1.847s] [34mcolcon.colcon_core.package_selection[0m [1;30mINFO[0m Skipping not selected package 'zed_ros2' in 'zed_ros2'
[1.847s] [34mcolcon.colcon_core.package_selection[0m [1;30mINFO[0m Skipping not selected package 'detection_pose_estimator' in 'perception/detection_pose_estimator'
[1.847s] [34mcolcon.colcon_core.package_selection[0m [1;30mINFO[0m Skipping not selected package 'slam_launch' in 'perception/slam_launch'
[1.847s] [34mcolcon.colcon_core.package_selection[0m [1;30mINFO[0m Skipping not selected package 'rover_boot' in 'system/rover_boot'
[1.848s] [34mcolcon.colcon_core.package_discovery[0m [1;30mLevel 1[0m discover_packages(prefix_path) check parameters
[1.849s] [34mcolcon.colcon_core.package_discovery[0m [1;30mLevel 1[0m discover_packages(prefix_path) discover
[1.853s] [34mcolcon.colcon_installed_package_information.package_discovery[0m [1;30mDEBUG[0m [32mFound 1 installed packages in /home/rover/workspaces/urc_prod/custom_msgs/install[0m
[1.854s] [34mcolcon.colcon_installed_package_information.package_discovery[0m [1;30mDEBUG[0m [32mFound 2 installed packages in /home/rover/workspaces/micro_ros/install[0m
[1.857s] [34mcolcon.colcon_installed_package_information.package_discovery[0m [1;30mDEBUG[0m [32mFound 384 installed packages in /opt/ros/humble[0m
[1.863s] [34mcolcon.colcon_core.package_discovery[0m [1;30mLevel 1[0m discover_packages(prefix_path) using defaults
[1.974s] [34mcolcon.colcon_core.verb[0m [1;30mLevel 5[0m set package 'drive_firmware' build argument 'cmake_args' from command line to 'None'
[1.975s] [34mcolcon.colcon_core.verb[0m [1;30mLevel 5[0m set package 'drive_firmware' build argument 'cmake_target' from command line to 'None'
[1.975s] [34mcolcon.colcon_core.verb[0m [1;30mLevel 5[0m set package 'drive_firmware' build argument 'cmake_target_skip_unavailable' from command line to 'False'
[1.975s] [34mcolcon.colcon_core.verb[0m [1;30mLevel 5[0m set package 'drive_firmware' build argument 'cmake_clean_cache' from command line to 'False'
[1.975s] [34mcolcon.colcon_core.verb[0m [1;30mLevel 5[0m set package 'drive_firmware' build argument 'cmake_clean_first' from command line to 'False'
[1.975s] [34mcolcon.colcon_core.verb[0m [1;30mLevel 5[0m set package 'drive_firmware' build argument 'cmake_force_configure' from command line to 'False'
[1.975s] [34mcolcon.colcon_core.verb[0m [1;30mLevel 5[0m set package 'drive_firmware' build argument 'ament_cmake_args' from command line to 'None'
[1.975s] [34mcolcon.colcon_core.verb[0m [1;30mLevel 5[0m set package 'drive_firmware' build argument 'catkin_cmake_args' from command line to 'None'
[1.975s] [34mcolcon.colcon_core.verb[0m [1;30mLevel 5[0m set package 'drive_firmware' build argument 'catkin_skip_building_tests' from command line to 'False'
[1.975s] [34mcolcon.colcon_core.verb[0m [1;30mDEBUG[0m [32mBuilding package 'drive_firmware' with the following arguments: {'ament_cmake_args': None, 'build_base': '/home/rover/workspaces/rover/src/build/drive_firmware', 'catkin_cmake_args': None, 'catkin_skip_building_tests': False, 'cmake_args': None, 'cmake_clean_cache': False, 'cmake_clean_first': False, 'cmake_force_configure': False, 'cmake_target': None, 'cmake_target_skip_unavailable': False, 'install_base': '/home/rover/workspaces/rover/src/install/drive_firmware', 'merge_install': False, 'path': '/home/rover/workspaces/rover/src/drive_firmware', 'symlink_install': False, 'test_result_base': None}[0m
[1.976s] [34mcolcon.colcon_core.executor[0m [1;30mINFO[0m Executing jobs using 'parallel' executor
[1.980s] [34mcolcon.colcon_parallel_executor.executor.parallel[0m [1;30mDEBUG[0m [32mrun_until_complete[0m
[1.981s] [34mcolcon.colcon_ros.task.ament_cmake.build[0m [1;30mINFO[0m Building ROS package in '/home/rover/workspaces/rover/src/drive_firmware' with build type 'ament_cmake'
[1.981s] [34mcolcon.colcon_cmake.task.cmake.build[0m [1;30mINFO[0m Building CMake package in '/home/rover/workspaces/rover/src/drive_firmware'
[1.989s] [34mcolcon.colcon_core.plugin_system[0m [1;30mINFO[0m Skipping extension 'colcon_core.shell.bat': Not used on non-Windows systems
[1.989s] [34mcolcon.colcon_core.shell[0m [1;30mINFO[0m Skip shell extension 'powershell' for command environment: Not usable outside of PowerShell
[1.990s] [34mcolcon.colcon_core.shell[0m [1;30mDEBUG[0m [32mSkip shell extension 'dsv' for command environment[0m
[2.016s] [34mcolcon.colcon_core.event_handler.log_command[0m [1;30mDEBUG[0m [32mInvoking command in '/home/rover/workspaces/rover/src/build/drive_firmware': CMAKE_PREFIX_PATH=${CMAKE_PREFIX_PATH}:/opt/ros/humble /usr/bin/cmake /home/rover/workspaces/rover/src/drive_firmware -DCMAKE_INSTALL_PREFIX=/home/rover/workspaces/rover/src/install/drive_firmware[0m
[3.887s] [34mcolcon.colcon_core.event_handler.log_command[0m [1;30mDEBUG[0m [32mInvoked command in '/home/rover/workspaces/rover/src/build/drive_firmware' returned '0': CMAKE_PREFIX_PATH=${CMAKE_PREFIX_PATH}:/opt/ros/humble /usr/bin/cmake /home/rover/workspaces/rover/src/drive_firmware -DCMAKE_INSTALL_PREFIX=/home/rover/workspaces/rover/src/install/drive_firmware[0m
[3.894s] [34mcolcon.colcon_core.event_handler.log_command[0m [1;30mDEBUG[0m [32mInvoking command in '/home/rover/workspaces/rover/src/build/drive_firmware': CMAKE_PREFIX_PATH=${CMAKE_PREFIX_PATH}:/opt/ros/humble /usr/bin/cmake --build /home/rover/workspaces/rover/src/build/drive_firmware -- -j6 -l6[0m
[5.258s] [34mcolcon.colcon_core.event_handler.log_command[0m [1;30mDEBUG[0m [32mInvoked command in '/home/rover/workspaces/rover/src/build/drive_firmware' returned '2': CMAKE_PREFIX_PATH=${CMAKE_PREFIX_PATH}:/opt/ros/humble /usr/bin/cmake --build /home/rover/workspaces/rover/src/build/drive_firmware -- -j6 -l6[0m
[5.260s] [34mcolcon.colcon_core.environment[0m [1;30mLevel 1[0m create_environment_scripts_only(drive_firmware)
[5.266s] [34mcolcon.colcon_core.environment[0m [1;30mLevel 1[0m checking '/home/rover/workspaces/rover/src/install/drive_firmware' for CMake module files
[5.267s] [34mcolcon.colcon_core.environment[0m [1;30mLevel 1[0m checking '/home/rover/workspaces/rover/src/install/drive_firmware' for CMake config files
[5.268s] [34mcolcon.colcon_core.environment[0m [1;30mLevel 1[0m checking '/home/rover/workspaces/rover/src/install/drive_firmware/bin'
[5.268s] [34mcolcon.colcon_core.environment[0m [1;30mLevel 1[0m checking '/home/rover/workspaces/rover/src/install/drive_firmware/lib/pkgconfig/drive_firmware.pc'
[5.269s] [34mcolcon.colcon_core.environment[0m [1;30mLevel 1[0m checking '/home/rover/workspaces/rover/src/install/drive_firmware/lib/python3.10/site-packages'
[5.269s] [34mcolcon.colcon_core.environment[0m [1;30mLevel 1[0m checking '/home/rover/workspaces/rover/src/install/drive_firmware/bin'
[5.270s] [34mcolcon.colcon_core.shell[0m [1;30mINFO[0m Creating package script '/home/rover/workspaces/rover/src/install/drive_firmware/share/drive_firmware/package.ps1'
[5.273s] [34mcolcon.colcon_core.shell[0m [1;30mINFO[0m Creating package descriptor '/home/rover/workspaces/rover/src/install/drive_firmware/share/drive_firmware/package.dsv'
[5.276s] [34mcolcon.colcon_core.shell[0m [1;30mINFO[0m Creating package script '/home/rover/workspaces/rover/src/install/drive_firmware/share/drive_firmware/package.sh'
[5.278s] [34mcolcon.colcon_core.shell[0m [1;30mINFO[0m Creating package script '/home/rover/workspaces/rover/src/install/drive_firmware/share/drive_firmware/package.bash'
[5.282s] [34mcolcon.colcon_core.shell[0m [1;30mINFO[0m Creating package script '/home/rover/workspaces/rover/src/install/drive_firmware/share/drive_firmware/package.zsh'
[5.284s] [34mcolcon.colcon_core.environment[0m [1;30mLevel 1[0m create_file_with_runtime_dependencies(/home/rover/workspaces/rover/src/install/drive_firmware/share/colcon-core/packages/drive_firmware)
[5.296s] [34mcolcon.colcon_parallel_executor.executor.parallel[0m [1;30mDEBUG[0m [32mclosing loop[0m
[5.297s] [34mcolcon.colcon_parallel_executor.executor.parallel[0m [1;30mDEBUG[0m [32mloop closed[0m
[5.298s] [34mcolcon.colcon_parallel_executor.executor.parallel[0m [1;30mDEBUG[0m [32mrun_until_complete finished with '2'[0m
[5.298s] [34mcolcon.colcon_core.event_reactor[0m [1;30mDEBUG[0m [32mjoining thread[0m
[5.313s] [34mcolcon.colcon_core.plugin_system[0m [1;30mINFO[0m Skipping extension 'colcon_notification.desktop_notification.terminal_notifier': Not used on non-Darwin systems
[5.314s] [34mcolcon.colcon_core.plugin_system[0m [1;30mINFO[0m Skipping extension 'colcon_notification.desktop_notification.win32': Not used on non-Windows systems
[5.314s] [34mcolcon.colcon_notification.desktop_notification[0m [1;30mINFO[0m Sending desktop notification using 'notify2'
[30.342s] [34mcolcon.colcon_notification.desktop_notification.notify2[0m [1;30mDEBUG[0m [32mFailed to initialize notify2: org.freedesktop.DBus.Error.NoReply: Did not receive a reply. Possible causes include: the remote application did not send a reply, the message bus security policy blocked the reply, the reply timeout expired, or the network connection was broken.[0m
[30.343s] [34mcolcon.colcon_core.event_reactor[0m [1;30mDEBUG[0m [32mjoined thread[0m
[30.344s] [34mcolcon.colcon_core.shell[0m [1;30mINFO[0m Creating prefix script '/home/rover/workspaces/rover/src/install/local_setup.ps1'
[30.348s] [34mcolcon.colcon_core.shell[0m [1;30mINFO[0m Creating prefix util module '/home/rover/workspaces/rover/src/install/_local_setup_util_ps1.py'
[30.352s] [34mcolcon.colcon_core.shell[0m [1;30mINFO[0m Creating prefix chain script '/home/rover/workspaces/rover/src/install/setup.ps1'
[30.355s] [34mcolcon.colcon_core.shell[0m [1;30mINFO[0m Creating prefix script '/home/rover/workspaces/rover/src/install/local_setup.sh'
[30.357s] [34mcolcon.colcon_core.shell[0m [1;30mINFO[0m Creating prefix util module '/home/rover/workspaces/rover/src/install/_local_setup_util_sh.py'
[30.359s] [34mcolcon.colcon_core.shell[0m [1;30mINFO[0m Creating prefix chain script '/home/rover/workspaces/rover/src/install/setup.sh'
[30.362s] [34mcolcon.colcon_core.shell[0m [1;30mINFO[0m Creating prefix script '/home/rover/workspaces/rover/src/install/local_setup.bash'
[30.363s] [34mcolcon.colcon_core.shell[0m [1;30mINFO[0m Creating prefix chain script '/home/rover/workspaces/rover/src/install/setup.bash'
[30.366s] [34mcolcon.colcon_core.shell[0m [1;30mINFO[0m Creating prefix script '/home/rover/workspaces/rover/src/install/local_setup.zsh'
[30.368s] [34mcolcon.colcon_core.shell[0m [1;30mINFO[0m Creating prefix chain script '/home/rover/workspaces/rover/src/install/setup.zsh'
