[5.867s] Invoking command in '/home/rover/workspaces/rover-real/src/perception/object_detection': PYTHONPATH=/home/rover/workspaces/rover-real/src/build/object_detection/prefix_override:/usr/lib/python3/dist-packages/colcon_core/task/python/colcon_distutils_commands:/home/rover/workspaces/rover-real/src/install/object_detection/lib/python3.10/site-packages:${PYTHONPATH} /usr/bin/python3 -W ignore:setup.py install is deprecated -W ignore:easy_install command is deprecated setup.py egg_info --egg-base ../../build/object_detection build --build-base /home/rover/workspaces/rover-real/src/build/object_detection/build install --record /home/rover/workspaces/rover-real/src/build/object_detection/install.log --single-version-externally-managed install_data
[6.924s] running egg_info
[6.925s] writing ../../build/object_detection/object_detection.egg-info/PKG-INFO
[6.940s] writing dependency_links to ../../build/object_detection/object_detection.egg-info/dependency_links.txt
[6.942s] writing entry points to ../../build/object_detection/object_detection.egg-info/entry_points.txt
[6.942s] writing requirements to ../../build/object_detection/object_detection.egg-info/requires.txt
[6.943s] writing top-level names to ../../build/object_detection/object_detection.egg-info/top_level.txt
[6.950s] reading manifest file '../../build/object_detection/object_detection.egg-info/SOURCES.txt'
[6.954s] writing manifest file '../../build/object_detection/object_detection.egg-info/SOURCES.txt'
[6.955s] running build
[6.956s] running build_py
[6.956s] running install
[6.957s] running install_lib
[6.976s] running install_data
[6.976s] running install_egg_info
[6.982s] removing '/home/rover/workspaces/rover-real/src/install/object_detection/lib/python3.10/site-packages/object_detection-0.0.0-py3.10.egg-info' (and everything under it)
[6.983s] Copying ../../build/object_detection/object_detection.egg-info to /home/rover/workspaces/rover-real/src/install/object_detection/lib/python3.10/site-packages/object_detection-0.0.0-py3.10.egg-info
[6.997s] running install_scripts
[7.063s] Installing object_detection_node script to /home/rover/workspaces/rover-real/src/install/object_detection/bin
[7.064s] writing list of installed files to '/home/rover/workspaces/rover-real/src/build/object_detection/install.log'
[7.794s] Invoked command in '/home/rover/workspaces/rover-real/src/perception/object_detection' returned '0': PYTHONPATH=/home/rover/workspaces/rover-real/src/build/object_detection/prefix_override:/usr/lib/python3/dist-packages/colcon_core/task/python/colcon_distutils_commands:/home/rover/workspaces/rover-real/src/install/object_detection/lib/python3.10/site-packages:${PYTHONPATH} /usr/bin/python3 -W ignore:setup.py install is deprecated -W ignore:easy_install command is deprecated setup.py egg_info --egg-base ../../build/object_detection build --build-base /home/rover/workspaces/rover-real/src/build/object_detection/build install --record /home/rover/workspaces/rover-real/src/build/object_detection/install.log --single-version-externally-managed install_data
