[0.038s] Invoking command in '/home/rover/workspaces/rover-real/src/build/moveit_config_template': AMENT_PREFIX_PATH=/home/rover/workspaces/rover-real/src/install/arm_template:${AMENT_PREFIX_PATH} CMAKE_PREFIX_PATH=/home/rover/workspaces/rover-real/src/install/arm_template:/opt/ros/humble:${CMAKE_PREFIX_PATH} PYTHONPATH=/home/rover/workspaces/rover-real/src/install/arm_template/local/lib/python3.10/dist-packages:${PYTHONPATH} /usr/bin/cmake /home/rover/workspaces/rover-real/src/moveit/moveit_config_template -DCMAKE_INSTALL_PREFIX=/home/rover/workspaces/rover-real/src/install/moveit_config_template
[0.539s] -- The C compiler identification is GNU 11.4.0
[0.717s] -- The CXX compiler identification is GNU 11.4.0
[0.750s] -- Detecting C compiler ABI info
[0.985s] -- Detecting C compiler ABI info - done
[1.008s] -- Check for working C compiler: /usr/bin/cc - skipped
[1.009s] -- Detecting C compile features
[1.010s] -- Detecting C compile features - done
[1.020s] -- Detecting CXX compiler ABI info
[1.454s] -- Detecting CXX compiler ABI info - done
[1.478s] -- Check for working CXX compiler: /usr/bin/c++ - skipped
[1.480s] -- Detecting CXX compile features
[1.480s] -- Detecting CXX compile features - done
[1.487s] -- Found ament_cmake: 1.3.12 (/opt/ros/humble/share/ament_cmake/cmake)
[2.170s] -- Found Python3: /usr/bin/python3 (found version "3.10.12") found components: Interpreter 
[2.475s] -- Found ament_lint_auto: 0.12.14 (/opt/ros/humble/share/ament_lint_auto/cmake)
[2.822s] -- Added test 'copyright' to check source files copyright and LICENSE
[2.826s] -- Added test 'flake8' to check Python code syntax and style conventions
[2.827s] -- Added test 'lint_cmake' to check CMake code style
[2.829s] -- Added test 'pep257' to check Python code against some of the docstring style conventions in PEP 257
[2.831s] -- Added test 'xmllint' to check XML markup files
[2.837s] -- Configuring done
[2.856s] -- Generating done
[2.865s] -- Build files have been written to: /home/rover/workspaces/rover-real/src/build/moveit_config_template
[2.886s] Invoked command in '/home/rover/workspaces/rover-real/src/build/moveit_config_template' returned '0': AMENT_PREFIX_PATH=/home/rover/workspaces/rover-real/src/install/arm_template:${AMENT_PREFIX_PATH} CMAKE_PREFIX_PATH=/home/rover/workspaces/rover-real/src/install/arm_template:/opt/ros/humble:${CMAKE_PREFIX_PATH} PYTHONPATH=/home/rover/workspaces/rover-real/src/install/arm_template/local/lib/python3.10/dist-packages:${PYTHONPATH} /usr/bin/cmake /home/rover/workspaces/rover-real/src/moveit/moveit_config_template -DCMAKE_INSTALL_PREFIX=/home/rover/workspaces/rover-real/src/install/moveit_config_template
[2.901s] Invoking command in '/home/rover/workspaces/rover-real/src/build/moveit_config_template': AMENT_PREFIX_PATH=/home/rover/workspaces/rover-real/src/install/arm_template:${AMENT_PREFIX_PATH} CMAKE_PREFIX_PATH=/home/rover/workspaces/rover-real/src/install/arm_template:/opt/ros/humble:${CMAKE_PREFIX_PATH} PYTHONPATH=/home/rover/workspaces/rover-real/src/install/arm_template/local/lib/python3.10/dist-packages:${PYTHONPATH} /usr/bin/cmake --build /home/rover/workspaces/rover-real/src/build/moveit_config_template -- -j6 -l6
[5.162s] Invoked command in '/home/rover/workspaces/rover-real/src/build/moveit_config_template' returned '0': AMENT_PREFIX_PATH=/home/rover/workspaces/rover-real/src/install/arm_template:${AMENT_PREFIX_PATH} CMAKE_PREFIX_PATH=/home/rover/workspaces/rover-real/src/install/arm_template:/opt/ros/humble:${CMAKE_PREFIX_PATH} PYTHONPATH=/home/rover/workspaces/rover-real/src/install/arm_template/local/lib/python3.10/dist-packages:${PYTHONPATH} /usr/bin/cmake --build /home/rover/workspaces/rover-real/src/build/moveit_config_template -- -j6 -l6
[5.163s] Invoking command in '/home/rover/workspaces/rover-real/src/build/moveit_config_template': AMENT_PREFIX_PATH=/home/rover/workspaces/rover-real/src/install/arm_template:${AMENT_PREFIX_PATH} CMAKE_PREFIX_PATH=/home/rover/workspaces/rover-real/src/install/arm_template:/opt/ros/humble:${CMAKE_PREFIX_PATH} PYTHONPATH=/home/rover/workspaces/rover-real/src/install/arm_template/local/lib/python3.10/dist-packages:${PYTHONPATH} /usr/bin/cmake --install /home/rover/workspaces/rover-real/src/build/moveit_config_template
[6.867s] -- Install configuration: ""
[6.868s] -- Installing: /home/rover/workspaces/rover-real/src/install/moveit_config_template/share/moveit_config_template//launch
[6.868s] -- Installing: /home/rover/workspaces/rover-real/src/install/moveit_config_template/share/moveit_config_template//launch/move_group.launch.py
[6.868s] -- Installing: /home/rover/workspaces/rover-real/src/install/moveit_config_template/share/moveit_config_template//config
[6.868s] -- Installing: /home/rover/workspaces/rover-real/src/install/moveit_config_template/share/ament_index/resource_index/package_run_dependencies/moveit_config_template
[6.868s] -- Installing: /home/rover/workspaces/rover-real/src/install/moveit_config_template/share/ament_index/resource_index/parent_prefix_path/moveit_config_template
[6.869s] -- Installing: /home/rover/workspaces/rover-real/src/install/moveit_config_template/share/moveit_config_template/environment/ament_prefix_path.sh
[6.869s] -- Installing: /home/rover/workspaces/rover-real/src/install/moveit_config_template/share/moveit_config_template/environment/ament_prefix_path.dsv
[6.869s] -- Installing: /home/rover/workspaces/rover-real/src/install/moveit_config_template/share/moveit_config_template/environment/path.sh
[6.869s] -- Installing: /home/rover/workspaces/rover-real/src/install/moveit_config_template/share/moveit_config_template/environment/path.dsv
[6.869s] -- Installing: /home/rover/workspaces/rover-real/src/install/moveit_config_template/share/moveit_config_template/local_setup.bash
[6.869s] -- Installing: /home/rover/workspaces/rover-real/src/install/moveit_config_template/share/moveit_config_template/local_setup.sh
[6.869s] -- Installing: /home/rover/workspaces/rover-real/src/install/moveit_config_template/share/moveit_config_template/local_setup.zsh
[6.869s] -- Installing: /home/rover/workspaces/rover-real/src/install/moveit_config_template/share/moveit_config_template/local_setup.dsv
[6.870s] -- Installing: /home/rover/workspaces/rover-real/src/install/moveit_config_template/share/moveit_config_template/package.dsv
[6.870s] -- Installing: /home/rover/workspaces/rover-real/src/install/moveit_config_template/share/ament_index/resource_index/packages/moveit_config_template
[6.870s] -- Installing: /home/rover/workspaces/rover-real/src/install/moveit_config_template/share/moveit_config_template/cmake/moveit_config_templateConfig.cmake
[6.870s] -- Installing: /home/rover/workspaces/rover-real/src/install/moveit_config_template/share/moveit_config_template/cmake/moveit_config_templateConfig-version.cmake
[6.870s] -- Installing: /home/rover/workspaces/rover-real/src/install/moveit_config_template/share/moveit_config_template/package.xml
[6.917s] Invoked command in '/home/rover/workspaces/rover-real/src/build/moveit_config_template' returned '0': AMENT_PREFIX_PATH=/home/rover/workspaces/rover-real/src/install/arm_template:${AMENT_PREFIX_PATH} CMAKE_PREFIX_PATH=/home/rover/workspaces/rover-real/src/install/arm_template:/opt/ros/humble:${CMAKE_PREFIX_PATH} PYTHONPATH=/home/rover/workspaces/rover-real/src/install/arm_template/local/lib/python3.10/dist-packages:${PYTHONPATH} /usr/bin/cmake --install /home/rover/workspaces/rover-real/src/build/moveit_config_template
