[4.642s] Invoking command in '/home/rover/workspaces/rover-real/src/science/science_analysis': PYTHONPATH=/home/rover/workspaces/rover-real/src/build/science_analysis/prefix_override:/usr/lib/python3/dist-packages/colcon_core/task/python/colcon_distutils_commands:/home/rover/workspaces/rover-real/src/install/science_analysis/lib/python3.10/site-packages:${PYTHONPATH} /usr/bin/python3 -W ignore:setup.py install is deprecated -W ignore:easy_install command is deprecated setup.py egg_info --egg-base ../../build/science_analysis build --build-base /home/rover/workspaces/rover-real/src/build/science_analysis/build install --record /home/rover/workspaces/rover-real/src/build/science_analysis/install.log --single-version-externally-managed install_data
[6.508s] running egg_info
[6.509s] writing ../../build/science_analysis/science_analysis.egg-info/PKG-INFO
[6.509s] writing dependency_links to ../../build/science_analysis/science_analysis.egg-info/dependency_links.txt
[6.509s] writing entry points to ../../build/science_analysis/science_analysis.egg-info/entry_points.txt
[6.510s] writing requirements to ../../build/science_analysis/science_analysis.egg-info/requires.txt
[6.510s] writing top-level names to ../../build/science_analysis/science_analysis.egg-info/top_level.txt
[6.514s] reading manifest file '../../build/science_analysis/science_analysis.egg-info/SOURCES.txt'
[6.528s] writing manifest file '../../build/science_analysis/science_analysis.egg-info/SOURCES.txt'
[6.529s] running build
[6.529s] running build_py
[6.530s] running install
[6.531s] running install_lib
[6.541s] running install_data
[6.541s] running install_egg_info
[6.544s] removing '/home/rover/workspaces/rover-real/src/install/science_analysis/lib/python3.10/site-packages/science_analysis-0.0.0-py3.10.egg-info' (and everything under it)
[6.545s] Copying ../../build/science_analysis/science_analysis.egg-info to /home/rover/workspaces/rover-real/src/install/science_analysis/lib/python3.10/site-packages/science_analysis-0.0.0-py3.10.egg-info
[6.549s] running install_scripts
[6.617s] Installing science_analysis_node script to /home/rover/workspaces/rover-real/src/install/science_analysis/bin
[6.619s] writing list of installed files to '/home/rover/workspaces/rover-real/src/build/science_analysis/install.log'
[7.304s] Invoked command in '/home/rover/workspaces/rover-real/src/science/science_analysis' returned '0': PYTHONPATH=/home/rover/workspaces/rover-real/src/build/science_analysis/prefix_override:/usr/lib/python3/dist-packages/colcon_core/task/python/colcon_distutils_commands:/home/rover/workspaces/rover-real/src/install/science_analysis/lib/python3.10/site-packages:${PYTHONPATH} /usr/bin/python3 -W ignore:setup.py install is deprecated -W ignore:easy_install command is deprecated setup.py egg_info --egg-base ../../build/science_analysis build --build-base /home/rover/workspaces/rover-real/src/build/science_analysis/build install --record /home/rover/workspaces/rover-real/src/build/science_analysis/install.log --single-version-externally-managed install_data
