running egg_info
writing ../../build/pointcloud_tools/pointcloud_tools.egg-info/PKG-INFO
writing dependency_links to ../../build/pointcloud_tools/pointcloud_tools.egg-info/dependency_links.txt
writing entry points to ../../build/pointcloud_tools/pointcloud_tools.egg-info/entry_points.txt
writing requirements to ../../build/pointcloud_tools/pointcloud_tools.egg-info/requires.txt
writing top-level names to ../../build/pointcloud_tools/pointcloud_tools.egg-info/top_level.txt
reading manifest file '../../build/pointcloud_tools/pointcloud_tools.egg-info/SOURCES.txt'
writing manifest file '../../build/pointcloud_tools/pointcloud_tools.egg-info/SOURCES.txt'
running build
running build_py
running install
running install_lib
running install_data
running install_egg_info
removing '/home/rover/workspaces/rover-real/src/install/pointcloud_tools/lib/python3.10/site-packages/pointcloud_tools-0.1.0-py3.10.egg-info' (and everything under it)
Copying ../../build/pointcloud_tools/pointcloud_tools.egg-info to /home/rover/workspaces/rover-real/src/install/pointcloud_tools/lib/python3.10/site-packages/pointcloud_tools-0.1.0-py3.10.egg-info
running install_scripts
Installing depth_to_scan script to /home/rover/workspaces/rover-real/src/install/pointcloud_tools/bin
Installing grid_builder script to /home/rover/workspaces/rover-real/src/install/pointcloud_tools/bin
writing list of installed files to '/home/rover/workspaces/rover-real/src/build/pointcloud_tools/install.log'
