-- The C compiler identification is GNU 11.4.0
-- The CXX compiler identification is GNU 11.4.0
-- Detecting C compiler ABI info
-- Detecting C compiler ABI info - done
-- Check for working C compiler: /usr/bin/cc - skipped
-- Detecting C compile features
-- Detecting C compile features - done
-- Detecting CXX compiler ABI info
-- Detecting CXX compiler ABI info - done
-- Check for working CXX compiler: /usr/bin/c++ - skipped
-- Detecting CXX compile features
-- Detecting CXX compile features - done
-- Found ament_cmake: 1.3.12 (/opt/ros/humble/share/ament_cmake/cmake)
-- Found Python3: /usr/bin/python3 (found version "3.10.12") found components: Interpreter 
-- Configuring done
-- Generating done
-- Build files have been written to: /home/rover/workspaces/rover-real/src/build/nav2_launch
[33mCMake Warning:
  Manually-specified variables were not used by the project:

    CATKIN_INSTALL_INTO_PREFIX_ROOT

[0m
-- Install configuration: ""
-- Installing: /home/rover/workspaces/rover-real/src/install/nav2_launch/share/nav2_launch/launch
-- Installing: /home/rover/workspaces/rover-real/src/install/nav2_launch/share/nav2_launch/launch/nav2_bringup.launch.py
-- Installing: /home/rover/workspaces/rover-real/src/install/nav2_launch/share/nav2_launch/launch/__init__.py
-- Installing: /home/rover/workspaces/rover-real/src/install/nav2_launch/share/nav2_launch/config
-- Installing: /home/rover/workspaces/rover-real/src/install/nav2_launch/share/nav2_launch/config/planner_params.yaml
-- Installing: /home/rover/workspaces/rover-real/src/install/nav2_launch/share/nav2_launch/config/costmap_local.yaml
-- Installing: /home/rover/workspaces/rover-real/src/install/nav2_launch/share/nav2_launch/config/controller_params.yaml
-- Installing: /home/rover/workspaces/rover-real/src/install/nav2_launch/share/nav2_launch/config/nav2_params.yaml
-- Installing: /home/rover/workspaces/rover-real/src/install/nav2_launch/share/nav2_launch/config/costmap_global.yaml
-- Installing: /home/rover/workspaces/rover-real/src/install/nav2_launch/share/nav2_launch/config/bt_navigator_params.yaml
-- Installing: /home/rover/workspaces/rover-real/src/install/nav2_launch/share/ament_index/resource_index/package_run_dependencies/nav2_launch
-- Installing: /home/rover/workspaces/rover-real/src/install/nav2_launch/share/ament_index/resource_index/parent_prefix_path/nav2_launch
-- Installing: /home/rover/workspaces/rover-real/src/install/nav2_launch/share/nav2_launch/environment/ament_prefix_path.sh
-- Installing: /home/rover/workspaces/rover-real/src/install/nav2_launch/share/nav2_launch/environment/ament_prefix_path.dsv
-- Installing: /home/rover/workspaces/rover-real/src/install/nav2_launch/share/nav2_launch/environment/path.sh
-- Installing: /home/rover/workspaces/rover-real/src/install/nav2_launch/share/nav2_launch/environment/path.dsv
-- Installing: /home/rover/workspaces/rover-real/src/install/nav2_launch/share/nav2_launch/local_setup.bash
-- Installing: /home/rover/workspaces/rover-real/src/install/nav2_launch/share/nav2_launch/local_setup.sh
-- Installing: /home/rover/workspaces/rover-real/src/install/nav2_launch/share/nav2_launch/local_setup.zsh
-- Installing: /home/rover/workspaces/rover-real/src/install/nav2_launch/share/nav2_launch/local_setup.dsv
-- Installing: /home/rover/workspaces/rover-real/src/install/nav2_launch/share/nav2_launch/package.dsv
-- Installing: /home/rover/workspaces/rover-real/src/install/nav2_launch/share/ament_index/resource_index/packages/nav2_launch
-- Installing: /home/rover/workspaces/rover-real/src/install/nav2_launch/share/nav2_launch/cmake/nav2_launchConfig.cmake
-- Installing: /home/rover/workspaces/rover-real/src/install/nav2_launch/share/nav2_launch/cmake/nav2_launchConfig-version.cmake
-- Installing: /home/rover/workspaces/rover-real/src/install/nav2_launch/share/nav2_launch/package.xml
