[0.105s] Invoking command in '/home/rover/workspaces/rover-real/src/build/nav2_launch': /usr/bin/cmake /home/rover/workspaces/rover-real/src/navigation/global_nav/nav2_launch -DCATKIN_INSTALL_INTO_PREFIX_ROOT=0 -DCMAKE_INSTALL_PREFIX=/home/rover/workspaces/rover-real/src/install/nav2_launch
[8.288s] -- The C compiler identification is GNU 11.4.0
[8.289s] -- The CXX compiler identification is GNU 11.4.0
[8.289s] -- Detecting C compiler ABI info
[8.290s] -- Detecting C compiler ABI info - done
[8.290s] -- Check for working C compiler: /usr/bin/cc - skipped
[8.290s] -- Detecting C compile features
[8.290s] -- Detecting C compile features - done
[8.290s] -- Detecting CXX compiler ABI info
[8.290s] -- Detecting CXX compiler ABI info - done
[8.290s] -- Check for working CXX compiler: /usr/bin/c++ - skipped
[8.291s] -- Detecting CXX compile features
[8.291s] -- Detecting CXX compile features - done
[8.291s] -- Found ament_cmake: 1.3.12 (/opt/ros/humble/share/ament_cmake/cmake)
[8.291s] -- Found Python3: /usr/bin/python3 (found version "3.10.12") found components: Interpreter 
[8.291s] -- Configuring done
[8.291s] -- Generating done
[8.291s] -- Build files have been written to: /home/rover/workspaces/rover-real/src/build/nav2_launch
[8.293s] [33mCMake Warning:
[8.293s]   Manually-specified variables were not used by the project:
[8.293s] 
[8.293s]     CATKIN_INSTALL_INTO_PREFIX_ROOT
[8.294s] 
[8.294s] [0m
[8.312s] Invoked command in '/home/rover/workspaces/rover-real/src/build/nav2_launch' returned '0': /usr/bin/cmake /home/rover/workspaces/rover-real/src/navigation/global_nav/nav2_launch -DCATKIN_INSTALL_INTO_PREFIX_ROOT=0 -DCMAKE_INSTALL_PREFIX=/home/rover/workspaces/rover-real/src/install/nav2_launch
[8.314s] Invoking command in '/home/rover/workspaces/rover-real/src/build/nav2_launch': /usr/bin/cmake --build /home/rover/workspaces/rover-real/src/build/nav2_launch -- -j6 -l6
[8.638s] Invoked command in '/home/rover/workspaces/rover-real/src/build/nav2_launch' returned '0': /usr/bin/cmake --build /home/rover/workspaces/rover-real/src/build/nav2_launch -- -j6 -l6
[8.699s] Invoking command in '/home/rover/workspaces/rover-real/src/build/nav2_launch': /usr/bin/cmake --install /home/rover/workspaces/rover-real/src/build/nav2_launch
[8.844s] -- Install configuration: ""
[8.844s] -- Installing: /home/rover/workspaces/rover-real/src/install/nav2_launch/share/nav2_launch/launch
[8.844s] -- Installing: /home/rover/workspaces/rover-real/src/install/nav2_launch/share/nav2_launch/launch/nav2_bringup.launch.py
[8.844s] -- Installing: /home/rover/workspaces/rover-real/src/install/nav2_launch/share/nav2_launch/launch/__init__.py
[8.845s] -- Installing: /home/rover/workspaces/rover-real/src/install/nav2_launch/share/nav2_launch/config
[8.845s] -- Installing: /home/rover/workspaces/rover-real/src/install/nav2_launch/share/nav2_launch/config/planner_params.yaml
[8.845s] -- Installing: /home/rover/workspaces/rover-real/src/install/nav2_launch/share/nav2_launch/config/costmap_local.yaml
[8.845s] -- Installing: /home/rover/workspaces/rover-real/src/install/nav2_launch/share/nav2_launch/config/controller_params.yaml
[8.845s] -- Installing: /home/rover/workspaces/rover-real/src/install/nav2_launch/share/nav2_launch/config/nav2_params.yaml
[8.845s] -- Installing: /home/rover/workspaces/rover-real/src/install/nav2_launch/share/nav2_launch/config/costmap_global.yaml
[8.846s] -- Installing: /home/rover/workspaces/rover-real/src/install/nav2_launch/share/nav2_launch/config/bt_navigator_params.yaml
[8.846s] -- Installing: /home/rover/workspaces/rover-real/src/install/nav2_launch/share/ament_index/resource_index/package_run_dependencies/nav2_launch
[8.846s] -- Installing: /home/rover/workspaces/rover-real/src/install/nav2_launch/share/ament_index/resource_index/parent_prefix_path/nav2_launch
[8.846s] -- Installing: /home/rover/workspaces/rover-real/src/install/nav2_launch/share/nav2_launch/environment/ament_prefix_path.sh
[8.846s] -- Installing: /home/rover/workspaces/rover-real/src/install/nav2_launch/share/nav2_launch/environment/ament_prefix_path.dsv
[8.846s] -- Installing: /home/rover/workspaces/rover-real/src/install/nav2_launch/share/nav2_launch/environment/path.sh
[8.846s] -- Installing: /home/rover/workspaces/rover-real/src/install/nav2_launch/share/nav2_launch/environment/path.dsv
[8.846s] -- Installing: /home/rover/workspaces/rover-real/src/install/nav2_launch/share/nav2_launch/local_setup.bash
[8.847s] -- Installing: /home/rover/workspaces/rover-real/src/install/nav2_launch/share/nav2_launch/local_setup.sh
[8.847s] -- Installing: /home/rover/workspaces/rover-real/src/install/nav2_launch/share/nav2_launch/local_setup.zsh
[8.847s] -- Installing: /home/rover/workspaces/rover-real/src/install/nav2_launch/share/nav2_launch/local_setup.dsv
[8.847s] -- Installing: /home/rover/workspaces/rover-real/src/install/nav2_launch/share/nav2_launch/package.dsv
[8.847s] -- Installing: /home/rover/workspaces/rover-real/src/install/nav2_launch/share/ament_index/resource_index/packages/nav2_launch
[8.847s] -- Installing: /home/rover/workspaces/rover-real/src/install/nav2_launch/share/nav2_launch/cmake/nav2_launchConfig.cmake
[8.847s] -- Installing: /home/rover/workspaces/rover-real/src/install/nav2_launch/share/nav2_launch/cmake/nav2_launchConfig-version.cmake
[8.848s] -- Installing: /home/rover/workspaces/rover-real/src/install/nav2_launch/share/nav2_launch/package.xml
[8.887s] Invoked command in '/home/rover/workspaces/rover-real/src/build/nav2_launch' returned '0': /usr/bin/cmake --install /home/rover/workspaces/rover-real/src/build/nav2_launch
