-- The C compiler identification is GNU 11.4.0
-- The CXX compiler identification is GNU 11.4.0
-- Detecting C compiler ABI info
-- Detecting C compiler ABI info - done
-- Check for working C compiler: /usr/bin/cc - skipped
-- Detecting C compile features
-- Detecting C compile features - done
-- Detecting CXX compiler ABI info
-- Detecting CXX compiler ABI info - done
-- Check for working CXX compiler: /usr/bin/c++ - skipped
-- Detecting CXX compile features
-- Detecting CXX compile features - done
-- Found ament_cmake: 1.3.12 (/opt/ros/humble/share/ament_cmake/cmake)
-- Found Python3: /usr/bin/python3 (found version "3.10.12") found components: Interpreter 
-- Found rosidl_default_generators: 1.2.0 (/opt/ros/humble/share/rosidl_default_generators/cmake)
-- Using all available rosidl_typesupport_c: rosidl_typesupport_fastrtps_c;rosidl_typesupport_introspection_c
-- Found rosidl_adapter: 3.1.7 (/opt/ros/humble/share/rosidl_adapter/cmake)
-- Using all available rosidl_typesupport_cpp: rosidl_typesupport_fastrtps_cpp;rosidl_typesupport_introspection_cpp
-- Found std_msgs: 4.9.0 (/opt/ros/humble/share/std_msgs/cmake)
-- Found geometry_msgs: 4.9.0 (/opt/ros/humble/share/geometry_msgs/cmake)
-- Found sensor_msgs: 4.9.0 (/opt/ros/humble/share/sensor_msgs/cmake)
-- Found ament_cmake_ros: 0.10.0 (/opt/ros/humble/share/ament_cmake_ros/cmake)
-- Using all available rosidl_typesupport_c: rosidl_typesupport_fastrtps_c;rosidl_typesupport_introspection_c
-- Using all available rosidl_typesupport_cpp: rosidl_typesupport_fastrtps_cpp;rosidl_typesupport_introspection_cpp
-- Found PythonInterp: /usr/bin/python3 (found suitable version "3.10.12", minimum required is "3.6") 
-- Found python_cmake_module: 0.10.0 (/opt/ros/humble/share/python_cmake_module/cmake)
-- Found PythonLibs: /usr/lib/aarch64-linux-gnu/libpython3.10.so (found suitable version "3.10.12", minimum required is "3.5") 
-- Using PYTHON_EXECUTABLE: /usr/bin/python3
-- Using PYTHON_INCLUDE_DIRS: /usr/include/python3.10
-- Using PYTHON_LIBRARIES: /usr/lib/aarch64-linux-gnu/libpython3.10.so
-- Found PythonExtra: .so  
-- Found ament_lint_auto: 0.12.14 (/opt/ros/humble/share/ament_lint_auto/cmake)
-- Added test 'copyright' to check source files copyright and LICENSE
-- Added test 'lint_cmake' to check CMake code style
-- Added test 'xmllint' to check XML markup files
-- Configuring done
-- Generating done
-- Build files have been written to: /home/rover/workspaces/rover-real/src/build/urc_msgs
[  1%] [34m[1mGenerating C code for ROS interfaces[0m
[  3%] [34m[1mGenerating C++ code for ROS interfaces[0m
[  3%] Built target urc_msgs__cpp
[  5%] [32mBuilding C object CMakeFiles/urc_msgs__rosidl_generator_c.dir/rosidl_generator_c/urc_msgs/msg/detail/rover_status__functions.c.o[0m
[  7%] [32mBuilding C object CMakeFiles/urc_msgs__rosidl_generator_c.dir/rosidl_generator_c/urc_msgs/msg/detail/gap_cmd__functions.c.o[0m
[  9%] [32mBuilding C object CMakeFiles/urc_msgs__rosidl_generator_c.dir/rosidl_generator_c/urc_msgs/msg/detail/science_data__functions.c.o[0m
[ 10%] [32mBuilding C object CMakeFiles/urc_msgs__rosidl_generator_c.dir/rosidl_generator_c/urc_msgs/msg/detail/gap_diag__functions.c.o[0m
[ 12%] [32m[1mLinking C shared library liburc_msgs__rosidl_generator_c.so[0m
[ 12%] Built target urc_msgs__rosidl_generator_c
[ 14%] [34m[1mGenerating C++ introspection for ROS interfaces[0m
[ 16%] [32mBuilding CXX object CMakeFiles/urc_msgs__rosidl_typesupport_introspection_cpp.dir/rosidl_typesupport_introspection_cpp/urc_msgs/msg/detail/rover_status__type_support.cpp.o[0m
[ 18%] [32mBuilding CXX object CMakeFiles/urc_msgs__rosidl_typesupport_introspection_cpp.dir/rosidl_typesupport_introspection_cpp/urc_msgs/msg/detail/gap_diag__type_support.cpp.o[0m
[ 20%] [32mBuilding CXX object CMakeFiles/urc_msgs__rosidl_typesupport_introspection_cpp.dir/rosidl_typesupport_introspection_cpp/urc_msgs/msg/detail/science_data__type_support.cpp.o[0m
[ 21%] [32mBuilding CXX object CMakeFiles/urc_msgs__rosidl_typesupport_introspection_cpp.dir/rosidl_typesupport_introspection_cpp/urc_msgs/msg/detail/gap_cmd__type_support.cpp.o[0m
[ 23%] [32m[1mLinking CXX shared library liburc_msgs__rosidl_typesupport_introspection_cpp.so[0m
[ 23%] Built target urc_msgs__rosidl_typesupport_introspection_cpp
[ 25%] [34m[1mGenerating C introspection for ROS interfaces[0m
Traceback (most recent call last):
  File "/opt/ros/humble/lib/rosidl_typesupport_introspection_c/rosidl_typesupport_introspection_c", line 31, in <module>
    sys.exit(main())
  File "/opt/ros/humble/lib/rosidl_typesupport_introspection_c/rosidl_typesupport_introspection_c", line 27, in main
    generate_c(args.generator_arguments_file)
  File "/opt/ros/humble/local/lib/python3.10/dist-packages/rosidl_typesupport_introspection_c/__init__.py", line 31, in generate_c
    return generate_files(generator_arguments_file, mapping)
  File "/opt/ros/humble/local/lib/python3.10/dist-packages/rosidl_cmake/__init__.py", line 74, in generate_files
    idl_file = parse_idl_file(locator)
  File "/opt/ros/humble/local/lib/python3.10/dist-packages/rosidl_parser/parser.py", line 64, in parse_idl_file
    content = parse_idl_string(string, png_file=png_file)
  File "/opt/ros/humble/local/lib/python3.10/dist-packages/rosidl_parser/parser.py", line 72, in parse_idl_string
    tree = get_ast_from_idl_string(idl_string)
  File "/opt/ros/humble/local/lib/python3.10/dist-packages/rosidl_parser/parser.py", line 89, in get_ast_from_idl_string
    return _parser.parse(idl_string)
  File "/usr/lib/python3/dist-packages/lark/lark.py", line 619, in parse
  File "/usr/lib/python3/dist-packages/lark/parser_frontends.py", line 99, in parse
    return self.parser.parse(stream, chosen_start, **kw)
  File "/usr/lib/python3/dist-packages/lark/parsers/earley.py", line 292, in parse
    return transformer.transform(solutions[0])
  File "/usr/lib/python3/dist-packages/lark/parsers/earley_forest.py", line 395, in transform
    self.visit(root)
  File "/usr/lib/python3/dist-packages/lark/parsers/earley_forest.py", line 532, in visit
    super(ForestToParseTree, self).visit(root)
  File "/usr/lib/python3/dist-packages/lark/parsers/earley_forest.py", line 328, in visit
    if isinstance(current, TokenNode):
KeyboardInterrupt
gmake[2]: *** [CMakeFiles/urc_msgs__rosidl_typesupport_introspection_c.dir/build.make:177: rosidl_typesupport_introspection_c/urc_msgs/msg/detail/rover_status__rosidl_typesupport_introspection_c.h] Interrupt
gmake[1]: *** [CMakeFiles/Makefile2:264: CMakeFiles/urc_msgs__rosidl_typesupport_introspection_c.dir/all] Interrupt
gmake: *** [Makefile:146: all] Interrupt
