[0.134s] Invoking command in '/home/rover/workspaces/rover-real/src/build/urc_msgs': CMAKE_PREFIX_PATH=/opt/ros/humble:${CMAKE_PREFIX_PATH} /usr/bin/cmake /home/rover/workspaces/rover-real/src/common/urc_msgs -DCMAKE_INSTALL_PREFIX=/home/rover/workspaces/rover-real/src/install/urc_msgs
[1.600s] -- The C compiler identification is GNU 11.4.0
[2.001s] -- The CXX compiler identification is GNU 11.4.0
[2.020s] -- Detecting C compiler ABI info
[2.470s] -- Detecting C compiler ABI info - done
[2.488s] -- Check for working C compiler: /usr/bin/cc - skipped
[2.495s] -- Detecting C compile features
[2.497s] -- Detecting C compile features - done
[2.507s] -- Detecting CXX compiler ABI info
[3.022s] -- Detecting CXX compiler ABI info - done
[3.037s] -- Check for working CXX compiler: /usr/bin/c++ - skipped
[3.038s] -- Detecting CXX compile features
[3.038s] -- Detecting CXX compile features - done
[3.048s] -- Found ament_cmake: 1.3.12 (/opt/ros/humble/share/ament_cmake/cmake)
[3.874s] -- Found Python3: /usr/bin/python3 (found version "3.10.12") found components: Interpreter 
[4.410s] -- Found rosidl_default_generators: 1.2.0 (/opt/ros/humble/share/rosidl_default_generators/cmake)
[4.464s] -- Using all available rosidl_typesupport_c: rosidl_typesupport_fastrtps_c;rosidl_typesupport_introspection_c
[4.533s] -- Found rosidl_adapter: 3.1.7 (/opt/ros/humble/share/rosidl_adapter/cmake)
[4.828s] -- Using all available rosidl_typesupport_cpp: rosidl_typesupport_fastrtps_cpp;rosidl_typesupport_introspection_cpp
[5.063s] -- Found std_msgs: 4.9.0 (/opt/ros/humble/share/std_msgs/cmake)
[5.264s] -- Found geometry_msgs: 4.9.0 (/opt/ros/humble/share/geometry_msgs/cmake)
[5.365s] -- Found sensor_msgs: 4.9.0 (/opt/ros/humble/share/sensor_msgs/cmake)
[7.113s] -- Found ament_cmake_ros: 0.10.0 (/opt/ros/humble/share/ament_cmake_ros/cmake)
[8.380s] -- Using all available rosidl_typesupport_c: rosidl_typesupport_fastrtps_c;rosidl_typesupport_introspection_c
[9.936s] -- Using all available rosidl_typesupport_cpp: rosidl_typesupport_fastrtps_cpp;rosidl_typesupport_introspection_cpp
[10.004s] -- Found PythonInterp: /usr/bin/python3 (found suitable version "3.10.12", minimum required is "3.6") 
[10.008s] -- Found python_cmake_module: 0.10.0 (/opt/ros/humble/share/python_cmake_module/cmake)
[10.203s] -- Found PythonLibs: /usr/lib/aarch64-linux-gnu/libpython3.10.so (found suitable version "3.10.12", minimum required is "3.5") 
[10.205s] -- Using PYTHON_EXECUTABLE: /usr/bin/python3
[10.206s] -- Using PYTHON_INCLUDE_DIRS: /usr/include/python3.10
[10.209s] -- Using PYTHON_LIBRARIES: /usr/lib/aarch64-linux-gnu/libpython3.10.so
[10.404s] -- Found PythonExtra: .so  
[10.880s] -- Found ament_lint_auto: 0.12.14 (/opt/ros/humble/share/ament_lint_auto/cmake)
[10.999s] -- Added test 'copyright' to check source files copyright and LICENSE
[11.011s] -- Added test 'lint_cmake' to check CMake code style
[11.017s] -- Added test 'xmllint' to check XML markup files
[11.050s] -- Configuring done
[11.383s] -- Generating done
[11.438s] -- Build files have been written to: /home/rover/workspaces/rover-real/src/build/urc_msgs
[11.511s] Invoked command in '/home/rover/workspaces/rover-real/src/build/urc_msgs' returned '0': CMAKE_PREFIX_PATH=/opt/ros/humble:${CMAKE_PREFIX_PATH} /usr/bin/cmake /home/rover/workspaces/rover-real/src/common/urc_msgs -DCMAKE_INSTALL_PREFIX=/home/rover/workspaces/rover-real/src/install/urc_msgs
[11.513s] Invoking command in '/home/rover/workspaces/rover-real/src/build/urc_msgs': CMAKE_PREFIX_PATH=/opt/ros/humble:${CMAKE_PREFIX_PATH} /usr/bin/cmake --build /home/rover/workspaces/rover-real/src/build/urc_msgs -- -j6 -l6
[11.811s] [  1%] [34m[1mGenerating C code for ROS interfaces[0m
[12.106s] [  3%] [34m[1mGenerating C++ code for ROS interfaces[0m
[16.438s] [  3%] Built target urc_msgs__cpp
[16.480s] [  5%] [32mBuilding C object CMakeFiles/urc_msgs__rosidl_generator_c.dir/rosidl_generator_c/urc_msgs/msg/detail/rover_status__functions.c.o[0m
[16.920s] [  7%] [32mBuilding C object CMakeFiles/urc_msgs__rosidl_generator_c.dir/rosidl_generator_c/urc_msgs/msg/detail/gap_cmd__functions.c.o[0m
[17.345s] [  9%] [32mBuilding C object CMakeFiles/urc_msgs__rosidl_generator_c.dir/rosidl_generator_c/urc_msgs/msg/detail/science_data__functions.c.o[0m
[18.014s] [ 10%] [32mBuilding C object CMakeFiles/urc_msgs__rosidl_generator_c.dir/rosidl_generator_c/urc_msgs/msg/detail/gap_diag__functions.c.o[0m
[18.589s] [ 12%] [32m[1mLinking C shared library liburc_msgs__rosidl_generator_c.so[0m
[18.935s] [ 12%] Built target urc_msgs__rosidl_generator_c
[19.131s] [ 14%] [34m[1mGenerating C++ introspection for ROS interfaces[0m
[23.344s] [ 16%] [32mBuilding CXX object CMakeFiles/urc_msgs__rosidl_typesupport_introspection_cpp.dir/rosidl_typesupport_introspection_cpp/urc_msgs/msg/detail/rover_status__type_support.cpp.o[0m
[26.114s] [ 18%] [32mBuilding CXX object CMakeFiles/urc_msgs__rosidl_typesupport_introspection_cpp.dir/rosidl_typesupport_introspection_cpp/urc_msgs/msg/detail/gap_diag__type_support.cpp.o[0m
[27.972s] [ 20%] [32mBuilding CXX object CMakeFiles/urc_msgs__rosidl_typesupport_introspection_cpp.dir/rosidl_typesupport_introspection_cpp/urc_msgs/msg/detail/science_data__type_support.cpp.o[0m
[30.868s] [ 21%] [32mBuilding CXX object CMakeFiles/urc_msgs__rosidl_typesupport_introspection_cpp.dir/rosidl_typesupport_introspection_cpp/urc_msgs/msg/detail/gap_cmd__type_support.cpp.o[0m
[33.678s] [ 23%] [32m[1mLinking CXX shared library liburc_msgs__rosidl_typesupport_introspection_cpp.so[0m
[34.406s] [ 23%] Built target urc_msgs__rosidl_typesupport_introspection_cpp
[34.529s] [ 25%] [34m[1mGenerating C introspection for ROS interfaces[0m
[35.390s] Traceback (most recent call last):
[35.391s]   File "/opt/ros/humble/lib/rosidl_typesupport_introspection_c/rosidl_typesupport_introspection_c", line 31, in <module>
[35.391s]     sys.exit(main())
[35.391s]   File "/opt/ros/humble/lib/rosidl_typesupport_introspection_c/rosidl_typesupport_introspection_c", line 27, in main
[35.391s]     generate_c(args.generator_arguments_file)
[35.391s]   File "/opt/ros/humble/local/lib/python3.10/dist-packages/rosidl_typesupport_introspection_c/__init__.py", line 31, in generate_c
[35.392s]     return generate_files(generator_arguments_file, mapping)
[35.392s]   File "/opt/ros/humble/local/lib/python3.10/dist-packages/rosidl_cmake/__init__.py", line 74, in generate_files
[35.393s]     idl_file = parse_idl_file(locator)
[35.393s]   File "/opt/ros/humble/local/lib/python3.10/dist-packages/rosidl_parser/parser.py", line 64, in parse_idl_file
[35.394s]     content = parse_idl_string(string, png_file=png_file)
[35.394s]   File "/opt/ros/humble/local/lib/python3.10/dist-packages/rosidl_parser/parser.py", line 72, in parse_idl_string
[35.394s]     tree = get_ast_from_idl_string(idl_string)
[35.395s]   File "/opt/ros/humble/local/lib/python3.10/dist-packages/rosidl_parser/parser.py", line 89, in get_ast_from_idl_string
[35.395s]     return _parser.parse(idl_string)
[35.395s]   File "/usr/lib/python3/dist-packages/lark/lark.py", line 619, in parse
[35.633s]   File "/usr/lib/python3/dist-packages/lark/parser_frontends.py", line 99, in parse
[35.671s]     return self.parser.parse(stream, chosen_start, **kw)
[35.673s]   File "/usr/lib/python3/dist-packages/lark/parsers/earley.py", line 292, in parse
[35.704s]     return transformer.transform(solutions[0])
[35.704s]   File "/usr/lib/python3/dist-packages/lark/parsers/earley_forest.py", line 395, in transform
[35.715s]     self.visit(root)
[35.715s]   File "/usr/lib/python3/dist-packages/lark/parsers/earley_forest.py", line 532, in visit
[35.768s]     super(ForestToParseTree, self).visit(root)
[35.769s]   File "/usr/lib/python3/dist-packages/lark/parsers/earley_forest.py", line 328, in visit
[35.769s]     if isinstance(current, TokenNode):
[35.772s] KeyboardInterrupt
[35.810s] gmake[2]: *** [CMakeFiles/urc_msgs__rosidl_typesupport_introspection_c.dir/build.make:177: rosidl_typesupport_introspection_c/urc_msgs/msg/detail/rover_status__rosidl_typesupport_introspection_c.h] Interrupt
[35.810s] gmake[1]: *** [CMakeFiles/Makefile2:264: CMakeFiles/urc_msgs__rosidl_typesupport_introspection_c.dir/all] Interrupt
[35.810s] gmake: *** [Makefile:146: all] Interrupt
