-- The C compiler identification is GNU 11.4.0
-- The CXX compiler identification is GNU 11.4.0
-- Detecting C compiler ABI info
-- Detecting C compiler ABI info - done
-- Check for working C compiler: /usr/bin/cc - skipped
-- Detecting C compile features
-- Detecting C compile features - done
-- Detecting CXX compiler ABI info
-- Detecting CXX compiler ABI info - done
-- Check for working CXX compiler: /usr/bin/c++ - skipped
-- Detecting CXX compile features
-- Detecting CXX compile features - done
-- Found ament_cmake: 1.3.12 (/opt/ros/humble/share/ament_cmake/cmake)
-- Found Python3: /usr/bin/python3 (found version "3.10.12") found components: Interpreter 
-- Found rclcpp: 16.0.14 (/opt/ros/humble/share/rclcpp/cmake)
-- Found rosidl_generator_c: 3.1.7 (/opt/ros/humble/share/rosidl_generator_c/cmake)
-- Found rosidl_adapter: 3.1.7 (/opt/ros/humble/share/rosidl_adapter/cmake)
-- Found rosidl_generator_cpp: 3.1.7 (/opt/ros/humble/share/rosidl_generator_cpp/cmake)
-- Using all available rosidl_typesupport_c: rosidl_typesupport_fastrtps_c;rosidl_typesupport_introspection_c
-- Using all available rosidl_typesupport_cpp: rosidl_typesupport_fastrtps_cpp;rosidl_typesupport_introspection_cpp
-- Found rmw_implementation_cmake: 6.1.2 (/opt/ros/humble/share/rmw_implementation_cmake/cmake)
-- Found rmw_cyclonedds_cpp: 1.3.4 (/opt/ros/humble/share/rmw_cyclonedds_cpp/cmake)
-- Using RMW implementation 'rmw_cyclonedds_cpp' as default
-- Looking for pthread.h
-- Looking for pthread.h - found
-- Performing Test CMAKE_HAVE_LIBC_PTHREAD
-- Performing Test CMAKE_HAVE_LIBC_PTHREAD - Success
-- Found Threads: TRUE  
-- Found geometry_msgs: 4.9.0 (/opt/ros/humble/share/geometry_msgs/cmake)
-- Found nav_msgs: 4.9.0 (/opt/ros/humble/share/nav_msgs/cmake)
-- Found ament_lint_auto: 0.12.14 (/opt/ros/humble/share/ament_lint_auto/cmake)
-- Configuring done
-- Generating done
[33mCMake Warning:
  Manually-specified variables were not used by the project:

    CATKIN_INSTALL_INTO_PREFIX_ROOT

[0m
-- Build files have been written to: /home/rover/workspaces/rover-real/src/build/path_planner
-- Install configuration: ""
-- Installing: /home/rover/workspaces/rover-real/src/install/path_planner/share/ament_index/resource_index/package_run_dependencies/path_planner
-- Installing: /home/rover/workspaces/rover-real/src/install/path_planner/share/ament_index/resource_index/parent_prefix_path/path_planner
-- Installing: /home/rover/workspaces/rover-real/src/install/path_planner/share/path_planner/environment/ament_prefix_path.sh
-- Installing: /home/rover/workspaces/rover-real/src/install/path_planner/share/path_planner/environment/ament_prefix_path.dsv
-- Installing: /home/rover/workspaces/rover-real/src/install/path_planner/share/path_planner/environment/path.sh
-- Installing: /home/rover/workspaces/rover-real/src/install/path_planner/share/path_planner/environment/path.dsv
-- Installing: /home/rover/workspaces/rover-real/src/install/path_planner/share/path_planner/local_setup.bash
-- Installing: /home/rover/workspaces/rover-real/src/install/path_planner/share/path_planner/local_setup.sh
-- Installing: /home/rover/workspaces/rover-real/src/install/path_planner/share/path_planner/local_setup.zsh
-- Installing: /home/rover/workspaces/rover-real/src/install/path_planner/share/path_planner/local_setup.dsv
-- Installing: /home/rover/workspaces/rover-real/src/install/path_planner/share/path_planner/package.dsv
-- Installing: /home/rover/workspaces/rover-real/src/install/path_planner/share/ament_index/resource_index/packages/path_planner
-- Installing: /home/rover/workspaces/rover-real/src/install/path_planner/share/path_planner/cmake/path_plannerConfig.cmake
-- Installing: /home/rover/workspaces/rover-real/src/install/path_planner/share/path_planner/cmake/path_plannerConfig-version.cmake
-- Installing: /home/rover/workspaces/rover-real/src/install/path_planner/share/path_planner/package.xml
