[0.188s] Invoking command in '/home/rover/workspaces/rover-real/src/build/loc_fusion': /usr/bin/cmake --build /home/rover/workspaces/rover-real/src/build/loc_fusion -- -j6 -l6
[0.466s] Invoked command in '/home/rover/workspaces/rover-real/src/build/loc_fusion' returned '0': /usr/bin/cmake --build /home/rover/workspaces/rover-real/src/build/loc_fusion -- -j6 -l6
[0.549s] Invoking command in '/home/rover/workspaces/rover-real/src/build/loc_fusion': /usr/bin/cmake --install /home/rover/workspaces/rover-real/src/build/loc_fusion
[0.665s] -- Install configuration: ""
[0.668s] -- Up-to-date: /home/rover/workspaces/rover-real/src/install/loc_fusion/share/ament_index/resource_index/package_run_dependencies/loc_fusion
[0.668s] -- Up-to-date: /home/rover/workspaces/rover-real/src/install/loc_fusion/share/ament_index/resource_index/parent_prefix_path/loc_fusion
[0.669s] -- Up-to-date: /home/rover/workspaces/rover-real/src/install/loc_fusion/share/loc_fusion/environment/ament_prefix_path.sh
[0.669s] -- Up-to-date: /home/rover/workspaces/rover-real/src/install/loc_fusion/share/loc_fusion/environment/ament_prefix_path.dsv
[0.669s] -- Up-to-date: /home/rover/workspaces/rover-real/src/install/loc_fusion/share/loc_fusion/environment/path.sh
[0.669s] -- Up-to-date: /home/rover/workspaces/rover-real/src/install/loc_fusion/share/loc_fusion/environment/path.dsv
[0.669s] -- Up-to-date: /home/rover/workspaces/rover-real/src/install/loc_fusion/share/loc_fusion/local_setup.bash
[0.669s] -- Up-to-date: /home/rover/workspaces/rover-real/src/install/loc_fusion/share/loc_fusion/local_setup.sh
[0.672s] -- Up-to-date: /home/rover/workspaces/rover-real/src/install/loc_fusion/share/loc_fusion/local_setup.zsh
[0.673s] -- Up-to-date: /home/rover/workspaces/rover-real/src/install/loc_fusion/share/loc_fusion/local_setup.dsv
[0.673s] -- Installing: /home/rover/workspaces/rover-real/src/install/loc_fusion/share/loc_fusion/package.dsv
[0.673s] -- Up-to-date: /home/rover/workspaces/rover-real/src/install/loc_fusion/share/ament_index/resource_index/packages/loc_fusion
[0.673s] -- Up-to-date: /home/rover/workspaces/rover-real/src/install/loc_fusion/share/loc_fusion/cmake/loc_fusionConfig.cmake
[0.673s] -- Up-to-date: /home/rover/workspaces/rover-real/src/install/loc_fusion/share/loc_fusion/cmake/loc_fusionConfig-version.cmake
[0.687s] -- Up-to-date: /home/rover/workspaces/rover-real/src/install/loc_fusion/share/loc_fusion/package.xml
[0.688s] Invoked command in '/home/rover/workspaces/rover-real/src/build/loc_fusion' returned '0': /usr/bin/cmake --install /home/rover/workspaces/rover-real/src/build/loc_fusion
