[0.157s] Invoking command in '/home/rover/workspaces/rover-real/src/build/arm_firmware': CMAKE_PREFIX_PATH=/opt/ros/humble:${CMAKE_PREFIX_PATH} /usr/bin/cmake /home/rover/workspaces/rover-real/src/arm_firmware -DCMAKE_INSTALL_PREFIX=/home/rover/workspaces/rover-real/src/install/arm_firmware
[0.483s] -- The C compiler identification is GNU 11.4.0
[0.804s] -- The CXX compiler identification is GNU 11.4.0
[0.848s] -- Detecting C compiler ABI info
[1.473s] -- Detecting C compiler ABI info - done
[1.511s] -- Check for working C compiler: /usr/bin/cc - skipped
[1.513s] -- Detecting C compile features
[1.516s] -- Detecting C compile features - done
[1.528s] -- Detecting CXX compiler ABI info
[2.086s] -- Detecting CXX compiler ABI info - done
[2.117s] -- Check for working CXX compiler: /usr/bin/c++ - skipped
[2.118s] -- Detecting CXX compile features
[2.125s] -- Detecting CXX compile features - done
[2.143s] -- Found ament_cmake: 1.3.12 (/opt/ros/humble/share/ament_cmake/cmake)
[3.047s] -- Found Python3: /usr/bin/python3 (found version "3.10.12") found components: Interpreter 
[4.672s] -- Configuring done
[5.098s] -- Generating done
[5.124s] -- Build files have been written to: /home/rover/workspaces/rover-real/src/build/arm_firmware
[5.152s] Invoked command in '/home/rover/workspaces/rover-real/src/build/arm_firmware' returned '0': CMAKE_PREFIX_PATH=/opt/ros/humble:${CMAKE_PREFIX_PATH} /usr/bin/cmake /home/rover/workspaces/rover-real/src/arm_firmware -DCMAKE_INSTALL_PREFIX=/home/rover/workspaces/rover-real/src/install/arm_firmware
[5.172s] Invoking command in '/home/rover/workspaces/rover-real/src/build/arm_firmware': CMAKE_PREFIX_PATH=/opt/ros/humble:${CMAKE_PREFIX_PATH} /usr/bin/cmake --build /home/rover/workspaces/rover-real/src/build/arm_firmware -- -j6 -l6
[5.942s] [  0%] [32mBuilding CXX object CMakeFiles/arm_firmware.elf.dir/src/Main.cpp.o[0m
[11.034s] [  0%] [32mBuilding CXX object CMakeFiles/arm_firmware.elf.dir/home/rover/.arduino15/packages/teensy/hardware/avr/1.59.0/cores/teensy4/EventResponder.cpp.o[0m
[14.487s] [  0%] [32mBuilding CXX object CMakeFiles/arm_firmware.elf.dir/home/rover/.arduino15/packages/teensy/hardware/avr/1.59.0/cores/teensy4/HardwareSerial.cpp.o[0m
[18.942s] [  1%] [32mBuilding CXX object CMakeFiles/arm_firmware.elf.dir/home/rover/.arduino15/packages/teensy/hardware/avr/1.59.0/cores/teensy4/HardwareSerial1.cpp.o[0m
[21.742s] [  1%] [32mBuilding CXX object CMakeFiles/arm_firmware.elf.dir/home/rover/.arduino15/packages/teensy/hardware/avr/1.59.0/cores/teensy4/HardwareSerial2.cpp.o[0m
[25.233s] [  2%] [32mBuilding CXX object CMakeFiles/arm_firmware.elf.dir/home/rover/.arduino15/packages/teensy/hardware/avr/1.59.0/cores/teensy4/HardwareSerial3.cpp.o[0m
[26.273s] gmake[2]: *** [CMakeFiles/arm_firmware.elf.dir/build.make:202: CMakeFiles/arm_firmware.elf.dir/home/rover/.arduino15/packages/teensy/hardware/avr/1.59.0/cores/teensy4/HardwareSerial3.cpp.o] Interrupt
[26.273s] gmake[1]: *** [CMakeFiles/Makefile2:137: CMakeFiles/arm_firmware.elf.dir/all] Interrupt
[26.274s] gmake: *** [Makefile:146: all] Interrupt
[26.279s] Invoked command in '/home/rover/workspaces/rover-real/src/build/arm_firmware' returned '-2': CMAKE_PREFIX_PATH=/opt/ros/humble:${CMAKE_PREFIX_PATH} /usr/bin/cmake --build /home/rover/workspaces/rover-real/src/build/arm_firmware -- -j6 -l6
