[0.230s] Invoking command in '/home/rover/workspaces/rover-real/src/build/rover_simulation': CMAKE_PREFIX_PATH=/opt/ros/humble:${CMAKE_PREFIX_PATH} /usr/bin/cmake /home/rover/workspaces/rover-real/src/rover_simulation -DCMAKE_INSTALL_PREFIX=/home/rover/workspaces/rover-real/src/install/rover_simulation
[0.527s] -- The C compiler identification is GNU 11.4.0
[0.822s] -- The CXX compiler identification is GNU 11.4.0
[0.847s] -- Detecting C compiler ABI info
[1.229s] -- Detecting C compiler ABI info - done
[1.249s] -- Check for working C compiler: /usr/bin/cc - skipped
[1.249s] -- Detecting C compile features
[1.260s] -- Detecting C compile features - done
[1.281s] -- Detecting CXX compiler ABI info
[1.786s] -- Detecting CXX compiler ABI info - done
[1.799s] -- Check for working CXX compiler: /usr/bin/c++ - skipped
[1.799s] -- Detecting CXX compile features
[1.800s] -- Detecting CXX compile features - done
[1.807s] -- Found ament_cmake: 1.3.12 (/opt/ros/humble/share/ament_cmake/cmake)
[2.426s] -- Found Python3: /usr/bin/python3 (found version "3.10.12") found components: Interpreter 
[2.781s] -- Found ament_lint_auto: 0.12.14 (/opt/ros/humble/share/ament_lint_auto/cmake)
[3.072s] -- Added test 'copyright' to check source files copyright and LICENSE
[3.077s] -- Added test 'lint_cmake' to check CMake code style
[3.081s] -- Added test 'xmllint' to check XML markup files
[3.086s] -- Configuring done
[3.094s] -- Generating done
[3.100s] -- Build files have been written to: /home/rover/workspaces/rover-real/src/build/rover_simulation
[3.121s] Invoked command in '/home/rover/workspaces/rover-real/src/build/rover_simulation' returned '0': CMAKE_PREFIX_PATH=/opt/ros/humble:${CMAKE_PREFIX_PATH} /usr/bin/cmake /home/rover/workspaces/rover-real/src/rover_simulation -DCMAKE_INSTALL_PREFIX=/home/rover/workspaces/rover-real/src/install/rover_simulation
[3.130s] Invoking command in '/home/rover/workspaces/rover-real/src/build/rover_simulation': CMAKE_PREFIX_PATH=/opt/ros/humble:${CMAKE_PREFIX_PATH} /usr/bin/cmake --build /home/rover/workspaces/rover-real/src/build/rover_simulation -- -j6 -l6
[3.312s] Invoked command in '/home/rover/workspaces/rover-real/src/build/rover_simulation' returned '0': CMAKE_PREFIX_PATH=/opt/ros/humble:${CMAKE_PREFIX_PATH} /usr/bin/cmake --build /home/rover/workspaces/rover-real/src/build/rover_simulation -- -j6 -l6
[3.335s] Invoking command in '/home/rover/workspaces/rover-real/src/build/rover_simulation': CMAKE_PREFIX_PATH=/opt/ros/humble:${CMAKE_PREFIX_PATH} /usr/bin/cmake --install /home/rover/workspaces/rover-real/src/build/rover_simulation
[3.370s] -- Install configuration: ""
[3.371s] -- Installing: /home/rover/workspaces/rover-real/src/install/rover_simulation/share/rover_simulation//launch
[3.371s] -- Installing: /home/rover/workspaces/rover-real/src/install/rover_simulation/share/rover_simulation//config
[3.372s] -- Installing: /home/rover/workspaces/rover-real/src/install/rover_simulation/share/rover_simulation//sdf
[3.372s] -- Installing: /home/rover/workspaces/rover-real/src/install/rover_simulation/share/rover_simulation//worlds
[3.372s] -- Installing: /home/rover/workspaces/rover-real/src/install/rover_simulation/share/rover_simulation//scripts
[3.372s] -- Installing: /home/rover/workspaces/rover-real/src/install/rover_simulation/share/ament_index/resource_index/package_run_dependencies/rover_simulation
[3.372s] -- Installing: /home/rover/workspaces/rover-real/src/install/rover_simulation/share/ament_index/resource_index/parent_prefix_path/rover_simulation
[3.373s] -- Installing: /home/rover/workspaces/rover-real/src/install/rover_simulation/share/rover_simulation/environment/ament_prefix_path.sh
[3.373s] -- Installing: /home/rover/workspaces/rover-real/src/install/rover_simulation/share/rover_simulation/environment/ament_prefix_path.dsv
[3.373s] -- Installing: /home/rover/workspaces/rover-real/src/install/rover_simulation/share/rover_simulation/environment/path.sh
[3.374s] -- Installing: /home/rover/workspaces/rover-real/src/install/rover_simulation/share/rover_simulation/environment/path.dsv
[3.374s] -- Installing: /home/rover/workspaces/rover-real/src/install/rover_simulation/share/rover_simulation/local_setup.bash
[3.374s] -- Installing: /home/rover/workspaces/rover-real/src/install/rover_simulation/share/rover_simulation/local_setup.sh
[3.375s] -- Installing: /home/rover/workspaces/rover-real/src/install/rover_simulation/share/rover_simulation/local_setup.zsh
[3.375s] -- Installing: /home/rover/workspaces/rover-real/src/install/rover_simulation/share/rover_simulation/local_setup.dsv
[3.376s] -- Installing: /home/rover/workspaces/rover-real/src/install/rover_simulation/share/rover_simulation/package.dsv
[3.376s] -- Installing: /home/rover/workspaces/rover-real/src/install/rover_simulation/share/ament_index/resource_index/packages/rover_simulation
[3.376s] -- Installing: /home/rover/workspaces/rover-real/src/install/rover_simulation/share/rover_simulation/cmake/rover_simulationConfig.cmake
[3.377s] -- Installing: /home/rover/workspaces/rover-real/src/install/rover_simulation/share/rover_simulation/cmake/rover_simulationConfig-version.cmake
[3.377s] -- Installing: /home/rover/workspaces/rover-real/src/install/rover_simulation/share/rover_simulation/package.xml
[3.388s] Invoked command in '/home/rover/workspaces/rover-real/src/build/rover_simulation' returned '0': CMAKE_PREFIX_PATH=/opt/ros/humble:${CMAKE_PREFIX_PATH} /usr/bin/cmake --install /home/rover/workspaces/rover-real/src/build/rover_simulation
