[0.110s] Invoking command in '/home/rover/workspaces/rover-real/src/build/arm_firmware': CMAKE_PREFIX_PATH=/opt/ros/humble:${CMAKE_PREFIX_PATH} /usr/bin/cmake /home/rover/workspaces/rover-real/src/arm_firmware -DCMAKE_INSTALL_PREFIX=/home/rover/workspaces/rover-real/src/install/arm_firmware
[0.406s] -- The C compiler identification is GNU 11.4.0
[0.670s] -- The CXX compiler identification is GNU 11.4.0
[0.694s] -- Detecting C compiler ABI info
[1.025s] -- Detecting C compiler ABI info - done
[1.040s] -- Check for working C compiler: /usr/bin/cc - skipped
[1.041s] -- Detecting C compile features
[1.041s] -- Detecting C compile features - done
[1.050s] -- Detecting CXX compiler ABI info
[1.433s] -- Detecting CXX compiler ABI info - done
[1.462s] -- Check for working CXX compiler: /usr/bin/c++ - skipped
[1.463s] -- Detecting CXX compile features
[1.476s] -- Detecting CXX compile features - done
[1.483s] -- Found ament_cmake: 1.3.12 (/opt/ros/humble/share/ament_cmake/cmake)
[2.104s] -- Found Python3: /usr/bin/python3 (found version "3.10.12") found components: Interpreter 
[2.651s] -- Configuring done
[2.820s] -- Generating done
[2.830s] -- Build files have been written to: /home/rover/workspaces/rover-real/src/build/arm_firmware
[2.982s] Invoked command in '/home/rover/workspaces/rover-real/src/build/arm_firmware' returned '0': CMAKE_PREFIX_PATH=/opt/ros/humble:${CMAKE_PREFIX_PATH} /usr/bin/cmake /home/rover/workspaces/rover-real/src/arm_firmware -DCMAKE_INSTALL_PREFIX=/home/rover/workspaces/rover-real/src/install/arm_firmware
[2.984s] Invoking command in '/home/rover/workspaces/rover-real/src/build/arm_firmware': CMAKE_PREFIX_PATH=/opt/ros/humble:${CMAKE_PREFIX_PATH} /usr/bin/cmake --build /home/rover/workspaces/rover-real/src/build/arm_firmware -- -j6 -l6
[3.465s] [  0%] [32mBuilding CXX object CMakeFiles/arm_firmware.elf.dir/src/Main.cpp.o[0m
[3.492s] [  0%] [32mBuilding C object CMakeFiles/arm_firmware.elf.dir/src/compat_stubs.c.o[0m
[3.533s] [  1%] [32mBuilding CXX object CMakeFiles/arm_firmware.elf.dir/home/rover/.arduino15/packages/teensy/hardware/avr/1.59.0/cores/teensy4/AudioStream.cpp.o[0m
[3.550s] [  2%] [32mBuilding CXX object CMakeFiles/arm_firmware.elf.dir/home/rover/.arduino15/packages/teensy/hardware/avr/1.59.0/cores/teensy4/DMAChannel.cpp.o[0m
[3.573s] [  2%] [32mBuilding CXX object CMakeFiles/arm_firmware.elf.dir/home/rover/.arduino15/packages/teensy/hardware/avr/1.59.0/cores/teensy4/CrashReport.cpp.o[0m
[3.647s] [  2%] [32mBuilding CXX object CMakeFiles/arm_firmware.elf.dir/home/rover/.arduino15/packages/teensy/hardware/avr/1.59.0/cores/teensy4/EventResponder.cpp.o[0m
[4.349s] [  2%] [32mBuilding CXX object CMakeFiles/arm_firmware.elf.dir/home/rover/.arduino15/packages/teensy/hardware/avr/1.59.0/cores/teensy4/HardwareSerial.cpp.o[0m
[4.884s] [  3%] [32mBuilding CXX object CMakeFiles/arm_firmware.elf.dir/home/rover/.arduino15/packages/teensy/hardware/avr/1.59.0/cores/teensy4/HardwareSerial1.cpp.o[0m
[9.390s] [  3%] [32mBuilding CXX object CMakeFiles/arm_firmware.elf.dir/home/rover/.arduino15/packages/teensy/hardware/avr/1.59.0/cores/teensy4/HardwareSerial2.cpp.o[0m
[10.581s] [  4%] [32mBuilding CXX object CMakeFiles/arm_firmware.elf.dir/home/rover/.arduino15/packages/teensy/hardware/avr/1.59.0/cores/teensy4/HardwareSerial3.cpp.o[0m
[10.679s] [  4%] [32mBuilding CXX object CMakeFiles/arm_firmware.elf.dir/home/rover/.arduino15/packages/teensy/hardware/avr/1.59.0/cores/teensy4/HardwareSerial4.cpp.o[0m
[10.732s] [  4%] [32mBuilding CXX object CMakeFiles/arm_firmware.elf.dir/home/rover/.arduino15/packages/teensy/hardware/avr/1.59.0/cores/teensy4/HardwareSerial5.cpp.o[0m
[10.834s] [  5%] [32mBuilding CXX object CMakeFiles/arm_firmware.elf.dir/home/rover/.arduino15/packages/teensy/hardware/avr/1.59.0/cores/teensy4/HardwareSerial6.cpp.o[0m
[11.783s] [  5%] [32mBuilding CXX object CMakeFiles/arm_firmware.elf.dir/home/rover/.arduino15/packages/teensy/hardware/avr/1.59.0/cores/teensy4/HardwareSerial7.cpp.o[0m
[14.513s] [  6%] [32mBuilding CXX object CMakeFiles/arm_firmware.elf.dir/home/rover/.arduino15/packages/teensy/hardware/avr/1.59.0/cores/teensy4/HardwareSerial8.cpp.o[0m
[16.555s] [  6%] [32mBuilding CXX object CMakeFiles/arm_firmware.elf.dir/home/rover/.arduino15/packages/teensy/hardware/avr/1.59.0/cores/teensy4/IPAddress.cpp.o[0m
[20.613s] [  6%] [32mBuilding CXX object CMakeFiles/arm_firmware.elf.dir/home/rover/.arduino15/packages/teensy/hardware/avr/1.59.0/cores/teensy4/Tone.cpp.o[0m
[24.438s] [  6%] [32mBuilding CXX object CMakeFiles/arm_firmware.elf.dir/home/rover/.arduino15/packages/teensy/hardware/avr/1.59.0/cores/teensy4/WMath.cpp.o[0m
[24.951s] [  7%] [32mBuilding CXX object CMakeFiles/arm_firmware.elf.dir/home/rover/.arduino15/packages/teensy/hardware/avr/1.59.0/cores/teensy4/WString.cpp.o[0m
[28.801s] [  7%] [32mBuilding C object CMakeFiles/arm_firmware.elf.dir/home/rover/.arduino15/packages/teensy/hardware/avr/1.59.0/cores/teensy4/analog.c.o[0m
[29.258s] [  8%] [32mBuilding C object CMakeFiles/arm_firmware.elf.dir/home/rover/.arduino15/packages/teensy/hardware/avr/1.59.0/cores/teensy4/bootdata.c.o[0m
[29.446s] [  8%] [32mBuilding C object CMakeFiles/arm_firmware.elf.dir/home/rover/.arduino15/packages/teensy/hardware/avr/1.59.0/cores/teensy4/clockspeed.c.o[0m
[29.837s] [  8%] [32mBuilding C object CMakeFiles/arm_firmware.elf.dir/home/rover/.arduino15/packages/teensy/hardware/avr/1.59.0/cores/teensy4/debugprintf.c.o[0m
[30.025s] [  9%] [32mBuilding C object CMakeFiles/arm_firmware.elf.dir/home/rover/.arduino15/packages/teensy/hardware/avr/1.59.0/cores/teensy4/delay.c.o[0m
[30.379s] [  9%] [32mBuilding C object CMakeFiles/arm_firmware.elf.dir/home/rover/.arduino15/packages/teensy/hardware/avr/1.59.0/cores/teensy4/digital.c.o[0m
[30.857s] [ 10%] [32mBuilding C object CMakeFiles/arm_firmware.elf.dir/home/rover/.arduino15/packages/teensy/hardware/avr/1.59.0/cores/teensy4/eeprom.c.o[0m
[31.467s] [ 10%] [32mBuilding C object CMakeFiles/arm_firmware.elf.dir/home/rover/.arduino15/packages/teensy/hardware/avr/1.59.0/cores/teensy4/extmem.c.o[0m
[31.841s] [ 10%] [32mBuilding C object CMakeFiles/arm_firmware.elf.dir/home/rover/.arduino15/packages/teensy/hardware/avr/1.59.0/cores/teensy4/fuse.c.o[0m
[32.106s] [ 11%] [32mBuilding C object CMakeFiles/arm_firmware.elf.dir/home/rover/.arduino15/packages/teensy/hardware/avr/1.59.0/cores/teensy4/interrupt.c.o[0m
[32.415s] [ 11%] [32mBuilding C object CMakeFiles/arm_firmware.elf.dir/home/rover/.arduino15/packages/teensy/hardware/avr/1.59.0/cores/teensy4/keylayouts.c.o[0m
[32.547s] [ 12%] [32mBuilding C object CMakeFiles/arm_firmware.elf.dir/home/rover/.arduino15/packages/teensy/hardware/avr/1.59.0/cores/teensy4/libc.c.o[0m
[32.641s] [ 12%] [32mBuilding CXX object CMakeFiles/arm_firmware.elf.dir/home/rover/.arduino15/packages/teensy/hardware/avr/1.59.0/cores/teensy4/main.cpp.o[0m
[34.300s] [ 12%] [32mBuilding CXX object CMakeFiles/arm_firmware.elf.dir/home/rover/.arduino15/packages/teensy/hardware/avr/1.59.0/cores/teensy4/new.cpp.o[0m
[34.471s] [ 13%] [32mBuilding C object CMakeFiles/arm_firmware.elf.dir/home/rover/.arduino15/packages/teensy/hardware/avr/1.59.0/cores/teensy4/nonstd.c.o[0m
[34.806s] [ 13%] [32mBuilding C object CMakeFiles/arm_firmware.elf.dir/home/rover/.arduino15/packages/teensy/hardware/avr/1.59.0/cores/teensy4/pwm.c.o[0m
[35.282s] [ 14%] [32mBuilding C object CMakeFiles/arm_firmware.elf.dir/home/rover/.arduino15/packages/teensy/hardware/avr/1.59.0/cores/teensy4/rtc.c.o[0m
[35.614s] [ 14%] [32mBuilding CXX object CMakeFiles/arm_firmware.elf.dir/home/rover/.arduino15/packages/teensy/hardware/avr/1.59.0/cores/teensy4/serialEvent.cpp.o[0m
[35.721s] [ 14%] [32mBuilding CXX object CMakeFiles/arm_firmware.elf.dir/home/rover/.arduino15/packages/teensy/hardware/avr/1.59.0/cores/teensy4/serialEvent1.cpp.o[0m
[35.852s] [ 15%] [32mBuilding CXX object CMakeFiles/arm_firmware.elf.dir/home/rover/.arduino15/packages/teensy/hardware/avr/1.59.0/cores/teensy4/serialEvent2.cpp.o[0m
[35.992s] [ 15%] [32mBuilding CXX object CMakeFiles/arm_firmware.elf.dir/home/rover/.arduino15/packages/teensy/hardware/avr/1.59.0/cores/teensy4/serialEvent3.cpp.o[0m
[36.087s] [ 16%] [32mBuilding CXX object CMakeFiles/arm_firmware.elf.dir/home/rover/.arduino15/packages/teensy/hardware/avr/1.59.0/cores/teensy4/serialEvent4.cpp.o[0m
[36.207s] [ 16%] [32mBuilding CXX object CMakeFiles/arm_firmware.elf.dir/home/rover/.arduino15/packages/teensy/hardware/avr/1.59.0/cores/teensy4/serialEvent5.cpp.o[0m
[36.302s] [ 16%] [32mBuilding CXX object CMakeFiles/arm_firmware.elf.dir/home/rover/.arduino15/packages/teensy/hardware/avr/1.59.0/cores/teensy4/serialEvent6.cpp.o[0m
[36.388s] [ 17%] [32mBuilding CXX object CMakeFiles/arm_firmware.elf.dir/home/rover/.arduino15/packages/teensy/hardware/avr/1.59.0/cores/teensy4/serialEvent7.cpp.o[0m
[36.532s] [ 17%] [32mBuilding CXX object CMakeFiles/arm_firmware.elf.dir/home/rover/.arduino15/packages/teensy/hardware/avr/1.59.0/cores/teensy4/serialEvent8.cpp.o[0m
[36.711s] [ 18%] [32mBuilding CXX object CMakeFiles/arm_firmware.elf.dir/home/rover/.arduino15/packages/teensy/hardware/avr/1.59.0/cores/teensy4/serialEventUSB1.cpp.o[0m
[36.819s] [ 18%] [32mBuilding CXX object CMakeFiles/arm_firmware.elf.dir/home/rover/.arduino15/packages/teensy/hardware/avr/1.59.0/cores/teensy4/serialEventUSB2.cpp.o[0m
[36.967s] [ 18%] [32mBuilding C object CMakeFiles/arm_firmware.elf.dir/home/rover/.arduino15/packages/teensy/hardware/avr/1.59.0/cores/teensy4/sm_alloc_valid.c.o[0m
[37.132s] [ 19%] [32mBuilding C object CMakeFiles/arm_firmware.elf.dir/home/rover/.arduino15/packages/teensy/hardware/avr/1.59.0/cores/teensy4/sm_calloc.c.o[0m
[37.324s] [ 19%] [32mBuilding C object CMakeFiles/arm_firmware.elf.dir/home/rover/.arduino15/packages/teensy/hardware/avr/1.59.0/cores/teensy4/sm_free.c.o[0m
[37.506s] [ 20%] [32mBuilding C object CMakeFiles/arm_firmware.elf.dir/home/rover/.arduino15/packages/teensy/hardware/avr/1.59.0/cores/teensy4/sm_hash.c.o[0m
[37.664s] [ 20%] [32mBuilding C object CMakeFiles/arm_firmware.elf.dir/home/rover/.arduino15/packages/teensy/hardware/avr/1.59.0/cores/teensy4/sm_malloc.c.o[0m
[38.176s] [ 20%] [32mBuilding C object CMakeFiles/arm_firmware.elf.dir/home/rover/.arduino15/packages/teensy/hardware/avr/1.59.0/cores/teensy4/sm_malloc_stats.c.o[0m
[38.452s] [ 21%] [32mBuilding C object CMakeFiles/arm_firmware.elf.dir/home/rover/.arduino15/packages/teensy/hardware/avr/1.59.0/cores/teensy4/sm_pool.c.o[0m
[38.678s] [ 21%] [32mBuilding C object CMakeFiles/arm_firmware.elf.dir/home/rover/.arduino15/packages/teensy/hardware/avr/1.59.0/cores/teensy4/sm_realloc.c.o[0m
[38.793s] [ 22%] [32mBuilding C object CMakeFiles/arm_firmware.elf.dir/home/rover/.arduino15/packages/teensy/hardware/avr/1.59.0/cores/teensy4/sm_realloc_i.c.o[0m
[39.150s] [ 22%] [32mBuilding C object CMakeFiles/arm_firmware.elf.dir/home/rover/.arduino15/packages/teensy/hardware/avr/1.59.0/cores/teensy4/sm_realloc_move.c.o[0m
[39.350s] [ 22%] [32mBuilding C object CMakeFiles/arm_firmware.elf.dir/home/rover/.arduino15/packages/teensy/hardware/avr/1.59.0/cores/teensy4/sm_szalloc.c.o[0m
[39.628s] [ 23%] [32mBuilding C object CMakeFiles/arm_firmware.elf.dir/home/rover/.arduino15/packages/teensy/hardware/avr/1.59.0/cores/teensy4/sm_util.c.o[0m
[39.818s] [ 23%] [32mBuilding C object CMakeFiles/arm_firmware.elf.dir/home/rover/.arduino15/packages/teensy/hardware/avr/1.59.0/cores/teensy4/sm_zalloc.c.o[0m
[39.969s] [ 24%] [32mBuilding C object CMakeFiles/arm_firmware.elf.dir/home/rover/.arduino15/packages/teensy/hardware/avr/1.59.0/cores/teensy4/startup.c.o[0m
[40.581s] [ 24%] [32mBuilding C object CMakeFiles/arm_firmware.elf.dir/home/rover/.arduino15/packages/teensy/hardware/avr/1.59.0/cores/teensy4/tempmon.c.o[0m
[40.861s] [ 24%] [32mBuilding C object CMakeFiles/arm_firmware.elf.dir/home/rover/.arduino15/packages/teensy/hardware/avr/1.59.0/cores/teensy4/usb.c.o[0m
[41.485s] [ 25%] [32mBuilding CXX object CMakeFiles/arm_firmware.elf.dir/home/rover/.arduino15/packages/teensy/hardware/avr/1.59.0/cores/teensy4/usb_audio.cpp.o[0m
[43.072s] [ 25%] [32mBuilding C object CMakeFiles/arm_firmware.elf.dir/home/rover/.arduino15/packages/teensy/hardware/avr/1.59.0/cores/teensy4/usb_desc.c.o[0m
[43.229s] [ 26%] [32mBuilding CXX object CMakeFiles/arm_firmware.elf.dir/home/rover/.arduino15/packages/teensy/hardware/avr/1.59.0/cores/teensy4/usb_flightsim.cpp.o[0m
[43.403s] [ 26%] [32mBuilding CXX object CMakeFiles/arm_firmware.elf.dir/home/rover/.arduino15/packages/teensy/hardware/avr/1.59.0/cores/teensy4/usb_inst.cpp.o[0m
[45.013s] [ 26%] [32mBuilding C object CMakeFiles/arm_firmware.elf.dir/home/rover/.arduino15/packages/teensy/hardware/avr/1.59.0/cores/teensy4/usb_joystick.c.o[0m
[45.327s] [ 27%] [32mBuilding C object CMakeFiles/arm_firmware.elf.dir/home/rover/.arduino15/packages/teensy/hardware/avr/1.59.0/cores/teensy4/usb_keyboard.c.o[0m
[45.503s] [ 27%] [32mBuilding C object CMakeFiles/arm_firmware.elf.dir/home/rover/.arduino15/packages/teensy/hardware/avr/1.59.0/cores/teensy4/usb_midi.c.o[0m
[45.775s] [ 28%] [32mBuilding C object CMakeFiles/arm_firmware.elf.dir/home/rover/.arduino15/packages/teensy/hardware/avr/1.59.0/cores/teensy4/usb_mouse.c.o[0m
[45.931s] [ 28%] [32mBuilding C object CMakeFiles/arm_firmware.elf.dir/home/rover/.arduino15/packages/teensy/hardware/avr/1.59.0/cores/teensy4/usb_mtp.c.o[0m
[46.070s] [ 28%] [32mBuilding C object CMakeFiles/arm_firmware.elf.dir/home/rover/.arduino15/packages/teensy/hardware/avr/1.59.0/cores/teensy4/usb_rawhid.c.o[0m
[46.261s] [ 29%] [32mBuilding C object CMakeFiles/arm_firmware.elf.dir/home/rover/.arduino15/packages/teensy/hardware/avr/1.59.0/cores/teensy4/usb_seremu.c.o[0m
[46.464s] [ 29%] [32mBuilding C object CMakeFiles/arm_firmware.elf.dir/home/rover/.arduino15/packages/teensy/hardware/avr/1.59.0/cores/teensy4/usb_serial.c.o[0m
[46.965s] [ 30%] [32mBuilding C object CMakeFiles/arm_firmware.elf.dir/home/rover/.arduino15/packages/teensy/hardware/avr/1.59.0/cores/teensy4/usb_serial2.c.o[0m
[47.101s] [ 30%] [32mBuilding C object CMakeFiles/arm_firmware.elf.dir/home/rover/.arduino15/packages/teensy/hardware/avr/1.59.0/cores/teensy4/usb_serial3.c.o[0m
[47.263s] [ 30%] [32mBuilding C object CMakeFiles/arm_firmware.elf.dir/home/rover/.arduino15/packages/teensy/hardware/avr/1.59.0/cores/teensy4/usb_touch.c.o[0m
[47.385s] [ 31%] [32mBuilding CXX object CMakeFiles/arm_firmware.elf.dir/home/rover/.arduino15/packages/teensy/hardware/avr/1.59.0/cores/teensy4/yield.cpp.o[0m
[48.894s] [ 31%] [32mBuilding CXX object CMakeFiles/arm_firmware.elf.dir/home/rover/.arduino15/packages/teensy/hardware/avr/1.59.0/libraries/AccelStepper/src/AccelStepper.cpp.o[0m
[50.857s] [ 32%] [32mBuilding CXX object CMakeFiles/arm_firmware.elf.dir/home/rover/.arduino15/packages/teensy/hardware/avr/1.59.0/libraries/AccelStepper/src/MultiStepper.cpp.o[0m
[52.356s] [ 32%] [32mBuilding CXX object CMakeFiles/arm_firmware.elf.dir/home/rover/.arduino15/packages/teensy/hardware/avr/1.59.0/libraries/micro_ros_arduino/src/default_transport.cpp.o[0m
[53.773s] [ 32%] [32mBuilding CXX object CMakeFiles/arm_firmware.elf.dir/home/rover/.arduino15/packages/teensy/hardware/avr/1.59.0/libraries/micro_ros_arduino/src/native_ethernet_transport.cpp.o[0m
[55.507s] [ 33%] [32mBuilding CXX object CMakeFiles/arm_firmware.elf.dir/home/rover/.arduino15/packages/teensy/hardware/avr/1.59.0/libraries/micro_ros_arduino/src/wifi_transport.cpp.o[0m
[55.632s] [ 33%] [32mBuilding CXX object CMakeFiles/arm_firmware.elf.dir/home/rover/.arduino15/packages/teensy/hardware/avr/1.59.0/libraries/NativeEthernet/src/NativeDns.cpp.o[0m
[57.084s] [ 34%] [32mBuilding CXX object CMakeFiles/arm_firmware.elf.dir/home/rover/.arduino15/packages/teensy/hardware/avr/1.59.0/libraries/NativeEthernet/src/NativeEthernet.cpp.o[0m
[59.028s] [ 34%] [32mBuilding CXX object CMakeFiles/arm_firmware.elf.dir/home/rover/.arduino15/packages/teensy/hardware/avr/1.59.0/libraries/NativeEthernet/src/NativeEthernetClient.cpp.o[0m
[61.192s] [ 34%] [32mBuilding CXX object CMakeFiles/arm_firmware.elf.dir/home/rover/.arduino15/packages/teensy/hardware/avr/1.59.0/libraries/NativeEthernet/src/NativeEthernetServer.cpp.o[0m
[62.439s] [01m[K/home/rover/.arduino15/packages/teensy/hardware/avr/1.59.0/libraries/NativeEthernet/src/NativeEthernetServer.cpp:[m[K In member function '[01m[KEthernetClient EthernetServer::available()[m[K':
[62.439s] [01m[K/home/rover/.arduino15/packages/teensy/hardware/avr/1.59.0/libraries/NativeEthernet/src/NativeEthernetServer.cpp:119:103:[m[K [01;35m[Kwarning: [m[Kenum constant in boolean context [[01;35m[K]8;;https://gcc.gnu.org/onlinedocs/gcc/Warning-Options.html#index-Wint-in-bool-context-Wint-in-bool-context]8;;[m[K]
[62.440s]   119 |                   if(socket_poll.events_occurred & (FNET_SOCKET_EVENT_OUT || [01;35m[KFNET_SOCKET_EVENT_IN[m[K)) {
[62.440s]       |                                                                              [01;35m[K^~~~~~~~~~~~~~~~~~~~[m[K
[62.440s] 
[62.950s] [ 35%] [32mBuilding CXX object CMakeFiles/arm_firmware.elf.dir/home/rover/.arduino15/packages/teensy/hardware/avr/1.59.0/libraries/NativeEthernet/src/NativeEthernetUdp.cpp.o[0m
[64.735s] [ 35%] [32mBuilding CXX object CMakeFiles/arm_firmware.elf.dir/home/rover/.arduino15/packages/teensy/hardware/avr/1.59.0/libraries/NativeEthernet/src/NativeMdns.cpp.o[0m
[66.447s] [ 36%] [32mBuilding CXX object CMakeFiles/arm_firmware.elf.dir/home/rover/.arduino15/packages/teensy/hardware/avr/1.59.0/libraries/NativeEthernet/src/Nativesocket.cpp.o[0m
[68.226s] [ 36%] [32mBuilding C object CMakeFiles/arm_firmware.elf.dir/home/rover/.arduino15/packages/teensy/hardware/avr/1.59.0/libraries/FNET/src/port/cpu/fnet_cpu.c.o[0m
[68.407s] [ 36%] [32mBuilding C object CMakeFiles/arm_firmware.elf.dir/home/rover/.arduino15/packages/teensy/hardware/avr/1.59.0/libraries/FNET/src/port/cpu/mimxrt/fnet_mimxrt.c.o[0m
[68.576s] [ 37%] [32mBuilding C object CMakeFiles/arm_firmware.elf.dir/home/rover/.arduino15/packages/teensy/hardware/avr/1.59.0/libraries/FNET/src/port/cpu/mimxrt/fnet_mimxrt_eth.c.o[0m
[68.829s] [ 37%] [32mBuilding C object CMakeFiles/arm_firmware.elf.dir/home/rover/.arduino15/packages/teensy/hardware/avr/1.59.0/libraries/FNET/src/port/cpu/mimxrt/fnet_mimxrt_isr.c.o[0m
[68.995s] [ 38%] [32mBuilding C object CMakeFiles/arm_firmware.elf.dir/home/rover/.arduino15/packages/teensy/hardware/avr/1.59.0/libraries/FNET/src/port/cpu/mimxrt/fnet_mimxrt_isr_inst.c.o[0m
[69.170s] [ 38%] [32mBuilding C object CMakeFiles/arm_firmware.elf.dir/home/rover/.arduino15/packages/teensy/hardware/avr/1.59.0/libraries/FNET/src/port/cpu/mimxrt/fnet_mimxrt_serial.c.o[0m
[69.333s] [ 38%] [32mBuilding CXX object CMakeFiles/arm_firmware.elf.dir/home/rover/.arduino15/packages/teensy/hardware/avr/1.59.0/libraries/FNET/src/port/cpu/mimxrt/fnet_mimxrt_serial.cpp.o[0m
[70.693s] [ 39%] [32mBuilding C object CMakeFiles/arm_firmware.elf.dir/home/rover/.arduino15/packages/teensy/hardware/avr/1.59.0/libraries/FNET/src/port/fnet_usb.c.o[0m
[70.988s] [ 39%] [32mBuilding C object CMakeFiles/arm_firmware.elf.dir/home/rover/.arduino15/packages/teensy/hardware/avr/1.59.0/libraries/FNET/src/port/fnet_usb_config.c.o[0m
[71.149s] [ 40%] [32mBuilding C object CMakeFiles/arm_firmware.elf.dir/home/rover/.arduino15/packages/teensy/hardware/avr/1.59.0/libraries/FNET/src/port/netif/fec/fnet_fec.c.o[0m
[71.645s] [ 40%] [32mBuilding C object CMakeFiles/arm_firmware.elf.dir/home/rover/.arduino15/packages/teensy/hardware/avr/1.59.0/libraries/FNET/src/service/autoip/fnet_autoip.c.o[0m
[71.968s] [ 40%] [32mBuilding C object CMakeFiles/arm_firmware.elf.dir/home/rover/.arduino15/packages/teensy/hardware/avr/1.59.0/libraries/FNET/src/service/azure/fnet_azure_lock.c.o[0m
[72.137s] [ 41%] [32mBuilding C object CMakeFiles/arm_firmware.elf.dir/home/rover/.arduino15/packages/teensy/hardware/avr/1.59.0/libraries/FNET/src/service/azure/fnet_azure_platform.c.o[0m
[72.294s] [ 41%] [32mBuilding C object CMakeFiles/arm_firmware.elf.dir/home/rover/.arduino15/packages/teensy/hardware/avr/1.59.0/libraries/FNET/src/service/azure/fnet_azure_socketio.c.o[0m
[72.452s] [ 42%] [32mBuilding C object CMakeFiles/arm_firmware.elf.dir/home/rover/.arduino15/packages/teensy/hardware/avr/1.59.0/libraries/FNET/src/service/azure/fnet_azure_threadapi.c.o[0m
[72.614s] [ 42%] [32mBuilding C object CMakeFiles/arm_firmware.elf.dir/home/rover/.arduino15/packages/teensy/hardware/avr/1.59.0/libraries/FNET/src/service/azure/fnet_azure_tickcounter.c.o[0m
[72.769s] [ 42%] [32mBuilding C object CMakeFiles/arm_firmware.elf.dir/home/rover/.arduino15/packages/teensy/hardware/avr/1.59.0/libraries/FNET/src/service/azure/fnet_azure_tlsio.c.o[0m
[72.927s] [ 43%] [32mBuilding C object CMakeFiles/arm_firmware.elf.dir/home/rover/.arduino15/packages/teensy/hardware/avr/1.59.0/libraries/FNET/src/service/azure/fnet_azure_tlsio_socketio.c.o[0m
[73.083s] [ 43%] [32mBuilding C object CMakeFiles/arm_firmware.elf.dir/home/rover/.arduino15/packages/teensy/hardware/avr/1.59.0/libraries/FNET/src/service/bench/fnet_bench_cln.c.o[0m
[73.337s] [ 44%] [32mBuilding C object CMakeFiles/arm_firmware.elf.dir/home/rover/.arduino15/packages/teensy/hardware/avr/1.59.0/libraries/FNET/src/service/bench/fnet_bench_srv.c.o[0m
[73.639s] [ 44%] [32mBuilding C object CMakeFiles/arm_firmware.elf.dir/home/rover/.arduino15/packages/teensy/hardware/avr/1.59.0/libraries/FNET/src/service/dhcp/fnet_dhcp.c.o[0m
[73.818s] [ 44%] [32mBuilding C object CMakeFiles/arm_firmware.elf.dir/home/rover/.arduino15/packages/teensy/hardware/avr/1.59.0/libraries/FNET/src/service/dhcp/fnet_dhcp_cln.c.o[0m
[74.438s] [ 45%] [32mBuilding C object CMakeFiles/arm_firmware.elf.dir/home/rover/.arduino15/packages/teensy/hardware/avr/1.59.0/libraries/FNET/src/service/dhcp/fnet_dhcp_srv.c.o[0m
[74.601s] [ 45%] [32mBuilding C object CMakeFiles/arm_firmware.elf.dir/home/rover/.arduino15/packages/teensy/hardware/avr/1.59.0/libraries/FNET/src/service/dns/fnet_dns.c.o[0m
[74.996s] [ 46%] [32mBuilding C object CMakeFiles/arm_firmware.elf.dir/home/rover/.arduino15/packages/teensy/hardware/avr/1.59.0/libraries/FNET/src/service/flash/fnet_flash.c.o[0m
[75.153s] [ 46%] [32mBuilding C object CMakeFiles/arm_firmware.elf.dir/home/rover/.arduino15/packages/teensy/hardware/avr/1.59.0/libraries/FNET/src/service/fnet_service.c.o[0m
[75.377s] [ 46%] [32mBuilding C object CMakeFiles/arm_firmware.elf.dir/home/rover/.arduino15/packages/teensy/hardware/avr/1.59.0/libraries/FNET/src/service/fs/fnet_fs.c.o[0m
[75.864s] [ 47%] [32mBuilding C object CMakeFiles/arm_firmware.elf.dir/home/rover/.arduino15/packages/teensy/hardware/avr/1.59.0/libraries/FNET/src/service/fs/fnet_fs_rom.c.o[0m
[76.200s] [ 47%] [32mBuilding C object CMakeFiles/arm_firmware.elf.dir/home/rover/.arduino15/packages/teensy/hardware/avr/1.59.0/libraries/FNET/src/service/fs/fnet_fs_root.c.o[0m
[76.440s] [ 48%] [32mBuilding C object CMakeFiles/arm_firmware.elf.dir/home/rover/.arduino15/packages/teensy/hardware/avr/1.59.0/libraries/FNET/src/service/http/fnet_http_cln.c.o[0m
[76.623s] [ 48%] [32mBuilding C object CMakeFiles/arm_firmware.elf.dir/home/rover/.arduino15/packages/teensy/hardware/avr/1.59.0/libraries/FNET/src/service/http/fnet_http_srv.c.o[0m
[77.292s] [ 49%] [32mBuilding C object CMakeFiles/arm_firmware.elf.dir/home/rover/.arduino15/packages/teensy/hardware/avr/1.59.0/libraries/FNET/src/service/http/fnet_http_srv_auth.c.o[0m
[77.587s] [ 49%] [32mBuilding C object CMakeFiles/arm_firmware.elf.dir/home/rover/.arduino15/packages/teensy/hardware/avr/1.59.0/libraries/FNET/src/service/http/fnet_http_srv_cgi.c.o[0m
[77.790s] [ 49%] [32mBuilding C object CMakeFiles/arm_firmware.elf.dir/home/rover/.arduino15/packages/teensy/hardware/avr/1.59.0/libraries/FNET/src/service/http/fnet_http_srv_get.c.o[0m
[77.983s] [ 50%] [32mBuilding C object CMakeFiles/arm_firmware.elf.dir/home/rover/.arduino15/packages/teensy/hardware/avr/1.59.0/libraries/FNET/src/service/http/fnet_http_srv_post.c.o[0m
[78.199s] [ 50%] [32mBuilding C object CMakeFiles/arm_firmware.elf.dir/home/rover/.arduino15/packages/teensy/hardware/avr/1.59.0/libraries/FNET/src/service/http/fnet_http_srv_ssi.c.o[0m
[78.450s] [ 51%] [32mBuilding C object CMakeFiles/arm_firmware.elf.dir/home/rover/.arduino15/packages/teensy/hardware/avr/1.59.0/libraries/FNET/src/service/link/fnet_link.c.o[0m
[78.670s] [ 51%] [32mBuilding C object CMakeFiles/arm_firmware.elf.dir/home/rover/.arduino15/packages/teensy/hardware/avr/1.59.0/libraries/FNET/src/service/llmnr/fnet_llmnr.c.o[0m
[78.800s] [01m[K/home/rover/.arduino15/packages/teensy/hardware/avr/1.59.0/libraries/FNET/src/service/llmnr/fnet_llmnr.c:60:30:[m[K [01;35m[Kwarning: [m[K'[01m[Kfnet_llmnr_ip6_multicast_addr[m[K' defined but not used [[01;35m[K]8;;https://gcc.gnu.org/onlinedocs/gcc/Warning-Options.html#index-Wunused-const-variable=-Wunused-const-variable=]8;;[m[K]
[78.801s]    60 | static const fnet_ip6_addr_t [01;35m[Kfnet_llmnr_ip6_multicast_addr[m[K = FNET_IP6_ADDR_INIT(0xFF, 0x02, 0, 0, 0, 0, 0, 0, 0, 0, 0, 0, 0, 0x01, 0x00, 0x03);
[78.801s]       |                              [01;35m[K^~~~~~~~~~~~~~~~~~~~~~~~~~~~~[m[K
[78.963s] [ 51%] [32mBuilding C object CMakeFiles/arm_firmware.elf.dir/home/rover/.arduino15/packages/teensy/hardware/avr/1.59.0/libraries/FNET/src/service/mdns/fnet_mdns.c.o[0m
[80.137s] [ 52%] [32mBuilding C object CMakeFiles/arm_firmware.elf.dir/home/rover/.arduino15/packages/teensy/hardware/avr/1.59.0/libraries/FNET/src/service/ping/fnet_ping.c.o[0m
[80.414s] [ 52%] [32mBuilding C object CMakeFiles/arm_firmware.elf.dir/home/rover/.arduino15/packages/teensy/hardware/avr/1.59.0/libraries/FNET/src/service/serial/fnet_serial.c.o[0m
[81.034s] [ 53%] [32mBuilding C object CMakeFiles/arm_firmware.elf.dir/home/rover/.arduino15/packages/teensy/hardware/avr/1.59.0/libraries/FNET/src/service/shell/fnet_shell.c.o[0m
[81.532s] [ 53%] [32mBuilding C object CMakeFiles/arm_firmware.elf.dir/home/rover/.arduino15/packages/teensy/hardware/avr/1.59.0/libraries/FNET/src/service/sntp/fnet_sntp.c.o[0m
[81.858s] [ 53%] [32mBuilding C object CMakeFiles/arm_firmware.elf.dir/home/rover/.arduino15/packages/teensy/hardware/avr/1.59.0/libraries/FNET/src/service/telnet/fnet_telnet.c.o[0m
[82.226s] [ 54%] [32mBuilding C object CMakeFiles/arm_firmware.elf.dir/home/rover/.arduino15/packages/teensy/hardware/avr/1.59.0/libraries/FNET/src/service/tftp/fnet_tftp_cln.c.o[0m
[82.381s] [ 54%] [32mBuilding C object CMakeFiles/arm_firmware.elf.dir/home/rover/.arduino15/packages/teensy/hardware/avr/1.59.0/libraries/FNET/src/service/tftp/fnet_tftp_srv.c.o[0m
[82.550s] [ 55%] [32mBuilding C object CMakeFiles/arm_firmware.elf.dir/home/rover/.arduino15/packages/teensy/hardware/avr/1.59.0/libraries/FNET/src/service/tls/fnet_tls.c.o[0m
[82.966s] [ 55%] [32mBuilding C object CMakeFiles/arm_firmware.elf.dir/home/rover/.arduino15/packages/teensy/hardware/avr/1.59.0/libraries/FNET/src/stack/fnet_arp.c.o[0m
[83.386s] [ 55%] [32mBuilding C object CMakeFiles/arm_firmware.elf.dir/home/rover/.arduino15/packages/teensy/hardware/avr/1.59.0/libraries/FNET/src/stack/fnet_checksum.c.o[0m
[83.685s] [ 56%] [32mBuilding C object CMakeFiles/arm_firmware.elf.dir/home/rover/.arduino15/packages/teensy/hardware/avr/1.59.0/libraries/FNET/src/stack/fnet_error.c.o[0m
[83.855s] [ 56%] [32mBuilding C object CMakeFiles/arm_firmware.elf.dir/home/rover/.arduino15/packages/teensy/hardware/avr/1.59.0/libraries/FNET/src/stack/fnet_eth.c.o[0m
[84.345s] [ 57%] [32mBuilding C object CMakeFiles/arm_firmware.elf.dir/home/rover/.arduino15/packages/teensy/hardware/avr/1.59.0/libraries/FNET/src/stack/fnet_icmp4.c.o[0m
[84.627s] [ 57%] [32mBuilding C object CMakeFiles/arm_firmware.elf.dir/home/rover/.arduino15/packages/teensy/hardware/avr/1.59.0/libraries/FNET/src/stack/fnet_icmp6.c.o[0m
[84.777s] [ 57%] [32mBuilding C object CMakeFiles/arm_firmware.elf.dir/home/rover/.arduino15/packages/teensy/hardware/avr/1.59.0/libraries/FNET/src/stack/fnet_igmp.c.o[0m
[84.929s] [ 58%] [32mBuilding C object CMakeFiles/arm_firmware.elf.dir/home/rover/.arduino15/packages/teensy/hardware/avr/1.59.0/libraries/FNET/src/stack/fnet_inet.c.o[0m
[85.169s] [ 58%] [32mBuilding C object CMakeFiles/arm_firmware.elf.dir/home/rover/.arduino15/packages/teensy/hardware/avr/1.59.0/libraries/FNET/src/stack/fnet_ip.c.o[0m
[85.393s] [ 59%] [32mBuilding C object CMakeFiles/arm_firmware.elf.dir/home/rover/.arduino15/packages/teensy/hardware/avr/1.59.0/libraries/FNET/src/stack/fnet_ip4.c.o[0m
[86.059s] [ 59%] [32mBuilding C object CMakeFiles/arm_firmware.elf.dir/home/rover/.arduino15/packages/teensy/hardware/avr/1.59.0/libraries/FNET/src/stack/fnet_ip6.c.o[0m
[86.215s] [ 59%] [32mBuilding C object CMakeFiles/arm_firmware.elf.dir/home/rover/.arduino15/packages/teensy/hardware/avr/1.59.0/libraries/FNET/src/stack/fnet_isr.c.o[0m
[86.462s] [ 60%] [32mBuilding C object CMakeFiles/arm_firmware.elf.dir/home/rover/.arduino15/packages/teensy/hardware/avr/1.59.0/libraries/FNET/src/stack/fnet_loop.c.o[0m
[86.617s] [ 60%] [32mBuilding C object CMakeFiles/arm_firmware.elf.dir/home/rover/.arduino15/packages/teensy/hardware/avr/1.59.0/libraries/FNET/src/stack/fnet_mempool.c.o[0m
[86.888s] [ 61%] [32mBuilding C object CMakeFiles/arm_firmware.elf.dir/home/rover/.arduino15/packages/teensy/hardware/avr/1.59.0/libraries/FNET/src/stack/fnet_mld.c.o[0m
[87.045s] [ 61%] [32mBuilding C object CMakeFiles/arm_firmware.elf.dir/home/rover/.arduino15/packages/teensy/hardware/avr/1.59.0/libraries/FNET/src/stack/fnet_nd6.c.o[0m
[87.203s] [ 61%] [32mBuilding C object CMakeFiles/arm_firmware.elf.dir/home/rover/.arduino15/packages/teensy/hardware/avr/1.59.0/libraries/FNET/src/stack/fnet_netbuf.c.o[0m
[87.743s] [ 62%] [32mBuilding C object CMakeFiles/arm_firmware.elf.dir/home/rover/.arduino15/packages/teensy/hardware/avr/1.59.0/libraries/FNET/src/stack/fnet_netif.c.o[0m
[88.357s] [ 62%] [32mBuilding C object CMakeFiles/arm_firmware.elf.dir/home/rover/.arduino15/packages/teensy/hardware/avr/1.59.0/libraries/FNET/src/stack/fnet_prot.c.o[0m
[88.596s] [ 63%] [32mBuilding C object CMakeFiles/arm_firmware.elf.dir/home/rover/.arduino15/packages/teensy/hardware/avr/1.59.0/libraries/FNET/src/stack/fnet_raw.c.o[0m
[88.917s] [ 63%] [32mBuilding C object CMakeFiles/arm_firmware.elf.dir/home/rover/.arduino15/packages/teensy/hardware/avr/1.59.0/libraries/FNET/src/stack/fnet_socket.c.o[0m
[89.954s] [ 63%] [32mBuilding C object CMakeFiles/arm_firmware.elf.dir/home/rover/.arduino15/packages/teensy/hardware/avr/1.59.0/libraries/FNET/src/stack/fnet_stack.c.o[0m
[90.268s] [ 64%] [32mBuilding C object CMakeFiles/arm_firmware.elf.dir/home/rover/.arduino15/packages/teensy/hardware/avr/1.59.0/libraries/FNET/src/stack/fnet_stdlib.c.o[0m
[90.830s] [ 64%] [32mBuilding C object CMakeFiles/arm_firmware.elf.dir/home/rover/.arduino15/packages/teensy/hardware/avr/1.59.0/libraries/FNET/src/stack/fnet_tcp.c.o[0m
[92.335s] [ 65%] [32mBuilding C object CMakeFiles/arm_firmware.elf.dir/home/rover/.arduino15/packages/teensy/hardware/avr/1.59.0/libraries/FNET/src/stack/fnet_timer.c.o[0m
[92.593s] [ 65%] [32mBuilding C object CMakeFiles/arm_firmware.elf.dir/home/rover/.arduino15/packages/teensy/hardware/avr/1.59.0/libraries/FNET/src/stack/fnet_udp.c.o[0m
[93.016s] [ 65%] [32mBuilding C object CMakeFiles/arm_firmware.elf.dir/home/rover/.arduino15/packages/teensy/hardware/avr/1.59.0/libraries/FNET/src/stack/fnet_wifi.c.o[0m
[93.304s] [ 66%] [32mBuilding C object CMakeFiles/arm_firmware.elf.dir/home/rover/.arduino15/packages/teensy/hardware/avr/1.59.0/libraries/FNET/src/third_party/mbedtls-2.12.0/src/aes.c.o[0m
[94.108s] [ 66%] [32mBuilding C object CMakeFiles/arm_firmware.elf.dir/home/rover/.arduino15/packages/teensy/hardware/avr/1.59.0/libraries/FNET/src/third_party/mbedtls-2.12.0/src/aesni.c.o[0m
[94.248s] [ 67%] [32mBuilding C object CMakeFiles/arm_firmware.elf.dir/home/rover/.arduino15/packages/teensy/hardware/avr/1.59.0/libraries/FNET/src/third_party/mbedtls-2.12.0/src/arc4.c.o[0m
[94.383s] [ 67%] [32mBuilding C object CMakeFiles/arm_firmware.elf.dir/home/rover/.arduino15/packages/teensy/hardware/avr/1.59.0/libraries/FNET/src/third_party/mbedtls-2.12.0/src/aria.c.o[0m
[94.519s] [ 67%] [32mBuilding C object CMakeFiles/arm_firmware.elf.dir/home/rover/.arduino15/packages/teensy/hardware/avr/1.59.0/libraries/FNET/src/third_party/mbedtls-2.12.0/src/asn1parse.c.o[0m
[94.900s] [ 68%] [32mBuilding C object CMakeFiles/arm_firmware.elf.dir/home/rover/.arduino15/packages/teensy/hardware/avr/1.59.0/libraries/FNET/src/third_party/mbedtls-2.12.0/src/asn1write.c.o[0m
[95.327s] [ 68%] [32mBuilding C object CMakeFiles/arm_firmware.elf.dir/home/rover/.arduino15/packages/teensy/hardware/avr/1.59.0/libraries/FNET/src/third_party/mbedtls-2.12.0/src/base64.c.o[0m
[95.630s] [ 69%] [32mBuilding C object CMakeFiles/arm_firmware.elf.dir/home/rover/.arduino15/packages/teensy/hardware/avr/1.59.0/libraries/FNET/src/third_party/mbedtls-2.12.0/src/bignum.c.o[0m
[97.743s] [ 69%] [32mBuilding C object CMakeFiles/arm_firmware.elf.dir/home/rover/.arduino15/packages/teensy/hardware/avr/1.59.0/libraries/FNET/src/third_party/mbedtls-2.12.0/src/blowfish.c.o[0m
[97.892s] [ 69%] [32mBuilding C object CMakeFiles/arm_firmware.elf.dir/home/rover/.arduino15/packages/teensy/hardware/avr/1.59.0/libraries/FNET/src/third_party/mbedtls-2.12.0/src/camellia.c.o[0m
[98.568s] [ 70%] [32mBuilding C object CMakeFiles/arm_firmware.elf.dir/home/rover/.arduino15/packages/teensy/hardware/avr/1.59.0/libraries/FNET/src/third_party/mbedtls-2.12.0/src/ccm.c.o[0m
[98.981s] [ 70%] [32mBuilding C object CMakeFiles/arm_firmware.elf.dir/home/rover/.arduino15/packages/teensy/hardware/avr/1.59.0/libraries/FNET/src/third_party/mbedtls-2.12.0/src/certs.c.o[0m
[99.132s] [ 71%] [32mBuilding C object CMakeFiles/arm_firmware.elf.dir/home/rover/.arduino15/packages/teensy/hardware/avr/1.59.0/libraries/FNET/src/third_party/mbedtls-2.12.0/src/chacha20.c.o[0m
[99.273s] [ 71%] [32mBuilding C object CMakeFiles/arm_firmware.elf.dir/home/rover/.arduino15/packages/teensy/hardware/avr/1.59.0/libraries/FNET/src/third_party/mbedtls-2.12.0/src/chachapoly.c.o[0m
[99.414s] [ 71%] [32mBuilding C object CMakeFiles/arm_firmware.elf.dir/home/rover/.arduino15/packages/teensy/hardware/avr/1.59.0/libraries/FNET/src/third_party/mbedtls-2.12.0/src/cipher.c.o[0m
[100.068s] [ 72%] [32mBuilding C object CMakeFiles/arm_firmware.elf.dir/home/rover/.arduino15/packages/teensy/hardware/avr/1.59.0/libraries/FNET/src/third_party/mbedtls-2.12.0/src/cipher_wrap.c.o[0m
[100.405s] [ 72%] [32mBuilding C object CMakeFiles/arm_firmware.elf.dir/home/rover/.arduino15/packages/teensy/hardware/avr/1.59.0/libraries/FNET/src/third_party/mbedtls-2.12.0/src/cmac.c.o[0m
[100.547s] [ 73%] [32mBuilding C object CMakeFiles/arm_firmware.elf.dir/home/rover/.arduino15/packages/teensy/hardware/avr/1.59.0/libraries/FNET/src/third_party/mbedtls-2.12.0/src/ctr_drbg.c.o[0m
[100.987s] [ 73%] [32mBuilding C object CMakeFiles/arm_firmware.elf.dir/home/rover/.arduino15/packages/teensy/hardware/avr/1.59.0/libraries/FNET/src/third_party/mbedtls-2.12.0/src/debug.c.o[0m
[101.123s] [ 73%] [32mBuilding C object CMakeFiles/arm_firmware.elf.dir/home/rover/.arduino15/packages/teensy/hardware/avr/1.59.0/libraries/FNET/src/third_party/mbedtls-2.12.0/src/des.c.o[0m
[101.882s] [ 74%] [32mBuilding C object CMakeFiles/arm_firmware.elf.dir/home/rover/.arduino15/packages/teensy/hardware/avr/1.59.0/libraries/FNET/src/third_party/mbedtls-2.12.0/src/dhm.c.o[0m
[102.296s] [ 74%] [32mBuilding C object CMakeFiles/arm_firmware.elf.dir/home/rover/.arduino15/packages/teensy/hardware/avr/1.59.0/libraries/FNET/src/third_party/mbedtls-2.12.0/src/ecdh.c.o[0m
[102.550s] [ 75%] [32mBuilding C object CMakeFiles/arm_firmware.elf.dir/home/rover/.arduino15/packages/teensy/hardware/avr/1.59.0/libraries/FNET/src/third_party/mbedtls-2.12.0/src/ecdsa.c.o[0m
[102.932s] [ 75%] [32mBuilding C object CMakeFiles/arm_firmware.elf.dir/home/rover/.arduino15/packages/teensy/hardware/avr/1.59.0/libraries/FNET/src/third_party/mbedtls-2.12.0/src/ecjpake.c.o[0m
[103.083s] [ 75%] [32mBuilding C object CMakeFiles/arm_firmware.elf.dir/home/rover/.arduino15/packages/teensy/hardware/avr/1.59.0/libraries/FNET/src/third_party/mbedtls-2.12.0/src/ecp.c.o[0m
[104.414s] [ 76%] [32mBuilding C object CMakeFiles/arm_firmware.elf.dir/home/rover/.arduino15/packages/teensy/hardware/avr/1.59.0/libraries/FNET/src/third_party/mbedtls-2.12.0/src/ecp_curves.c.o[0m
[105.180s] [ 76%] [32mBuilding C object CMakeFiles/arm_firmware.elf.dir/home/rover/.arduino15/packages/teensy/hardware/avr/1.59.0/libraries/FNET/src/third_party/mbedtls-2.12.0/src/entropy.c.o[0m
[105.533s] [ 77%] [32mBuilding C object CMakeFiles/arm_firmware.elf.dir/home/rover/.arduino15/packages/teensy/hardware/avr/1.59.0/libraries/FNET/src/third_party/mbedtls-2.12.0/src/entropy_poll.c.o[0m
[105.678s] [ 77%] [32mBuilding C object CMakeFiles/arm_firmware.elf.dir/home/rover/.arduino15/packages/teensy/hardware/avr/1.59.0/libraries/FNET/src/third_party/mbedtls-2.12.0/src/error.c.o[0m
[106.374s] [ 77%] [32mBuilding C object CMakeFiles/arm_firmware.elf.dir/home/rover/.arduino15/packages/teensy/hardware/avr/1.59.0/libraries/FNET/src/third_party/mbedtls-2.12.0/src/gcm.c.o[0m
[106.969s] [ 78%] [32mBuilding C object CMakeFiles/arm_firmware.elf.dir/home/rover/.arduino15/packages/teensy/hardware/avr/1.59.0/libraries/FNET/src/third_party/mbedtls-2.12.0/src/havege.c.o[0m
[107.110s] [ 78%] [32mBuilding C object CMakeFiles/arm_firmware.elf.dir/home/rover/.arduino15/packages/teensy/hardware/avr/1.59.0/libraries/FNET/src/third_party/mbedtls-2.12.0/src/hkdf.c.o[0m
[107.244s] [ 79%] [32mBuilding C object CMakeFiles/arm_firmware.elf.dir/home/rover/.arduino15/packages/teensy/hardware/avr/1.59.0/libraries/FNET/src/third_party/mbedtls-2.12.0/src/hmac_drbg.c.o[0m
[107.581s] [ 79%] [32mBuilding C object CMakeFiles/arm_firmware.elf.dir/home/rover/.arduino15/packages/teensy/hardware/avr/1.59.0/libraries/FNET/src/third_party/mbedtls-2.12.0/src/md.c.o[0m
[107.987s] [ 79%] [32mBuilding C object CMakeFiles/arm_firmware.elf.dir/home/rover/.arduino15/packages/teensy/hardware/avr/1.59.0/libraries/FNET/src/third_party/mbedtls-2.12.0/src/md2.c.o[0m
[108.127s] [ 80%] [32mBuilding C object CMakeFiles/arm_firmware.elf.dir/home/rover/.arduino15/packages/teensy/hardware/avr/1.59.0/libraries/FNET/src/third_party/mbedtls-2.12.0/src/md4.c.o[0m
[108.272s] [ 80%] [32mBuilding C object CMakeFiles/arm_firmware.elf.dir/home/rover/.arduino15/packages/teensy/hardware/avr/1.59.0/libraries/FNET/src/third_party/mbedtls-2.12.0/src/md5.c.o[0m
[108.734s] [ 81%] [32mBuilding C object CMakeFiles/arm_firmware.elf.dir/home/rover/.arduino15/packages/teensy/hardware/avr/1.59.0/libraries/FNET/src/third_party/mbedtls-2.12.0/src/md_wrap.c.o[0m
[109.011s] [ 81%] [32mBuilding C object CMakeFiles/arm_firmware.elf.dir/home/rover/.arduino15/packages/teensy/hardware/avr/1.59.0/libraries/FNET/src/third_party/mbedtls-2.12.0/src/memory_buffer_alloc.c.o[0m
[109.148s] [ 81%] [32mBuilding C object CMakeFiles/arm_firmware.elf.dir/home/rover/.arduino15/packages/teensy/hardware/avr/1.59.0/libraries/FNET/src/third_party/mbedtls-2.12.0/src/net_sockets.c.o[0m
[109.288s] [ 82%] [32mBuilding C object CMakeFiles/arm_firmware.elf.dir/home/rover/.arduino15/packages/teensy/hardware/avr/1.59.0/libraries/FNET/src/third_party/mbedtls-2.12.0/src/nist_kw.c.o[0m
[109.432s] [ 82%] [32mBuilding C object CMakeFiles/arm_firmware.elf.dir/home/rover/.arduino15/packages/teensy/hardware/avr/1.59.0/libraries/FNET/src/third_party/mbedtls-2.12.0/src/oid.c.o[0m
[109.921s] [ 83%] [32mBuilding C object CMakeFiles/arm_firmware.elf.dir/home/rover/.arduino15/packages/teensy/hardware/avr/1.59.0/libraries/FNET/src/third_party/mbedtls-2.12.0/src/padlock.c.o[0m
[110.120s] [ 83%] [32mBuilding C object CMakeFiles/arm_firmware.elf.dir/home/rover/.arduino15/packages/teensy/hardware/avr/1.59.0/libraries/FNET/src/third_party/mbedtls-2.12.0/src/pem.c.o[0m
[110.547s] [ 83%] [32mBuilding C object CMakeFiles/arm_firmware.elf.dir/home/rover/.arduino15/packages/teensy/hardware/avr/1.59.0/libraries/FNET/src/third_party/mbedtls-2.12.0/src/pk.c.o[0m
[110.893s] [ 84%] [32mBuilding C object CMakeFiles/arm_firmware.elf.dir/home/rover/.arduino15/packages/teensy/hardware/avr/1.59.0/libraries/FNET/src/third_party/mbedtls-2.12.0/src/pk_wrap.c.o[0m
[111.268s] [ 84%] [32mBuilding C object CMakeFiles/arm_firmware.elf.dir/home/rover/.arduino15/packages/teensy/hardware/avr/1.59.0/libraries/FNET/src/third_party/mbedtls-2.12.0/src/pkcs11.c.o[0m
[111.409s] [ 85%] [32mBuilding C object CMakeFiles/arm_firmware.elf.dir/home/rover/.arduino15/packages/teensy/hardware/avr/1.59.0/libraries/FNET/src/third_party/mbedtls-2.12.0/src/pkcs12.c.o[0m
[111.742s] [ 85%] [32mBuilding C object CMakeFiles/arm_firmware.elf.dir/home/rover/.arduino15/packages/teensy/hardware/avr/1.59.0/libraries/FNET/src/third_party/mbedtls-2.12.0/src/pkcs5.c.o[0m
[112.077s] [ 85%] [32mBuilding C object CMakeFiles/arm_firmware.elf.dir/home/rover/.arduino15/packages/teensy/hardware/avr/1.59.0/libraries/FNET/src/third_party/mbedtls-2.12.0/src/pkparse.c.o[0m
[112.730s] [ 86%] [32mBuilding C object CMakeFiles/arm_firmware.elf.dir/home/rover/.arduino15/packages/teensy/hardware/avr/1.59.0/libraries/FNET/src/third_party/mbedtls-2.12.0/src/pkwrite.c.o[0m
[113.104s] [ 86%] [32mBuilding C object CMakeFiles/arm_firmware.elf.dir/home/rover/.arduino15/packages/teensy/hardware/avr/1.59.0/libraries/FNET/src/third_party/mbedtls-2.12.0/src/platform.c.o[0m
[113.272s] [ 87%] [32mBuilding C object CMakeFiles/arm_firmware.elf.dir/home/rover/.arduino15/packages/teensy/hardware/avr/1.59.0/libraries/FNET/src/third_party/mbedtls-2.12.0/src/platform_util.c.o[0m
[113.431s] [ 87%] [32mBuilding C object CMakeFiles/arm_firmware.elf.dir/home/rover/.arduino15/packages/teensy/hardware/avr/1.59.0/libraries/FNET/src/third_party/mbedtls-2.12.0/src/poly1305.c.o[0m
[113.582s] [ 87%] [32mBuilding C object CMakeFiles/arm_firmware.elf.dir/home/rover/.arduino15/packages/teensy/hardware/avr/1.59.0/libraries/FNET/src/third_party/mbedtls-2.12.0/src/ripemd160.c.o[0m
[113.730s] [ 88%] [32mBuilding C object CMakeFiles/arm_firmware.elf.dir/home/rover/.arduino15/packages/teensy/hardware/avr/1.59.0/libraries/FNET/src/third_party/mbedtls-2.12.0/src/rsa.c.o[0m
[114.989s] [ 88%] [32mBuilding C object CMakeFiles/arm_firmware.elf.dir/home/rover/.arduino15/packages/teensy/hardware/avr/1.59.0/libraries/FNET/src/third_party/mbedtls-2.12.0/src/rsa_internal.c.o[0m
[115.324s] [ 89%] [32mBuilding C object CMakeFiles/arm_firmware.elf.dir/home/rover/.arduino15/packages/teensy/hardware/avr/1.59.0/libraries/FNET/src/third_party/mbedtls-2.12.0/src/sha1.c.o[0m
[116.659s] [ 89%] [32mBuilding C object CMakeFiles/arm_firmware.elf.dir/home/rover/.arduino15/packages/teensy/hardware/avr/1.59.0/libraries/FNET/src/third_party/mbedtls-2.12.0/src/sha256.c.o[0m
[117.235s] [ 89%] [32mBuilding C object CMakeFiles/arm_firmware.elf.dir/home/rover/.arduino15/packages/teensy/hardware/avr/1.59.0/libraries/FNET/src/third_party/mbedtls-2.12.0/src/sha512.c.o[0m
[117.960s] [ 90%] [32mBuilding C object CMakeFiles/arm_firmware.elf.dir/home/rover/.arduino15/packages/teensy/hardware/avr/1.59.0/libraries/FNET/src/third_party/mbedtls-2.12.0/src/ssl_cache.c.o[0m
[118.000s] [ 91%] [32mBuilding CXX object CMakeFiles/arm_firmware.elf.dir/home/rover/.arduino15/packages/teensy/hardware/avr/1.59.0/cores/teensy4/Time.cpp.o[0m
[118.432s] [ 91%] [32mBuilding C object CMakeFiles/arm_firmware.elf.dir/home/rover/.arduino15/packages/teensy/hardware/avr/1.59.0/libraries/FNET/src/third_party/mbedtls-2.12.0/src/ssl_ciphersuites.c.o[0m
[119.192s] [ 92%] [32mBuilding C object CMakeFiles/arm_firmware.elf.dir/home/rover/.arduino15/packages/teensy/hardware/avr/1.59.0/libraries/FNET/src/third_party/mbedtls-2.12.0/src/ssl_cli.c.o[0m
[122.678s] [ 92%] [32mBuilding C object CMakeFiles/arm_firmware.elf.dir/home/rover/.arduino15/packages/teensy/hardware/avr/1.59.0/libraries/FNET/src/third_party/mbedtls-2.12.0/src/ssl_cookie.c.o[0m
[122.684s] [ 92%] [32mBuilding CXX object CMakeFiles/arm_firmware.elf.dir/home/rover/.arduino15/packages/teensy/hardware/avr/1.59.0/cores/teensy4/Stream.cpp.o[0m
[126.935s] [ 92%] [32mBuilding C object CMakeFiles/arm_firmware.elf.dir/home/rover/.arduino15/packages/teensy/hardware/avr/1.59.0/libraries/FNET/src/third_party/mbedtls-2.12.0/src/ssl_tls.c.o[0m
[127.278s] [01m[K/home/rover/.arduino15/packages/teensy/hardware/avr/1.59.0/libraries/FNET/src/third_party/mbedtls-2.12.0/src/ssl_tls.c:1062:83:[m[K [01;35m[Kwarning: [m[Kargument 2 of type '[01m[Kunsigned char[36][m[K' with mismatched bound [[01;35m[K]8;;https://gcc.gnu.org/onlinedocs/gcc/Warning-Options.html#index-Warray-parameter=-Warray-parameter=]8;;[m[K]
[127.279s]  1062 | TLSFLASHMEM void ssl_calc_verify_tls( mbedtls_ssl_context *ssl, [01;35m[Kunsigned char hash[36][m[K )
[127.279s]       |                                                                 [01;35m[K~~~~~~~~~~~~~~^~~~~~~~[m[K
[127.279s] 
[127.279s] [01m[K/home/rover/.arduino15/packages/teensy/hardware/avr/1.59.0/libraries/FNET/src/third_party/mbedtls-2.12.0/src/ssl_tls.c:483:73:[m[K [01;36m[Knote: [m[Kpreviously declared as '[01m[Kunsigned char *[m[K'
[127.279s]   483 | MBEDTLSFLASHMEM static void ssl_calc_verify_tls( mbedtls_ssl_context *, [01;36m[Kunsigned char *[m[K );
[127.280s]       |                                                                         [01;36m[K^~~~~~~~~~~~~~~[m[K
[127.280s] [01m[K/home/rover/.arduino15/packages/teensy/hardware/avr/1.59.0/libraries/FNET/src/third_party/mbedtls-2.12.0/src/ssl_tls.c:1090:90:[m[K [01;35m[Kwarning: [m[Kargument 2 of type '[01m[Kunsigned char[32][m[K' with mismatched bound [[01;35m[K]8;;https://gcc.gnu.org/onlinedocs/gcc/Warning-Options.html#index-Warray-parameter=-Warray-parameter=]8;;[m[K]
[127.280s]  1090 | HMEM void ssl_calc_verify_tls_sha256( mbedtls_ssl_context *ssl, [01;35m[Kunsigned char hash[32][m[K )
[127.281s]       |                                                                 [01;35m[K~~~~~~~~~~~~~~^~~~~~~~[m[K
[127.281s] 
[127.281s] [01m[K/home/rover/.arduino15/packages/teensy/hardware/avr/1.59.0/libraries/FNET/src/third_party/mbedtls-2.12.0/src/ssl_tls.c:490:79:[m[K [01;36m[Knote: [m[Kpreviously declared as '[01m[Kunsigned char *[m[K'
[127.281s]   490 | BEDTLSFLASHMEM static void ssl_calc_verify_tls_sha256( mbedtls_ssl_context *,[01;36m[Kunsigned char *[m[K );
[127.281s]       |                                                                              [01;36m[K^~~~~~~~~~~~~~~[m[K
[127.281s] 
[127.281s] [01m[K/home/rover/.arduino15/packages/teensy/hardware/avr/1.59.0/libraries/FNET/src/third_party/mbedtls-2.12.0/src/ssl_tls.c:1111:90:[m[K [01;35m[Kwarning: [m[Kargument 2 of type '[01m[Kunsigned char[48][m[K' with mismatched bound [[01;35m[K]8;;https://gcc.gnu.org/onlinedocs/gcc/Warning-Options.html#index-Warray-parameter=-Warray-parameter=]8;;[m[K]
[127.281s]  1111 | HMEM void ssl_calc_verify_tls_sha384( mbedtls_ssl_context *ssl, [01;35m[Kunsigned char hash[48][m[K )
[127.282s]       |                                                                 [01;35m[K~~~~~~~~~~~~~~^~~~~~~~[m[K
[127.282s] 
[127.282s] [01m[K/home/rover/.arduino15/packages/teensy/hardware/avr/1.59.0/libraries/FNET/src/third_party/mbedtls-2.12.0/src/ssl_tls.c:496:80:[m[K [01;36m[Knote: [m[Kpreviously declared as '[01m[Kunsigned char *[m[K'
[127.282s]   496 | EDTLSFLASHMEM static void ssl_calc_verify_tls_sha384( mbedtls_ssl_context *, [01;36m[Kunsigned char *[m[K );
[127.282s]       |                                                                              [01;36m[K^~~~~~~~~~~~~~~[m[K
[127.282s] 
[128.036s] [01m[K/home/rover/.arduino15/packages/teensy/hardware/avr/1.59.0/libraries/FNET/src/third_party/mbedtls-2.12.0/src/ssl_tls.c:[m[K In function '[01m[Kssl_calc_verify_tls_sha384[m[K':
[128.037s] [01m[K/home/rover/.arduino15/packages/teensy/hardware/avr/1.59.0/libraries/FNET/src/third_party/mbedtls-2.12.0/src/ssl_tls.c:1120:5:[m[K [01;35m[Kwarning: [m[K'[01m[Kmbedtls_sha512_finish_ret[m[K' accessing 64 bytes in a region of size 48 [[01;35m[K]8;;https://gcc.gnu.org/onlinedocs/gcc/Warning-Options.html#index-Wstringop-overflow=-Wstringop-overflow=]8;;[m[K]
[128.037s]  1120 |     [01;35m[Kmbedtls_sha512_finish_ret( &sha512, hash )[m[K;
[128.038s]       |     [01;35m[K^~~~~~~~~~~~~~~~~~~~~~~~~~~~~~~~~~~~~~~~~~[m[K
[128.038s] [01m[K/home/rover/.arduino15/packages/teensy/hardware/avr/1.59.0/libraries/FNET/src/third_party/mbedtls-2.12.0/src/ssl_tls.c:1120:5:[m[K [01;36m[Knote: [m[Kreferencing argument 2 of type '[01m[Kunsigned char *[m[K'
[128.038s] In file included from [01m[K/home/rover/.arduino15/packages/teensy/hardware/avr/1.59.0/libraries/FNET/src/third_party/mbedtls-2.12.0/src/mbedtls/ssl_internal.h:43[m[K,
[128.038s]                  from [01m[K/home/rover/.arduino15/packages/teensy/hardware/avr/1.59.0/libraries/FNET/src/third_party/mbedtls-2.12.0/src/ssl_tls.c:48[m[K:
[128.038s] [01m[K/home/rover/.arduino15/packages/teensy/hardware/avr/1.59.0/libraries/FNET/src/third_party/mbedtls-2.12.0/src/mbedtls/sha512.h:128:21:[m[K [01;36m[Knote: [m[Kin a call to function '[01m[Kmbedtls_sha512_finish_ret[m[K'
[128.038s]   128 | MBEDTLSFLASHMEM int [01;36m[Kmbedtls_sha512_finish_ret[m[K( mbedtls_sha512_context *ctx,
[128.038s]       |                     [01;36m[K^~~~~~~~~~~~~~~~~~~~~~~~~[m[K
[128.048s] [01m[K/home/rover/.arduino15/packages/teensy/hardware/avr/1.59.0/libraries/FNET/src/third_party/mbedtls-2.12.0/src/ssl_tls.c:[m[K In function '[01m[Kssl_calc_finished_tls_sha384[m[K':
[128.049s] [01m[K/home/rover/.arduino15/packages/teensy/hardware/avr/1.59.0/libraries/FNET/src/third_party/mbedtls-2.12.0/src/ssl_tls.c:5376:5:[m[K [01;35m[Kwarning: [m[K'[01m[Kmbedtls_sha512_finish_ret[m[K' accessing 64 bytes in a region of size 48 [[01;35m[K]8;;https://gcc.gnu.org/onlinedocs/gcc/Warning-Options.html#index-Wstringop-overflow=-Wstringop-overflow=]8;;[m[K]
[128.050s]  5376 |     [01;35m[Kmbedtls_sha512_finish_ret( &sha512, padbuf )[m[K;
[128.050s]       |     [01;35m[K^~~~~~~~~~~~~~~~~~~~~~~~~~~~~~~~~~~~~~~~~~~~[m[K
[128.050s] [01m[K/home/rover/.arduino15/packages/teensy/hardware/avr/1.59.0/libraries/FNET/src/third_party/mbedtls-2.12.0/src/ssl_tls.c:5376:5:[m[K [01;36m[Knote: [m[Kreferencing argument 2 of type '[01m[Kunsigned char *[m[K'
[128.050s] In file included from [01m[K/home/rover/.arduino15/packages/teensy/hardware/avr/1.59.0/libraries/FNET/src/third_party/mbedtls-2.12.0/src/mbedtls/ssl_internal.h:43[m[K,
[128.050s]                  from [01m[K/home/rover/.arduino15/packages/teensy/hardware/avr/1.59.0/libraries/FNET/src/third_party/mbedtls-2.12.0/src/ssl_tls.c:48[m[K:
[128.050s] [01m[K/home/rover/.arduino15/packages/teensy/hardware/avr/1.59.0/libraries/FNET/src/third_party/mbedtls-2.12.0/src/mbedtls/sha512.h:128:21:[m[K [01;36m[Knote: [m[Kin a call to function '[01m[Kmbedtls_sha512_finish_ret[m[K'
[128.051s]   128 | MBEDTLSFLASHMEM int [01;36m[Kmbedtls_sha512_finish_ret[m[K( mbedtls_sha512_context *ctx,
[128.051s]       |                     [01;36m[K^~~~~~~~~~~~~~~~~~~~~~~~~[m[K
[131.849s] [ 93%] [32mBuilding C object CMakeFiles/arm_firmware.elf.dir/home/rover/.arduino15/packages/teensy/hardware/avr/1.59.0/libraries/FNET/src/third_party/mbedtls-2.12.0/src/threading.c.o[0m
[132.069s] [ 93%] [32mBuilding C object CMakeFiles/arm_firmware.elf.dir/home/rover/.arduino15/packages/teensy/hardware/avr/1.59.0/libraries/FNET/src/third_party/mbedtls-2.12.0/src/timing.c.o[0m
[132.441s] [ 93%] [32mBuilding C object CMakeFiles/arm_firmware.elf.dir/home/rover/.arduino15/packages/teensy/hardware/avr/1.59.0/libraries/FNET/src/third_party/mbedtls-2.12.0/src/version.c.o[0m
[132.732s] [ 94%] [32mBuilding C object CMakeFiles/arm_firmware.elf.dir/home/rover/.arduino15/packages/teensy/hardware/avr/1.59.0/libraries/FNET/src/third_party/mbedtls-2.12.0/src/version_features.c.o[0m
[132.982s] [ 94%] [32mBuilding C object CMakeFiles/arm_firmware.elf.dir/home/rover/.arduino15/packages/teensy/hardware/avr/1.59.0/libraries/FNET/src/third_party/mbedtls-2.12.0/src/x509.c.o[0m
[133.882s] [ 95%] [32mBuilding C object CMakeFiles/arm_firmware.elf.dir/home/rover/.arduino15/packages/teensy/hardware/avr/1.59.0/libraries/FNET/src/third_party/mbedtls-2.12.0/src/x509_create.c.o[0m
[134.363s] [ 95%] [32mBuilding C object CMakeFiles/arm_firmware.elf.dir/home/rover/.arduino15/packages/teensy/hardware/avr/1.59.0/libraries/FNET/src/third_party/mbedtls-2.12.0/src/x509_crl.c.o[0m
[135.095s] [ 95%] [32mBuilding C object CMakeFiles/arm_firmware.elf.dir/home/rover/.arduino15/packages/teensy/hardware/avr/1.59.0/libraries/FNET/src/third_party/mbedtls-2.12.0/src/x509_crt.c.o[0m
[136.947s] [ 96%] [32mBuilding C object CMakeFiles/arm_firmware.elf.dir/home/rover/.arduino15/packages/teensy/hardware/avr/1.59.0/libraries/FNET/src/third_party/mbedtls-2.12.0/src/x509_csr.c.o[0m
[137.655s] [ 96%] [32mBuilding C object CMakeFiles/arm_firmware.elf.dir/home/rover/.arduino15/packages/teensy/hardware/avr/1.59.0/libraries/FNET/src/third_party/mbedtls-2.12.0/src/x509write_crt.c.o[0m
[138.471s] [ 97%] [32mBuilding C object CMakeFiles/arm_firmware.elf.dir/home/rover/.arduino15/packages/teensy/hardware/avr/1.59.0/libraries/FNET/src/third_party/mbedtls-2.12.0/src/x509write_csr.c.o[0m
[138.919s] [ 97%] [32mBuilding C object CMakeFiles/arm_firmware.elf.dir/home/rover/.arduino15/packages/teensy/hardware/avr/1.59.0/libraries/FNET/src/third_party/mbedtls-2.12.0/src/xtea.c.o[0m
[139.339s] [ 98%] [32mBuilding C object CMakeFiles/arm_firmware.elf.dir/home/rover/.arduino15/packages/teensy/hardware/avr/1.59.0/libraries/FNET/src/third_party/mbedtls-2.12.0/src/ssl_ticket.c.o[0m
[139.984s] [ 98%] [32mBuilding C object CMakeFiles/arm_firmware.elf.dir/home/rover/.arduino15/packages/teensy/hardware/avr/1.59.0/libraries/FNET/src/third_party/mbedtls-2.12.0/src/ssl_srv.c.o[0m
[142.635s] [ 99%] [32mBuilding CXX object CMakeFiles/arm_firmware.elf.dir/home/rover/.arduino15/packages/teensy/hardware/avr/1.59.0/cores/teensy4/Print.cpp.o[0m
[144.613s] [ 99%] [32mBuilding CXX object CMakeFiles/arm_firmware.elf.dir/home/rover/.arduino15/packages/teensy/hardware/avr/1.59.0/cores/teensy4/IntervalTimer.cpp.o[0m
[145.733s] [100%] [32m[1mLinking CXX executable arm_firmware.elf[0m
[146.840s] [34m[1mGenerating HEX firmware[0m
[146.940s] [100%] Built target arm_firmware.elf
[147.021s] Invoked command in '/home/rover/workspaces/rover-real/src/build/arm_firmware' returned '0': CMAKE_PREFIX_PATH=/opt/ros/humble:${CMAKE_PREFIX_PATH} /usr/bin/cmake --build /home/rover/workspaces/rover-real/src/build/arm_firmware -- -j6 -l6
[147.025s] Invoking command in '/home/rover/workspaces/rover-real/src/build/arm_firmware': CMAKE_PREFIX_PATH=/opt/ros/humble:${CMAKE_PREFIX_PATH} /usr/bin/cmake --install /home/rover/workspaces/rover-real/src/build/arm_firmware
[147.094s] -- Install configuration: ""
[147.105s] -- Installing: /home/rover/workspaces/rover-real/src/install/arm_firmware/share/arm_firmware/firmware/arm_firmware.hex
[147.138s] -- Installing: /home/rover/workspaces/rover-real/src/install/arm_firmware/lib/arm_firmware/upload_firmware.sh
[147.139s] -- Installing: /home/rover/workspaces/rover-real/src/install/arm_firmware/share/ament_index/resource_index/package_run_dependencies/arm_firmware
[147.144s] -- Installing: /home/rover/workspaces/rover-real/src/install/arm_firmware/share/ament_index/resource_index/parent_prefix_path/arm_firmware
[147.161s] -- Installing: /home/rover/workspaces/rover-real/src/install/arm_firmware/share/arm_firmware/environment/ament_prefix_path.sh
[147.165s] -- Installing: /home/rover/workspaces/rover-real/src/install/arm_firmware/share/arm_firmware/environment/ament_prefix_path.dsv
[147.170s] -- Installing: /home/rover/workspaces/rover-real/src/install/arm_firmware/share/arm_firmware/environment/path.sh
[147.173s] -- Installing: /home/rover/workspaces/rover-real/src/install/arm_firmware/share/arm_firmware/environment/path.dsv
[147.178s] -- Installing: /home/rover/workspaces/rover-real/src/install/arm_firmware/share/arm_firmware/local_setup.bash
[147.185s] -- Installing: /home/rover/workspaces/rover-real/src/install/arm_firmware/share/arm_firmware/local_setup.sh
[147.189s] -- Installing: /home/rover/workspaces/rover-real/src/install/arm_firmware/share/arm_firmware/local_setup.zsh
[147.194s] -- Installing: /home/rover/workspaces/rover-real/src/install/arm_firmware/share/arm_firmware/local_setup.dsv
[147.198s] -- Installing: /home/rover/workspaces/rover-real/src/install/arm_firmware/share/arm_firmware/package.dsv
[147.208s] -- Installing: /home/rover/workspaces/rover-real/src/install/arm_firmware/share/ament_index/resource_index/packages/arm_firmware
[147.208s] -- Installing: /home/rover/workspaces/rover-real/src/install/arm_firmware/share/arm_firmware/cmake/arm_firmwareConfig.cmake
[147.214s] -- Installing: /home/rover/workspaces/rover-real/src/install/arm_firmware/share/arm_firmware/cmake/arm_firmwareConfig-version.cmake
[147.218s] -- Installing: /home/rover/workspaces/rover-real/src/install/arm_firmware/share/arm_firmware/package.xml
[147.235s] Invoked command in '/home/rover/workspaces/rover-real/src/build/arm_firmware' returned '0': CMAKE_PREFIX_PATH=/opt/ros/humble:${CMAKE_PREFIX_PATH} /usr/bin/cmake --install /home/rover/workspaces/rover-real/src/build/arm_firmware
