[0.072s] Invoking command in '/home/rover/workspaces/rover-real/src/build/micro_ros_msgs': CMAKE_PREFIX_PATH=/opt/ros/humble:${CMAKE_PREFIX_PATH} /usr/bin/cmake /home/rover/workspaces/rover-real/src/uros/micro_ros_msgs -DCMAKE_INSTALL_PREFIX=/home/rover/workspaces/rover-real/src/install/micro_ros_msgs
[0.269s] -- The C compiler identification is GNU 11.4.0
[0.443s] -- The CXX compiler identification is GNU 11.4.0
[0.474s] -- Detecting C compiler ABI info
[0.750s] -- Detecting C compiler ABI info - done
[0.771s] -- Check for working C compiler: /usr/bin/cc - skipped
[0.772s] -- Detecting C compile features
[0.772s] -- Detecting C compile features - done
[0.780s] -- Detecting CXX compiler ABI info
[1.071s] -- Detecting CXX compiler ABI info - done
[1.103s] -- Check for working CXX compiler: /usr/bin/c++ - skipped
[1.104s] -- Detecting CXX compile features
[1.105s] -- Detecting CXX compile features - done
[1.113s] -- Found ament_cmake: 1.3.12 (/opt/ros/humble/share/ament_cmake/cmake)
[1.780s] -- Found Python3: /usr/bin/python3 (found version "3.10.12") found components: Interpreter 
[2.160s] -- Found rosidl_default_generators: 1.2.0 (/opt/ros/humble/share/rosidl_default_generators/cmake)
[2.169s] -- Using all available rosidl_typesupport_c: rosidl_typesupport_fastrtps_c;rosidl_typesupport_introspection_c
[2.184s] -- Found rosidl_adapter: 3.1.7 (/opt/ros/humble/share/rosidl_adapter/cmake)
[2.286s] -- Using all available rosidl_typesupport_cpp: rosidl_typesupport_fastrtps_cpp;rosidl_typesupport_introspection_cpp
[2.382s] -- Found ament_lint_auto: 0.12.14 (/opt/ros/humble/share/ament_lint_auto/cmake)
[3.398s] -- Found ament_cmake_ros: 0.10.0 (/opt/ros/humble/share/ament_cmake_ros/cmake)
[4.119s] -- Using all available rosidl_typesupport_c: rosidl_typesupport_fastrtps_c;rosidl_typesupport_introspection_c
[5.109s] -- Using all available rosidl_typesupport_cpp: rosidl_typesupport_fastrtps_cpp;rosidl_typesupport_introspection_cpp
[5.179s] -- Found PythonInterp: /usr/bin/python3 (found suitable version "3.10.12", minimum required is "3.6") 
[5.184s] -- Found python_cmake_module: 0.10.0 (/opt/ros/humble/share/python_cmake_module/cmake)
[5.286s] -- Found PythonLibs: /usr/lib/aarch64-linux-gnu/libpython3.10.so (found suitable version "3.10.12", minimum required is "3.5") 
[5.287s] -- Using PYTHON_EXECUTABLE: /usr/bin/python3
[5.287s] -- Using PYTHON_INCLUDE_DIRS: /usr/include/python3.10
[5.287s] -- Using PYTHON_LIBRARIES: /usr/lib/aarch64-linux-gnu/libpython3.10.so
[5.360s] -- Found PythonExtra: .so  
[5.469s] -- Added test 'copyright' to check source files copyright and LICENSE
[5.478s] -- Added test 'lint_cmake' to check CMake code style
[5.482s] -- Added test 'xmllint' to check XML markup files
[5.525s] -- Configuring done
[5.753s] -- Generating done
[5.803s] -- Build files have been written to: /home/rover/workspaces/rover-real/src/build/micro_ros_msgs
[5.838s] Invoked command in '/home/rover/workspaces/rover-real/src/build/micro_ros_msgs' returned '0': CMAKE_PREFIX_PATH=/opt/ros/humble:${CMAKE_PREFIX_PATH} /usr/bin/cmake /home/rover/workspaces/rover-real/src/uros/micro_ros_msgs -DCMAKE_INSTALL_PREFIX=/home/rover/workspaces/rover-real/src/install/micro_ros_msgs
[5.849s] Invoking command in '/home/rover/workspaces/rover-real/src/build/micro_ros_msgs': CMAKE_PREFIX_PATH=/opt/ros/humble:${CMAKE_PREFIX_PATH} /usr/bin/cmake --build /home/rover/workspaces/rover-real/src/build/micro_ros_msgs -- -j6 -l6
[6.032s] [  2%] [34m[1mGenerating C code for ROS interfaces[0m
[6.084s] [  4%] [34m[1mGenerating C++ code for ROS interfaces[0m
[6.359s] [  4%] Built target ament_cmake_python_copy_micro_ros_msgs
[7.624s] running egg_info
[7.625s] creating micro_ros_msgs.egg-info
[7.626s] writing micro_ros_msgs.egg-info/PKG-INFO
[7.627s] writing dependency_links to micro_ros_msgs.egg-info/dependency_links.txt
[7.628s] writing top-level names to micro_ros_msgs.egg-info/top_level.txt
[7.629s] writing manifest file 'micro_ros_msgs.egg-info/SOURCES.txt'
[7.640s] reading manifest file 'micro_ros_msgs.egg-info/SOURCES.txt'
[7.641s] writing manifest file 'micro_ros_msgs.egg-info/SOURCES.txt'
[7.899s] [  4%] Built target ament_cmake_python_build_micro_ros_msgs_egg
[8.375s] [  4%] Built target micro_ros_msgs__cpp
[8.504s] [  6%] [34m[1mGenerating C++ type support dispatch for ROS interfaces[0m
[8.516s] [  8%] [34m[1mGenerating C++ type support for eProsima Fast-RTPS[0m
[8.598s] [ 10%] [34m[1mGenerating C++ introspection for ROS interfaces[0m
[8.846s] [ 14%] [32mBuilding C object CMakeFiles/micro_ros_msgs__rosidl_generator_c.dir/rosidl_generator_c/micro_ros_msgs/msg/detail/graph__functions.c.o[0m
[8.847s] [ 14%] [32mBuilding C object CMakeFiles/micro_ros_msgs__rosidl_generator_c.dir/rosidl_generator_c/micro_ros_msgs/msg/detail/node__functions.c.o[0m
[8.864s] [ 17%] [32mBuilding C object CMakeFiles/micro_ros_msgs__rosidl_generator_c.dir/rosidl_generator_c/micro_ros_msgs/msg/detail/entity__functions.c.o[0m
[9.603s] [ 19%] [32m[1mLinking C shared library libmicro_ros_msgs__rosidl_generator_c.so[0m
[10.049s] [ 19%] Built target micro_ros_msgs__rosidl_generator_c
[10.208s] [ 21%] [34m[1mGenerating C type support for eProsima Fast-RTPS[0m
[10.209s] [ 23%] [34m[1mGenerating C introspection for ROS interfaces[0m
[10.218s] [ 25%] [34m[1mGenerating C type support dispatch for ROS interfaces[0m
[11.661s] [ 27%] [32mBuilding CXX object CMakeFiles/micro_ros_msgs__rosidl_typesupport_cpp.dir/rosidl_typesupport_cpp/micro_ros_msgs/msg/graph__type_support.cpp.o[0m
[12.237s] [ 29%] [32mBuilding CXX object CMakeFiles/micro_ros_msgs__rosidl_typesupport_introspection_cpp.dir/rosidl_typesupport_introspection_cpp/micro_ros_msgs/msg/detail/graph__type_support.cpp.o[0m
[12.945s] [ 31%] [32mBuilding CXX object CMakeFiles/micro_ros_msgs__rosidl_typesupport_fastrtps_cpp.dir/rosidl_typesupport_fastrtps_cpp/micro_ros_msgs/msg/detail/dds_fastrtps/graph__type_support.cpp.o[0m
[13.723s] [ 34%] [32mBuilding CXX object CMakeFiles/micro_ros_msgs__rosidl_typesupport_c.dir/rosidl_typesupport_c/micro_ros_msgs/msg/graph__type_support.cpp.o[0m
[14.157s] [ 36%] [32mBuilding CXX object CMakeFiles/micro_ros_msgs__rosidl_typesupport_c.dir/rosidl_typesupport_c/micro_ros_msgs/msg/node__type_support.cpp.o[0m
[14.423s] [ 38%] [32mBuilding C object CMakeFiles/micro_ros_msgs__rosidl_typesupport_introspection_c.dir/rosidl_typesupport_introspection_c/micro_ros_msgs/msg/detail/graph__type_support.c.o[0m
[14.596s] [ 40%] [32mBuilding CXX object CMakeFiles/micro_ros_msgs__rosidl_typesupport_c.dir/rosidl_typesupport_c/micro_ros_msgs/msg/entity__type_support.cpp.o[0m
[14.922s] [ 42%] [32mBuilding CXX object CMakeFiles/micro_ros_msgs__rosidl_typesupport_cpp.dir/rosidl_typesupport_cpp/micro_ros_msgs/msg/node__type_support.cpp.o[0m
[14.935s] [ 44%] [32mBuilding C object CMakeFiles/micro_ros_msgs__rosidl_typesupport_introspection_c.dir/rosidl_typesupport_introspection_c/micro_ros_msgs/msg/detail/node__type_support.c.o[0m
[14.952s] [ 46%] [32mBuilding CXX object CMakeFiles/micro_ros_msgs__rosidl_typesupport_fastrtps_c.dir/rosidl_typesupport_fastrtps_c/micro_ros_msgs/msg/detail/graph__type_support_c.cpp.o[0m
[15.026s] [ 48%] [32m[1mLinking CXX shared library libmicro_ros_msgs__rosidl_typesupport_c.so[0m
[15.758s] [ 51%] [32mBuilding C object CMakeFiles/micro_ros_msgs__rosidl_typesupport_introspection_c.dir/rosidl_typesupport_introspection_c/micro_ros_msgs/msg/detail/entity__type_support.c.o[0m
[15.822s] [ 51%] Built target micro_ros_msgs__rosidl_typesupport_c
[16.082s] [ 53%] [32mBuilding CXX object CMakeFiles/micro_ros_msgs__rosidl_typesupport_fastrtps_c.dir/rosidl_typesupport_fastrtps_c/micro_ros_msgs/msg/detail/node__type_support_c.cpp.o[0m
[16.313s] [ 55%] [32m[1mLinking C shared library libmicro_ros_msgs__rosidl_typesupport_introspection_c.so[0m
[16.448s] [ 57%] [32mBuilding CXX object CMakeFiles/micro_ros_msgs__rosidl_typesupport_cpp.dir/rosidl_typesupport_cpp/micro_ros_msgs/msg/entity__type_support.cpp.o[0m
[17.092s] [ 57%] Built target micro_ros_msgs__rosidl_typesupport_introspection_c
[17.434s] [ 59%] [32mBuilding CXX object CMakeFiles/micro_ros_msgs__rosidl_typesupport_fastrtps_c.dir/rosidl_typesupport_fastrtps_c/micro_ros_msgs/msg/detail/entity__type_support_c.cpp.o[0m
[17.997s] [ 61%] [32mBuilding CXX object CMakeFiles/micro_ros_msgs__rosidl_typesupport_introspection_cpp.dir/rosidl_typesupport_introspection_cpp/micro_ros_msgs/msg/detail/node__type_support.cpp.o[0m
[18.166s] [ 63%] [32m[1mLinking CXX shared library libmicro_ros_msgs__rosidl_typesupport_cpp.so[0m
[18.945s] [ 63%] Built target micro_ros_msgs__rosidl_typesupport_cpp
[19.069s] [ 65%] [32mBuilding CXX object CMakeFiles/micro_ros_msgs__rosidl_typesupport_introspection_cpp.dir/rosidl_typesupport_introspection_cpp/micro_ros_msgs/msg/detail/entity__type_support.cpp.o[0m
[19.208s] [ 68%] [32mBuilding CXX object CMakeFiles/micro_ros_msgs__rosidl_typesupport_fastrtps_cpp.dir/rosidl_typesupport_fastrtps_cpp/micro_ros_msgs/msg/detail/dds_fastrtps/node__type_support.cpp.o[0m
[22.561s] [ 70%] [32m[1mLinking CXX shared library libmicro_ros_msgs__rosidl_typesupport_fastrtps_c.so[0m
[23.200s] [ 70%] Built target micro_ros_msgs__rosidl_typesupport_fastrtps_c
[23.501s] [ 72%] [32mBuilding CXX object CMakeFiles/micro_ros_msgs__rosidl_typesupport_fastrtps_cpp.dir/rosidl_typesupport_fastrtps_cpp/micro_ros_msgs/msg/detail/dds_fastrtps/entity__type_support.cpp.o[0m
[24.540s] [ 74%] [32m[1mLinking CXX shared library libmicro_ros_msgs__rosidl_typesupport_introspection_cpp.so[0m
[25.201s] [ 74%] Built target micro_ros_msgs__rosidl_typesupport_introspection_cpp
[26.751s] [ 76%] [32m[1mLinking CXX shared library libmicro_ros_msgs__rosidl_typesupport_fastrtps_cpp.so[0m
[27.486s] [ 76%] Built target micro_ros_msgs__rosidl_typesupport_fastrtps_cpp
[27.692s] [ 76%] Built target micro_ros_msgs
[27.782s] [ 78%] [34m[1mGenerating Python code for ROS interfaces[0m
[30.711s] [ 78%] Built target micro_ros_msgs__py
[30.907s] [ 80%] [32mBuilding C object CMakeFiles/micro_ros_msgs__rosidl_generator_py.dir/rosidl_generator_py/micro_ros_msgs/msg/_graph_s.c.o[0m
[31.441s] [ 82%] [32mBuilding C object CMakeFiles/micro_ros_msgs__rosidl_generator_py.dir/rosidl_generator_py/micro_ros_msgs/msg/_entity_s.c.o[0m
[32.162s] [ 85%] [32mBuilding C object CMakeFiles/micro_ros_msgs__rosidl_generator_py.dir/rosidl_generator_py/micro_ros_msgs/msg/_node_s.c.o[0m
[32.752s] [ 87%] [32m[1mLinking C shared library rosidl_generator_py/micro_ros_msgs/libmicro_ros_msgs__rosidl_generator_py.so[0m
[32.988s] [ 87%] Built target micro_ros_msgs__rosidl_generator_py
[33.135s] [ 89%] [32mBuilding C object CMakeFiles/micro_ros_msgs__rosidl_typesupport_fastrtps_c__pyext.dir/rosidl_generator_py/micro_ros_msgs/_micro_ros_msgs_s.ep.rosidl_typesupport_fastrtps_c.c.o[0m
[33.553s] [ 91%] [32m[1mLinking C shared library rosidl_generator_py/micro_ros_msgs/micro_ros_msgs_s__rosidl_typesupport_fastrtps_c.cpython-310-aarch64-linux-gnu.so[0m
[33.762s] [ 91%] Built target micro_ros_msgs__rosidl_typesupport_fastrtps_c__pyext
[33.873s] [ 93%] [32mBuilding C object CMakeFiles/micro_ros_msgs__rosidl_typesupport_c__pyext.dir/rosidl_generator_py/micro_ros_msgs/_micro_ros_msgs_s.ep.rosidl_typesupport_c.c.o[0m
[34.154s] [ 95%] [32m[1mLinking C shared library rosidl_generator_py/micro_ros_msgs/micro_ros_msgs_s__rosidl_typesupport_c.cpython-310-aarch64-linux-gnu.so[0m
[34.328s] [ 95%] Built target micro_ros_msgs__rosidl_typesupport_c__pyext
[34.441s] [ 97%] [32mBuilding C object CMakeFiles/micro_ros_msgs__rosidl_typesupport_introspection_c__pyext.dir/rosidl_generator_py/micro_ros_msgs/_micro_ros_msgs_s.ep.rosidl_typesupport_introspection_c.c.o[0m
[34.921s] [100%] [32m[1mLinking C shared library rosidl_generator_py/micro_ros_msgs/micro_ros_msgs_s__rosidl_typesupport_introspection_c.cpython-310-aarch64-linux-gnu.so[0m
[35.161s] [100%] Built target micro_ros_msgs__rosidl_typesupport_introspection_c__pyext
[35.967s] Invoked command in '/home/rover/workspaces/rover-real/src/build/micro_ros_msgs' returned '0': CMAKE_PREFIX_PATH=/opt/ros/humble:${CMAKE_PREFIX_PATH} /usr/bin/cmake --build /home/rover/workspaces/rover-real/src/build/micro_ros_msgs -- -j6 -l6
[35.971s] Invoking command in '/home/rover/workspaces/rover-real/src/build/micro_ros_msgs': CMAKE_PREFIX_PATH=/opt/ros/humble:${CMAKE_PREFIX_PATH} /usr/bin/cmake --install /home/rover/workspaces/rover-real/src/build/micro_ros_msgs
[36.009s] -- Install configuration: ""
[36.010s] -- Installing: /home/rover/workspaces/rover-real/src/install/micro_ros_msgs/share/ament_index/resource_index/rosidl_interfaces/micro_ros_msgs
[36.011s] -- Installing: /home/rover/workspaces/rover-real/src/install/micro_ros_msgs/include/micro_ros_msgs/micro_ros_msgs
[36.011s] -- Installing: /home/rover/workspaces/rover-real/src/install/micro_ros_msgs/include/micro_ros_msgs/micro_ros_msgs/msg
[36.011s] -- Installing: /home/rover/workspaces/rover-real/src/install/micro_ros_msgs/include/micro_ros_msgs/micro_ros_msgs/msg/rosidl_generator_c__visibility_control.h
[36.011s] -- Installing: /home/rover/workspaces/rover-real/src/install/micro_ros_msgs/include/micro_ros_msgs/micro_ros_msgs/msg/entity.h
[36.011s] -- Installing: /home/rover/workspaces/rover-real/src/install/micro_ros_msgs/include/micro_ros_msgs/micro_ros_msgs/msg/detail
[36.012s] -- Installing: /home/rover/workspaces/rover-real/src/install/micro_ros_msgs/include/micro_ros_msgs/micro_ros_msgs/msg/detail/entity__functions.h
[36.012s] -- Installing: /home/rover/workspaces/rover-real/src/install/micro_ros_msgs/include/micro_ros_msgs/micro_ros_msgs/msg/detail/entity__struct.h
[36.012s] -- Installing: /home/rover/workspaces/rover-real/src/install/micro_ros_msgs/include/micro_ros_msgs/micro_ros_msgs/msg/detail/graph__functions.c
[36.013s] -- Installing: /home/rover/workspaces/rover-real/src/install/micro_ros_msgs/include/micro_ros_msgs/micro_ros_msgs/msg/detail/entity__functions.c
[36.014s] -- Installing: /home/rover/workspaces/rover-real/src/install/micro_ros_msgs/include/micro_ros_msgs/micro_ros_msgs/msg/detail/node__type_support.h
[36.014s] -- Installing: /home/rover/workspaces/rover-real/src/install/micro_ros_msgs/include/micro_ros_msgs/micro_ros_msgs/msg/detail/entity__type_support.h
[36.015s] -- Installing: /home/rover/workspaces/rover-real/src/install/micro_ros_msgs/include/micro_ros_msgs/micro_ros_msgs/msg/detail/graph__struct.h
[36.016s] -- Installing: /home/rover/workspaces/rover-real/src/install/micro_ros_msgs/include/micro_ros_msgs/micro_ros_msgs/msg/detail/graph__functions.h
[36.018s] -- Installing: /home/rover/workspaces/rover-real/src/install/micro_ros_msgs/include/micro_ros_msgs/micro_ros_msgs/msg/detail/node__functions.c
[36.019s] -- Installing: /home/rover/workspaces/rover-real/src/install/micro_ros_msgs/include/micro_ros_msgs/micro_ros_msgs/msg/detail/graph__type_support.h
[36.020s] -- Installing: /home/rover/workspaces/rover-real/src/install/micro_ros_msgs/include/micro_ros_msgs/micro_ros_msgs/msg/detail/node__functions.h
[36.021s] -- Installing: /home/rover/workspaces/rover-real/src/install/micro_ros_msgs/include/micro_ros_msgs/micro_ros_msgs/msg/detail/node__struct.h
[36.022s] -- Installing: /home/rover/workspaces/rover-real/src/install/micro_ros_msgs/include/micro_ros_msgs/micro_ros_msgs/msg/node.h
[36.023s] -- Installing: /home/rover/workspaces/rover-real/src/install/micro_ros_msgs/include/micro_ros_msgs/micro_ros_msgs/msg/graph.h
[36.024s] -- Installing: /home/rover/workspaces/rover-real/src/install/micro_ros_msgs/share/micro_ros_msgs/environment/library_path.sh
[36.025s] -- Installing: /home/rover/workspaces/rover-real/src/install/micro_ros_msgs/share/micro_ros_msgs/environment/library_path.dsv
[36.027s] -- Installing: /home/rover/workspaces/rover-real/src/install/micro_ros_msgs/lib/libmicro_ros_msgs__rosidl_generator_c.so
[36.035s] -- Set runtime path of "/home/rover/workspaces/rover-real/src/install/micro_ros_msgs/lib/libmicro_ros_msgs__rosidl_generator_c.so" to ""
[36.036s] -- Up-to-date: /home/rover/workspaces/rover-real/src/install/micro_ros_msgs/include/micro_ros_msgs/micro_ros_msgs
[36.037s] -- Up-to-date: /home/rover/workspaces/rover-real/src/install/micro_ros_msgs/include/micro_ros_msgs/micro_ros_msgs/msg
[36.038s] -- Up-to-date: /home/rover/workspaces/rover-real/src/install/micro_ros_msgs/include/micro_ros_msgs/micro_ros_msgs/msg/detail
[36.038s] -- Installing: /home/rover/workspaces/rover-real/src/install/micro_ros_msgs/include/micro_ros_msgs/micro_ros_msgs/msg/detail/entity__rosidl_typesupport_fastrtps_c.h
[36.039s] -- Installing: /home/rover/workspaces/rover-real/src/install/micro_ros_msgs/include/micro_ros_msgs/micro_ros_msgs/msg/detail/node__rosidl_typesupport_fastrtps_c.h
[36.040s] -- Installing: /home/rover/workspaces/rover-real/src/install/micro_ros_msgs/include/micro_ros_msgs/micro_ros_msgs/msg/detail/graph__rosidl_typesupport_fastrtps_c.h
[36.041s] -- Installing: /home/rover/workspaces/rover-real/src/install/micro_ros_msgs/include/micro_ros_msgs/micro_ros_msgs/msg/rosidl_typesupport_fastrtps_c__visibility_control.h
[36.042s] -- Installing: /home/rover/workspaces/rover-real/src/install/micro_ros_msgs/lib/libmicro_ros_msgs__rosidl_typesupport_fastrtps_c.so
[36.047s] -- Set runtime path of "/home/rover/workspaces/rover-real/src/install/micro_ros_msgs/lib/libmicro_ros_msgs__rosidl_typesupport_fastrtps_c.so" to ""
[36.048s] -- Up-to-date: /home/rover/workspaces/rover-real/src/install/micro_ros_msgs/include/micro_ros_msgs/micro_ros_msgs
[36.049s] -- Up-to-date: /home/rover/workspaces/rover-real/src/install/micro_ros_msgs/include/micro_ros_msgs/micro_ros_msgs/msg
[36.050s] -- Up-to-date: /home/rover/workspaces/rover-real/src/install/micro_ros_msgs/include/micro_ros_msgs/micro_ros_msgs/msg/detail
[36.050s] -- Installing: /home/rover/workspaces/rover-real/src/install/micro_ros_msgs/include/micro_ros_msgs/micro_ros_msgs/msg/detail/node__type_support.c
[36.051s] -- Installing: /home/rover/workspaces/rover-real/src/install/micro_ros_msgs/include/micro_ros_msgs/micro_ros_msgs/msg/detail/graph__rosidl_typesupport_introspection_c.h
[36.052s] -- Installing: /home/rover/workspaces/rover-real/src/install/micro_ros_msgs/include/micro_ros_msgs/micro_ros_msgs/msg/detail/graph__type_support.c
[36.053s] -- Installing: /home/rover/workspaces/rover-real/src/install/micro_ros_msgs/include/micro_ros_msgs/micro_ros_msgs/msg/detail/entity__type_support.c
[36.054s] -- Installing: /home/rover/workspaces/rover-real/src/install/micro_ros_msgs/include/micro_ros_msgs/micro_ros_msgs/msg/detail/entity__rosidl_typesupport_introspection_c.h
[36.055s] -- Installing: /home/rover/workspaces/rover-real/src/install/micro_ros_msgs/include/micro_ros_msgs/micro_ros_msgs/msg/detail/node__rosidl_typesupport_introspection_c.h
[36.056s] -- Installing: /home/rover/workspaces/rover-real/src/install/micro_ros_msgs/include/micro_ros_msgs/micro_ros_msgs/msg/rosidl_typesupport_introspection_c__visibility_control.h
[36.057s] -- Installing: /home/rover/workspaces/rover-real/src/install/micro_ros_msgs/lib/libmicro_ros_msgs__rosidl_typesupport_introspection_c.so
[36.062s] -- Set runtime path of "/home/rover/workspaces/rover-real/src/install/micro_ros_msgs/lib/libmicro_ros_msgs__rosidl_typesupport_introspection_c.so" to ""
[36.063s] -- Installing: /home/rover/workspaces/rover-real/src/install/micro_ros_msgs/lib/libmicro_ros_msgs__rosidl_typesupport_c.so
[36.067s] -- Set runtime path of "/home/rover/workspaces/rover-real/src/install/micro_ros_msgs/lib/libmicro_ros_msgs__rosidl_typesupport_c.so" to ""
[36.068s] -- Up-to-date: /home/rover/workspaces/rover-real/src/install/micro_ros_msgs/include/micro_ros_msgs/micro_ros_msgs
[36.069s] -- Up-to-date: /home/rover/workspaces/rover-real/src/install/micro_ros_msgs/include/micro_ros_msgs/micro_ros_msgs/msg
[36.070s] -- Installing: /home/rover/workspaces/rover-real/src/install/micro_ros_msgs/include/micro_ros_msgs/micro_ros_msgs/msg/entity.hpp
[36.071s] -- Installing: /home/rover/workspaces/rover-real/src/install/micro_ros_msgs/include/micro_ros_msgs/micro_ros_msgs/msg/graph.hpp
[36.072s] -- Installing: /home/rover/workspaces/rover-real/src/install/micro_ros_msgs/include/micro_ros_msgs/micro_ros_msgs/msg/node.hpp
[36.073s] -- Installing: /home/rover/workspaces/rover-real/src/install/micro_ros_msgs/include/micro_ros_msgs/micro_ros_msgs/msg/rosidl_generator_cpp__visibility_control.hpp
[36.074s] -- Up-to-date: /home/rover/workspaces/rover-real/src/install/micro_ros_msgs/include/micro_ros_msgs/micro_ros_msgs/msg/detail
[36.074s] -- Installing: /home/rover/workspaces/rover-real/src/install/micro_ros_msgs/include/micro_ros_msgs/micro_ros_msgs/msg/detail/node__struct.hpp
[36.075s] -- Installing: /home/rover/workspaces/rover-real/src/install/micro_ros_msgs/include/micro_ros_msgs/micro_ros_msgs/msg/detail/graph__struct.hpp
[36.076s] -- Installing: /home/rover/workspaces/rover-real/src/install/micro_ros_msgs/include/micro_ros_msgs/micro_ros_msgs/msg/detail/graph__traits.hpp
[36.077s] -- Installing: /home/rover/workspaces/rover-real/src/install/micro_ros_msgs/include/micro_ros_msgs/micro_ros_msgs/msg/detail/node__type_support.hpp
[36.078s] -- Installing: /home/rover/workspaces/rover-real/src/install/micro_ros_msgs/include/micro_ros_msgs/micro_ros_msgs/msg/detail/entity__traits.hpp
[36.079s] -- Installing: /home/rover/workspaces/rover-real/src/install/micro_ros_msgs/include/micro_ros_msgs/micro_ros_msgs/msg/detail/node__traits.hpp
[36.079s] -- Installing: /home/rover/workspaces/rover-real/src/install/micro_ros_msgs/include/micro_ros_msgs/micro_ros_msgs/msg/detail/graph__builder.hpp
[36.080s] -- Installing: /home/rover/workspaces/rover-real/src/install/micro_ros_msgs/include/micro_ros_msgs/micro_ros_msgs/msg/detail/entity__builder.hpp
[36.081s] -- Installing: /home/rover/workspaces/rover-real/src/install/micro_ros_msgs/include/micro_ros_msgs/micro_ros_msgs/msg/detail/graph__type_support.hpp
[36.082s] -- Installing: /home/rover/workspaces/rover-real/src/install/micro_ros_msgs/include/micro_ros_msgs/micro_ros_msgs/msg/detail/entity__type_support.hpp
[36.083s] -- Installing: /home/rover/workspaces/rover-real/src/install/micro_ros_msgs/include/micro_ros_msgs/micro_ros_msgs/msg/detail/node__builder.hpp
[36.084s] -- Installing: /home/rover/workspaces/rover-real/src/install/micro_ros_msgs/include/micro_ros_msgs/micro_ros_msgs/msg/detail/entity__struct.hpp
[36.085s] -- Up-to-date: /home/rover/workspaces/rover-real/src/install/micro_ros_msgs/include/micro_ros_msgs/micro_ros_msgs
[36.085s] -- Up-to-date: /home/rover/workspaces/rover-real/src/install/micro_ros_msgs/include/micro_ros_msgs/micro_ros_msgs/msg
[36.086s] -- Up-to-date: /home/rover/workspaces/rover-real/src/install/micro_ros_msgs/include/micro_ros_msgs/micro_ros_msgs/msg/detail
[36.086s] -- Installing: /home/rover/workspaces/rover-real/src/install/micro_ros_msgs/include/micro_ros_msgs/micro_ros_msgs/msg/detail/dds_fastrtps
[36.087s] -- Installing: /home/rover/workspaces/rover-real/src/install/micro_ros_msgs/include/micro_ros_msgs/micro_ros_msgs/msg/detail/node__rosidl_typesupport_fastrtps_cpp.hpp
[36.088s] -- Installing: /home/rover/workspaces/rover-real/src/install/micro_ros_msgs/include/micro_ros_msgs/micro_ros_msgs/msg/detail/entity__rosidl_typesupport_fastrtps_cpp.hpp
[36.089s] -- Installing: /home/rover/workspaces/rover-real/src/install/micro_ros_msgs/include/micro_ros_msgs/micro_ros_msgs/msg/detail/graph__rosidl_typesupport_fastrtps_cpp.hpp
[36.090s] -- Installing: /home/rover/workspaces/rover-real/src/install/micro_ros_msgs/include/micro_ros_msgs/micro_ros_msgs/msg/rosidl_typesupport_fastrtps_cpp__visibility_control.h
[36.091s] -- Installing: /home/rover/workspaces/rover-real/src/install/micro_ros_msgs/lib/libmicro_ros_msgs__rosidl_typesupport_fastrtps_cpp.so
[36.102s] -- Set runtime path of "/home/rover/workspaces/rover-real/src/install/micro_ros_msgs/lib/libmicro_ros_msgs__rosidl_typesupport_fastrtps_cpp.so" to ""
[36.104s] -- Up-to-date: /home/rover/workspaces/rover-real/src/install/micro_ros_msgs/include/micro_ros_msgs/micro_ros_msgs
[36.105s] -- Up-to-date: /home/rover/workspaces/rover-real/src/install/micro_ros_msgs/include/micro_ros_msgs/micro_ros_msgs/msg
[36.106s] -- Up-to-date: /home/rover/workspaces/rover-real/src/install/micro_ros_msgs/include/micro_ros_msgs/micro_ros_msgs/msg/detail
[36.106s] -- Installing: /home/rover/workspaces/rover-real/src/install/micro_ros_msgs/include/micro_ros_msgs/micro_ros_msgs/msg/detail/graph__rosidl_typesupport_introspection_cpp.hpp
[36.107s] -- Installing: /home/rover/workspaces/rover-real/src/install/micro_ros_msgs/include/micro_ros_msgs/micro_ros_msgs/msg/detail/entity__type_support.cpp
[36.109s] -- Installing: /home/rover/workspaces/rover-real/src/install/micro_ros_msgs/include/micro_ros_msgs/micro_ros_msgs/msg/detail/graph__type_support.cpp
[36.109s] -- Installing: /home/rover/workspaces/rover-real/src/install/micro_ros_msgs/include/micro_ros_msgs/micro_ros_msgs/msg/detail/entity__rosidl_typesupport_introspection_cpp.hpp
[36.110s] -- Installing: /home/rover/workspaces/rover-real/src/install/micro_ros_msgs/include/micro_ros_msgs/micro_ros_msgs/msg/detail/node__rosidl_typesupport_introspection_cpp.hpp
[36.111s] -- Installing: /home/rover/workspaces/rover-real/src/install/micro_ros_msgs/include/micro_ros_msgs/micro_ros_msgs/msg/detail/node__type_support.cpp
[36.113s] -- Installing: /home/rover/workspaces/rover-real/src/install/micro_ros_msgs/lib/libmicro_ros_msgs__rosidl_typesupport_introspection_cpp.so
[36.125s] -- Set runtime path of "/home/rover/workspaces/rover-real/src/install/micro_ros_msgs/lib/libmicro_ros_msgs__rosidl_typesupport_introspection_cpp.so" to ""
[36.127s] -- Installing: /home/rover/workspaces/rover-real/src/install/micro_ros_msgs/lib/libmicro_ros_msgs__rosidl_typesupport_cpp.so
[36.131s] -- Set runtime path of "/home/rover/workspaces/rover-real/src/install/micro_ros_msgs/lib/libmicro_ros_msgs__rosidl_typesupport_cpp.so" to ""
[36.132s] -- Installing: /home/rover/workspaces/rover-real/src/install/micro_ros_msgs/share/micro_ros_msgs/environment/pythonpath.sh
[36.133s] -- Installing: /home/rover/workspaces/rover-real/src/install/micro_ros_msgs/share/micro_ros_msgs/environment/pythonpath.dsv
[36.135s] -- Installing: /home/rover/workspaces/rover-real/src/install/micro_ros_msgs/local/lib/python3.10/dist-packages/micro_ros_msgs-3.0.1-py3.10.egg-info
[36.137s] -- Installing: /home/rover/workspaces/rover-real/src/install/micro_ros_msgs/local/lib/python3.10/dist-packages/micro_ros_msgs-3.0.1-py3.10.egg-info/top_level.txt
[36.140s] -- Installing: /home/rover/workspaces/rover-real/src/install/micro_ros_msgs/local/lib/python3.10/dist-packages/micro_ros_msgs-3.0.1-py3.10.egg-info/SOURCES.txt
[36.143s] -- Installing: /home/rover/workspaces/rover-real/src/install/micro_ros_msgs/local/lib/python3.10/dist-packages/micro_ros_msgs-3.0.1-py3.10.egg-info/PKG-INFO
[36.147s] -- Installing: /home/rover/workspaces/rover-real/src/install/micro_ros_msgs/local/lib/python3.10/dist-packages/micro_ros_msgs-3.0.1-py3.10.egg-info/dependency_links.txt
[36.150s] -- Installing: /home/rover/workspaces/rover-real/src/install/micro_ros_msgs/local/lib/python3.10/dist-packages/micro_ros_msgs
[36.152s] -- Installing: /home/rover/workspaces/rover-real/src/install/micro_ros_msgs/local/lib/python3.10/dist-packages/micro_ros_msgs/_micro_ros_msgs_s.ep.rosidl_typesupport_fastrtps_c.c
[36.156s] -- Installing: /home/rover/workspaces/rover-real/src/install/micro_ros_msgs/local/lib/python3.10/dist-packages/micro_ros_msgs/libmicro_ros_msgs__rosidl_generator_py.so
[36.157s] -- Installing: /home/rover/workspaces/rover-real/src/install/micro_ros_msgs/local/lib/python3.10/dist-packages/micro_ros_msgs/micro_ros_msgs_s__rosidl_typesupport_c.cpython-310-aarch64-linux-gnu.so
[36.159s] -- Installing: /home/rover/workspaces/rover-real/src/install/micro_ros_msgs/local/lib/python3.10/dist-packages/micro_ros_msgs/_micro_ros_msgs_s.ep.rosidl_typesupport_introspection_c.c
[36.161s] -- Installing: /home/rover/workspaces/rover-real/src/install/micro_ros_msgs/local/lib/python3.10/dist-packages/micro_ros_msgs/msg
[36.163s] -- Installing: /home/rover/workspaces/rover-real/src/install/micro_ros_msgs/local/lib/python3.10/dist-packages/micro_ros_msgs/msg/_entity_s.c
[36.165s] -- Installing: /home/rover/workspaces/rover-real/src/install/micro_ros_msgs/local/lib/python3.10/dist-packages/micro_ros_msgs/msg/_node.py
[36.167s] -- Installing: /home/rover/workspaces/rover-real/src/install/micro_ros_msgs/local/lib/python3.10/dist-packages/micro_ros_msgs/msg/_node_s.c
[36.168s] -- Installing: /home/rover/workspaces/rover-real/src/install/micro_ros_msgs/local/lib/python3.10/dist-packages/micro_ros_msgs/msg/_graph.py
[36.171s] -- Installing: /home/rover/workspaces/rover-real/src/install/micro_ros_msgs/local/lib/python3.10/dist-packages/micro_ros_msgs/msg/_entity.py
[36.173s] -- Installing: /home/rover/workspaces/rover-real/src/install/micro_ros_msgs/local/lib/python3.10/dist-packages/micro_ros_msgs/msg/_graph_s.c
[36.174s] -- Installing: /home/rover/workspaces/rover-real/src/install/micro_ros_msgs/local/lib/python3.10/dist-packages/micro_ros_msgs/msg/__init__.py
[36.176s] -- Installing: /home/rover/workspaces/rover-real/src/install/micro_ros_msgs/local/lib/python3.10/dist-packages/micro_ros_msgs/_micro_ros_msgs_s.ep.rosidl_typesupport_c.c
[36.178s] -- Installing: /home/rover/workspaces/rover-real/src/install/micro_ros_msgs/local/lib/python3.10/dist-packages/micro_ros_msgs/micro_ros_msgs_s__rosidl_typesupport_introspection_c.cpython-310-aarch64-linux-gnu.so
[36.181s] -- Installing: /home/rover/workspaces/rover-real/src/install/micro_ros_msgs/local/lib/python3.10/dist-packages/micro_ros_msgs/micro_ros_msgs_s__rosidl_typesupport_fastrtps_c.cpython-310-aarch64-linux-gnu.so
[36.183s] -- Installing: /home/rover/workspaces/rover-real/src/install/micro_ros_msgs/local/lib/python3.10/dist-packages/micro_ros_msgs/__init__.py
[36.306s] Listing '/home/rover/workspaces/rover-real/src/install/micro_ros_msgs/local/lib/python3.10/dist-packages/micro_ros_msgs'...
[36.306s] Compiling '/home/rover/workspaces/rover-real/src/install/micro_ros_msgs/local/lib/python3.10/dist-packages/micro_ros_msgs/__init__.py'...
[36.306s] Listing '/home/rover/workspaces/rover-real/src/install/micro_ros_msgs/local/lib/python3.10/dist-packages/micro_ros_msgs/msg'...
[36.306s] Compiling '/home/rover/workspaces/rover-real/src/install/micro_ros_msgs/local/lib/python3.10/dist-packages/micro_ros_msgs/msg/__init__.py'...
[36.306s] Compiling '/home/rover/workspaces/rover-real/src/install/micro_ros_msgs/local/lib/python3.10/dist-packages/micro_ros_msgs/msg/_entity.py'...
[36.306s] Compiling '/home/rover/workspaces/rover-real/src/install/micro_ros_msgs/local/lib/python3.10/dist-packages/micro_ros_msgs/msg/_graph.py'...
[36.307s] Compiling '/home/rover/workspaces/rover-real/src/install/micro_ros_msgs/local/lib/python3.10/dist-packages/micro_ros_msgs/msg/_node.py'...
[36.345s] -- Installing: /home/rover/workspaces/rover-real/src/install/micro_ros_msgs/local/lib/python3.10/dist-packages/micro_ros_msgs/micro_ros_msgs_s__rosidl_typesupport_fastrtps_c.cpython-310-aarch64-linux-gnu.so
[36.345s] -- Set runtime path of "/home/rover/workspaces/rover-real/src/install/micro_ros_msgs/local/lib/python3.10/dist-packages/micro_ros_msgs/micro_ros_msgs_s__rosidl_typesupport_fastrtps_c.cpython-310-aarch64-linux-gnu.so" to ""
[36.345s] -- Installing: /home/rover/workspaces/rover-real/src/install/micro_ros_msgs/local/lib/python3.10/dist-packages/micro_ros_msgs/micro_ros_msgs_s__rosidl_typesupport_introspection_c.cpython-310-aarch64-linux-gnu.so
[36.345s] -- Set runtime path of "/home/rover/workspaces/rover-real/src/install/micro_ros_msgs/local/lib/python3.10/dist-packages/micro_ros_msgs/micro_ros_msgs_s__rosidl_typesupport_introspection_c.cpython-310-aarch64-linux-gnu.so" to ""
[36.345s] -- Installing: /home/rover/workspaces/rover-real/src/install/micro_ros_msgs/local/lib/python3.10/dist-packages/micro_ros_msgs/micro_ros_msgs_s__rosidl_typesupport_c.cpython-310-aarch64-linux-gnu.so
[36.346s] -- Set runtime path of "/home/rover/workspaces/rover-real/src/install/micro_ros_msgs/local/lib/python3.10/dist-packages/micro_ros_msgs/micro_ros_msgs_s__rosidl_typesupport_c.cpython-310-aarch64-linux-gnu.so" to ""
[36.347s] -- Installing: /home/rover/workspaces/rover-real/src/install/micro_ros_msgs/lib/libmicro_ros_msgs__rosidl_generator_py.so
[36.348s] -- Set runtime path of "/home/rover/workspaces/rover-real/src/install/micro_ros_msgs/lib/libmicro_ros_msgs__rosidl_generator_py.so" to ""
[36.349s] -- Installing: /home/rover/workspaces/rover-real/src/install/micro_ros_msgs/share/micro_ros_msgs/msg/Graph.idl
[36.350s] -- Installing: /home/rover/workspaces/rover-real/src/install/micro_ros_msgs/share/micro_ros_msgs/msg/Node.idl
[36.351s] -- Installing: /home/rover/workspaces/rover-real/src/install/micro_ros_msgs/share/micro_ros_msgs/msg/Entity.idl
[36.352s] -- Installing: /home/rover/workspaces/rover-real/src/install/micro_ros_msgs/share/micro_ros_msgs/msg/Graph.msg
[36.353s] -- Installing: /home/rover/workspaces/rover-real/src/install/micro_ros_msgs/share/micro_ros_msgs/msg/Node.msg
[36.353s] -- Installing: /home/rover/workspaces/rover-real/src/install/micro_ros_msgs/share/micro_ros_msgs/msg/Entity.msg
[36.354s] -- Installing: /home/rover/workspaces/rover-real/src/install/micro_ros_msgs/share/ament_index/resource_index/package_run_dependencies/micro_ros_msgs
[36.355s] -- Installing: /home/rover/workspaces/rover-real/src/install/micro_ros_msgs/share/ament_index/resource_index/parent_prefix_path/micro_ros_msgs
[36.356s] -- Installing: /home/rover/workspaces/rover-real/src/install/micro_ros_msgs/share/micro_ros_msgs/environment/ament_prefix_path.sh
[36.357s] -- Installing: /home/rover/workspaces/rover-real/src/install/micro_ros_msgs/share/micro_ros_msgs/environment/ament_prefix_path.dsv
[36.358s] -- Installing: /home/rover/workspaces/rover-real/src/install/micro_ros_msgs/share/micro_ros_msgs/environment/path.sh
[36.359s] -- Installing: /home/rover/workspaces/rover-real/src/install/micro_ros_msgs/share/micro_ros_msgs/environment/path.dsv
[36.359s] -- Installing: /home/rover/workspaces/rover-real/src/install/micro_ros_msgs/share/micro_ros_msgs/local_setup.bash
[36.360s] -- Installing: /home/rover/workspaces/rover-real/src/install/micro_ros_msgs/share/micro_ros_msgs/local_setup.sh
[36.361s] -- Installing: /home/rover/workspaces/rover-real/src/install/micro_ros_msgs/share/micro_ros_msgs/local_setup.zsh
[36.362s] -- Installing: /home/rover/workspaces/rover-real/src/install/micro_ros_msgs/share/micro_ros_msgs/local_setup.dsv
[36.362s] -- Installing: /home/rover/workspaces/rover-real/src/install/micro_ros_msgs/share/micro_ros_msgs/package.dsv
[36.364s] -- Installing: /home/rover/workspaces/rover-real/src/install/micro_ros_msgs/share/ament_index/resource_index/packages/micro_ros_msgs
[36.365s] -- Installing: /home/rover/workspaces/rover-real/src/install/micro_ros_msgs/share/micro_ros_msgs/cmake/export_micro_ros_msgs__rosidl_generator_cExport.cmake
[36.366s] -- Installing: /home/rover/workspaces/rover-real/src/install/micro_ros_msgs/share/micro_ros_msgs/cmake/export_micro_ros_msgs__rosidl_generator_cExport-noconfig.cmake
[36.367s] -- Installing: /home/rover/workspaces/rover-real/src/install/micro_ros_msgs/share/micro_ros_msgs/cmake/export_micro_ros_msgs__rosidl_typesupport_fastrtps_cExport.cmake
[36.368s] -- Installing: /home/rover/workspaces/rover-real/src/install/micro_ros_msgs/share/micro_ros_msgs/cmake/export_micro_ros_msgs__rosidl_typesupport_fastrtps_cExport-noconfig.cmake
[36.369s] -- Installing: /home/rover/workspaces/rover-real/src/install/micro_ros_msgs/share/micro_ros_msgs/cmake/micro_ros_msgs__rosidl_typesupport_introspection_cExport.cmake
[36.371s] -- Installing: /home/rover/workspaces/rover-real/src/install/micro_ros_msgs/share/micro_ros_msgs/cmake/micro_ros_msgs__rosidl_typesupport_introspection_cExport-noconfig.cmake
[36.372s] -- Installing: /home/rover/workspaces/rover-real/src/install/micro_ros_msgs/share/micro_ros_msgs/cmake/micro_ros_msgs__rosidl_typesupport_cExport.cmake
[36.373s] -- Installing: /home/rover/workspaces/rover-real/src/install/micro_ros_msgs/share/micro_ros_msgs/cmake/micro_ros_msgs__rosidl_typesupport_cExport-noconfig.cmake
[36.374s] -- Installing: /home/rover/workspaces/rover-real/src/install/micro_ros_msgs/share/micro_ros_msgs/cmake/export_micro_ros_msgs__rosidl_generator_cppExport.cmake
[36.376s] -- Installing: /home/rover/workspaces/rover-real/src/install/micro_ros_msgs/share/micro_ros_msgs/cmake/export_micro_ros_msgs__rosidl_typesupport_fastrtps_cppExport.cmake
[36.378s] -- Installing: /home/rover/workspaces/rover-real/src/install/micro_ros_msgs/share/micro_ros_msgs/cmake/export_micro_ros_msgs__rosidl_typesupport_fastrtps_cppExport-noconfig.cmake
[36.379s] -- Installing: /home/rover/workspaces/rover-real/src/install/micro_ros_msgs/share/micro_ros_msgs/cmake/micro_ros_msgs__rosidl_typesupport_introspection_cppExport.cmake
[36.380s] -- Installing: /home/rover/workspaces/rover-real/src/install/micro_ros_msgs/share/micro_ros_msgs/cmake/micro_ros_msgs__rosidl_typesupport_introspection_cppExport-noconfig.cmake
[36.381s] -- Installing: /home/rover/workspaces/rover-real/src/install/micro_ros_msgs/share/micro_ros_msgs/cmake/micro_ros_msgs__rosidl_typesupport_cppExport.cmake
[36.382s] -- Installing: /home/rover/workspaces/rover-real/src/install/micro_ros_msgs/share/micro_ros_msgs/cmake/micro_ros_msgs__rosidl_typesupport_cppExport-noconfig.cmake
[36.383s] -- Installing: /home/rover/workspaces/rover-real/src/install/micro_ros_msgs/share/micro_ros_msgs/cmake/export_micro_ros_msgs__rosidl_generator_pyExport.cmake
[36.384s] -- Installing: /home/rover/workspaces/rover-real/src/install/micro_ros_msgs/share/micro_ros_msgs/cmake/export_micro_ros_msgs__rosidl_generator_pyExport-noconfig.cmake
[36.385s] -- Installing: /home/rover/workspaces/rover-real/src/install/micro_ros_msgs/share/micro_ros_msgs/cmake/rosidl_cmake-extras.cmake
[36.386s] -- Installing: /home/rover/workspaces/rover-real/src/install/micro_ros_msgs/share/micro_ros_msgs/cmake/ament_cmake_export_include_directories-extras.cmake
[36.386s] -- Installing: /home/rover/workspaces/rover-real/src/install/micro_ros_msgs/share/micro_ros_msgs/cmake/ament_cmake_export_libraries-extras.cmake
[36.389s] -- Installing: /home/rover/workspaces/rover-real/src/install/micro_ros_msgs/share/micro_ros_msgs/cmake/ament_cmake_export_targets-extras.cmake
[36.390s] -- Installing: /home/rover/workspaces/rover-real/src/install/micro_ros_msgs/share/micro_ros_msgs/cmake/rosidl_cmake_export_typesupport_targets-extras.cmake
[36.391s] -- Installing: /home/rover/workspaces/rover-real/src/install/micro_ros_msgs/share/micro_ros_msgs/cmake/ament_cmake_export_dependencies-extras.cmake
[36.393s] -- Installing: /home/rover/workspaces/rover-real/src/install/micro_ros_msgs/share/micro_ros_msgs/cmake/rosidl_cmake_export_typesupport_libraries-extras.cmake
[36.394s] -- Installing: /home/rover/workspaces/rover-real/src/install/micro_ros_msgs/share/micro_ros_msgs/cmake/micro_ros_msgsConfig.cmake
[36.395s] -- Installing: /home/rover/workspaces/rover-real/src/install/micro_ros_msgs/share/micro_ros_msgs/cmake/micro_ros_msgsConfig-version.cmake
[36.396s] -- Installing: /home/rover/workspaces/rover-real/src/install/micro_ros_msgs/share/micro_ros_msgs/package.xml
[36.409s] Invoked command in '/home/rover/workspaces/rover-real/src/build/micro_ros_msgs' returned '0': CMAKE_PREFIX_PATH=/opt/ros/humble:${CMAKE_PREFIX_PATH} /usr/bin/cmake --install /home/rover/workspaces/rover-real/src/build/micro_ros_msgs
