[0.109s] Invoking command in '/home/rover/workspaces/rover-real/src/build/nav_supervisor': AMENT_PREFIX_PATH=/home/rover/workspaces/rover-real/src/install/urc_msgs:${AMENT_PREFIX_PATH} CMAKE_PREFIX_PATH=/home/rover/workspaces/rover-real/src/install/urc_msgs:${CMAKE_PREFIX_PATH} LD_LIBRARY_PATH=/home/rover/workspaces/rover-real/src/install/urc_msgs/lib:${LD_LIBRARY_PATH} PYTHONPATH=/home/rover/workspaces/rover-real/src/install/urc_msgs/local/lib/python3.10/dist-packages:${PYTHONPATH} /usr/bin/cmake --build /home/rover/workspaces/rover-real/src/build/nav_supervisor -- -j6 -l6
[0.546s] Invoked command in '/home/rover/workspaces/rover-real/src/build/nav_supervisor' returned '0': AMENT_PREFIX_PATH=/home/rover/workspaces/rover-real/src/install/urc_msgs:${AMENT_PREFIX_PATH} CMAKE_PREFIX_PATH=/home/rover/workspaces/rover-real/src/install/urc_msgs:${CMAKE_PREFIX_PATH} LD_LIBRARY_PATH=/home/rover/workspaces/rover-real/src/install/urc_msgs/lib:${LD_LIBRARY_PATH} PYTHONPATH=/home/rover/workspaces/rover-real/src/install/urc_msgs/local/lib/python3.10/dist-packages:${PYTHONPATH} /usr/bin/cmake --build /home/rover/workspaces/rover-real/src/build/nav_supervisor -- -j6 -l6
[0.548s] Invoking command in '/home/rover/workspaces/rover-real/src/build/nav_supervisor': AMENT_PREFIX_PATH=/home/rover/workspaces/rover-real/src/install/urc_msgs:${AMENT_PREFIX_PATH} CMAKE_PREFIX_PATH=/home/rover/workspaces/rover-real/src/install/urc_msgs:${CMAKE_PREFIX_PATH} LD_LIBRARY_PATH=/home/rover/workspaces/rover-real/src/install/urc_msgs/lib:${LD_LIBRARY_PATH} PYTHONPATH=/home/rover/workspaces/rover-real/src/install/urc_msgs/local/lib/python3.10/dist-packages:${PYTHONPATH} /usr/bin/cmake --install /home/rover/workspaces/rover-real/src/build/nav_supervisor
[0.603s] -- Install configuration: ""
[0.604s] -- Up-to-date: /home/rover/workspaces/rover-real/src/install/nav_supervisor/share/ament_index/resource_index/package_run_dependencies/nav_supervisor
[0.604s] -- Up-to-date: /home/rover/workspaces/rover-real/src/install/nav_supervisor/share/ament_index/resource_index/parent_prefix_path/nav_supervisor
[0.605s] -- Up-to-date: /home/rover/workspaces/rover-real/src/install/nav_supervisor/share/nav_supervisor/environment/ament_prefix_path.sh
[0.605s] -- Up-to-date: /home/rover/workspaces/rover-real/src/install/nav_supervisor/share/nav_supervisor/environment/ament_prefix_path.dsv
[0.605s] -- Up-to-date: /home/rover/workspaces/rover-real/src/install/nav_supervisor/share/nav_supervisor/environment/path.sh
[0.605s] -- Up-to-date: /home/rover/workspaces/rover-real/src/install/nav_supervisor/share/nav_supervisor/environment/path.dsv
[0.606s] -- Up-to-date: /home/rover/workspaces/rover-real/src/install/nav_supervisor/share/nav_supervisor/local_setup.bash
[0.606s] -- Up-to-date: /home/rover/workspaces/rover-real/src/install/nav_supervisor/share/nav_supervisor/local_setup.sh
[0.606s] -- Up-to-date: /home/rover/workspaces/rover-real/src/install/nav_supervisor/share/nav_supervisor/local_setup.zsh
[0.606s] -- Up-to-date: /home/rover/workspaces/rover-real/src/install/nav_supervisor/share/nav_supervisor/local_setup.dsv
[0.606s] -- Up-to-date: /home/rover/workspaces/rover-real/src/install/nav_supervisor/share/nav_supervisor/package.dsv
[0.607s] -- Up-to-date: /home/rover/workspaces/rover-real/src/install/nav_supervisor/share/ament_index/resource_index/packages/nav_supervisor
[0.607s] -- Up-to-date: /home/rover/workspaces/rover-real/src/install/nav_supervisor/share/nav_supervisor/cmake/nav_supervisorConfig.cmake
[0.607s] -- Up-to-date: /home/rover/workspaces/rover-real/src/install/nav_supervisor/share/nav_supervisor/cmake/nav_supervisorConfig-version.cmake
[0.607s] -- Up-to-date: /home/rover/workspaces/rover-real/src/install/nav_supervisor/share/nav_supervisor/package.xml
[0.623s] Invoked command in '/home/rover/workspaces/rover-real/src/build/nav_supervisor' returned '0': AMENT_PREFIX_PATH=/home/rover/workspaces/rover-real/src/install/urc_msgs:${AMENT_PREFIX_PATH} CMAKE_PREFIX_PATH=/home/rover/workspaces/rover-real/src/install/urc_msgs:${CMAKE_PREFIX_PATH} LD_LIBRARY_PATH=/home/rover/workspaces/rover-real/src/install/urc_msgs/lib:${LD_LIBRARY_PATH} PYTHONPATH=/home/rover/workspaces/rover-real/src/install/urc_msgs/local/lib/python3.10/dist-packages:${PYTHONPATH} /usr/bin/cmake --install /home/rover/workspaces/rover-real/src/build/nav_supervisor
