[0.050s] Invoking command in '/home/rover/workspaces/rover-real/src/build/detection_pose_estimator': CMAKE_PREFIX_PATH=/home/rover/workspaces/rover-real/src/install/zed2i_launch:${CMAKE_PREFIX_PATH} PKG_CONFIG_PATH=/home/rover/workspaces/rover-real/src/install/zed2i_launch/lib/aarch64-linux-gnu/pkgconfig:/home/rover/workspaces/rover-real/src/install/zed2i_launch/lib/pkgconfig:${PKG_CONFIG_PATH} ROS_PACKAGE_PATH=/home/rover/workspaces/rover-real/src/install/zed2i_launch/share:${ROS_PACKAGE_PATH} /usr/bin/cmake /home/rover/workspaces/rover-real/src/perception/detection_pose_estimator -DCATKIN_INSTALL_INTO_PREFIX_ROOT=0 -DCMAKE_INSTALL_PREFIX=/home/rover/workspaces/rover-real/src/install/detection_pose_estimator
[0.283s] -- The C compiler identification is GNU 11.4.0
[0.553s] -- The CXX compiler identification is GNU 11.4.0
[0.579s] -- Detecting C compiler ABI info
[0.972s] -- Detecting C compiler ABI info - done
[0.987s] -- Check for working C compiler: /usr/bin/cc - skipped
[0.987s] -- Detecting C compile features
[0.988s] -- Detecting C compile features - done
[1.000s] -- Detecting CXX compiler ABI info
[1.347s] -- Detecting CXX compiler ABI info - done
[1.391s] -- Check for working CXX compiler: /usr/bin/c++ - skipped
[1.392s] -- Detecting CXX compile features
[1.392s] -- Detecting CXX compile features - done
[1.406s] -- Found ament_cmake: 1.3.12 (/opt/ros/humble/share/ament_cmake/cmake)
[2.137s] -- Found Python3: /usr/bin/python3 (found version "3.10.12") found components: Interpreter 
[2.553s] -- Found rclcpp: 16.0.14 (/opt/ros/humble/share/rclcpp/cmake)
[2.706s] -- Found rosidl_generator_c: 3.1.7 (/opt/ros/humble/share/rosidl_generator_c/cmake)
[2.727s] -- Found rosidl_adapter: 3.1.7 (/opt/ros/humble/share/rosidl_adapter/cmake)
[2.760s] -- Found rosidl_generator_cpp: 3.1.7 (/opt/ros/humble/share/rosidl_generator_cpp/cmake)
[2.800s] -- Using all available rosidl_typesupport_c: rosidl_typesupport_fastrtps_c;rosidl_typesupport_introspection_c
[2.857s] -- Using all available rosidl_typesupport_cpp: rosidl_typesupport_fastrtps_cpp;rosidl_typesupport_introspection_cpp
[3.004s] -- Found rmw_implementation_cmake: 6.1.2 (/opt/ros/humble/share/rmw_implementation_cmake/cmake)
[3.012s] -- Found rmw_cyclonedds_cpp: 1.3.4 (/opt/ros/humble/share/rmw_cyclonedds_cpp/cmake)
[3.194s] -- Using RMW implementation 'rmw_cyclonedds_cpp' as default
[3.223s] -- Looking for pthread.h
[3.467s] -- Looking for pthread.h - found
[3.467s] -- Performing Test CMAKE_HAVE_LIBC_PTHREAD
[3.807s] -- Performing Test CMAKE_HAVE_LIBC_PTHREAD - Success
[3.809s] -- Found Threads: TRUE  
[4.072s] -- Found sensor_msgs: 4.9.0 (/opt/ros/humble/share/sensor_msgs/cmake)
[4.179s] -- Found tf2: 0.25.16 (/opt/ros/humble/share/tf2/cmake)
[4.208s] -- Found tf2_ros: 0.25.16 (/opt/ros/humble/share/tf2_ros/cmake)
[4.478s] -- Found ament_lint_auto: 0.12.14 (/opt/ros/humble/share/ament_lint_auto/cmake)
[4.725s] -- Configuring done
[4.757s] -- Generating done
[4.760s] [33mCMake Warning:
[4.761s]   Manually-specified variables were not used by the project:
[4.761s] 
[4.761s]     CATKIN_INSTALL_INTO_PREFIX_ROOT
[4.761s] 
[4.761s] [0m
[4.764s] -- Build files have been written to: /home/rover/workspaces/rover-real/src/build/detection_pose_estimator
[4.822s] Invoked command in '/home/rover/workspaces/rover-real/src/build/detection_pose_estimator' returned '0': CMAKE_PREFIX_PATH=/home/rover/workspaces/rover-real/src/install/zed2i_launch:${CMAKE_PREFIX_PATH} PKG_CONFIG_PATH=/home/rover/workspaces/rover-real/src/install/zed2i_launch/lib/aarch64-linux-gnu/pkgconfig:/home/rover/workspaces/rover-real/src/install/zed2i_launch/lib/pkgconfig:${PKG_CONFIG_PATH} ROS_PACKAGE_PATH=/home/rover/workspaces/rover-real/src/install/zed2i_launch/share:${ROS_PACKAGE_PATH} /usr/bin/cmake /home/rover/workspaces/rover-real/src/perception/detection_pose_estimator -DCATKIN_INSTALL_INTO_PREFIX_ROOT=0 -DCMAKE_INSTALL_PREFIX=/home/rover/workspaces/rover-real/src/install/detection_pose_estimator
[4.823s] Invoking command in '/home/rover/workspaces/rover-real/src/build/detection_pose_estimator': CMAKE_PREFIX_PATH=/home/rover/workspaces/rover-real/src/install/zed2i_launch:${CMAKE_PREFIX_PATH} PKG_CONFIG_PATH=/home/rover/workspaces/rover-real/src/install/zed2i_launch/lib/aarch64-linux-gnu/pkgconfig:/home/rover/workspaces/rover-real/src/install/zed2i_launch/lib/pkgconfig:${PKG_CONFIG_PATH} ROS_PACKAGE_PATH=/home/rover/workspaces/rover-real/src/install/zed2i_launch/share:${ROS_PACKAGE_PATH} /usr/bin/cmake --build /home/rover/workspaces/rover-real/src/build/detection_pose_estimator -- -j6 -l6
[5.007s] Invoked command in '/home/rover/workspaces/rover-real/src/build/detection_pose_estimator' returned '0': CMAKE_PREFIX_PATH=/home/rover/workspaces/rover-real/src/install/zed2i_launch:${CMAKE_PREFIX_PATH} PKG_CONFIG_PATH=/home/rover/workspaces/rover-real/src/install/zed2i_launch/lib/aarch64-linux-gnu/pkgconfig:/home/rover/workspaces/rover-real/src/install/zed2i_launch/lib/pkgconfig:${PKG_CONFIG_PATH} ROS_PACKAGE_PATH=/home/rover/workspaces/rover-real/src/install/zed2i_launch/share:${ROS_PACKAGE_PATH} /usr/bin/cmake --build /home/rover/workspaces/rover-real/src/build/detection_pose_estimator -- -j6 -l6
[5.009s] Invoking command in '/home/rover/workspaces/rover-real/src/build/detection_pose_estimator': CMAKE_PREFIX_PATH=/home/rover/workspaces/rover-real/src/install/zed2i_launch:${CMAKE_PREFIX_PATH} PKG_CONFIG_PATH=/home/rover/workspaces/rover-real/src/install/zed2i_launch/lib/aarch64-linux-gnu/pkgconfig:/home/rover/workspaces/rover-real/src/install/zed2i_launch/lib/pkgconfig:${PKG_CONFIG_PATH} ROS_PACKAGE_PATH=/home/rover/workspaces/rover-real/src/install/zed2i_launch/share:${ROS_PACKAGE_PATH} /usr/bin/cmake --install /home/rover/workspaces/rover-real/src/build/detection_pose_estimator
[5.036s] -- Install configuration: ""
[5.036s] -- Installing: /home/rover/workspaces/rover-real/src/install/detection_pose_estimator/share/ament_index/resource_index/package_run_dependencies/detection_pose_estimator
[5.036s] -- Installing: /home/rover/workspaces/rover-real/src/install/detection_pose_estimator/share/ament_index/resource_index/parent_prefix_path/detection_pose_estimator
[5.037s] -- Installing: /home/rover/workspaces/rover-real/src/install/detection_pose_estimator/share/detection_pose_estimator/environment/ament_prefix_path.sh
[5.037s] -- Installing: /home/rover/workspaces/rover-real/src/install/detection_pose_estimator/share/detection_pose_estimator/environment/ament_prefix_path.dsv
[5.037s] -- Installing: /home/rover/workspaces/rover-real/src/install/detection_pose_estimator/share/detection_pose_estimator/environment/path.sh
[5.037s] -- Installing: /home/rover/workspaces/rover-real/src/install/detection_pose_estimator/share/detection_pose_estimator/environment/path.dsv
[5.037s] -- Installing: /home/rover/workspaces/rover-real/src/install/detection_pose_estimator/share/detection_pose_estimator/local_setup.bash
[5.038s] -- Installing: /home/rover/workspaces/rover-real/src/install/detection_pose_estimator/share/detection_pose_estimator/local_setup.sh
[5.038s] -- Installing: /home/rover/workspaces/rover-real/src/install/detection_pose_estimator/share/detection_pose_estimator/local_setup.zsh
[5.038s] -- Installing: /home/rover/workspaces/rover-real/src/install/detection_pose_estimator/share/detection_pose_estimator/local_setup.dsv
[5.039s] -- Installing: /home/rover/workspaces/rover-real/src/install/detection_pose_estimator/share/detection_pose_estimator/package.dsv
[5.039s] -- Installing: /home/rover/workspaces/rover-real/src/install/detection_pose_estimator/share/ament_index/resource_index/packages/detection_pose_estimator
[5.040s] -- Installing: /home/rover/workspaces/rover-real/src/install/detection_pose_estimator/share/detection_pose_estimator/cmake/detection_pose_estimatorConfig.cmake
[5.040s] -- Installing: /home/rover/workspaces/rover-real/src/install/detection_pose_estimator/share/detection_pose_estimator/cmake/detection_pose_estimatorConfig-version.cmake
[5.041s] -- Installing: /home/rover/workspaces/rover-real/src/install/detection_pose_estimator/share/detection_pose_estimator/package.xml
[5.060s] Invoked command in '/home/rover/workspaces/rover-real/src/build/detection_pose_estimator' returned '0': CMAKE_PREFIX_PATH=/home/rover/workspaces/rover-real/src/install/zed2i_launch:${CMAKE_PREFIX_PATH} PKG_CONFIG_PATH=/home/rover/workspaces/rover-real/src/install/zed2i_launch/lib/aarch64-linux-gnu/pkgconfig:/home/rover/workspaces/rover-real/src/install/zed2i_launch/lib/pkgconfig:${PKG_CONFIG_PATH} ROS_PACKAGE_PATH=/home/rover/workspaces/rover-real/src/install/zed2i_launch/share:${ROS_PACKAGE_PATH} /usr/bin/cmake --install /home/rover/workspaces/rover-real/src/build/detection_pose_estimator
