[0.066s] Invoking command in '/home/rover/workspaces/rover-real/src/build/nav2_launch': /usr/bin/cmake /home/rover/workspaces/rover-real/src/navigation/global_nav/nav2_launch -DCATKIN_INSTALL_INTO_PREFIX_ROOT=0 -DCMAKE_INSTALL_PREFIX=/home/rover/workspaces/rover-real/src/install/nav2_launch
[2.569s] -- The C compiler identification is GNU 11.4.0
[2.569s] -- The CXX compiler identification is GNU 11.4.0
[2.570s] -- Detecting C compiler ABI info
[2.570s] -- Detecting C compiler ABI info - done
[2.570s] -- Check for working C compiler: /usr/bin/cc - skipped
[2.570s] -- Detecting C compile features
[2.570s] -- Detecting C compile features - done
[2.570s] -- Detecting CXX compiler ABI info
[2.570s] -- Detecting CXX compiler ABI info - done
[2.571s] -- Check for working CXX compiler: /usr/bin/c++ - skipped
[2.571s] -- Detecting CXX compile features
[2.571s] -- Detecting CXX compile features - done
[2.571s] -- Found ament_cmake: 1.3.12 (/opt/ros/humble/share/ament_cmake/cmake)
[2.571s] -- Found Python3: /usr/bin/python3 (found version "3.10.12") found components: Interpreter 
[2.759s] -- Configuring done
[2.787s] -- Generating done
[2.788s] [33mCMake Warning:
[2.788s]   Manually-specified variables were not used by the project:
[2.788s] 
[2.789s]     CATKIN_INSTALL_INTO_PREFIX_ROOT
[2.789s] 
[2.789s] [0m
[2.792s] -- Build files have been written to: /home/rover/workspaces/rover-real/src/build/nav2_launch
[2.816s] Invoked command in '/home/rover/workspaces/rover-real/src/build/nav2_launch' returned '0': /usr/bin/cmake /home/rover/workspaces/rover-real/src/navigation/global_nav/nav2_launch -DCATKIN_INSTALL_INTO_PREFIX_ROOT=0 -DCMAKE_INSTALL_PREFIX=/home/rover/workspaces/rover-real/src/install/nav2_launch
[2.817s] Invoking command in '/home/rover/workspaces/rover-real/src/build/nav2_launch': /usr/bin/cmake --build /home/rover/workspaces/rover-real/src/build/nav2_launch -- -j6 -l6
[2.986s] Invoked command in '/home/rover/workspaces/rover-real/src/build/nav2_launch' returned '0': /usr/bin/cmake --build /home/rover/workspaces/rover-real/src/build/nav2_launch -- -j6 -l6
[2.988s] Invoking command in '/home/rover/workspaces/rover-real/src/build/nav2_launch': /usr/bin/cmake --install /home/rover/workspaces/rover-real/src/build/nav2_launch
[3.031s] -- Install configuration: ""
[3.031s] -- Installing: /home/rover/workspaces/rover-real/src/install/nav2_launch/share/nav2_launch/launch
[3.031s] -- Installing: /home/rover/workspaces/rover-real/src/install/nav2_launch/share/nav2_launch/launch/nav2_bringup.launch.py
[3.032s] -- Installing: /home/rover/workspaces/rover-real/src/install/nav2_launch/share/nav2_launch/launch/__init__.py
[3.032s] -- Installing: /home/rover/workspaces/rover-real/src/install/nav2_launch/share/nav2_launch/config
[3.032s] -- Installing: /home/rover/workspaces/rover-real/src/install/nav2_launch/share/nav2_launch/config/planner_params.yaml
[3.032s] -- Installing: /home/rover/workspaces/rover-real/src/install/nav2_launch/share/nav2_launch/config/costmap_local.yaml
[3.032s] -- Installing: /home/rover/workspaces/rover-real/src/install/nav2_launch/share/nav2_launch/config/controller_params.yaml
[3.033s] -- Installing: /home/rover/workspaces/rover-real/src/install/nav2_launch/share/nav2_launch/config/nav2_params.yaml
[3.035s] -- Installing: /home/rover/workspaces/rover-real/src/install/nav2_launch/share/nav2_launch/config/costmap_global.yaml
[3.035s] -- Installing: /home/rover/workspaces/rover-real/src/install/nav2_launch/share/nav2_launch/config/bt_navigator_params.yaml
[3.036s] -- Installing: /home/rover/workspaces/rover-real/src/install/nav2_launch/share/ament_index/resource_index/package_run_dependencies/nav2_launch
[3.037s] -- Installing: /home/rover/workspaces/rover-real/src/install/nav2_launch/share/ament_index/resource_index/parent_prefix_path/nav2_launch
[3.038s] -- Installing: /home/rover/workspaces/rover-real/src/install/nav2_launch/share/nav2_launch/environment/ament_prefix_path.sh
[3.038s] -- Installing: /home/rover/workspaces/rover-real/src/install/nav2_launch/share/nav2_launch/environment/ament_prefix_path.dsv
[3.038s] -- Installing: /home/rover/workspaces/rover-real/src/install/nav2_launch/share/nav2_launch/environment/path.sh
[3.039s] -- Installing: /home/rover/workspaces/rover-real/src/install/nav2_launch/share/nav2_launch/environment/path.dsv
[3.039s] -- Installing: /home/rover/workspaces/rover-real/src/install/nav2_launch/share/nav2_launch/local_setup.bash
[3.039s] -- Installing: /home/rover/workspaces/rover-real/src/install/nav2_launch/share/nav2_launch/local_setup.sh
[3.039s] -- Installing: /home/rover/workspaces/rover-real/src/install/nav2_launch/share/nav2_launch/local_setup.zsh
[3.039s] -- Installing: /home/rover/workspaces/rover-real/src/install/nav2_launch/share/nav2_launch/local_setup.dsv
[3.039s] -- Installing: /home/rover/workspaces/rover-real/src/install/nav2_launch/share/nav2_launch/package.dsv
[3.039s] -- Installing: /home/rover/workspaces/rover-real/src/install/nav2_launch/share/ament_index/resource_index/packages/nav2_launch
[3.040s] -- Installing: /home/rover/workspaces/rover-real/src/install/nav2_launch/share/nav2_launch/cmake/nav2_launchConfig.cmake
[3.040s] -- Installing: /home/rover/workspaces/rover-real/src/install/nav2_launch/share/nav2_launch/cmake/nav2_launchConfig-version.cmake
[3.040s] -- Installing: /home/rover/workspaces/rover-real/src/install/nav2_launch/share/nav2_launch/package.xml
[3.114s] Invoked command in '/home/rover/workspaces/rover-real/src/build/nav2_launch' returned '0': /usr/bin/cmake --install /home/rover/workspaces/rover-real/src/build/nav2_launch
