[3.074s] Invoking command in '/home/rover/workspaces/rover-real/src/system/rover_boot': AMENT_PREFIX_PATH=/home/rover/workspaces/rover-real/src/install/urc_msgs:${AMENT_PREFIX_PATH} CMAKE_PREFIX_PATH=/home/rover/workspaces/rover-real/src/install/slam_launch:/home/rover/workspaces/rover-real/src/install/gap_guidance:/home/rover/workspaces/rover-real/src/install/zed2i_launch:/home/rover/workspaces/rover-real/src/install/urc_msgs:/home/rover/workspaces/rover-real/src/install/nav2_launch:/home/rover/workspaces/rover-real/src/install/loc_fusion:${CMAKE_PREFIX_PATH} LD_LIBRARY_PATH=/home/rover/workspaces/rover-real/src/install/urc_msgs/lib:${LD_LIBRARY_PATH} PKG_CONFIG_PATH=/home/rover/workspaces/rover-real/src/install/slam_launch/lib/aarch64-linux-gnu/pkgconfig:/home/rover/workspaces/rover-real/src/install/slam_launch/lib/pkgconfig:/home/rover/workspaces/rover-real/src/install/gap_guidance/lib/aarch64-linux-gnu/pkgconfig:/home/rover/workspaces/rover-real/src/install/gap_guidance/lib/pkgconfig:/home/rover/workspaces/rover-real/src/install/zed2i_launch/lib/aarch64-linux-gnu/pkgconfig:/home/rover/workspaces/rover-real/src/install/zed2i_launch/lib/pkgconfig:/home/rover/workspaces/rover-real/src/install/nav2_launch/lib/aarch64-linux-gnu/pkgconfig:/home/rover/workspaces/rover-real/src/install/nav2_launch/lib/pkgconfig:/home/rover/workspaces/rover-real/src/install/loc_fusion/lib/aarch64-linux-gnu/pkgconfig:/home/rover/workspaces/rover-real/src/install/loc_fusion/lib/pkgconfig:${PKG_CONFIG_PATH} PYTHONPATH=/home/rover/workspaces/rover-real/src/build/rover_boot/prefix_override:/usr/lib/python3/dist-packages/colcon_core/task/python/colcon_distutils_commands:/home/rover/workspaces/rover-real/src/install/rover_boot/lib/python3.10/site-packages:/home/rover/workspaces/rover-real/src/install/urc_msgs/local/lib/python3.10/dist-packages:${PYTHONPATH} ROS_PACKAGE_PATH=/home/rover/workspaces/rover-real/src/install/slam_launch/share:/home/rover/workspaces/rover-real/src/install/gap_guidance/share:/home/rover/workspaces/rover-real/src/install/zed2i_launch/share:/home/rover/workspaces/rover-real/src/install/nav2_launch/share:/home/rover/workspaces/rover-real/src/install/loc_fusion/share:${ROS_PACKAGE_PATH} /usr/bin/python3 -W ignore:setup.py install is deprecated -W ignore:easy_install command is deprecated setup.py egg_info --egg-base ../../build/rover_boot build --build-base /home/rover/workspaces/rover-real/src/build/rover_boot/build install --record /home/rover/workspaces/rover-real/src/build/rover_boot/install.log --single-version-externally-managed install_data
[3.972s] running egg_info
[3.974s] creating ../../build/rover_boot/rover_boot.egg-info
[3.974s] writing ../../build/rover_boot/rover_boot.egg-info/PKG-INFO
[3.975s] writing dependency_links to ../../build/rover_boot/rover_boot.egg-info/dependency_links.txt
[3.976s] writing entry points to ../../build/rover_boot/rover_boot.egg-info/entry_points.txt
[3.976s] writing requirements to ../../build/rover_boot/rover_boot.egg-info/requires.txt
[3.976s] writing top-level names to ../../build/rover_boot/rover_boot.egg-info/top_level.txt
[3.977s] writing manifest file '../../build/rover_boot/rover_boot.egg-info/SOURCES.txt'
[3.983s] reading manifest file '../../build/rover_boot/rover_boot.egg-info/SOURCES.txt'
[3.985s] writing manifest file '../../build/rover_boot/rover_boot.egg-info/SOURCES.txt'
[3.986s] running build
[3.986s] running build_py
[3.986s] creating /home/rover/workspaces/rover-real/src/build/rover_boot/build
[3.987s] creating /home/rover/workspaces/rover-real/src/build/rover_boot/build/lib
[3.987s] creating /home/rover/workspaces/rover-real/src/build/rover_boot/build/lib/rover_boot
[3.987s] copying rover_boot/failsafes.py -> /home/rover/workspaces/rover-real/src/build/rover_boot/build/lib/rover_boot
[3.988s] copying rover_boot/boot_node.py -> /home/rover/workspaces/rover-real/src/build/rover_boot/build/lib/rover_boot
[3.988s] copying rover_boot/__init__.py -> /home/rover/workspaces/rover-real/src/build/rover_boot/build/lib/rover_boot
[3.989s] running install
[3.990s] running install_lib
[3.993s] creating /home/rover/workspaces/rover-real/src/install/rover_boot/lib/python3.10/site-packages/rover_boot
[3.993s] copying /home/rover/workspaces/rover-real/src/build/rover_boot/build/lib/rover_boot/failsafes.py -> /home/rover/workspaces/rover-real/src/install/rover_boot/lib/python3.10/site-packages/rover_boot
[3.993s] copying /home/rover/workspaces/rover-real/src/build/rover_boot/build/lib/rover_boot/boot_node.py -> /home/rover/workspaces/rover-real/src/install/rover_boot/lib/python3.10/site-packages/rover_boot
[3.993s] copying /home/rover/workspaces/rover-real/src/build/rover_boot/build/lib/rover_boot/__init__.py -> /home/rover/workspaces/rover-real/src/install/rover_boot/lib/python3.10/site-packages/rover_boot
[3.996s] byte-compiling /home/rover/workspaces/rover-real/src/install/rover_boot/lib/python3.10/site-packages/rover_boot/failsafes.py to failsafes.cpython-310.pyc
[3.999s] byte-compiling /home/rover/workspaces/rover-real/src/install/rover_boot/lib/python3.10/site-packages/rover_boot/boot_node.py to boot_node.cpython-310.pyc
[4.000s] byte-compiling /home/rover/workspaces/rover-real/src/install/rover_boot/lib/python3.10/site-packages/rover_boot/__init__.py to __init__.cpython-310.pyc
[4.000s] running install_data
[4.001s] creating /home/rover/workspaces/rover-real/src/install/rover_boot/share/ament_index
[4.001s] creating /home/rover/workspaces/rover-real/src/install/rover_boot/share/ament_index/resource_index
[4.002s] creating /home/rover/workspaces/rover-real/src/install/rover_boot/share/ament_index/resource_index/packages
[4.002s] copying resource/rover_boot -> /home/rover/workspaces/rover-real/src/install/rover_boot/share/ament_index/resource_index/packages
[4.003s] copying package.xml -> /home/rover/workspaces/rover-real/src/install/rover_boot/share/rover_boot
[4.003s] creating /home/rover/workspaces/rover-real/src/install/rover_boot/share/rover_boot/launch
[4.004s] copying launch/rover.launch.py -> /home/rover/workspaces/rover-real/src/install/rover_boot/share/rover_boot/launch
[4.004s] running install_egg_info
[4.014s] Copying ../../build/rover_boot/rover_boot.egg-info to /home/rover/workspaces/rover-real/src/install/rover_boot/lib/python3.10/site-packages/rover_boot-0.1.0-py3.10.egg-info
[4.016s] running install_scripts
[4.097s] Installing boot_node script to /home/rover/workspaces/rover-real/src/install/rover_boot/bin
[4.100s] writing list of installed files to '/home/rover/workspaces/rover-real/src/build/rover_boot/install.log'
[4.292s] Invoked command in '/home/rover/workspaces/rover-real/src/system/rover_boot' returned '0': AMENT_PREFIX_PATH=/home/rover/workspaces/rover-real/src/install/urc_msgs:${AMENT_PREFIX_PATH} CMAKE_PREFIX_PATH=/home/rover/workspaces/rover-real/src/install/slam_launch:/home/rover/workspaces/rover-real/src/install/gap_guidance:/home/rover/workspaces/rover-real/src/install/zed2i_launch:/home/rover/workspaces/rover-real/src/install/urc_msgs:/home/rover/workspaces/rover-real/src/install/nav2_launch:/home/rover/workspaces/rover-real/src/install/loc_fusion:${CMAKE_PREFIX_PATH} LD_LIBRARY_PATH=/home/rover/workspaces/rover-real/src/install/urc_msgs/lib:${LD_LIBRARY_PATH} PKG_CONFIG_PATH=/home/rover/workspaces/rover-real/src/install/slam_launch/lib/aarch64-linux-gnu/pkgconfig:/home/rover/workspaces/rover-real/src/install/slam_launch/lib/pkgconfig:/home/rover/workspaces/rover-real/src/install/gap_guidance/lib/aarch64-linux-gnu/pkgconfig:/home/rover/workspaces/rover-real/src/install/gap_guidance/lib/pkgconfig:/home/rover/workspaces/rover-real/src/install/zed2i_launch/lib/aarch64-linux-gnu/pkgconfig:/home/rover/workspaces/rover-real/src/install/zed2i_launch/lib/pkgconfig:/home/rover/workspaces/rover-real/src/install/nav2_launch/lib/aarch64-linux-gnu/pkgconfig:/home/rover/workspaces/rover-real/src/install/nav2_launch/lib/pkgconfig:/home/rover/workspaces/rover-real/src/install/loc_fusion/lib/aarch64-linux-gnu/pkgconfig:/home/rover/workspaces/rover-real/src/install/loc_fusion/lib/pkgconfig:${PKG_CONFIG_PATH} PYTHONPATH=/home/rover/workspaces/rover-real/src/build/rover_boot/prefix_override:/usr/lib/python3/dist-packages/colcon_core/task/python/colcon_distutils_commands:/home/rover/workspaces/rover-real/src/install/rover_boot/lib/python3.10/site-packages:/home/rover/workspaces/rover-real/src/install/urc_msgs/local/lib/python3.10/dist-packages:${PYTHONPATH} ROS_PACKAGE_PATH=/home/rover/workspaces/rover-real/src/install/slam_launch/share:/home/rover/workspaces/rover-real/src/install/gap_guidance/share:/home/rover/workspaces/rover-real/src/install/zed2i_launch/share:/home/rover/workspaces/rover-real/src/install/nav2_launch/share:/home/rover/workspaces/rover-real/src/install/loc_fusion/share:${ROS_PACKAGE_PATH} /usr/bin/python3 -W ignore:setup.py install is deprecated -W ignore:easy_install command is deprecated setup.py egg_info --egg-base ../../build/rover_boot build --build-base /home/rover/workspaces/rover-real/src/build/rover_boot/build install --record /home/rover/workspaces/rover-real/src/build/rover_boot/install.log --single-version-externally-managed install_data
