-- The C compiler identification is GNU 11.4.0
-- The CXX compiler identification is GNU 11.4.0
-- Detecting C compiler ABI info
-- Detecting C compiler ABI info - done
-- Check for working C compiler: /usr/bin/cc - skipped
-- Detecting C compile features
-- Detecting C compile features - done
-- Detecting CXX compiler ABI info
-- Detecting CXX compiler ABI info - done
-- Check for working CXX compiler: /usr/bin/c++ - skipped
-- Detecting CXX compile features
-- Detecting CXX compile features - done
-- Found ament_cmake: 1.3.12 (/opt/ros/humble/share/ament_cmake/cmake)
-- Found Python3: /usr/bin/python3 (found version "3.10.12") found components: Interpreter 
-- Found rclcpp: 16.0.14 (/opt/ros/humble/share/rclcpp/cmake)
-- Found rosidl_generator_c: 3.1.7 (/opt/ros/humble/share/rosidl_generator_c/cmake)
-- Found rosidl_adapter: 3.1.7 (/opt/ros/humble/share/rosidl_adapter/cmake)
-- Found rosidl_generator_cpp: 3.1.7 (/opt/ros/humble/share/rosidl_generator_cpp/cmake)
-- Using all available rosidl_typesupport_c: rosidl_typesupport_fastrtps_c;rosidl_typesupport_introspection_c
-- Using all available rosidl_typesupport_cpp: rosidl_typesupport_fastrtps_cpp;rosidl_typesupport_introspection_cpp
-- Found rmw_implementation_cmake: 6.1.2 (/opt/ros/humble/share/rmw_implementation_cmake/cmake)
-- Found rmw_cyclonedds_cpp: 1.3.4 (/opt/ros/humble/share/rmw_cyclonedds_cpp/cmake)
-- Using RMW implementation 'rmw_cyclonedds_cpp' as default
-- Looking for pthread.h
-- Looking for pthread.h - found
-- Performing Test CMAKE_HAVE_LIBC_PTHREAD
-- Performing Test CMAKE_HAVE_LIBC_PTHREAD - Success
-- Found Threads: TRUE  
-- Found rclpy: 3.3.17 (/opt/ros/humble/share/rclpy/cmake)
-- Found ament_lint_auto: 0.12.14 (/opt/ros/humble/share/ament_lint_auto/cmake)
-- Added test 'copyright' to check source files copyright and LICENSE
-- Added test 'flake8' to check Python code syntax and style conventions
-- Added test 'lint_cmake' to check CMake code style
-- Added test 'pep257' to check Python code against some of the docstring style conventions in PEP 257
-- Added test 'xmllint' to check XML markup files
-- Configuring done
-- Generating done
-- Build files have been written to: /home/rover/workspaces/rover-real/src/build/arm_template
Built target ament_cmake_python_copy_arm_template
running egg_info
creating arm_template.egg-info
writing arm_template.egg-info/PKG-INFO
writing dependency_links to arm_template.egg-info/dependency_links.txt
writing top-level names to arm_template.egg-info/top_level.txt
writing manifest file 'arm_template.egg-info/SOURCES.txt'
reading manifest file 'arm_template.egg-info/SOURCES.txt'
writing manifest file 'arm_template.egg-info/SOURCES.txt'
Built target ament_cmake_python_build_arm_template_egg
-- Install configuration: ""
-- Installing: /home/rover/workspaces/rover-real/src/install/arm_template/share/arm_template//config
-- Installing: /home/rover/workspaces/rover-real/src/install/arm_template/share/arm_template//config/arm_params.yaml
-- Installing: /home/rover/workspaces/rover-real/src/install/arm_template/share/arm_template//urdf
-- Installing: /home/rover/workspaces/rover-real/src/install/arm_template/share/arm_template//urdf/gripper_template.urdf.xacro
-- Installing: /home/rover/workspaces/rover-real/src/install/arm_template/share/arm_template//urdf/arm_template.urdf.xacro
-- Installing: /home/rover/workspaces/rover-real/src/install/arm_template/share/arm_template//urdf/tools
-- Installing: /home/rover/workspaces/rover-real/src/install/arm_template/share/arm_template//urdf/tools/wrench.urdf.xacro
-- Installing: /home/rover/workspaces/rover-real/src/install/arm_template/share/arm_template//urdf/tools/probe.urdf.xacro
-- Installing: /home/rover/workspaces/rover-real/src/install/arm_template/share/arm_template//urdf/tools/scoop.urdf.xacro
-- Installing: /home/rover/workspaces/rover-real/src/install/arm_template/share/arm_template//launch
-- Installing: /home/rover/workspaces/rover-real/src/install/arm_template/share/arm_template//launch/demo.launch.py
-- Installing: /home/rover/workspaces/rover-real/src/install/arm_template/share/arm_template//launch/generate_configs.launch.py
-- Installing: /home/rover/workspaces/rover-real/src/install/arm_template/share/arm_template//rviz
-- Installing: /home/rover/workspaces/rover-real/src/install/arm_template/share/arm_template//rviz/arm_template.rviz
-- Installing: /home/rover/workspaces/rover-real/src/install/arm_template/share/arm_template/environment/pythonpath.sh
-- Installing: /home/rover/workspaces/rover-real/src/install/arm_template/share/arm_template/environment/pythonpath.dsv
-- Installing: /home/rover/workspaces/rover-real/src/install/arm_template/local/lib/python3.10/dist-packages/arm_template-1.0.0-py3.10.egg-info
-- Installing: /home/rover/workspaces/rover-real/src/install/arm_template/local/lib/python3.10/dist-packages/arm_template-1.0.0-py3.10.egg-info/top_level.txt
-- Installing: /home/rover/workspaces/rover-real/src/install/arm_template/local/lib/python3.10/dist-packages/arm_template-1.0.0-py3.10.egg-info/SOURCES.txt
-- Installing: /home/rover/workspaces/rover-real/src/install/arm_template/local/lib/python3.10/dist-packages/arm_template-1.0.0-py3.10.egg-info/PKG-INFO
-- Installing: /home/rover/workspaces/rover-real/src/install/arm_template/local/lib/python3.10/dist-packages/arm_template-1.0.0-py3.10.egg-info/dependency_links.txt
-- Installing: /home/rover/workspaces/rover-real/src/install/arm_template/local/lib/python3.10/dist-packages/arm_template
-- Installing: /home/rover/workspaces/rover-real/src/install/arm_template/local/lib/python3.10/dist-packages/arm_template/__init__.py
Listing '/home/rover/workspaces/rover-real/src/install/arm_template/local/lib/python3.10/dist-packages/arm_template'...
Compiling '/home/rover/workspaces/rover-real/src/install/arm_template/local/lib/python3.10/dist-packages/arm_template/__init__.py'...
-- Installing: /home/rover/workspaces/rover-real/src/install/arm_template/lib/arm_template/generate_srdf.py
-- Installing: /home/rover/workspaces/rover-real/src/install/arm_template/lib/arm_template/generate_moveit_config.py
-- Installing: /home/rover/workspaces/rover-real/src/install/arm_template/lib/arm_template/setup_assistant_wrapper.py
-- Installing: /home/rover/workspaces/rover-real/src/install/arm_template/lib/arm_template/validate_params.py
-- Installing: /home/rover/workspaces/rover-real/src/install/arm_template/share/ament_index/resource_index/package_run_dependencies/arm_template
-- Installing: /home/rover/workspaces/rover-real/src/install/arm_template/share/ament_index/resource_index/parent_prefix_path/arm_template
-- Installing: /home/rover/workspaces/rover-real/src/install/arm_template/share/arm_template/environment/ament_prefix_path.sh
-- Installing: /home/rover/workspaces/rover-real/src/install/arm_template/share/arm_template/environment/ament_prefix_path.dsv
-- Installing: /home/rover/workspaces/rover-real/src/install/arm_template/share/arm_template/environment/path.sh
-- Installing: /home/rover/workspaces/rover-real/src/install/arm_template/share/arm_template/environment/path.dsv
-- Installing: /home/rover/workspaces/rover-real/src/install/arm_template/share/arm_template/local_setup.bash
-- Installing: /home/rover/workspaces/rover-real/src/install/arm_template/share/arm_template/local_setup.sh
-- Installing: /home/rover/workspaces/rover-real/src/install/arm_template/share/arm_template/local_setup.zsh
-- Installing: /home/rover/workspaces/rover-real/src/install/arm_template/share/arm_template/local_setup.dsv
-- Installing: /home/rover/workspaces/rover-real/src/install/arm_template/share/arm_template/package.dsv
-- Installing: /home/rover/workspaces/rover-real/src/install/arm_template/share/ament_index/resource_index/packages/arm_template
-- Installing: /home/rover/workspaces/rover-real/src/install/arm_template/share/arm_template/cmake/arm_templateConfig.cmake
-- Installing: /home/rover/workspaces/rover-real/src/install/arm_template/share/arm_template/cmake/arm_templateConfig-version.cmake
-- Installing: /home/rover/workspaces/rover-real/src/install/arm_template/share/arm_template/package.xml
