[0.125s] Invoking command in '/home/rover/workspaces/rover-real/src/build/arm_template': CMAKE_PREFIX_PATH=/opt/ros/humble:${CMAKE_PREFIX_PATH} /usr/bin/cmake /home/rover/workspaces/rover-real/src/moveit/arm_template -DCMAKE_INSTALL_PREFIX=/home/rover/workspaces/rover-real/src/install/arm_template
[1.631s] -- The C compiler identification is GNU 11.4.0
[1.918s] -- The CXX compiler identification is GNU 11.4.0
[1.949s] -- Detecting C compiler ABI info
[2.322s] -- Detecting C compiler ABI info - done
[2.370s] -- Check for working C compiler: /usr/bin/cc - skipped
[2.385s] -- Detecting C compile features
[2.385s] -- Detecting C compile features - done
[2.394s] -- Detecting CXX compiler ABI info
[2.797s] -- Detecting CXX compiler ABI info - done
[2.832s] -- Check for working CXX compiler: /usr/bin/c++ - skipped
[2.834s] -- Detecting CXX compile features
[2.835s] -- Detecting CXX compile features - done
[2.901s] -- Found ament_cmake: 1.3.12 (/opt/ros/humble/share/ament_cmake/cmake)
[3.773s] -- Found Python3: /usr/bin/python3 (found version "3.10.12") found components: Interpreter 
[4.434s] -- Found rclcpp: 16.0.14 (/opt/ros/humble/share/rclcpp/cmake)
[4.768s] -- Found rosidl_generator_c: 3.1.7 (/opt/ros/humble/share/rosidl_generator_c/cmake)
[4.791s] -- Found rosidl_adapter: 3.1.7 (/opt/ros/humble/share/rosidl_adapter/cmake)
[4.817s] -- Found rosidl_generator_cpp: 3.1.7 (/opt/ros/humble/share/rosidl_generator_cpp/cmake)
[4.966s] -- Using all available rosidl_typesupport_c: rosidl_typesupport_fastrtps_c;rosidl_typesupport_introspection_c
[5.030s] -- Using all available rosidl_typesupport_cpp: rosidl_typesupport_fastrtps_cpp;rosidl_typesupport_introspection_cpp
[5.452s] -- Found rmw_implementation_cmake: 6.1.2 (/opt/ros/humble/share/rmw_implementation_cmake/cmake)
[5.495s] -- Found rmw_cyclonedds_cpp: 1.3.4 (/opt/ros/humble/share/rmw_cyclonedds_cpp/cmake)
[5.928s] -- Using RMW implementation 'rmw_cyclonedds_cpp' as default
[6.132s] -- Looking for pthread.h
[6.478s] -- Looking for pthread.h - found
[6.478s] -- Performing Test CMAKE_HAVE_LIBC_PTHREAD
[6.976s] -- Performing Test CMAKE_HAVE_LIBC_PTHREAD - Success
[6.979s] -- Found Threads: TRUE  
[7.271s] -- Found rclpy: 3.3.17 (/opt/ros/humble/share/rclpy/cmake)
[7.700s] -- Found ament_lint_auto: 0.12.14 (/opt/ros/humble/share/ament_lint_auto/cmake)
[8.099s] -- Added test 'copyright' to check source files copyright and LICENSE
[8.135s] -- Added test 'flake8' to check Python code syntax and style conventions
[8.139s] -- Added test 'lint_cmake' to check CMake code style
[8.142s] -- Added test 'pep257' to check Python code against some of the docstring style conventions in PEP 257
[8.149s] -- Added test 'xmllint' to check XML markup files
[8.163s] -- Configuring done
[8.258s] -- Generating done
[8.284s] -- Build files have been written to: /home/rover/workspaces/rover-real/src/build/arm_template
[8.331s] Invoked command in '/home/rover/workspaces/rover-real/src/build/arm_template' returned '0': CMAKE_PREFIX_PATH=/opt/ros/humble:${CMAKE_PREFIX_PATH} /usr/bin/cmake /home/rover/workspaces/rover-real/src/moveit/arm_template -DCMAKE_INSTALL_PREFIX=/home/rover/workspaces/rover-real/src/install/arm_template
[8.341s] Invoking command in '/home/rover/workspaces/rover-real/src/build/arm_template': CMAKE_PREFIX_PATH=/opt/ros/humble:${CMAKE_PREFIX_PATH} /usr/bin/cmake --build /home/rover/workspaces/rover-real/src/build/arm_template -- -j6 -l6
[8.759s] Built target ament_cmake_python_copy_arm_template
[9.854s] running egg_info
[9.856s] creating arm_template.egg-info
[9.857s] writing arm_template.egg-info/PKG-INFO
[9.857s] writing dependency_links to arm_template.egg-info/dependency_links.txt
[9.858s] writing top-level names to arm_template.egg-info/top_level.txt
[9.859s] writing manifest file 'arm_template.egg-info/SOURCES.txt'
[10.017s] reading manifest file 'arm_template.egg-info/SOURCES.txt'
[10.019s] writing manifest file 'arm_template.egg-info/SOURCES.txt'
[10.300s] Built target ament_cmake_python_build_arm_template_egg
[10.344s] Invoked command in '/home/rover/workspaces/rover-real/src/build/arm_template' returned '0': CMAKE_PREFIX_PATH=/opt/ros/humble:${CMAKE_PREFIX_PATH} /usr/bin/cmake --build /home/rover/workspaces/rover-real/src/build/arm_template -- -j6 -l6
[10.362s] Invoking command in '/home/rover/workspaces/rover-real/src/build/arm_template': CMAKE_PREFIX_PATH=/opt/ros/humble:${CMAKE_PREFIX_PATH} /usr/bin/cmake --install /home/rover/workspaces/rover-real/src/build/arm_template
[11.517s] -- Install configuration: ""
[11.517s] -- Installing: /home/rover/workspaces/rover-real/src/install/arm_template/share/arm_template//config
[11.517s] -- Installing: /home/rover/workspaces/rover-real/src/install/arm_template/share/arm_template//config/arm_params.yaml
[11.517s] -- Installing: /home/rover/workspaces/rover-real/src/install/arm_template/share/arm_template//urdf
[11.518s] -- Installing: /home/rover/workspaces/rover-real/src/install/arm_template/share/arm_template//urdf/gripper_template.urdf.xacro
[11.518s] -- Installing: /home/rover/workspaces/rover-real/src/install/arm_template/share/arm_template//urdf/arm_template.urdf.xacro
[11.518s] -- Installing: /home/rover/workspaces/rover-real/src/install/arm_template/share/arm_template//urdf/tools
[11.518s] -- Installing: /home/rover/workspaces/rover-real/src/install/arm_template/share/arm_template//urdf/tools/wrench.urdf.xacro
[11.518s] -- Installing: /home/rover/workspaces/rover-real/src/install/arm_template/share/arm_template//urdf/tools/probe.urdf.xacro
[11.518s] -- Installing: /home/rover/workspaces/rover-real/src/install/arm_template/share/arm_template//urdf/tools/scoop.urdf.xacro
[11.518s] -- Installing: /home/rover/workspaces/rover-real/src/install/arm_template/share/arm_template//launch
[11.519s] -- Installing: /home/rover/workspaces/rover-real/src/install/arm_template/share/arm_template//launch/demo.launch.py
[11.519s] -- Installing: /home/rover/workspaces/rover-real/src/install/arm_template/share/arm_template//launch/generate_configs.launch.py
[11.519s] -- Installing: /home/rover/workspaces/rover-real/src/install/arm_template/share/arm_template//rviz
[11.519s] -- Installing: /home/rover/workspaces/rover-real/src/install/arm_template/share/arm_template//rviz/arm_template.rviz
[11.519s] -- Installing: /home/rover/workspaces/rover-real/src/install/arm_template/share/arm_template/environment/pythonpath.sh
[11.519s] -- Installing: /home/rover/workspaces/rover-real/src/install/arm_template/share/arm_template/environment/pythonpath.dsv
[11.519s] -- Installing: /home/rover/workspaces/rover-real/src/install/arm_template/local/lib/python3.10/dist-packages/arm_template-1.0.0-py3.10.egg-info
[11.519s] -- Installing: /home/rover/workspaces/rover-real/src/install/arm_template/local/lib/python3.10/dist-packages/arm_template-1.0.0-py3.10.egg-info/top_level.txt
[11.520s] -- Installing: /home/rover/workspaces/rover-real/src/install/arm_template/local/lib/python3.10/dist-packages/arm_template-1.0.0-py3.10.egg-info/SOURCES.txt
[11.520s] -- Installing: /home/rover/workspaces/rover-real/src/install/arm_template/local/lib/python3.10/dist-packages/arm_template-1.0.0-py3.10.egg-info/PKG-INFO
[11.520s] -- Installing: /home/rover/workspaces/rover-real/src/install/arm_template/local/lib/python3.10/dist-packages/arm_template-1.0.0-py3.10.egg-info/dependency_links.txt
[11.520s] -- Installing: /home/rover/workspaces/rover-real/src/install/arm_template/local/lib/python3.10/dist-packages/arm_template
[11.520s] -- Installing: /home/rover/workspaces/rover-real/src/install/arm_template/local/lib/python3.10/dist-packages/arm_template/__init__.py
[11.520s] Listing '/home/rover/workspaces/rover-real/src/install/arm_template/local/lib/python3.10/dist-packages/arm_template'...
[11.520s] Compiling '/home/rover/workspaces/rover-real/src/install/arm_template/local/lib/python3.10/dist-packages/arm_template/__init__.py'...
[11.521s] -- Installing: /home/rover/workspaces/rover-real/src/install/arm_template/lib/arm_template/generate_srdf.py
[11.521s] -- Installing: /home/rover/workspaces/rover-real/src/install/arm_template/lib/arm_template/generate_moveit_config.py
[11.523s] -- Installing: /home/rover/workspaces/rover-real/src/install/arm_template/lib/arm_template/setup_assistant_wrapper.py
[11.524s] -- Installing: /home/rover/workspaces/rover-real/src/install/arm_template/lib/arm_template/validate_params.py
[11.525s] -- Installing: /home/rover/workspaces/rover-real/src/install/arm_template/share/ament_index/resource_index/package_run_dependencies/arm_template
[11.526s] -- Installing: /home/rover/workspaces/rover-real/src/install/arm_template/share/ament_index/resource_index/parent_prefix_path/arm_template
[11.526s] -- Installing: /home/rover/workspaces/rover-real/src/install/arm_template/share/arm_template/environment/ament_prefix_path.sh
[11.526s] -- Installing: /home/rover/workspaces/rover-real/src/install/arm_template/share/arm_template/environment/ament_prefix_path.dsv
[11.526s] -- Installing: /home/rover/workspaces/rover-real/src/install/arm_template/share/arm_template/environment/path.sh
[11.526s] -- Installing: /home/rover/workspaces/rover-real/src/install/arm_template/share/arm_template/environment/path.dsv
[11.526s] -- Installing: /home/rover/workspaces/rover-real/src/install/arm_template/share/arm_template/local_setup.bash
[11.527s] -- Installing: /home/rover/workspaces/rover-real/src/install/arm_template/share/arm_template/local_setup.sh
[11.527s] -- Installing: /home/rover/workspaces/rover-real/src/install/arm_template/share/arm_template/local_setup.zsh
[11.527s] -- Installing: /home/rover/workspaces/rover-real/src/install/arm_template/share/arm_template/local_setup.dsv
[11.527s] -- Installing: /home/rover/workspaces/rover-real/src/install/arm_template/share/arm_template/package.dsv
[11.527s] -- Installing: /home/rover/workspaces/rover-real/src/install/arm_template/share/ament_index/resource_index/packages/arm_template
[11.527s] -- Installing: /home/rover/workspaces/rover-real/src/install/arm_template/share/arm_template/cmake/arm_templateConfig.cmake
[11.527s] -- Installing: /home/rover/workspaces/rover-real/src/install/arm_template/share/arm_template/cmake/arm_templateConfig-version.cmake
[11.527s] -- Installing: /home/rover/workspaces/rover-real/src/install/arm_template/share/arm_template/package.xml
[11.536s] Invoked command in '/home/rover/workspaces/rover-real/src/build/arm_template' returned '0': CMAKE_PREFIX_PATH=/opt/ros/humble:${CMAKE_PREFIX_PATH} /usr/bin/cmake --install /home/rover/workspaces/rover-real/src/build/arm_template
