[0.070s] Invoking command in '/home/rover/workspaces/rover-real/src/build/loc_fusion': /usr/bin/cmake /home/rover/workspaces/rover-real/src/perception/loc_fusion -DCATKIN_INSTALL_INTO_PREFIX_ROOT=0 -DCMAKE_INSTALL_PREFIX=/home/rover/workspaces/rover-real/src/install/loc_fusion
[0.246s] -- The C compiler identification is GNU 11.4.0
[0.406s] -- The CXX compiler identification is GNU 11.4.0
[0.439s] -- Detecting C compiler ABI info
[0.703s] -- Detecting C compiler ABI info - done
[0.723s] -- Check for working C compiler: /usr/bin/cc - skipped
[0.724s] -- Detecting C compile features
[0.724s] -- Detecting C compile features - done
[0.751s] -- Detecting CXX compiler ABI info
[1.058s] -- Detecting CXX compiler ABI info - done
[1.102s] -- Check for working CXX compiler: /usr/bin/c++ - skipped
[1.114s] -- Detecting CXX compile features
[1.117s] -- Detecting CXX compile features - done
[1.127s] -- Found ament_cmake: 1.3.12 (/opt/ros/humble/share/ament_cmake/cmake)
[1.937s] -- Found Python3: /usr/bin/python3 (found version "3.10.12") found components: Interpreter 
[2.295s] -- Found rclcpp: 16.0.14 (/opt/ros/humble/share/rclcpp/cmake)
[2.465s] -- Found rosidl_generator_c: 3.1.7 (/opt/ros/humble/share/rosidl_generator_c/cmake)
[2.484s] -- Found rosidl_adapter: 3.1.7 (/opt/ros/humble/share/rosidl_adapter/cmake)
[2.509s] -- Found rosidl_generator_cpp: 3.1.7 (/opt/ros/humble/share/rosidl_generator_cpp/cmake)
[2.547s] -- Using all available rosidl_typesupport_c: rosidl_typesupport_fastrtps_c;rosidl_typesupport_introspection_c
[2.603s] -- Using all available rosidl_typesupport_cpp: rosidl_typesupport_fastrtps_cpp;rosidl_typesupport_introspection_cpp
[2.804s] -- Found rmw_implementation_cmake: 6.1.2 (/opt/ros/humble/share/rmw_implementation_cmake/cmake)
[2.822s] -- Found rmw_cyclonedds_cpp: 1.3.4 (/opt/ros/humble/share/rmw_cyclonedds_cpp/cmake)
[2.893s] -- Using RMW implementation 'rmw_cyclonedds_cpp' as default
[2.918s] -- Looking for pthread.h
[3.270s] -- Looking for pthread.h - found
[3.271s] -- Performing Test CMAKE_HAVE_LIBC_PTHREAD
[3.615s] -- Performing Test CMAKE_HAVE_LIBC_PTHREAD - Success
[3.615s] -- Found Threads: TRUE  
[3.788s] -- Found sensor_msgs: 4.9.0 (/opt/ros/humble/share/sensor_msgs/cmake)
[3.895s] -- Found nav_msgs: 4.9.0 (/opt/ros/humble/share/nav_msgs/cmake)
[3.940s] -- Found tf2: 0.25.16 (/opt/ros/humble/share/tf2/cmake)
[3.978s] -- Found tf2_ros: 0.25.16 (/opt/ros/humble/share/tf2_ros/cmake)
[4.340s] -- Found ament_lint_auto: 0.12.14 (/opt/ros/humble/share/ament_lint_auto/cmake)
[4.642s] -- Configuring done
[4.696s] -- Generating done
[4.712s] [33mCMake Warning:
[4.712s]   Manually-specified variables were not used by the project:
[4.712s] 
[4.712s]     CATKIN_INSTALL_INTO_PREFIX_ROOT
[4.712s] 
[4.713s] [0m
[4.728s] -- Build files have been written to: /home/rover/workspaces/rover-real/src/build/loc_fusion
[4.787s] Invoked command in '/home/rover/workspaces/rover-real/src/build/loc_fusion' returned '0': /usr/bin/cmake /home/rover/workspaces/rover-real/src/perception/loc_fusion -DCATKIN_INSTALL_INTO_PREFIX_ROOT=0 -DCMAKE_INSTALL_PREFIX=/home/rover/workspaces/rover-real/src/install/loc_fusion
[4.788s] Invoking command in '/home/rover/workspaces/rover-real/src/build/loc_fusion': /usr/bin/cmake --build /home/rover/workspaces/rover-real/src/build/loc_fusion -- -j6 -l6
[5.869s] Invoked command in '/home/rover/workspaces/rover-real/src/build/loc_fusion' returned '0': /usr/bin/cmake --build /home/rover/workspaces/rover-real/src/build/loc_fusion -- -j6 -l6
[5.874s] Invoking command in '/home/rover/workspaces/rover-real/src/build/loc_fusion': /usr/bin/cmake --install /home/rover/workspaces/rover-real/src/build/loc_fusion
[5.902s] -- Install configuration: ""
[5.903s] -- Installing: /home/rover/workspaces/rover-real/src/install/loc_fusion/share/ament_index/resource_index/package_run_dependencies/loc_fusion
[5.903s] -- Installing: /home/rover/workspaces/rover-real/src/install/loc_fusion/share/ament_index/resource_index/parent_prefix_path/loc_fusion
[5.904s] -- Installing: /home/rover/workspaces/rover-real/src/install/loc_fusion/share/loc_fusion/environment/ament_prefix_path.sh
[5.905s] -- Installing: /home/rover/workspaces/rover-real/src/install/loc_fusion/share/loc_fusion/environment/ament_prefix_path.dsv
[5.905s] -- Installing: /home/rover/workspaces/rover-real/src/install/loc_fusion/share/loc_fusion/environment/path.sh
[5.906s] -- Installing: /home/rover/workspaces/rover-real/src/install/loc_fusion/share/loc_fusion/environment/path.dsv
[5.906s] -- Installing: /home/rover/workspaces/rover-real/src/install/loc_fusion/share/loc_fusion/local_setup.bash
[5.907s] -- Installing: /home/rover/workspaces/rover-real/src/install/loc_fusion/share/loc_fusion/local_setup.sh
[5.907s] -- Installing: /home/rover/workspaces/rover-real/src/install/loc_fusion/share/loc_fusion/local_setup.zsh
[5.908s] -- Installing: /home/rover/workspaces/rover-real/src/install/loc_fusion/share/loc_fusion/local_setup.dsv
[5.908s] -- Installing: /home/rover/workspaces/rover-real/src/install/loc_fusion/share/loc_fusion/package.dsv
[5.909s] -- Installing: /home/rover/workspaces/rover-real/src/install/loc_fusion/share/ament_index/resource_index/packages/loc_fusion
[5.912s] -- Installing: /home/rover/workspaces/rover-real/src/install/loc_fusion/share/loc_fusion/cmake/loc_fusionConfig.cmake
[5.912s] -- Installing: /home/rover/workspaces/rover-real/src/install/loc_fusion/share/loc_fusion/cmake/loc_fusionConfig-version.cmake
[5.912s] -- Installing: /home/rover/workspaces/rover-real/src/install/loc_fusion/share/loc_fusion/package.xml
[5.932s] Invoked command in '/home/rover/workspaces/rover-real/src/build/loc_fusion' returned '0': /usr/bin/cmake --install /home/rover/workspaces/rover-real/src/build/loc_fusion
