[0.092s] Invoking command in '/home/rover/workspaces/rover-real/src/build/urc_msgs': CMAKE_PREFIX_PATH=/opt/ros/humble:${CMAKE_PREFIX_PATH} /usr/bin/cmake /home/rover/workspaces/rover-real/src/common/urc_msgs -DCMAKE_INSTALL_PREFIX=/home/rover/workspaces/rover-real/src/install/urc_msgs
[0.292s] -- The C compiler identification is GNU 11.4.0
[0.442s] -- The CXX compiler identification is GNU 11.4.0
[0.464s] -- Detecting C compiler ABI info
[0.705s] -- Detecting C compiler ABI info - done
[0.743s] -- Check for working C compiler: /usr/bin/cc - skipped
[0.744s] -- Detecting C compile features
[0.745s] -- Detecting C compile features - done
[0.752s] -- Detecting CXX compiler ABI info
[1.124s] -- Detecting CXX compiler ABI info - done
[1.156s] -- Check for working CXX compiler: /usr/bin/c++ - skipped
[1.157s] -- Detecting CXX compile features
[1.158s] -- Detecting CXX compile features - done
[1.182s] -- Found ament_cmake: 1.3.12 (/opt/ros/humble/share/ament_cmake/cmake)
[1.770s] -- Found Python3: /usr/bin/python3 (found version "3.10.12") found components: Interpreter 
[2.166s] -- Found rosidl_default_generators: 1.2.0 (/opt/ros/humble/share/rosidl_default_generators/cmake)
[2.186s] -- Using all available rosidl_typesupport_c: rosidl_typesupport_fastrtps_c;rosidl_typesupport_introspection_c
[2.204s] -- Found rosidl_adapter: 3.1.7 (/opt/ros/humble/share/rosidl_adapter/cmake)
[2.409s] -- Using all available rosidl_typesupport_cpp: rosidl_typesupport_fastrtps_cpp;rosidl_typesupport_introspection_cpp
[2.502s] -- Found std_msgs: 4.9.0 (/opt/ros/humble/share/std_msgs/cmake)
[2.576s] -- Found geometry_msgs: 4.9.0 (/opt/ros/humble/share/geometry_msgs/cmake)
[2.612s] -- Found sensor_msgs: 4.9.0 (/opt/ros/humble/share/sensor_msgs/cmake)
[3.800s] -- Found ament_cmake_ros: 0.10.0 (/opt/ros/humble/share/ament_cmake_ros/cmake)
[4.888s] -- Using all available rosidl_typesupport_c: rosidl_typesupport_fastrtps_c;rosidl_typesupport_introspection_c
[5.935s] -- Using all available rosidl_typesupport_cpp: rosidl_typesupport_fastrtps_cpp;rosidl_typesupport_introspection_cpp
[6.052s] -- Found PythonInterp: /usr/bin/python3 (found suitable version "3.10.12", minimum required is "3.6") 
[6.062s] -- Found python_cmake_module: 0.10.0 (/opt/ros/humble/share/python_cmake_module/cmake)
[6.150s] -- Found PythonLibs: /usr/lib/aarch64-linux-gnu/libpython3.10.so (found suitable version "3.10.12", minimum required is "3.5") 
[6.151s] -- Using PYTHON_EXECUTABLE: /usr/bin/python3
[6.151s] -- Using PYTHON_INCLUDE_DIRS: /usr/include/python3.10
[6.151s] -- Using PYTHON_LIBRARIES: /usr/lib/aarch64-linux-gnu/libpython3.10.so
[6.258s] -- Found PythonExtra: .so  
[6.665s] -- Found ament_lint_auto: 0.12.14 (/opt/ros/humble/share/ament_lint_auto/cmake)
[6.864s] -- Added test 'copyright' to check source files copyright and LICENSE
[6.881s] -- Added test 'lint_cmake' to check CMake code style
[6.884s] -- Added test 'xmllint' to check XML markup files
[6.927s] -- Configuring done
[7.312s] -- Generating done
[7.378s] -- Build files have been written to: /home/rover/workspaces/rover-real/src/build/urc_msgs
[7.787s] Invoked command in '/home/rover/workspaces/rover-real/src/build/urc_msgs' returned '0': CMAKE_PREFIX_PATH=/opt/ros/humble:${CMAKE_PREFIX_PATH} /usr/bin/cmake /home/rover/workspaces/rover-real/src/common/urc_msgs -DCMAKE_INSTALL_PREFIX=/home/rover/workspaces/rover-real/src/install/urc_msgs
[7.791s] Invoking command in '/home/rover/workspaces/rover-real/src/build/urc_msgs': CMAKE_PREFIX_PATH=/opt/ros/humble:${CMAKE_PREFIX_PATH} /usr/bin/cmake --build /home/rover/workspaces/rover-real/src/build/urc_msgs -- -j6 -l6
[8.323s] [  1%] [34m[1mGenerating C code for ROS interfaces[0m
[8.520s] [  3%] [34m[1mGenerating C++ code for ROS interfaces[0m
[8.633s] [  3%] Built target ament_cmake_python_copy_urc_msgs
[11.946s] running egg_info
[11.948s] creating urc_msgs.egg-info
[11.962s] writing urc_msgs.egg-info/PKG-INFO
[11.962s] writing dependency_links to urc_msgs.egg-info/dependency_links.txt
[11.964s] writing top-level names to urc_msgs.egg-info/top_level.txt
[11.997s] writing manifest file 'urc_msgs.egg-info/SOURCES.txt'
[12.012s] reading manifest file 'urc_msgs.egg-info/SOURCES.txt'
[12.014s] writing manifest file 'urc_msgs.egg-info/SOURCES.txt'
[12.726s] [  3%] Built target ament_cmake_python_build_urc_msgs_egg
[13.951s] [  5%] [32mBuilding C object CMakeFiles/urc_msgs__rosidl_generator_c.dir/rosidl_generator_c/urc_msgs/msg/detail/rover_status__functions.c.o[0m
[13.985s] [  7%] [32mBuilding C object CMakeFiles/urc_msgs__rosidl_generator_c.dir/rosidl_generator_c/urc_msgs/msg/detail/gap_diag__functions.c.o[0m
[13.987s] [  9%] [32mBuilding C object CMakeFiles/urc_msgs__rosidl_generator_c.dir/rosidl_generator_c/urc_msgs/msg/detail/science_data__functions.c.o[0m
[14.444s] [ 10%] [32mBuilding C object CMakeFiles/urc_msgs__rosidl_generator_c.dir/rosidl_generator_c/urc_msgs/msg/detail/gap_cmd__functions.c.o[0m
[14.576s] [ 10%] Built target urc_msgs__cpp
[14.676s] [ 12%] [34m[1mGenerating C++ type support dispatch for ROS interfaces[0m
[14.699s] [ 14%] [34m[1mGenerating C++ type support for eProsima Fast-RTPS[0m
[14.780s] [ 16%] [34m[1mGenerating C++ introspection for ROS interfaces[0m
[15.085s] [ 18%] [32m[1mLinking C shared library liburc_msgs__rosidl_generator_c.so[0m
[15.921s] [ 18%] Built target urc_msgs__rosidl_generator_c
[16.160s] [ 20%] [34m[1mGenerating C introspection for ROS interfaces[0m
[16.232s] [ 21%] [34m[1mGenerating C type support for eProsima Fast-RTPS[0m
[16.315s] [ 23%] [34m[1mGenerating C type support dispatch for ROS interfaces[0m
[18.089s] [ 25%] [32mBuilding CXX object CMakeFiles/urc_msgs__rosidl_typesupport_cpp.dir/rosidl_typesupport_cpp/urc_msgs/msg/rover_status__type_support.cpp.o[0m
[19.640s] [ 27%] [32mBuilding CXX object CMakeFiles/urc_msgs__rosidl_typesupport_c.dir/rosidl_typesupport_c/urc_msgs/msg/rover_status__type_support.cpp.o[0m
[20.327s] [ 29%] [32mBuilding CXX object CMakeFiles/urc_msgs__rosidl_typesupport_c.dir/rosidl_typesupport_c/urc_msgs/msg/gap_diag__type_support.cpp.o[0m
[20.657s] [ 30%] [32mBuilding CXX object CMakeFiles/urc_msgs__rosidl_typesupport_fastrtps_cpp.dir/rosidl_typesupport_fastrtps_cpp/urc_msgs/msg/detail/dds_fastrtps/rover_status__type_support.cpp.o[0m
[20.960s] [ 32%] [32mBuilding CXX object CMakeFiles/urc_msgs__rosidl_typesupport_c.dir/rosidl_typesupport_c/urc_msgs/msg/science_data__type_support.cpp.o[0m
[21.451s] [ 34%] [32mBuilding CXX object CMakeFiles/urc_msgs__rosidl_typesupport_c.dir/rosidl_typesupport_c/urc_msgs/msg/gap_cmd__type_support.cpp.o[0m
[21.619s] [ 36%] [32mBuilding CXX object CMakeFiles/urc_msgs__rosidl_typesupport_cpp.dir/rosidl_typesupport_cpp/urc_msgs/msg/gap_diag__type_support.cpp.o[0m
[21.860s] [ 38%] [32m[1mLinking CXX shared library liburc_msgs__rosidl_typesupport_c.so[0m
[22.759s] [ 38%] Built target urc_msgs__rosidl_typesupport_c
[23.109s] [ 40%] [32mBuilding C object CMakeFiles/urc_msgs__rosidl_typesupport_introspection_c.dir/rosidl_typesupport_introspection_c/urc_msgs/msg/detail/rover_status__type_support.c.o[0m
[23.599s] [ 41%] [32mBuilding C object CMakeFiles/urc_msgs__rosidl_typesupport_introspection_c.dir/rosidl_typesupport_introspection_c/urc_msgs/msg/detail/gap_diag__type_support.c.o[0m
[23.994s] [ 43%] [32mBuilding C object CMakeFiles/urc_msgs__rosidl_typesupport_introspection_c.dir/rosidl_typesupport_introspection_c/urc_msgs/msg/detail/science_data__type_support.c.o[0m
[24.087s] [ 45%] [32mBuilding CXX object CMakeFiles/urc_msgs__rosidl_typesupport_introspection_cpp.dir/rosidl_typesupport_introspection_cpp/urc_msgs/msg/detail/rover_status__type_support.cpp.o[0m
[24.153s] [ 47%] [32mBuilding CXX object CMakeFiles/urc_msgs__rosidl_typesupport_fastrtps_c.dir/rosidl_typesupport_fastrtps_c/urc_msgs/msg/detail/rover_status__type_support_c.cpp.o[0m
[24.492s] [ 49%] [32mBuilding C object CMakeFiles/urc_msgs__rosidl_typesupport_introspection_c.dir/rosidl_typesupport_introspection_c/urc_msgs/msg/detail/gap_cmd__type_support.c.o[0m
[24.965s] [ 50%] [32m[1mLinking C shared library liburc_msgs__rosidl_typesupport_introspection_c.so[0m
[25.030s] [ 52%] [32mBuilding CXX object CMakeFiles/urc_msgs__rosidl_typesupport_fastrtps_cpp.dir/rosidl_typesupport_fastrtps_cpp/urc_msgs/msg/detail/dds_fastrtps/gap_diag__type_support.cpp.o[0m
[25.123s] [ 54%] [32mBuilding CXX object CMakeFiles/urc_msgs__rosidl_typesupport_cpp.dir/rosidl_typesupport_cpp/urc_msgs/msg/science_data__type_support.cpp.o[0m
[25.349s] [ 54%] Built target urc_msgs__rosidl_typesupport_introspection_c
[26.663s] [ 56%] [32mBuilding CXX object CMakeFiles/urc_msgs__rosidl_typesupport_cpp.dir/rosidl_typesupport_cpp/urc_msgs/msg/gap_cmd__type_support.cpp.o[0m
[26.960s] [ 58%] [32mBuilding CXX object CMakeFiles/urc_msgs__rosidl_typesupport_fastrtps_c.dir/rosidl_typesupport_fastrtps_c/urc_msgs/msg/detail/gap_diag__type_support_c.cpp.o[0m
[26.973s] [ 60%] [32mBuilding CXX object CMakeFiles/urc_msgs__rosidl_typesupport_fastrtps_cpp.dir/rosidl_typesupport_fastrtps_cpp/urc_msgs/msg/detail/dds_fastrtps/gap_cmd__type_support.cpp.o[0m
[27.199s] [ 61%] [32mBuilding CXX object CMakeFiles/urc_msgs__rosidl_typesupport_introspection_cpp.dir/rosidl_typesupport_introspection_cpp/urc_msgs/msg/detail/gap_diag__type_support.cpp.o[0m
[28.024s] [ 63%] [32m[1mLinking CXX shared library liburc_msgs__rosidl_typesupport_cpp.so[0m
[28.379s] [ 63%] Built target urc_msgs__rosidl_typesupport_cpp
[29.011s] [ 65%] [32mBuilding CXX object CMakeFiles/urc_msgs__rosidl_typesupport_fastrtps_c.dir/rosidl_typesupport_fastrtps_c/urc_msgs/msg/detail/science_data__type_support_c.cpp.o[0m
[29.288s] [ 67%] [32mBuilding CXX object CMakeFiles/urc_msgs__rosidl_typesupport_fastrtps_cpp.dir/rosidl_typesupport_fastrtps_cpp/urc_msgs/msg/detail/dds_fastrtps/science_data__type_support.cpp.o[0m
[29.452s] [ 69%] [32mBuilding CXX object CMakeFiles/urc_msgs__rosidl_typesupport_introspection_cpp.dir/rosidl_typesupport_introspection_cpp/urc_msgs/msg/detail/gap_cmd__type_support.cpp.o[0m
[31.098s] [ 70%] [32mBuilding CXX object CMakeFiles/urc_msgs__rosidl_typesupport_introspection_cpp.dir/rosidl_typesupport_introspection_cpp/urc_msgs/msg/detail/science_data__type_support.cpp.o[0m
[31.107s] [ 72%] [32mBuilding CXX object CMakeFiles/urc_msgs__rosidl_typesupport_fastrtps_c.dir/rosidl_typesupport_fastrtps_c/urc_msgs/msg/detail/gap_cmd__type_support_c.cpp.o[0m
[31.787s] [ 74%] [32m[1mLinking CXX shared library liburc_msgs__rosidl_typesupport_fastrtps_cpp.so[0m
[32.241s] [ 74%] Built target urc_msgs__rosidl_typesupport_fastrtps_cpp
[32.898s] [ 76%] [32m[1mLinking CXX shared library liburc_msgs__rosidl_typesupport_fastrtps_c.so[0m
[33.327s] [ 76%] Built target urc_msgs__rosidl_typesupport_fastrtps_c
[33.353s] [ 78%] [32m[1mLinking CXX shared library liburc_msgs__rosidl_typesupport_introspection_cpp.so[0m
[33.831s] [ 78%] Built target urc_msgs__rosidl_typesupport_introspection_cpp
[33.987s] [ 78%] Built target urc_msgs
[34.095s] [ 80%] [34m[1mGenerating Python code for ROS interfaces[0m
[36.744s] [ 80%] Built target urc_msgs__py
[36.831s] [ 81%] [32mBuilding C object CMakeFiles/urc_msgs__rosidl_generator_py.dir/rosidl_generator_py/urc_msgs/msg/_rover_status_s.c.o[0m
[37.209s] [ 83%] [32mBuilding C object CMakeFiles/urc_msgs__rosidl_generator_py.dir/rosidl_generator_py/urc_msgs/msg/_gap_cmd_s.c.o[0m
[37.520s] [ 85%] [32mBuilding C object CMakeFiles/urc_msgs__rosidl_generator_py.dir/rosidl_generator_py/urc_msgs/msg/_science_data_s.c.o[0m
[37.937s] [ 87%] [32mBuilding C object CMakeFiles/urc_msgs__rosidl_generator_py.dir/rosidl_generator_py/urc_msgs/msg/_gap_diag_s.c.o[0m
[38.306s] [ 89%] [32m[1mLinking C shared library rosidl_generator_py/urc_msgs/liburc_msgs__rosidl_generator_py.so[0m
[38.495s] [ 89%] Built target urc_msgs__rosidl_generator_py
[38.668s] [ 90%] [32mBuilding C object CMakeFiles/urc_msgs__rosidl_typesupport_fastrtps_c__pyext.dir/rosidl_generator_py/urc_msgs/_urc_msgs_s.ep.rosidl_typesupport_fastrtps_c.c.o[0m
[39.134s] [ 92%] [32m[1mLinking C shared library rosidl_generator_py/urc_msgs/urc_msgs_s__rosidl_typesupport_fastrtps_c.cpython-310-aarch64-linux-gnu.so[0m
[39.332s] [ 92%] Built target urc_msgs__rosidl_typesupport_fastrtps_c__pyext
[39.441s] [ 94%] [32mBuilding C object CMakeFiles/urc_msgs__rosidl_typesupport_c__pyext.dir/rosidl_generator_py/urc_msgs/_urc_msgs_s.ep.rosidl_typesupport_c.c.o[0m
[39.839s] [ 96%] [32m[1mLinking C shared library rosidl_generator_py/urc_msgs/urc_msgs_s__rosidl_typesupport_c.cpython-310-aarch64-linux-gnu.so[0m
[40.109s] [ 96%] Built target urc_msgs__rosidl_typesupport_c__pyext
[40.246s] [ 98%] [32mBuilding C object CMakeFiles/urc_msgs__rosidl_typesupport_introspection_c__pyext.dir/rosidl_generator_py/urc_msgs/_urc_msgs_s.ep.rosidl_typesupport_introspection_c.c.o[0m
[40.639s] [100%] [32m[1mLinking C shared library rosidl_generator_py/urc_msgs/urc_msgs_s__rosidl_typesupport_introspection_c.cpython-310-aarch64-linux-gnu.so[0m
[40.808s] [100%] Built target urc_msgs__rosidl_typesupport_introspection_c__pyext
[40.880s] Invoked command in '/home/rover/workspaces/rover-real/src/build/urc_msgs' returned '0': CMAKE_PREFIX_PATH=/opt/ros/humble:${CMAKE_PREFIX_PATH} /usr/bin/cmake --build /home/rover/workspaces/rover-real/src/build/urc_msgs -- -j6 -l6
[40.882s] Invoking command in '/home/rover/workspaces/rover-real/src/build/urc_msgs': CMAKE_PREFIX_PATH=/opt/ros/humble:${CMAKE_PREFIX_PATH} /usr/bin/cmake --install /home/rover/workspaces/rover-real/src/build/urc_msgs
[43.040s] -- Install configuration: ""
[43.040s] -- Installing: /home/rover/workspaces/rover-real/src/install/urc_msgs/share/ament_index/resource_index/rosidl_interfaces/urc_msgs
[43.040s] -- Installing: /home/rover/workspaces/rover-real/src/install/urc_msgs/include/urc_msgs/urc_msgs
[43.040s] -- Installing: /home/rover/workspaces/rover-real/src/install/urc_msgs/include/urc_msgs/urc_msgs/msg
[43.040s] -- Installing: /home/rover/workspaces/rover-real/src/install/urc_msgs/include/urc_msgs/urc_msgs/msg/rosidl_generator_c__visibility_control.h
[43.041s] -- Installing: /home/rover/workspaces/rover-real/src/install/urc_msgs/include/urc_msgs/urc_msgs/msg/gap_diag.h
[43.041s] -- Installing: /home/rover/workspaces/rover-real/src/install/urc_msgs/include/urc_msgs/urc_msgs/msg/detail
[43.041s] -- Installing: /home/rover/workspaces/rover-real/src/install/urc_msgs/include/urc_msgs/urc_msgs/msg/detail/gap_cmd__type_support.h
[43.042s] -- Installing: /home/rover/workspaces/rover-real/src/install/urc_msgs/include/urc_msgs/urc_msgs/msg/detail/rover_status__struct.h
[43.042s] -- Installing: /home/rover/workspaces/rover-real/src/install/urc_msgs/include/urc_msgs/urc_msgs/msg/detail/gap_diag__type_support.h
[43.042s] -- Installing: /home/rover/workspaces/rover-real/src/install/urc_msgs/include/urc_msgs/urc_msgs/msg/detail/science_data__struct.h
[43.042s] -- Installing: /home/rover/workspaces/rover-real/src/install/urc_msgs/include/urc_msgs/urc_msgs/msg/detail/science_data__functions.c
[43.042s] -- Installing: /home/rover/workspaces/rover-real/src/install/urc_msgs/include/urc_msgs/urc_msgs/msg/detail/gap_cmd__functions.c
[43.043s] -- Installing: /home/rover/workspaces/rover-real/src/install/urc_msgs/include/urc_msgs/urc_msgs/msg/detail/science_data__functions.h
[43.043s] -- Installing: /home/rover/workspaces/rover-real/src/install/urc_msgs/include/urc_msgs/urc_msgs/msg/detail/rover_status__type_support.h
[43.043s] -- Installing: /home/rover/workspaces/rover-real/src/install/urc_msgs/include/urc_msgs/urc_msgs/msg/detail/gap_cmd__struct.h
[43.043s] -- Installing: /home/rover/workspaces/rover-real/src/install/urc_msgs/include/urc_msgs/urc_msgs/msg/detail/science_data__type_support.h
[43.044s] -- Installing: /home/rover/workspaces/rover-real/src/install/urc_msgs/include/urc_msgs/urc_msgs/msg/detail/gap_diag__struct.h
[43.044s] -- Installing: /home/rover/workspaces/rover-real/src/install/urc_msgs/include/urc_msgs/urc_msgs/msg/detail/gap_diag__functions.h
[43.044s] -- Installing: /home/rover/workspaces/rover-real/src/install/urc_msgs/include/urc_msgs/urc_msgs/msg/detail/gap_diag__functions.c
[43.045s] -- Installing: /home/rover/workspaces/rover-real/src/install/urc_msgs/include/urc_msgs/urc_msgs/msg/detail/rover_status__functions.c
[43.045s] -- Installing: /home/rover/workspaces/rover-real/src/install/urc_msgs/include/urc_msgs/urc_msgs/msg/detail/rover_status__functions.h
[43.051s] -- Installing: /home/rover/workspaces/rover-real/src/install/urc_msgs/include/urc_msgs/urc_msgs/msg/detail/gap_cmd__functions.h
[43.051s] -- Installing: /home/rover/workspaces/rover-real/src/install/urc_msgs/include/urc_msgs/urc_msgs/msg/science_data.h
[43.052s] -- Installing: /home/rover/workspaces/rover-real/src/install/urc_msgs/include/urc_msgs/urc_msgs/msg/gap_cmd.h
[43.052s] -- Installing: /home/rover/workspaces/rover-real/src/install/urc_msgs/include/urc_msgs/urc_msgs/msg/rover_status.h
[43.052s] -- Installing: /home/rover/workspaces/rover-real/src/install/urc_msgs/share/urc_msgs/environment/library_path.sh
[43.052s] -- Installing: /home/rover/workspaces/rover-real/src/install/urc_msgs/share/urc_msgs/environment/library_path.dsv
[43.052s] -- Installing: /home/rover/workspaces/rover-real/src/install/urc_msgs/lib/liburc_msgs__rosidl_generator_c.so
[43.052s] -- Set runtime path of "/home/rover/workspaces/rover-real/src/install/urc_msgs/lib/liburc_msgs__rosidl_generator_c.so" to ""
[43.052s] -- Up-to-date: /home/rover/workspaces/rover-real/src/install/urc_msgs/include/urc_msgs/urc_msgs
[43.053s] -- Up-to-date: /home/rover/workspaces/rover-real/src/install/urc_msgs/include/urc_msgs/urc_msgs/msg
[43.053s] -- Up-to-date: /home/rover/workspaces/rover-real/src/install/urc_msgs/include/urc_msgs/urc_msgs/msg/detail
[43.058s] -- Installing: /home/rover/workspaces/rover-real/src/install/urc_msgs/include/urc_msgs/urc_msgs/msg/detail/science_data__rosidl_typesupport_fastrtps_c.h
[43.058s] -- Installing: /home/rover/workspaces/rover-real/src/install/urc_msgs/include/urc_msgs/urc_msgs/msg/detail/gap_cmd__rosidl_typesupport_fastrtps_c.h
[43.058s] -- Installing: /home/rover/workspaces/rover-real/src/install/urc_msgs/include/urc_msgs/urc_msgs/msg/detail/rover_status__rosidl_typesupport_fastrtps_c.h
[43.058s] -- Installing: /home/rover/workspaces/rover-real/src/install/urc_msgs/include/urc_msgs/urc_msgs/msg/detail/gap_diag__rosidl_typesupport_fastrtps_c.h
[43.060s] -- Installing: /home/rover/workspaces/rover-real/src/install/urc_msgs/include/urc_msgs/urc_msgs/msg/rosidl_typesupport_fastrtps_c__visibility_control.h
[43.061s] -- Installing: /home/rover/workspaces/rover-real/src/install/urc_msgs/lib/liburc_msgs__rosidl_typesupport_fastrtps_c.so
[43.061s] -- Set runtime path of "/home/rover/workspaces/rover-real/src/install/urc_msgs/lib/liburc_msgs__rosidl_typesupport_fastrtps_c.so" to ""
[43.061s] -- Up-to-date: /home/rover/workspaces/rover-real/src/install/urc_msgs/include/urc_msgs/urc_msgs
[43.061s] -- Up-to-date: /home/rover/workspaces/rover-real/src/install/urc_msgs/include/urc_msgs/urc_msgs/msg
[43.061s] -- Up-to-date: /home/rover/workspaces/rover-real/src/install/urc_msgs/include/urc_msgs/urc_msgs/msg/detail
[43.062s] -- Installing: /home/rover/workspaces/rover-real/src/install/urc_msgs/include/urc_msgs/urc_msgs/msg/detail/gap_diag__type_support.c
[43.062s] -- Installing: /home/rover/workspaces/rover-real/src/install/urc_msgs/include/urc_msgs/urc_msgs/msg/detail/gap_cmd__rosidl_typesupport_introspection_c.h
[43.062s] -- Installing: /home/rover/workspaces/rover-real/src/install/urc_msgs/include/urc_msgs/urc_msgs/msg/detail/science_data__rosidl_typesupport_introspection_c.h
[43.062s] -- Installing: /home/rover/workspaces/rover-real/src/install/urc_msgs/include/urc_msgs/urc_msgs/msg/detail/gap_cmd__type_support.c
[43.062s] -- Installing: /home/rover/workspaces/rover-real/src/install/urc_msgs/include/urc_msgs/urc_msgs/msg/detail/rover_status__type_support.c
[43.062s] -- Installing: /home/rover/workspaces/rover-real/src/install/urc_msgs/include/urc_msgs/urc_msgs/msg/detail/rover_status__rosidl_typesupport_introspection_c.h
[43.063s] -- Installing: /home/rover/workspaces/rover-real/src/install/urc_msgs/include/urc_msgs/urc_msgs/msg/detail/gap_diag__rosidl_typesupport_introspection_c.h
[43.063s] -- Installing: /home/rover/workspaces/rover-real/src/install/urc_msgs/include/urc_msgs/urc_msgs/msg/detail/science_data__type_support.c
[43.063s] -- Installing: /home/rover/workspaces/rover-real/src/install/urc_msgs/include/urc_msgs/urc_msgs/msg/rosidl_typesupport_introspection_c__visibility_control.h
[43.063s] -- Installing: /home/rover/workspaces/rover-real/src/install/urc_msgs/lib/liburc_msgs__rosidl_typesupport_introspection_c.so
[43.063s] -- Set runtime path of "/home/rover/workspaces/rover-real/src/install/urc_msgs/lib/liburc_msgs__rosidl_typesupport_introspection_c.so" to ""
[43.063s] -- Installing: /home/rover/workspaces/rover-real/src/install/urc_msgs/lib/liburc_msgs__rosidl_typesupport_c.so
[43.063s] -- Set runtime path of "/home/rover/workspaces/rover-real/src/install/urc_msgs/lib/liburc_msgs__rosidl_typesupport_c.so" to ""
[43.063s] -- Up-to-date: /home/rover/workspaces/rover-real/src/install/urc_msgs/include/urc_msgs/urc_msgs
[43.064s] -- Up-to-date: /home/rover/workspaces/rover-real/src/install/urc_msgs/include/urc_msgs/urc_msgs/msg
[43.064s] -- Installing: /home/rover/workspaces/rover-real/src/install/urc_msgs/include/urc_msgs/urc_msgs/msg/rover_status.hpp
[43.064s] -- Installing: /home/rover/workspaces/rover-real/src/install/urc_msgs/include/urc_msgs/urc_msgs/msg/science_data.hpp
[43.064s] -- Installing: /home/rover/workspaces/rover-real/src/install/urc_msgs/include/urc_msgs/urc_msgs/msg/rosidl_generator_cpp__visibility_control.hpp
[43.064s] -- Installing: /home/rover/workspaces/rover-real/src/install/urc_msgs/include/urc_msgs/urc_msgs/msg/gap_cmd.hpp
[43.064s] -- Up-to-date: /home/rover/workspaces/rover-real/src/install/urc_msgs/include/urc_msgs/urc_msgs/msg/detail
[43.064s] -- Installing: /home/rover/workspaces/rover-real/src/install/urc_msgs/include/urc_msgs/urc_msgs/msg/detail/gap_cmd__struct.hpp
[43.064s] -- Installing: /home/rover/workspaces/rover-real/src/install/urc_msgs/include/urc_msgs/urc_msgs/msg/detail/science_data__struct.hpp
[43.065s] -- Installing: /home/rover/workspaces/rover-real/src/install/urc_msgs/include/urc_msgs/urc_msgs/msg/detail/rover_status__struct.hpp
[43.065s] -- Installing: /home/rover/workspaces/rover-real/src/install/urc_msgs/include/urc_msgs/urc_msgs/msg/detail/gap_cmd__type_support.hpp
[43.065s] -- Installing: /home/rover/workspaces/rover-real/src/install/urc_msgs/include/urc_msgs/urc_msgs/msg/detail/science_data__type_support.hpp
[43.065s] -- Installing: /home/rover/workspaces/rover-real/src/install/urc_msgs/include/urc_msgs/urc_msgs/msg/detail/science_data__builder.hpp
[43.065s] -- Installing: /home/rover/workspaces/rover-real/src/install/urc_msgs/include/urc_msgs/urc_msgs/msg/detail/rover_status__traits.hpp
[43.065s] -- Installing: /home/rover/workspaces/rover-real/src/install/urc_msgs/include/urc_msgs/urc_msgs/msg/detail/rover_status__builder.hpp
[43.065s] -- Installing: /home/rover/workspaces/rover-real/src/install/urc_msgs/include/urc_msgs/urc_msgs/msg/detail/gap_cmd__traits.hpp
[43.065s] -- Installing: /home/rover/workspaces/rover-real/src/install/urc_msgs/include/urc_msgs/urc_msgs/msg/detail/gap_diag__traits.hpp
[43.066s] -- Installing: /home/rover/workspaces/rover-real/src/install/urc_msgs/include/urc_msgs/urc_msgs/msg/detail/rover_status__type_support.hpp
[43.066s] -- Installing: /home/rover/workspaces/rover-real/src/install/urc_msgs/include/urc_msgs/urc_msgs/msg/detail/gap_cmd__builder.hpp
[43.066s] -- Installing: /home/rover/workspaces/rover-real/src/install/urc_msgs/include/urc_msgs/urc_msgs/msg/detail/gap_diag__struct.hpp
[43.066s] -- Installing: /home/rover/workspaces/rover-real/src/install/urc_msgs/include/urc_msgs/urc_msgs/msg/detail/gap_diag__builder.hpp
[43.066s] -- Installing: /home/rover/workspaces/rover-real/src/install/urc_msgs/include/urc_msgs/urc_msgs/msg/detail/science_data__traits.hpp
[43.066s] -- Installing: /home/rover/workspaces/rover-real/src/install/urc_msgs/include/urc_msgs/urc_msgs/msg/detail/gap_diag__type_support.hpp
[43.066s] -- Installing: /home/rover/workspaces/rover-real/src/install/urc_msgs/include/urc_msgs/urc_msgs/msg/gap_diag.hpp
[43.067s] -- Up-to-date: /home/rover/workspaces/rover-real/src/install/urc_msgs/include/urc_msgs/urc_msgs
[43.067s] -- Up-to-date: /home/rover/workspaces/rover-real/src/install/urc_msgs/include/urc_msgs/urc_msgs/msg
[43.067s] -- Up-to-date: /home/rover/workspaces/rover-real/src/install/urc_msgs/include/urc_msgs/urc_msgs/msg/detail
[43.067s] -- Installing: /home/rover/workspaces/rover-real/src/install/urc_msgs/include/urc_msgs/urc_msgs/msg/detail/dds_fastrtps
[43.067s] -- Installing: /home/rover/workspaces/rover-real/src/install/urc_msgs/include/urc_msgs/urc_msgs/msg/detail/science_data__rosidl_typesupport_fastrtps_cpp.hpp
[43.068s] -- Installing: /home/rover/workspaces/rover-real/src/install/urc_msgs/include/urc_msgs/urc_msgs/msg/detail/rover_status__rosidl_typesupport_fastrtps_cpp.hpp
[43.068s] -- Installing: /home/rover/workspaces/rover-real/src/install/urc_msgs/include/urc_msgs/urc_msgs/msg/detail/gap_diag__rosidl_typesupport_fastrtps_cpp.hpp
[43.068s] -- Installing: /home/rover/workspaces/rover-real/src/install/urc_msgs/include/urc_msgs/urc_msgs/msg/detail/gap_cmd__rosidl_typesupport_fastrtps_cpp.hpp
[43.068s] -- Installing: /home/rover/workspaces/rover-real/src/install/urc_msgs/include/urc_msgs/urc_msgs/msg/rosidl_typesupport_fastrtps_cpp__visibility_control.h
[43.068s] -- Installing: /home/rover/workspaces/rover-real/src/install/urc_msgs/lib/liburc_msgs__rosidl_typesupport_fastrtps_cpp.so
[43.068s] -- Set runtime path of "/home/rover/workspaces/rover-real/src/install/urc_msgs/lib/liburc_msgs__rosidl_typesupport_fastrtps_cpp.so" to ""
[43.069s] -- Up-to-date: /home/rover/workspaces/rover-real/src/install/urc_msgs/include/urc_msgs/urc_msgs
[43.069s] -- Up-to-date: /home/rover/workspaces/rover-real/src/install/urc_msgs/include/urc_msgs/urc_msgs/msg
[43.069s] -- Up-to-date: /home/rover/workspaces/rover-real/src/install/urc_msgs/include/urc_msgs/urc_msgs/msg/detail
[43.069s] -- Installing: /home/rover/workspaces/rover-real/src/install/urc_msgs/include/urc_msgs/urc_msgs/msg/detail/rover_status__type_support.cpp
[43.069s] -- Installing: /home/rover/workspaces/rover-real/src/install/urc_msgs/include/urc_msgs/urc_msgs/msg/detail/rover_status__rosidl_typesupport_introspection_cpp.hpp
[43.069s] -- Installing: /home/rover/workspaces/rover-real/src/install/urc_msgs/include/urc_msgs/urc_msgs/msg/detail/gap_cmd__rosidl_typesupport_introspection_cpp.hpp
[43.070s] -- Installing: /home/rover/workspaces/rover-real/src/install/urc_msgs/include/urc_msgs/urc_msgs/msg/detail/science_data__rosidl_typesupport_introspection_cpp.hpp
[43.070s] -- Installing: /home/rover/workspaces/rover-real/src/install/urc_msgs/include/urc_msgs/urc_msgs/msg/detail/gap_cmd__type_support.cpp
[43.070s] -- Installing: /home/rover/workspaces/rover-real/src/install/urc_msgs/include/urc_msgs/urc_msgs/msg/detail/gap_diag__type_support.cpp
[43.070s] -- Installing: /home/rover/workspaces/rover-real/src/install/urc_msgs/include/urc_msgs/urc_msgs/msg/detail/science_data__type_support.cpp
[43.072s] -- Installing: /home/rover/workspaces/rover-real/src/install/urc_msgs/include/urc_msgs/urc_msgs/msg/detail/gap_diag__rosidl_typesupport_introspection_cpp.hpp
[43.072s] -- Installing: /home/rover/workspaces/rover-real/src/install/urc_msgs/lib/liburc_msgs__rosidl_typesupport_introspection_cpp.so
[43.072s] -- Set runtime path of "/home/rover/workspaces/rover-real/src/install/urc_msgs/lib/liburc_msgs__rosidl_typesupport_introspection_cpp.so" to ""
[43.072s] -- Installing: /home/rover/workspaces/rover-real/src/install/urc_msgs/lib/liburc_msgs__rosidl_typesupport_cpp.so
[43.073s] -- Set runtime path of "/home/rover/workspaces/rover-real/src/install/urc_msgs/lib/liburc_msgs__rosidl_typesupport_cpp.so" to ""
[43.073s] -- Installing: /home/rover/workspaces/rover-real/src/install/urc_msgs/share/urc_msgs/environment/pythonpath.sh
[43.073s] -- Installing: /home/rover/workspaces/rover-real/src/install/urc_msgs/share/urc_msgs/environment/pythonpath.dsv
[43.073s] -- Installing: /home/rover/workspaces/rover-real/src/install/urc_msgs/local/lib/python3.10/dist-packages/urc_msgs-0.0.0-py3.10.egg-info
[43.073s] -- Installing: /home/rover/workspaces/rover-real/src/install/urc_msgs/local/lib/python3.10/dist-packages/urc_msgs-0.0.0-py3.10.egg-info/top_level.txt
[43.073s] -- Installing: /home/rover/workspaces/rover-real/src/install/urc_msgs/local/lib/python3.10/dist-packages/urc_msgs-0.0.0-py3.10.egg-info/SOURCES.txt
[43.074s] -- Installing: /home/rover/workspaces/rover-real/src/install/urc_msgs/local/lib/python3.10/dist-packages/urc_msgs-0.0.0-py3.10.egg-info/PKG-INFO
[43.074s] -- Installing: /home/rover/workspaces/rover-real/src/install/urc_msgs/local/lib/python3.10/dist-packages/urc_msgs-0.0.0-py3.10.egg-info/dependency_links.txt
[43.074s] -- Installing: /home/rover/workspaces/rover-real/src/install/urc_msgs/local/lib/python3.10/dist-packages/urc_msgs
[43.074s] -- Installing: /home/rover/workspaces/rover-real/src/install/urc_msgs/local/lib/python3.10/dist-packages/urc_msgs/liburc_msgs__rosidl_generator_py.so
[43.075s] -- Installing: /home/rover/workspaces/rover-real/src/install/urc_msgs/local/lib/python3.10/dist-packages/urc_msgs/urc_msgs_s__rosidl_typesupport_c.cpython-310-aarch64-linux-gnu.so
[43.078s] -- Installing: /home/rover/workspaces/rover-real/src/install/urc_msgs/local/lib/python3.10/dist-packages/urc_msgs/_urc_msgs_s.ep.rosidl_typesupport_introspection_c.c
[43.080s] -- Installing: /home/rover/workspaces/rover-real/src/install/urc_msgs/local/lib/python3.10/dist-packages/urc_msgs/urc_msgs_s__rosidl_typesupport_introspection_c.cpython-310-aarch64-linux-gnu.so
[43.080s] -- Installing: /home/rover/workspaces/rover-real/src/install/urc_msgs/local/lib/python3.10/dist-packages/urc_msgs/msg
[43.081s] -- Installing: /home/rover/workspaces/rover-real/src/install/urc_msgs/local/lib/python3.10/dist-packages/urc_msgs/msg/_science_data.py
[43.081s] -- Installing: /home/rover/workspaces/rover-real/src/install/urc_msgs/local/lib/python3.10/dist-packages/urc_msgs/msg/_rover_status_s.c
[43.082s] -- Installing: /home/rover/workspaces/rover-real/src/install/urc_msgs/local/lib/python3.10/dist-packages/urc_msgs/msg/_gap_diag_s.c
[43.083s] -- Installing: /home/rover/workspaces/rover-real/src/install/urc_msgs/local/lib/python3.10/dist-packages/urc_msgs/msg/_science_data_s.c
[43.083s] -- Installing: /home/rover/workspaces/rover-real/src/install/urc_msgs/local/lib/python3.10/dist-packages/urc_msgs/msg/_gap_cmd_s.c
[43.083s] -- Installing: /home/rover/workspaces/rover-real/src/install/urc_msgs/local/lib/python3.10/dist-packages/urc_msgs/msg/_gap_diag.py
[43.083s] -- Installing: /home/rover/workspaces/rover-real/src/install/urc_msgs/local/lib/python3.10/dist-packages/urc_msgs/msg/_rover_status.py
[43.083s] -- Installing: /home/rover/workspaces/rover-real/src/install/urc_msgs/local/lib/python3.10/dist-packages/urc_msgs/msg/_gap_cmd.py
[43.083s] -- Installing: /home/rover/workspaces/rover-real/src/install/urc_msgs/local/lib/python3.10/dist-packages/urc_msgs/msg/__init__.py
[43.083s] -- Installing: /home/rover/workspaces/rover-real/src/install/urc_msgs/local/lib/python3.10/dist-packages/urc_msgs/urc_msgs_s__rosidl_typesupport_fastrtps_c.cpython-310-aarch64-linux-gnu.so
[43.084s] -- Installing: /home/rover/workspaces/rover-real/src/install/urc_msgs/local/lib/python3.10/dist-packages/urc_msgs/_urc_msgs_s.ep.rosidl_typesupport_fastrtps_c.c
[43.084s] -- Installing: /home/rover/workspaces/rover-real/src/install/urc_msgs/local/lib/python3.10/dist-packages/urc_msgs/_urc_msgs_s.ep.rosidl_typesupport_c.c
[43.084s] -- Installing: /home/rover/workspaces/rover-real/src/install/urc_msgs/local/lib/python3.10/dist-packages/urc_msgs/__init__.py
[43.084s] Listing '/home/rover/workspaces/rover-real/src/install/urc_msgs/local/lib/python3.10/dist-packages/urc_msgs'...
[43.084s] Compiling '/home/rover/workspaces/rover-real/src/install/urc_msgs/local/lib/python3.10/dist-packages/urc_msgs/__init__.py'...
[43.084s] Listing '/home/rover/workspaces/rover-real/src/install/urc_msgs/local/lib/python3.10/dist-packages/urc_msgs/msg'...
[43.084s] Compiling '/home/rover/workspaces/rover-real/src/install/urc_msgs/local/lib/python3.10/dist-packages/urc_msgs/msg/__init__.py'...
[43.085s] Compiling '/home/rover/workspaces/rover-real/src/install/urc_msgs/local/lib/python3.10/dist-packages/urc_msgs/msg/_gap_cmd.py'...
[43.085s] Compiling '/home/rover/workspaces/rover-real/src/install/urc_msgs/local/lib/python3.10/dist-packages/urc_msgs/msg/_gap_diag.py'...
[43.085s] Compiling '/home/rover/workspaces/rover-real/src/install/urc_msgs/local/lib/python3.10/dist-packages/urc_msgs/msg/_rover_status.py'...
[43.085s] Compiling '/home/rover/workspaces/rover-real/src/install/urc_msgs/local/lib/python3.10/dist-packages/urc_msgs/msg/_science_data.py'...
[43.085s] -- Installing: /home/rover/workspaces/rover-real/src/install/urc_msgs/local/lib/python3.10/dist-packages/urc_msgs/urc_msgs_s__rosidl_typesupport_fastrtps_c.cpython-310-aarch64-linux-gnu.so
[43.085s] -- Set runtime path of "/home/rover/workspaces/rover-real/src/install/urc_msgs/local/lib/python3.10/dist-packages/urc_msgs/urc_msgs_s__rosidl_typesupport_fastrtps_c.cpython-310-aarch64-linux-gnu.so" to ""
[43.085s] -- Installing: /home/rover/workspaces/rover-real/src/install/urc_msgs/local/lib/python3.10/dist-packages/urc_msgs/urc_msgs_s__rosidl_typesupport_introspection_c.cpython-310-aarch64-linux-gnu.so
[43.085s] -- Set runtime path of "/home/rover/workspaces/rover-real/src/install/urc_msgs/local/lib/python3.10/dist-packages/urc_msgs/urc_msgs_s__rosidl_typesupport_introspection_c.cpython-310-aarch64-linux-gnu.so" to ""
[43.086s] -- Installing: /home/rover/workspaces/rover-real/src/install/urc_msgs/local/lib/python3.10/dist-packages/urc_msgs/urc_msgs_s__rosidl_typesupport_c.cpython-310-aarch64-linux-gnu.so
[43.086s] -- Set runtime path of "/home/rover/workspaces/rover-real/src/install/urc_msgs/local/lib/python3.10/dist-packages/urc_msgs/urc_msgs_s__rosidl_typesupport_c.cpython-310-aarch64-linux-gnu.so" to ""
[43.086s] -- Installing: /home/rover/workspaces/rover-real/src/install/urc_msgs/lib/liburc_msgs__rosidl_generator_py.so
[43.086s] -- Set runtime path of "/home/rover/workspaces/rover-real/src/install/urc_msgs/lib/liburc_msgs__rosidl_generator_py.so" to ""
[43.086s] -- Installing: /home/rover/workspaces/rover-real/src/install/urc_msgs/share/urc_msgs/msg/RoverStatus.idl
[43.086s] -- Installing: /home/rover/workspaces/rover-real/src/install/urc_msgs/share/urc_msgs/msg/GapDiag.idl
[43.086s] -- Installing: /home/rover/workspaces/rover-real/src/install/urc_msgs/share/urc_msgs/msg/ScienceData.idl
[43.086s] -- Installing: /home/rover/workspaces/rover-real/src/install/urc_msgs/share/urc_msgs/msg/GapCmd.idl
[43.087s] -- Installing: /home/rover/workspaces/rover-real/src/install/urc_msgs/share/urc_msgs/msg/RoverStatus.msg
[43.087s] -- Installing: /home/rover/workspaces/rover-real/src/install/urc_msgs/share/urc_msgs/msg/GapDiag.msg
[43.087s] -- Installing: /home/rover/workspaces/rover-real/src/install/urc_msgs/share/urc_msgs/msg/ScienceData.msg
[43.087s] -- Installing: /home/rover/workspaces/rover-real/src/install/urc_msgs/share/urc_msgs/msg/GapCmd.msg
[43.087s] -- Installing: /home/rover/workspaces/rover-real/src/install/urc_msgs/share/ament_index/resource_index/package_run_dependencies/urc_msgs
[43.087s] -- Installing: /home/rover/workspaces/rover-real/src/install/urc_msgs/share/ament_index/resource_index/parent_prefix_path/urc_msgs
[43.087s] -- Installing: /home/rover/workspaces/rover-real/src/install/urc_msgs/share/urc_msgs/environment/ament_prefix_path.sh
[43.087s] -- Installing: /home/rover/workspaces/rover-real/src/install/urc_msgs/share/urc_msgs/environment/ament_prefix_path.dsv
[43.088s] -- Installing: /home/rover/workspaces/rover-real/src/install/urc_msgs/share/urc_msgs/environment/path.sh
[43.088s] -- Installing: /home/rover/workspaces/rover-real/src/install/urc_msgs/share/urc_msgs/environment/path.dsv
[43.105s] -- Installing: /home/rover/workspaces/rover-real/src/install/urc_msgs/share/urc_msgs/local_setup.bash
[43.106s] -- Installing: /home/rover/workspaces/rover-real/src/install/urc_msgs/share/urc_msgs/local_setup.sh
[43.106s] -- Installing: /home/rover/workspaces/rover-real/src/install/urc_msgs/share/urc_msgs/local_setup.zsh
[43.107s] -- Installing: /home/rover/workspaces/rover-real/src/install/urc_msgs/share/urc_msgs/local_setup.dsv
[43.108s] -- Installing: /home/rover/workspaces/rover-real/src/install/urc_msgs/share/urc_msgs/package.dsv
[43.109s] -- Installing: /home/rover/workspaces/rover-real/src/install/urc_msgs/share/ament_index/resource_index/packages/urc_msgs
[43.118s] -- Installing: /home/rover/workspaces/rover-real/src/install/urc_msgs/share/urc_msgs/cmake/export_urc_msgs__rosidl_generator_cExport.cmake
[43.119s] -- Installing: /home/rover/workspaces/rover-real/src/install/urc_msgs/share/urc_msgs/cmake/export_urc_msgs__rosidl_generator_cExport-noconfig.cmake
[43.119s] -- Installing: /home/rover/workspaces/rover-real/src/install/urc_msgs/share/urc_msgs/cmake/export_urc_msgs__rosidl_typesupport_fastrtps_cExport.cmake
[43.119s] -- Installing: /home/rover/workspaces/rover-real/src/install/urc_msgs/share/urc_msgs/cmake/export_urc_msgs__rosidl_typesupport_fastrtps_cExport-noconfig.cmake
[43.119s] -- Installing: /home/rover/workspaces/rover-real/src/install/urc_msgs/share/urc_msgs/cmake/urc_msgs__rosidl_typesupport_introspection_cExport.cmake
[43.119s] -- Installing: /home/rover/workspaces/rover-real/src/install/urc_msgs/share/urc_msgs/cmake/urc_msgs__rosidl_typesupport_introspection_cExport-noconfig.cmake
[43.120s] -- Installing: /home/rover/workspaces/rover-real/src/install/urc_msgs/share/urc_msgs/cmake/urc_msgs__rosidl_typesupport_cExport.cmake
[43.120s] -- Installing: /home/rover/workspaces/rover-real/src/install/urc_msgs/share/urc_msgs/cmake/urc_msgs__rosidl_typesupport_cExport-noconfig.cmake
[43.120s] -- Installing: /home/rover/workspaces/rover-real/src/install/urc_msgs/share/urc_msgs/cmake/export_urc_msgs__rosidl_generator_cppExport.cmake
[43.121s] -- Installing: /home/rover/workspaces/rover-real/src/install/urc_msgs/share/urc_msgs/cmake/export_urc_msgs__rosidl_typesupport_fastrtps_cppExport.cmake
[43.121s] -- Installing: /home/rover/workspaces/rover-real/src/install/urc_msgs/share/urc_msgs/cmake/export_urc_msgs__rosidl_typesupport_fastrtps_cppExport-noconfig.cmake
[43.121s] -- Installing: /home/rover/workspaces/rover-real/src/install/urc_msgs/share/urc_msgs/cmake/urc_msgs__rosidl_typesupport_introspection_cppExport.cmake
[43.121s] -- Installing: /home/rover/workspaces/rover-real/src/install/urc_msgs/share/urc_msgs/cmake/urc_msgs__rosidl_typesupport_introspection_cppExport-noconfig.cmake
[43.121s] -- Installing: /home/rover/workspaces/rover-real/src/install/urc_msgs/share/urc_msgs/cmake/urc_msgs__rosidl_typesupport_cppExport.cmake
[43.121s] -- Installing: /home/rover/workspaces/rover-real/src/install/urc_msgs/share/urc_msgs/cmake/urc_msgs__rosidl_typesupport_cppExport-noconfig.cmake
[43.122s] -- Installing: /home/rover/workspaces/rover-real/src/install/urc_msgs/share/urc_msgs/cmake/export_urc_msgs__rosidl_generator_pyExport.cmake
[43.122s] -- Installing: /home/rover/workspaces/rover-real/src/install/urc_msgs/share/urc_msgs/cmake/export_urc_msgs__rosidl_generator_pyExport-noconfig.cmake
[43.122s] -- Installing: /home/rover/workspaces/rover-real/src/install/urc_msgs/share/urc_msgs/cmake/rosidl_cmake-extras.cmake
[43.122s] -- Installing: /home/rover/workspaces/rover-real/src/install/urc_msgs/share/urc_msgs/cmake/ament_cmake_export_dependencies-extras.cmake
[43.122s] -- Installing: /home/rover/workspaces/rover-real/src/install/urc_msgs/share/urc_msgs/cmake/ament_cmake_export_include_directories-extras.cmake
[43.127s] -- Installing: /home/rover/workspaces/rover-real/src/install/urc_msgs/share/urc_msgs/cmake/ament_cmake_export_libraries-extras.cmake
[43.127s] -- Installing: /home/rover/workspaces/rover-real/src/install/urc_msgs/share/urc_msgs/cmake/ament_cmake_export_targets-extras.cmake
[43.127s] -- Installing: /home/rover/workspaces/rover-real/src/install/urc_msgs/share/urc_msgs/cmake/rosidl_cmake_export_typesupport_targets-extras.cmake
[43.127s] -- Installing: /home/rover/workspaces/rover-real/src/install/urc_msgs/share/urc_msgs/cmake/rosidl_cmake_export_typesupport_libraries-extras.cmake
[43.127s] -- Installing: /home/rover/workspaces/rover-real/src/install/urc_msgs/share/urc_msgs/cmake/urc_msgsConfig.cmake
[43.127s] -- Installing: /home/rover/workspaces/rover-real/src/install/urc_msgs/share/urc_msgs/cmake/urc_msgsConfig-version.cmake
[43.128s] -- Installing: /home/rover/workspaces/rover-real/src/install/urc_msgs/share/urc_msgs/package.xml
[43.128s] Invoked command in '/home/rover/workspaces/rover-real/src/build/urc_msgs' returned '0': CMAKE_PREFIX_PATH=/opt/ros/humble:${CMAKE_PREFIX_PATH} /usr/bin/cmake --install /home/rover/workspaces/rover-real/src/build/urc_msgs
