[0.055s] Invoking command in '/home/rover/workspaces/rover-real/src/build/aruco_detector': /usr/bin/cmake /home/rover/workspaces/rover-real/src/perception/aruco_detector -DCATKIN_INSTALL_INTO_PREFIX_ROOT=0 -DCMAKE_INSTALL_PREFIX=/home/rover/workspaces/rover-real/src/install/aruco_detector
[0.913s] -- The C compiler identification is GNU 11.4.0
[0.914s] -- The CXX compiler identification is GNU 11.4.0
[0.914s] -- Detecting C compiler ABI info
[1.004s] -- Detecting C compiler ABI info - done
[1.028s] -- Check for working C compiler: /usr/bin/cc - skipped
[1.029s] -- Detecting C compile features
[1.031s] -- Detecting C compile features - done
[1.042s] -- Detecting CXX compiler ABI info
[1.412s] -- Detecting CXX compiler ABI info - done
[1.442s] -- Check for working CXX compiler: /usr/bin/c++ - skipped
[1.445s] -- Detecting CXX compile features
[1.446s] -- Detecting CXX compile features - done
[1.455s] -- Found ament_cmake: 1.3.12 (/opt/ros/humble/share/ament_cmake/cmake)
[2.117s] -- Found Python3: /usr/bin/python3 (found version "3.10.12") found components: Interpreter 
[2.466s] -- Found rclcpp: 16.0.14 (/opt/ros/humble/share/rclcpp/cmake)
[2.631s] -- Found rosidl_generator_c: 3.1.7 (/opt/ros/humble/share/rosidl_generator_c/cmake)
[2.649s] -- Found rosidl_adapter: 3.1.7 (/opt/ros/humble/share/rosidl_adapter/cmake)
[2.680s] -- Found rosidl_generator_cpp: 3.1.7 (/opt/ros/humble/share/rosidl_generator_cpp/cmake)
[2.766s] -- Using all available rosidl_typesupport_c: rosidl_typesupport_fastrtps_c;rosidl_typesupport_introspection_c
[2.818s] -- Using all available rosidl_typesupport_cpp: rosidl_typesupport_fastrtps_cpp;rosidl_typesupport_introspection_cpp
[3.033s] -- Found rmw_implementation_cmake: 6.1.2 (/opt/ros/humble/share/rmw_implementation_cmake/cmake)
[3.035s] -- Found rmw_cyclonedds_cpp: 1.3.4 (/opt/ros/humble/share/rmw_cyclonedds_cpp/cmake)
[3.096s] -- Using RMW implementation 'rmw_cyclonedds_cpp' as default
[3.122s] -- Looking for pthread.h
[3.678s] -- Looking for pthread.h - found
[3.679s] -- Performing Test CMAKE_HAVE_LIBC_PTHREAD
[4.245s] -- Performing Test CMAKE_HAVE_LIBC_PTHREAD - Success
[4.247s] -- Found Threads: TRUE  
[4.560s] -- Found sensor_msgs: 4.9.0 (/opt/ros/humble/share/sensor_msgs/cmake)
[4.772s] -- Found ament_lint_auto: 0.12.14 (/opt/ros/humble/share/ament_lint_auto/cmake)
[5.907s] -- Added test 'copyright' to check source files copyright and LICENSE
[5.924s] -- Added test 'flake8' to check Python code syntax and style conventions
[5.953s] -- Added test 'lint_cmake' to check CMake code style
[5.962s] -- Added test 'pep257' to check Python code against some of the docstring style conventions in PEP 257
[5.966s] -- Added test 'xmllint' to check XML markup files
[6.011s] -- Configuring done
[6.117s] -- Generating done
[6.152s] [33mCMake Warning:
[6.153s]   Manually-specified variables were not used by the project:
[6.153s] 
[6.153s]     CATKIN_INSTALL_INTO_PREFIX_ROOT
[6.153s] 
[6.153s] [0m
[6.165s] -- Build files have been written to: /home/rover/workspaces/rover-real/src/build/aruco_detector
[6.368s] Invoked command in '/home/rover/workspaces/rover-real/src/build/aruco_detector' returned '0': /usr/bin/cmake /home/rover/workspaces/rover-real/src/perception/aruco_detector -DCATKIN_INSTALL_INTO_PREFIX_ROOT=0 -DCMAKE_INSTALL_PREFIX=/home/rover/workspaces/rover-real/src/install/aruco_detector
[6.369s] Invoking command in '/home/rover/workspaces/rover-real/src/build/aruco_detector': /usr/bin/cmake --build /home/rover/workspaces/rover-real/src/build/aruco_detector -- -j6 -l6
[6.896s] Invoked command in '/home/rover/workspaces/rover-real/src/build/aruco_detector' returned '0': /usr/bin/cmake --build /home/rover/workspaces/rover-real/src/build/aruco_detector -- -j6 -l6
[6.923s] Invoking command in '/home/rover/workspaces/rover-real/src/build/aruco_detector': /usr/bin/cmake --install /home/rover/workspaces/rover-real/src/build/aruco_detector
[6.991s] -- Install configuration: ""
[7.023s] -- Installing: /home/rover/workspaces/rover-real/src/install/aruco_detector/share/ament_index/resource_index/package_run_dependencies/aruco_detector
[7.027s] -- Installing: /home/rover/workspaces/rover-real/src/install/aruco_detector/share/ament_index/resource_index/parent_prefix_path/aruco_detector
[7.030s] -- Installing: /home/rover/workspaces/rover-real/src/install/aruco_detector/share/aruco_detector/environment/ament_prefix_path.sh
[7.032s] -- Installing: /home/rover/workspaces/rover-real/src/install/aruco_detector/share/aruco_detector/environment/ament_prefix_path.dsv
[7.035s] -- Installing: /home/rover/workspaces/rover-real/src/install/aruco_detector/share/aruco_detector/environment/path.sh
[7.056s] -- Installing: /home/rover/workspaces/rover-real/src/install/aruco_detector/share/aruco_detector/environment/path.dsv
[7.058s] -- Installing: /home/rover/workspaces/rover-real/src/install/aruco_detector/share/aruco_detector/local_setup.bash
[7.060s] -- Installing: /home/rover/workspaces/rover-real/src/install/aruco_detector/share/aruco_detector/local_setup.sh
[7.063s] -- Installing: /home/rover/workspaces/rover-real/src/install/aruco_detector/share/aruco_detector/local_setup.zsh
[7.065s] -- Installing: /home/rover/workspaces/rover-real/src/install/aruco_detector/share/aruco_detector/local_setup.dsv
[7.068s] -- Installing: /home/rover/workspaces/rover-real/src/install/aruco_detector/share/aruco_detector/package.dsv
[7.071s] -- Installing: /home/rover/workspaces/rover-real/src/install/aruco_detector/share/ament_index/resource_index/packages/aruco_detector
[7.091s] -- Installing: /home/rover/workspaces/rover-real/src/install/aruco_detector/share/aruco_detector/cmake/aruco_detectorConfig.cmake
[7.093s] -- Installing: /home/rover/workspaces/rover-real/src/install/aruco_detector/share/aruco_detector/cmake/aruco_detectorConfig-version.cmake
[7.094s] -- Installing: /home/rover/workspaces/rover-real/src/install/aruco_detector/share/aruco_detector/package.xml
[7.104s] Invoked command in '/home/rover/workspaces/rover-real/src/build/aruco_detector' returned '0': /usr/bin/cmake --install /home/rover/workspaces/rover-real/src/build/aruco_detector
