[1.845s] Invoking command in '/home/rover/workspaces/rover-real/src/build/slam_launch': AMENT_PREFIX_PATH=/home/rover/workspaces/rover-real/src/install/zed2i_launch:${AMENT_PREFIX_PATH} CMAKE_PREFIX_PATH=/home/rover/workspaces/rover-real/src/install/zed2i_launch:/home/rover/workspaces/rover-real/src/install/loc_fusion:${CMAKE_PREFIX_PATH} PKG_CONFIG_PATH=/home/rover/workspaces/rover-real/src/install/loc_fusion/lib/aarch64-linux-gnu/pkgconfig:/home/rover/workspaces/rover-real/src/install/loc_fusion/lib/pkgconfig:${PKG_CONFIG_PATH} ROS_PACKAGE_PATH=/home/rover/workspaces/rover-real/src/install/loc_fusion/share:${ROS_PACKAGE_PATH} /usr/bin/cmake --build /home/rover/workspaces/rover-real/src/build/slam_launch -- -j6 -l6
[2.146s] Invoked command in '/home/rover/workspaces/rover-real/src/build/slam_launch' returned '0': AMENT_PREFIX_PATH=/home/rover/workspaces/rover-real/src/install/zed2i_launch:${AMENT_PREFIX_PATH} CMAKE_PREFIX_PATH=/home/rover/workspaces/rover-real/src/install/zed2i_launch:/home/rover/workspaces/rover-real/src/install/loc_fusion:${CMAKE_PREFIX_PATH} PKG_CONFIG_PATH=/home/rover/workspaces/rover-real/src/install/loc_fusion/lib/aarch64-linux-gnu/pkgconfig:/home/rover/workspaces/rover-real/src/install/loc_fusion/lib/pkgconfig:${PKG_CONFIG_PATH} ROS_PACKAGE_PATH=/home/rover/workspaces/rover-real/src/install/loc_fusion/share:${ROS_PACKAGE_PATH} /usr/bin/cmake --build /home/rover/workspaces/rover-real/src/build/slam_launch -- -j6 -l6
[2.147s] Invoking command in '/home/rover/workspaces/rover-real/src/build/slam_launch': AMENT_PREFIX_PATH=/home/rover/workspaces/rover-real/src/install/zed2i_launch:${AMENT_PREFIX_PATH} CMAKE_PREFIX_PATH=/home/rover/workspaces/rover-real/src/install/zed2i_launch:/home/rover/workspaces/rover-real/src/install/loc_fusion:${CMAKE_PREFIX_PATH} PKG_CONFIG_PATH=/home/rover/workspaces/rover-real/src/install/loc_fusion/lib/aarch64-linux-gnu/pkgconfig:/home/rover/workspaces/rover-real/src/install/loc_fusion/lib/pkgconfig:${PKG_CONFIG_PATH} ROS_PACKAGE_PATH=/home/rover/workspaces/rover-real/src/install/loc_fusion/share:${ROS_PACKAGE_PATH} /usr/bin/cmake --install /home/rover/workspaces/rover-real/src/build/slam_launch
[2.190s] -- Install configuration: ""
[2.190s] -- Up-to-date: /home/rover/workspaces/rover-real/src/install/slam_launch/share/slam_launch/launch
[2.191s] -- Up-to-date: /home/rover/workspaces/rover-real/src/install/slam_launch/share/slam_launch/launch/slam.launch.py
[2.191s] -- Up-to-date: /home/rover/workspaces/rover-real/src/install/slam_launch/share/slam_launch/config
[2.191s] -- Up-to-date: /home/rover/workspaces/rover-real/src/install/slam_launch/share/slam_launch/config/rtabmap_params.yaml
[2.195s] -- Up-to-date: /home/rover/workspaces/rover-real/src/install/slam_launch/share/ament_index/resource_index/package_run_dependencies/slam_launch
[2.195s] -- Up-to-date: /home/rover/workspaces/rover-real/src/install/slam_launch/share/ament_index/resource_index/parent_prefix_path/slam_launch
[2.195s] -- Up-to-date: /home/rover/workspaces/rover-real/src/install/slam_launch/share/slam_launch/environment/ament_prefix_path.sh
[2.195s] -- Up-to-date: /home/rover/workspaces/rover-real/src/install/slam_launch/share/slam_launch/environment/ament_prefix_path.dsv
[2.195s] -- Up-to-date: /home/rover/workspaces/rover-real/src/install/slam_launch/share/slam_launch/environment/path.sh
[2.195s] -- Up-to-date: /home/rover/workspaces/rover-real/src/install/slam_launch/share/slam_launch/environment/path.dsv
[2.196s] -- Up-to-date: /home/rover/workspaces/rover-real/src/install/slam_launch/share/slam_launch/local_setup.bash
[2.200s] -- Up-to-date: /home/rover/workspaces/rover-real/src/install/slam_launch/share/slam_launch/local_setup.sh
[2.200s] -- Up-to-date: /home/rover/workspaces/rover-real/src/install/slam_launch/share/slam_launch/local_setup.zsh
[2.200s] -- Up-to-date: /home/rover/workspaces/rover-real/src/install/slam_launch/share/slam_launch/local_setup.dsv
[2.204s] -- Installing: /home/rover/workspaces/rover-real/src/install/slam_launch/share/slam_launch/package.dsv
[2.204s] -- Up-to-date: /home/rover/workspaces/rover-real/src/install/slam_launch/share/ament_index/resource_index/packages/slam_launch
[2.204s] -- Up-to-date: /home/rover/workspaces/rover-real/src/install/slam_launch/share/slam_launch/cmake/slam_launchConfig.cmake
[2.205s] -- Up-to-date: /home/rover/workspaces/rover-real/src/install/slam_launch/share/slam_launch/cmake/slam_launchConfig-version.cmake
[2.205s] -- Up-to-date: /home/rover/workspaces/rover-real/src/install/slam_launch/share/slam_launch/package.xml
[2.216s] Invoked command in '/home/rover/workspaces/rover-real/src/build/slam_launch' returned '0': AMENT_PREFIX_PATH=/home/rover/workspaces/rover-real/src/install/zed2i_launch:${AMENT_PREFIX_PATH} CMAKE_PREFIX_PATH=/home/rover/workspaces/rover-real/src/install/zed2i_launch:/home/rover/workspaces/rover-real/src/install/loc_fusion:${CMAKE_PREFIX_PATH} PKG_CONFIG_PATH=/home/rover/workspaces/rover-real/src/install/loc_fusion/lib/aarch64-linux-gnu/pkgconfig:/home/rover/workspaces/rover-real/src/install/loc_fusion/lib/pkgconfig:${PKG_CONFIG_PATH} ROS_PACKAGE_PATH=/home/rover/workspaces/rover-real/src/install/loc_fusion/share:${ROS_PACKAGE_PATH} /usr/bin/cmake --install /home/rover/workspaces/rover-real/src/build/slam_launch
