Built target ament_cmake_python_copy_arm_template
running egg_info
writing arm_template.egg-info/PKG-INFO
writing dependency_links to arm_template.egg-info/dependency_links.txt
writing top-level names to arm_template.egg-info/top_level.txt
reading manifest file 'arm_template.egg-info/SOURCES.txt'
writing manifest file 'arm_template.egg-info/SOURCES.txt'
Built target ament_cmake_python_build_arm_template_egg
-- Install configuration: ""
-- Up-to-date: /home/rover/workspaces/rover-real/src/install/arm_template/share/arm_template//config
-- Up-to-date: /home/rover/workspaces/rover-real/src/install/arm_template/share/arm_template//config/arm_params.yaml
-- Up-to-date: /home/rover/workspaces/rover-real/src/install/arm_template/share/arm_template//urdf
-- Up-to-date: /home/rover/workspaces/rover-real/src/install/arm_template/share/arm_template//urdf/gripper_template.urdf.xacro
-- Up-to-date: /home/rover/workspaces/rover-real/src/install/arm_template/share/arm_template//urdf/arm_template.urdf.xacro
-- Up-to-date: /home/rover/workspaces/rover-real/src/install/arm_template/share/arm_template//urdf/tools
-- Up-to-date: /home/rover/workspaces/rover-real/src/install/arm_template/share/arm_template//urdf/tools/wrench.urdf.xacro
-- Up-to-date: /home/rover/workspaces/rover-real/src/install/arm_template/share/arm_template//urdf/tools/probe.urdf.xacro
-- Up-to-date: /home/rover/workspaces/rover-real/src/install/arm_template/share/arm_template//urdf/tools/scoop.urdf.xacro
-- Up-to-date: /home/rover/workspaces/rover-real/src/install/arm_template/share/arm_template//launch
-- Up-to-date: /home/rover/workspaces/rover-real/src/install/arm_template/share/arm_template//launch/demo.launch.py
-- Up-to-date: /home/rover/workspaces/rover-real/src/install/arm_template/share/arm_template//launch/generate_configs.launch.py
-- Up-to-date: /home/rover/workspaces/rover-real/src/install/arm_template/share/arm_template//rviz
-- Up-to-date: /home/rover/workspaces/rover-real/src/install/arm_template/share/arm_template//rviz/arm_template.rviz
-- Up-to-date: /home/rover/workspaces/rover-real/src/install/arm_template/share/arm_template/environment/pythonpath.sh
-- Up-to-date: /home/rover/workspaces/rover-real/src/install/arm_template/share/arm_template/environment/pythonpath.dsv
-- Up-to-date: /home/rover/workspaces/rover-real/src/install/arm_template/local/lib/python3.10/dist-packages/arm_template-1.0.0-py3.10.egg-info
-- Installing: /home/rover/workspaces/rover-real/src/install/arm_template/local/lib/python3.10/dist-packages/arm_template-1.0.0-py3.10.egg-info/top_level.txt
-- Installing: /home/rover/workspaces/rover-real/src/install/arm_template/local/lib/python3.10/dist-packages/arm_template-1.0.0-py3.10.egg-info/SOURCES.txt
-- Installing: /home/rover/workspaces/rover-real/src/install/arm_template/local/lib/python3.10/dist-packages/arm_template-1.0.0-py3.10.egg-info/PKG-INFO
-- Installing: /home/rover/workspaces/rover-real/src/install/arm_template/local/lib/python3.10/dist-packages/arm_template-1.0.0-py3.10.egg-info/dependency_links.txt
-- Up-to-date: /home/rover/workspaces/rover-real/src/install/arm_template/local/lib/python3.10/dist-packages/arm_template
-- Up-to-date: /home/rover/workspaces/rover-real/src/install/arm_template/local/lib/python3.10/dist-packages/arm_template/__init__.py
Listing '/home/rover/workspaces/rover-real/src/install/arm_template/local/lib/python3.10/dist-packages/arm_template'...
-- Up-to-date: /home/rover/workspaces/rover-real/src/install/arm_template/lib/arm_template/generate_srdf.py
-- Up-to-date: /home/rover/workspaces/rover-real/src/install/arm_template/lib/arm_template/generate_moveit_config.py
-- Up-to-date: /home/rover/workspaces/rover-real/src/install/arm_template/lib/arm_template/setup_assistant_wrapper.py
-- Up-to-date: /home/rover/workspaces/rover-real/src/install/arm_template/lib/arm_template/validate_params.py
-- Up-to-date: /home/rover/workspaces/rover-real/src/install/arm_template/share/ament_index/resource_index/package_run_dependencies/arm_template
-- Up-to-date: /home/rover/workspaces/rover-real/src/install/arm_template/share/ament_index/resource_index/parent_prefix_path/arm_template
-- Up-to-date: /home/rover/workspaces/rover-real/src/install/arm_template/share/arm_template/environment/ament_prefix_path.sh
-- Up-to-date: /home/rover/workspaces/rover-real/src/install/arm_template/share/arm_template/environment/ament_prefix_path.dsv
-- Up-to-date: /home/rover/workspaces/rover-real/src/install/arm_template/share/arm_template/environment/path.sh
-- Up-to-date: /home/rover/workspaces/rover-real/src/install/arm_template/share/arm_template/environment/path.dsv
-- Up-to-date: /home/rover/workspaces/rover-real/src/install/arm_template/share/arm_template/local_setup.bash
-- Up-to-date: /home/rover/workspaces/rover-real/src/install/arm_template/share/arm_template/local_setup.sh
-- Up-to-date: /home/rover/workspaces/rover-real/src/install/arm_template/share/arm_template/local_setup.zsh
-- Up-to-date: /home/rover/workspaces/rover-real/src/install/arm_template/share/arm_template/local_setup.dsv
-- Installing: /home/rover/workspaces/rover-real/src/install/arm_template/share/arm_template/package.dsv
-- Up-to-date: /home/rover/workspaces/rover-real/src/install/arm_template/share/ament_index/resource_index/packages/arm_template
-- Up-to-date: /home/rover/workspaces/rover-real/src/install/arm_template/share/arm_template/cmake/arm_templateConfig.cmake
-- Up-to-date: /home/rover/workspaces/rover-real/src/install/arm_template/share/arm_template/cmake/arm_templateConfig-version.cmake
-- Up-to-date: /home/rover/workspaces/rover-real/src/install/arm_template/share/arm_template/package.xml
