[0.192s] Invoking command in '/home/rover/workspaces/rover-real/src/build/arm_template': CMAKE_PREFIX_PATH=/opt/ros/humble:${CMAKE_PREFIX_PATH} /usr/bin/cmake --build /home/rover/workspaces/rover-real/src/build/arm_template -- -j6 -l6
[0.720s] Built target ament_cmake_python_copy_arm_template
[3.082s] running egg_info
[3.120s] writing arm_template.egg-info/PKG-INFO
[3.121s] writing dependency_links to arm_template.egg-info/dependency_links.txt
[3.122s] writing top-level names to arm_template.egg-info/top_level.txt
[3.132s] reading manifest file 'arm_template.egg-info/SOURCES.txt'
[3.146s] writing manifest file 'arm_template.egg-info/SOURCES.txt'
[3.505s] Built target ament_cmake_python_build_arm_template_egg
[4.343s] Invoked command in '/home/rover/workspaces/rover-real/src/build/arm_template' returned '0': CMAKE_PREFIX_PATH=/opt/ros/humble:${CMAKE_PREFIX_PATH} /usr/bin/cmake --build /home/rover/workspaces/rover-real/src/build/arm_template -- -j6 -l6
[4.347s] Invoking command in '/home/rover/workspaces/rover-real/src/build/arm_template': CMAKE_PREFIX_PATH=/opt/ros/humble:${CMAKE_PREFIX_PATH} /usr/bin/cmake --install /home/rover/workspaces/rover-real/src/build/arm_template
[4.468s] -- Install configuration: ""
[4.468s] -- Up-to-date: /home/rover/workspaces/rover-real/src/install/arm_template/share/arm_template//config
[4.469s] -- Up-to-date: /home/rover/workspaces/rover-real/src/install/arm_template/share/arm_template//config/arm_params.yaml
[4.469s] -- Up-to-date: /home/rover/workspaces/rover-real/src/install/arm_template/share/arm_template//urdf
[4.469s] -- Up-to-date: /home/rover/workspaces/rover-real/src/install/arm_template/share/arm_template//urdf/gripper_template.urdf.xacro
[4.469s] -- Up-to-date: /home/rover/workspaces/rover-real/src/install/arm_template/share/arm_template//urdf/arm_template.urdf.xacro
[4.469s] -- Up-to-date: /home/rover/workspaces/rover-real/src/install/arm_template/share/arm_template//urdf/tools
[4.469s] -- Up-to-date: /home/rover/workspaces/rover-real/src/install/arm_template/share/arm_template//urdf/tools/wrench.urdf.xacro
[4.470s] -- Up-to-date: /home/rover/workspaces/rover-real/src/install/arm_template/share/arm_template//urdf/tools/probe.urdf.xacro
[4.470s] -- Up-to-date: /home/rover/workspaces/rover-real/src/install/arm_template/share/arm_template//urdf/tools/scoop.urdf.xacro
[4.470s] -- Up-to-date: /home/rover/workspaces/rover-real/src/install/arm_template/share/arm_template//launch
[4.470s] -- Up-to-date: /home/rover/workspaces/rover-real/src/install/arm_template/share/arm_template//launch/demo.launch.py
[4.470s] -- Up-to-date: /home/rover/workspaces/rover-real/src/install/arm_template/share/arm_template//launch/generate_configs.launch.py
[4.470s] -- Up-to-date: /home/rover/workspaces/rover-real/src/install/arm_template/share/arm_template//rviz
[4.471s] -- Up-to-date: /home/rover/workspaces/rover-real/src/install/arm_template/share/arm_template//rviz/arm_template.rviz
[4.471s] -- Up-to-date: /home/rover/workspaces/rover-real/src/install/arm_template/share/arm_template/environment/pythonpath.sh
[4.471s] -- Up-to-date: /home/rover/workspaces/rover-real/src/install/arm_template/share/arm_template/environment/pythonpath.dsv
[4.471s] -- Up-to-date: /home/rover/workspaces/rover-real/src/install/arm_template/local/lib/python3.10/dist-packages/arm_template-1.0.0-py3.10.egg-info
[4.471s] -- Installing: /home/rover/workspaces/rover-real/src/install/arm_template/local/lib/python3.10/dist-packages/arm_template-1.0.0-py3.10.egg-info/top_level.txt
[4.471s] -- Installing: /home/rover/workspaces/rover-real/src/install/arm_template/local/lib/python3.10/dist-packages/arm_template-1.0.0-py3.10.egg-info/SOURCES.txt
[4.471s] -- Installing: /home/rover/workspaces/rover-real/src/install/arm_template/local/lib/python3.10/dist-packages/arm_template-1.0.0-py3.10.egg-info/PKG-INFO
[4.472s] -- Installing: /home/rover/workspaces/rover-real/src/install/arm_template/local/lib/python3.10/dist-packages/arm_template-1.0.0-py3.10.egg-info/dependency_links.txt
[4.472s] -- Up-to-date: /home/rover/workspaces/rover-real/src/install/arm_template/local/lib/python3.10/dist-packages/arm_template
[4.472s] -- Up-to-date: /home/rover/workspaces/rover-real/src/install/arm_template/local/lib/python3.10/dist-packages/arm_template/__init__.py
[4.728s] Listing '/home/rover/workspaces/rover-real/src/install/arm_template/local/lib/python3.10/dist-packages/arm_template'...
[4.817s] -- Up-to-date: /home/rover/workspaces/rover-real/src/install/arm_template/lib/arm_template/generate_srdf.py
[4.819s] -- Up-to-date: /home/rover/workspaces/rover-real/src/install/arm_template/lib/arm_template/generate_moveit_config.py
[4.819s] -- Up-to-date: /home/rover/workspaces/rover-real/src/install/arm_template/lib/arm_template/setup_assistant_wrapper.py
[4.820s] -- Up-to-date: /home/rover/workspaces/rover-real/src/install/arm_template/lib/arm_template/validate_params.py
[4.820s] -- Up-to-date: /home/rover/workspaces/rover-real/src/install/arm_template/share/ament_index/resource_index/package_run_dependencies/arm_template
[4.820s] -- Up-to-date: /home/rover/workspaces/rover-real/src/install/arm_template/share/ament_index/resource_index/parent_prefix_path/arm_template
[4.820s] -- Up-to-date: /home/rover/workspaces/rover-real/src/install/arm_template/share/arm_template/environment/ament_prefix_path.sh
[4.821s] -- Up-to-date: /home/rover/workspaces/rover-real/src/install/arm_template/share/arm_template/environment/ament_prefix_path.dsv
[4.821s] -- Up-to-date: /home/rover/workspaces/rover-real/src/install/arm_template/share/arm_template/environment/path.sh
[4.821s] -- Up-to-date: /home/rover/workspaces/rover-real/src/install/arm_template/share/arm_template/environment/path.dsv
[4.821s] -- Up-to-date: /home/rover/workspaces/rover-real/src/install/arm_template/share/arm_template/local_setup.bash
[4.821s] -- Up-to-date: /home/rover/workspaces/rover-real/src/install/arm_template/share/arm_template/local_setup.sh
[4.821s] -- Up-to-date: /home/rover/workspaces/rover-real/src/install/arm_template/share/arm_template/local_setup.zsh
[4.821s] -- Up-to-date: /home/rover/workspaces/rover-real/src/install/arm_template/share/arm_template/local_setup.dsv
[4.821s] -- Installing: /home/rover/workspaces/rover-real/src/install/arm_template/share/arm_template/package.dsv
[4.822s] -- Up-to-date: /home/rover/workspaces/rover-real/src/install/arm_template/share/ament_index/resource_index/packages/arm_template
[4.825s] -- Up-to-date: /home/rover/workspaces/rover-real/src/install/arm_template/share/arm_template/cmake/arm_templateConfig.cmake
[4.826s] -- Up-to-date: /home/rover/workspaces/rover-real/src/install/arm_template/share/arm_template/cmake/arm_templateConfig-version.cmake
[4.826s] -- Up-to-date: /home/rover/workspaces/rover-real/src/install/arm_template/share/arm_template/package.xml
[4.879s] Invoked command in '/home/rover/workspaces/rover-real/src/build/arm_template' returned '0': CMAKE_PREFIX_PATH=/opt/ros/humble:${CMAKE_PREFIX_PATH} /usr/bin/cmake --install /home/rover/workspaces/rover-real/src/build/arm_template
