[2.914s] Invoking command in '/home/rover/workspaces/rover-real/src/common/urc_interfaces': PYTHONPATH=/home/rover/workspaces/rover-real/src/build/urc_interfaces/prefix_override:/usr/lib/python3/dist-packages/colcon_core/task/python/colcon_distutils_commands:/home/rover/workspaces/rover-real/src/install/urc_interfaces/lib/python3.10/site-packages:${PYTHONPATH} /usr/bin/python3 -W ignore:setup.py install is deprecated -W ignore:easy_install command is deprecated setup.py egg_info --egg-base ../../build/urc_interfaces build --build-base /home/rover/workspaces/rover-real/src/build/urc_interfaces/build install --record /home/rover/workspaces/rover-real/src/build/urc_interfaces/install.log --single-version-externally-managed install_data
[4.134s] running egg_info
[4.135s] creating ../../build/urc_interfaces/urc_interfaces.egg-info
[4.135s] writing ../../build/urc_interfaces/urc_interfaces.egg-info/PKG-INFO
[4.135s] writing dependency_links to ../../build/urc_interfaces/urc_interfaces.egg-info/dependency_links.txt
[4.135s] writing entry points to ../../build/urc_interfaces/urc_interfaces.egg-info/entry_points.txt
[4.135s] writing requirements to ../../build/urc_interfaces/urc_interfaces.egg-info/requires.txt
[4.135s] writing top-level names to ../../build/urc_interfaces/urc_interfaces.egg-info/top_level.txt
[4.135s] writing manifest file '../../build/urc_interfaces/urc_interfaces.egg-info/SOURCES.txt'
[4.136s] reading manifest file '../../build/urc_interfaces/urc_interfaces.egg-info/SOURCES.txt'
[4.136s] writing manifest file '../../build/urc_interfaces/urc_interfaces.egg-info/SOURCES.txt'
[4.136s] running build
[4.136s] running build_py
[4.136s] creating /home/rover/workspaces/rover-real/src/build/urc_interfaces/build
[4.136s] creating /home/rover/workspaces/rover-real/src/build/urc_interfaces/build/lib
[4.136s] creating /home/rover/workspaces/rover-real/src/build/urc_interfaces/build/lib/urc_interfaces
[4.136s] copying urc_interfaces/frames.py -> /home/rover/workspaces/rover-real/src/build/urc_interfaces/build/lib/urc_interfaces
[4.137s] copying urc_interfaces/topic_names.py -> /home/rover/workspaces/rover-real/src/build/urc_interfaces/build/lib/urc_interfaces
[4.137s] copying urc_interfaces/__init__.py -> /home/rover/workspaces/rover-real/src/build/urc_interfaces/build/lib/urc_interfaces
[4.137s] running install
[4.137s] running install_lib
[4.137s] creating /home/rover/workspaces/rover-real/src/install/urc_interfaces/lib/python3.10/site-packages/urc_interfaces
[4.137s] copying /home/rover/workspaces/rover-real/src/build/urc_interfaces/build/lib/urc_interfaces/frames.py -> /home/rover/workspaces/rover-real/src/install/urc_interfaces/lib/python3.10/site-packages/urc_interfaces
[4.137s] copying /home/rover/workspaces/rover-real/src/build/urc_interfaces/build/lib/urc_interfaces/topic_names.py -> /home/rover/workspaces/rover-real/src/install/urc_interfaces/lib/python3.10/site-packages/urc_interfaces
[4.138s] copying /home/rover/workspaces/rover-real/src/build/urc_interfaces/build/lib/urc_interfaces/__init__.py -> /home/rover/workspaces/rover-real/src/install/urc_interfaces/lib/python3.10/site-packages/urc_interfaces
[4.138s] byte-compiling /home/rover/workspaces/rover-real/src/install/urc_interfaces/lib/python3.10/site-packages/urc_interfaces/frames.py to frames.cpython-310.pyc
[4.138s] byte-compiling /home/rover/workspaces/rover-real/src/install/urc_interfaces/lib/python3.10/site-packages/urc_interfaces/topic_names.py to topic_names.cpython-310.pyc
[4.138s] byte-compiling /home/rover/workspaces/rover-real/src/install/urc_interfaces/lib/python3.10/site-packages/urc_interfaces/__init__.py to __init__.cpython-310.pyc
[4.138s] running install_data
[4.138s] creating /home/rover/workspaces/rover-real/src/install/urc_interfaces/share/ament_index
[4.138s] creating /home/rover/workspaces/rover-real/src/install/urc_interfaces/share/ament_index/resource_index
[4.138s] creating /home/rover/workspaces/rover-real/src/install/urc_interfaces/share/ament_index/resource_index/packages
[4.139s] copying resource/urc_interfaces -> /home/rover/workspaces/rover-real/src/install/urc_interfaces/share/ament_index/resource_index/packages
[4.139s] copying package.xml -> /home/rover/workspaces/rover-real/src/install/urc_interfaces/share/urc_interfaces
[4.139s] creating /home/rover/workspaces/rover-real/src/install/urc_interfaces/share/urc_interfaces/launch
[4.139s] copying launch/static_tf.launch.py -> /home/rover/workspaces/rover-real/src/install/urc_interfaces/share/urc_interfaces/launch
[4.139s] running install_egg_info
[4.139s] Copying ../../build/urc_interfaces/urc_interfaces.egg-info to /home/rover/workspaces/rover-real/src/install/urc_interfaces/lib/python3.10/site-packages/urc_interfaces-0.0.0-py3.10.egg-info
[4.139s] running install_scripts
[4.139s] writing list of installed files to '/home/rover/workspaces/rover-real/src/build/urc_interfaces/install.log'
[4.206s] Invoked command in '/home/rover/workspaces/rover-real/src/common/urc_interfaces' returned '0': PYTHONPATH=/home/rover/workspaces/rover-real/src/build/urc_interfaces/prefix_override:/usr/lib/python3/dist-packages/colcon_core/task/python/colcon_distutils_commands:/home/rover/workspaces/rover-real/src/install/urc_interfaces/lib/python3.10/site-packages:${PYTHONPATH} /usr/bin/python3 -W ignore:setup.py install is deprecated -W ignore:easy_install command is deprecated setup.py egg_info --egg-base ../../build/urc_interfaces build --build-base /home/rover/workspaces/rover-real/src/build/urc_interfaces/build install --record /home/rover/workspaces/rover-real/src/build/urc_interfaces/install.log --single-version-externally-managed install_data
