[0.056s] Invoking command in '/home/rover/workspaces/rover-real/src/build/gap_guidance': AMENT_PREFIX_PATH=/home/rover/workspaces/rover-real/src/install/urc_msgs:${AMENT_PREFIX_PATH} CMAKE_PREFIX_PATH=/home/rover/workspaces/rover-real/src/install/urc_msgs:${CMAKE_PREFIX_PATH} LD_LIBRARY_PATH=/home/rover/workspaces/rover-real/src/install/urc_msgs/lib:${LD_LIBRARY_PATH} PYTHONPATH=/home/rover/workspaces/rover-real/src/install/urc_msgs/local/lib/python3.10/dist-packages:${PYTHONPATH} /usr/bin/cmake /home/rover/workspaces/rover-real/src/navigation/local_nav/gap-guidance -DCATKIN_INSTALL_INTO_PREFIX_ROOT=0 -DCMAKE_INSTALL_PREFIX=/home/rover/workspaces/rover-real/src/install/gap_guidance
[0.376s] -- The C compiler identification is GNU 11.4.0
[0.806s] -- The CXX compiler identification is GNU 11.4.0
[0.829s] -- Detecting C compiler ABI info
[1.099s] -- Detecting C compiler ABI info - done
[1.116s] -- Check for working C compiler: /usr/bin/cc - skipped
[1.117s] -- Detecting C compile features
[1.117s] -- Detecting C compile features - done
[1.131s] -- Detecting CXX compiler ABI info
[1.484s] -- Detecting CXX compiler ABI info - done
[1.518s] -- Check for working CXX compiler: /usr/bin/c++ - skipped
[1.519s] -- Detecting CXX compile features
[1.520s] -- Detecting CXX compile features - done
[1.535s] -- Found ament_cmake: 1.3.12 (/opt/ros/humble/share/ament_cmake/cmake)
[2.243s] -- Found Python3: /usr/bin/python3 (found version "3.10.12") found components: Interpreter 
[2.582s] -- Found rclcpp: 16.0.14 (/opt/ros/humble/share/rclcpp/cmake)
[2.699s] -- Found rosidl_generator_c: 3.1.7 (/opt/ros/humble/share/rosidl_generator_c/cmake)
[2.714s] -- Found rosidl_adapter: 3.1.7 (/opt/ros/humble/share/rosidl_adapter/cmake)
[2.747s] -- Found rosidl_generator_cpp: 3.1.7 (/opt/ros/humble/share/rosidl_generator_cpp/cmake)
[2.768s] -- Using all available rosidl_typesupport_c: rosidl_typesupport_fastrtps_c;rosidl_typesupport_introspection_c
[2.872s] -- Using all available rosidl_typesupport_cpp: rosidl_typesupport_fastrtps_cpp;rosidl_typesupport_introspection_cpp
[3.016s] -- Found rmw_implementation_cmake: 6.1.2 (/opt/ros/humble/share/rmw_implementation_cmake/cmake)
[3.027s] -- Found rmw_cyclonedds_cpp: 1.3.4 (/opt/ros/humble/share/rmw_cyclonedds_cpp/cmake)
[3.107s] -- Using RMW implementation 'rmw_cyclonedds_cpp' as default
[3.141s] -- Looking for pthread.h
[3.415s] -- Looking for pthread.h - found
[3.420s] -- Performing Test CMAKE_HAVE_LIBC_PTHREAD
[3.879s] -- Performing Test CMAKE_HAVE_LIBC_PTHREAD - Success
[3.885s] -- Found Threads: TRUE  
[4.033s] -- Found geometry_msgs: 4.9.0 (/opt/ros/humble/share/geometry_msgs/cmake)
[4.075s] -- Found sensor_msgs: 4.9.0 (/opt/ros/humble/share/sensor_msgs/cmake)
[4.111s] -- Found nav_msgs: 4.9.0 (/opt/ros/humble/share/nav_msgs/cmake)
[4.152s] -- Found ament_lint_auto: 0.12.14 (/opt/ros/humble/share/ament_lint_auto/cmake)
[4.424s] -- Configuring done
[4.439s] -- Generating done
[4.442s] [33mCMake Warning:
[4.442s]   Manually-specified variables were not used by the project:
[4.443s] 
[4.443s]     CATKIN_INSTALL_INTO_PREFIX_ROOT
[4.443s] 
[4.443s] [0m
[4.446s] -- Build files have been written to: /home/rover/workspaces/rover-real/src/build/gap_guidance
[4.610s] Invoked command in '/home/rover/workspaces/rover-real/src/build/gap_guidance' returned '0': AMENT_PREFIX_PATH=/home/rover/workspaces/rover-real/src/install/urc_msgs:${AMENT_PREFIX_PATH} CMAKE_PREFIX_PATH=/home/rover/workspaces/rover-real/src/install/urc_msgs:${CMAKE_PREFIX_PATH} LD_LIBRARY_PATH=/home/rover/workspaces/rover-real/src/install/urc_msgs/lib:${LD_LIBRARY_PATH} PYTHONPATH=/home/rover/workspaces/rover-real/src/install/urc_msgs/local/lib/python3.10/dist-packages:${PYTHONPATH} /usr/bin/cmake /home/rover/workspaces/rover-real/src/navigation/local_nav/gap-guidance -DCATKIN_INSTALL_INTO_PREFIX_ROOT=0 -DCMAKE_INSTALL_PREFIX=/home/rover/workspaces/rover-real/src/install/gap_guidance
[4.614s] Invoking command in '/home/rover/workspaces/rover-real/src/build/gap_guidance': AMENT_PREFIX_PATH=/home/rover/workspaces/rover-real/src/install/urc_msgs:${AMENT_PREFIX_PATH} CMAKE_PREFIX_PATH=/home/rover/workspaces/rover-real/src/install/urc_msgs:${CMAKE_PREFIX_PATH} LD_LIBRARY_PATH=/home/rover/workspaces/rover-real/src/install/urc_msgs/lib:${LD_LIBRARY_PATH} PYTHONPATH=/home/rover/workspaces/rover-real/src/install/urc_msgs/local/lib/python3.10/dist-packages:${PYTHONPATH} /usr/bin/cmake --build /home/rover/workspaces/rover-real/src/build/gap_guidance -- -j6 -l6
[4.855s] Invoked command in '/home/rover/workspaces/rover-real/src/build/gap_guidance' returned '0': AMENT_PREFIX_PATH=/home/rover/workspaces/rover-real/src/install/urc_msgs:${AMENT_PREFIX_PATH} CMAKE_PREFIX_PATH=/home/rover/workspaces/rover-real/src/install/urc_msgs:${CMAKE_PREFIX_PATH} LD_LIBRARY_PATH=/home/rover/workspaces/rover-real/src/install/urc_msgs/lib:${LD_LIBRARY_PATH} PYTHONPATH=/home/rover/workspaces/rover-real/src/install/urc_msgs/local/lib/python3.10/dist-packages:${PYTHONPATH} /usr/bin/cmake --build /home/rover/workspaces/rover-real/src/build/gap_guidance -- -j6 -l6
[4.861s] Invoking command in '/home/rover/workspaces/rover-real/src/build/gap_guidance': AMENT_PREFIX_PATH=/home/rover/workspaces/rover-real/src/install/urc_msgs:${AMENT_PREFIX_PATH} CMAKE_PREFIX_PATH=/home/rover/workspaces/rover-real/src/install/urc_msgs:${CMAKE_PREFIX_PATH} LD_LIBRARY_PATH=/home/rover/workspaces/rover-real/src/install/urc_msgs/lib:${LD_LIBRARY_PATH} PYTHONPATH=/home/rover/workspaces/rover-real/src/install/urc_msgs/local/lib/python3.10/dist-packages:${PYTHONPATH} /usr/bin/cmake --install /home/rover/workspaces/rover-real/src/build/gap_guidance
[4.892s] -- Install configuration: ""
[4.895s] -- Installing: /home/rover/workspaces/rover-real/src/install/gap_guidance/share/ament_index/resource_index/package_run_dependencies/gap_guidance
[4.900s] -- Installing: /home/rover/workspaces/rover-real/src/install/gap_guidance/share/ament_index/resource_index/parent_prefix_path/gap_guidance
[4.904s] -- Installing: /home/rover/workspaces/rover-real/src/install/gap_guidance/share/gap_guidance/environment/ament_prefix_path.sh
[4.909s] -- Installing: /home/rover/workspaces/rover-real/src/install/gap_guidance/share/gap_guidance/environment/ament_prefix_path.dsv
[4.912s] -- Installing: /home/rover/workspaces/rover-real/src/install/gap_guidance/share/gap_guidance/environment/path.sh
[4.919s] -- Installing: /home/rover/workspaces/rover-real/src/install/gap_guidance/share/gap_guidance/environment/path.dsv
[4.923s] -- Installing: /home/rover/workspaces/rover-real/src/install/gap_guidance/share/gap_guidance/local_setup.bash
[4.927s] -- Installing: /home/rover/workspaces/rover-real/src/install/gap_guidance/share/gap_guidance/local_setup.sh
[4.932s] -- Installing: /home/rover/workspaces/rover-real/src/install/gap_guidance/share/gap_guidance/local_setup.zsh
[4.936s] -- Installing: /home/rover/workspaces/rover-real/src/install/gap_guidance/share/gap_guidance/local_setup.dsv
[4.939s] -- Installing: /home/rover/workspaces/rover-real/src/install/gap_guidance/share/gap_guidance/package.dsv
[4.942s] -- Installing: /home/rover/workspaces/rover-real/src/install/gap_guidance/share/ament_index/resource_index/packages/gap_guidance
[4.945s] -- Installing: /home/rover/workspaces/rover-real/src/install/gap_guidance/share/gap_guidance/cmake/gap_guidanceConfig.cmake
[4.949s] -- Installing: /home/rover/workspaces/rover-real/src/install/gap_guidance/share/gap_guidance/cmake/gap_guidanceConfig-version.cmake
[4.952s] -- Installing: /home/rover/workspaces/rover-real/src/install/gap_guidance/share/gap_guidance/package.xml
[4.964s] Invoked command in '/home/rover/workspaces/rover-real/src/build/gap_guidance' returned '0': AMENT_PREFIX_PATH=/home/rover/workspaces/rover-real/src/install/urc_msgs:${AMENT_PREFIX_PATH} CMAKE_PREFIX_PATH=/home/rover/workspaces/rover-real/src/install/urc_msgs:${CMAKE_PREFIX_PATH} LD_LIBRARY_PATH=/home/rover/workspaces/rover-real/src/install/urc_msgs/lib:${LD_LIBRARY_PATH} PYTHONPATH=/home/rover/workspaces/rover-real/src/install/urc_msgs/local/lib/python3.10/dist-packages:${PYTHONPATH} /usr/bin/cmake --install /home/rover/workspaces/rover-real/src/build/gap_guidance
