-- Install configuration: ""
-- Up-to-date: /home/rover/workspaces/rover-real/src/install/nav2_launch/share/nav2_launch/launch
-- Up-to-date: /home/rover/workspaces/rover-real/src/install/nav2_launch/share/nav2_launch/launch/nav2_bringup.launch.py
-- Up-to-date: /home/rover/workspaces/rover-real/src/install/nav2_launch/share/nav2_launch/launch/__init__.py
-- Up-to-date: /home/rover/workspaces/rover-real/src/install/nav2_launch/share/nav2_launch/config
-- Up-to-date: /home/rover/workspaces/rover-real/src/install/nav2_launch/share/nav2_launch/config/planner_params.yaml
-- Up-to-date: /home/rover/workspaces/rover-real/src/install/nav2_launch/share/nav2_launch/config/costmap_local.yaml
-- Up-to-date: /home/rover/workspaces/rover-real/src/install/nav2_launch/share/nav2_launch/config/controller_params.yaml
-- Up-to-date: /home/rover/workspaces/rover-real/src/install/nav2_launch/share/nav2_launch/config/nav2_params.yaml
-- Up-to-date: /home/rover/workspaces/rover-real/src/install/nav2_launch/share/nav2_launch/config/costmap_global.yaml
-- Up-to-date: /home/rover/workspaces/rover-real/src/install/nav2_launch/share/nav2_launch/config/bt_navigator_params.yaml
-- Up-to-date: /home/rover/workspaces/rover-real/src/install/nav2_launch/share/ament_index/resource_index/package_run_dependencies/nav2_launch
-- Up-to-date: /home/rover/workspaces/rover-real/src/install/nav2_launch/share/ament_index/resource_index/parent_prefix_path/nav2_launch
-- Up-to-date: /home/rover/workspaces/rover-real/src/install/nav2_launch/share/nav2_launch/environment/ament_prefix_path.sh
-- Up-to-date: /home/rover/workspaces/rover-real/src/install/nav2_launch/share/nav2_launch/environment/ament_prefix_path.dsv
-- Up-to-date: /home/rover/workspaces/rover-real/src/install/nav2_launch/share/nav2_launch/environment/path.sh
-- Up-to-date: /home/rover/workspaces/rover-real/src/install/nav2_launch/share/nav2_launch/environment/path.dsv
-- Up-to-date: /home/rover/workspaces/rover-real/src/install/nav2_launch/share/nav2_launch/local_setup.bash
-- Up-to-date: /home/rover/workspaces/rover-real/src/install/nav2_launch/share/nav2_launch/local_setup.sh
-- Up-to-date: /home/rover/workspaces/rover-real/src/install/nav2_launch/share/nav2_launch/local_setup.zsh
-- Up-to-date: /home/rover/workspaces/rover-real/src/install/nav2_launch/share/nav2_launch/local_setup.dsv
-- Up-to-date: /home/rover/workspaces/rover-real/src/install/nav2_launch/share/nav2_launch/package.dsv
-- Up-to-date: /home/rover/workspaces/rover-real/src/install/nav2_launch/share/ament_index/resource_index/packages/nav2_launch
-- Up-to-date: /home/rover/workspaces/rover-real/src/install/nav2_launch/share/nav2_launch/cmake/nav2_launchConfig.cmake
-- Up-to-date: /home/rover/workspaces/rover-real/src/install/nav2_launch/share/nav2_launch/cmake/nav2_launchConfig-version.cmake
-- Up-to-date: /home/rover/workspaces/rover-real/src/install/nav2_launch/share/nav2_launch/package.xml
