[0.289s] Invoking command in '/home/rover/workspaces/rover-real/src/build/nav2_launch': /usr/bin/cmake --build /home/rover/workspaces/rover-real/src/build/nav2_launch -- -j6 -l6
[0.611s] Invoked command in '/home/rover/workspaces/rover-real/src/build/nav2_launch' returned '0': /usr/bin/cmake --build /home/rover/workspaces/rover-real/src/build/nav2_launch -- -j6 -l6
[0.613s] Invoking command in '/home/rover/workspaces/rover-real/src/build/nav2_launch': /usr/bin/cmake --install /home/rover/workspaces/rover-real/src/build/nav2_launch
[0.673s] -- Install configuration: ""
[0.674s] -- Up-to-date: /home/rover/workspaces/rover-real/src/install/nav2_launch/share/nav2_launch/launch
[0.674s] -- Up-to-date: /home/rover/workspaces/rover-real/src/install/nav2_launch/share/nav2_launch/launch/nav2_bringup.launch.py
[0.674s] -- Up-to-date: /home/rover/workspaces/rover-real/src/install/nav2_launch/share/nav2_launch/launch/__init__.py
[0.674s] -- Up-to-date: /home/rover/workspaces/rover-real/src/install/nav2_launch/share/nav2_launch/config
[0.674s] -- Up-to-date: /home/rover/workspaces/rover-real/src/install/nav2_launch/share/nav2_launch/config/planner_params.yaml
[0.674s] -- Up-to-date: /home/rover/workspaces/rover-real/src/install/nav2_launch/share/nav2_launch/config/costmap_local.yaml
[0.675s] -- Up-to-date: /home/rover/workspaces/rover-real/src/install/nav2_launch/share/nav2_launch/config/controller_params.yaml
[0.675s] -- Up-to-date: /home/rover/workspaces/rover-real/src/install/nav2_launch/share/nav2_launch/config/nav2_params.yaml
[0.675s] -- Up-to-date: /home/rover/workspaces/rover-real/src/install/nav2_launch/share/nav2_launch/config/costmap_global.yaml
[0.675s] -- Up-to-date: /home/rover/workspaces/rover-real/src/install/nav2_launch/share/nav2_launch/config/bt_navigator_params.yaml
[0.675s] -- Up-to-date: /home/rover/workspaces/rover-real/src/install/nav2_launch/share/ament_index/resource_index/package_run_dependencies/nav2_launch
[0.675s] -- Up-to-date: /home/rover/workspaces/rover-real/src/install/nav2_launch/share/ament_index/resource_index/parent_prefix_path/nav2_launch
[0.675s] -- Up-to-date: /home/rover/workspaces/rover-real/src/install/nav2_launch/share/nav2_launch/environment/ament_prefix_path.sh
[0.676s] -- Up-to-date: /home/rover/workspaces/rover-real/src/install/nav2_launch/share/nav2_launch/environment/ament_prefix_path.dsv
[0.676s] -- Up-to-date: /home/rover/workspaces/rover-real/src/install/nav2_launch/share/nav2_launch/environment/path.sh
[0.676s] -- Up-to-date: /home/rover/workspaces/rover-real/src/install/nav2_launch/share/nav2_launch/environment/path.dsv
[0.676s] -- Up-to-date: /home/rover/workspaces/rover-real/src/install/nav2_launch/share/nav2_launch/local_setup.bash
[0.676s] -- Up-to-date: /home/rover/workspaces/rover-real/src/install/nav2_launch/share/nav2_launch/local_setup.sh
[0.681s] -- Up-to-date: /home/rover/workspaces/rover-real/src/install/nav2_launch/share/nav2_launch/local_setup.zsh
[0.682s] -- Up-to-date: /home/rover/workspaces/rover-real/src/install/nav2_launch/share/nav2_launch/local_setup.dsv
[0.682s] -- Up-to-date: /home/rover/workspaces/rover-real/src/install/nav2_launch/share/nav2_launch/package.dsv
[0.683s] -- Up-to-date: /home/rover/workspaces/rover-real/src/install/nav2_launch/share/ament_index/resource_index/packages/nav2_launch
[0.684s] -- Up-to-date: /home/rover/workspaces/rover-real/src/install/nav2_launch/share/nav2_launch/cmake/nav2_launchConfig.cmake
[0.684s] -- Up-to-date: /home/rover/workspaces/rover-real/src/install/nav2_launch/share/nav2_launch/cmake/nav2_launchConfig-version.cmake
[0.698s] -- Up-to-date: /home/rover/workspaces/rover-real/src/install/nav2_launch/share/nav2_launch/package.xml
[0.802s] Invoked command in '/home/rover/workspaces/rover-real/src/build/nav2_launch' returned '0': /usr/bin/cmake --install /home/rover/workspaces/rover-real/src/build/nav2_launch
