[0.084s] Invoking command in '/home/rover/workspaces/rover-real/src/build/zed2i_launch': /usr/bin/cmake /home/rover/workspaces/rover-real/src/perception/zed2i_launch -DCATKIN_INSTALL_INTO_PREFIX_ROOT=0 -DCMAKE_INSTALL_PREFIX=/home/rover/workspaces/rover-real/src/install/zed2i_launch
[0.288s] -- The C compiler identification is GNU 11.4.0
[0.451s] -- The CXX compiler identification is GNU 11.4.0
[0.472s] -- Detecting C compiler ABI info
[0.721s] -- Detecting C compiler ABI info - done
[0.745s] -- Check for working C compiler: /usr/bin/cc - skipped
[0.746s] -- Detecting C compile features
[0.751s] -- Detecting C compile features - done
[0.760s] -- Detecting CXX compiler ABI info
[1.093s] -- Detecting CXX compiler ABI info - done
[1.119s] -- Check for working CXX compiler: /usr/bin/c++ - skipped
[1.119s] -- Detecting CXX compile features
[1.133s] -- Detecting CXX compile features - done
[1.167s] -- Found ament_cmake: 1.3.12 (/opt/ros/humble/share/ament_cmake/cmake)
[1.875s] -- Found Python3: /usr/bin/python3 (found version "3.10.12") found components: Interpreter 
[2.580s] -- Configuring done
[2.589s] -- Generating done
[2.591s] [33mCMake Warning:
[2.591s]   Manually-specified variables were not used by the project:
[2.592s] 
[2.592s]     CATKIN_INSTALL_INTO_PREFIX_ROOT
[2.592s] 
[2.592s] [0m
[2.599s] -- Build files have been written to: /home/rover/workspaces/rover-real/src/build/zed2i_launch
[2.621s] Invoked command in '/home/rover/workspaces/rover-real/src/build/zed2i_launch' returned '0': /usr/bin/cmake /home/rover/workspaces/rover-real/src/perception/zed2i_launch -DCATKIN_INSTALL_INTO_PREFIX_ROOT=0 -DCMAKE_INSTALL_PREFIX=/home/rover/workspaces/rover-real/src/install/zed2i_launch
[2.624s] Invoking command in '/home/rover/workspaces/rover-real/src/build/zed2i_launch': /usr/bin/cmake --build /home/rover/workspaces/rover-real/src/build/zed2i_launch -- -j6 -l6
[2.893s] Invoked command in '/home/rover/workspaces/rover-real/src/build/zed2i_launch' returned '0': /usr/bin/cmake --build /home/rover/workspaces/rover-real/src/build/zed2i_launch -- -j6 -l6
[2.924s] Invoking command in '/home/rover/workspaces/rover-real/src/build/zed2i_launch': /usr/bin/cmake --install /home/rover/workspaces/rover-real/src/build/zed2i_launch
[3.018s] -- Install configuration: ""
[3.018s] -- Installing: /home/rover/workspaces/rover-real/src/install/zed2i_launch/share/zed2i_launch/launch
[3.018s] -- Installing: /home/rover/workspaces/rover-real/src/install/zed2i_launch/share/zed2i_launch/launch/zed2i_driver.launch.py
[3.018s] -- Installing: /home/rover/workspaces/rover-real/src/install/zed2i_launch/share/zed2i_launch/params
[3.019s] -- Installing: /home/rover/workspaces/rover-real/src/install/zed2i_launch/share/zed2i_launch/params/zed2i.yaml
[3.019s] -- Installing: /home/rover/workspaces/rover-real/src/install/zed2i_launch/share/ament_index/resource_index/package_run_dependencies/zed2i_launch
[3.019s] -- Installing: /home/rover/workspaces/rover-real/src/install/zed2i_launch/share/ament_index/resource_index/parent_prefix_path/zed2i_launch
[3.019s] -- Installing: /home/rover/workspaces/rover-real/src/install/zed2i_launch/share/zed2i_launch/environment/ament_prefix_path.sh
[3.019s] -- Installing: /home/rover/workspaces/rover-real/src/install/zed2i_launch/share/zed2i_launch/environment/ament_prefix_path.dsv
[3.019s] -- Installing: /home/rover/workspaces/rover-real/src/install/zed2i_launch/share/zed2i_launch/environment/path.sh
[3.019s] -- Installing: /home/rover/workspaces/rover-real/src/install/zed2i_launch/share/zed2i_launch/environment/path.dsv
[3.020s] -- Installing: /home/rover/workspaces/rover-real/src/install/zed2i_launch/share/zed2i_launch/local_setup.bash
[3.020s] -- Installing: /home/rover/workspaces/rover-real/src/install/zed2i_launch/share/zed2i_launch/local_setup.sh
[3.020s] -- Installing: /home/rover/workspaces/rover-real/src/install/zed2i_launch/share/zed2i_launch/local_setup.zsh
[3.020s] -- Installing: /home/rover/workspaces/rover-real/src/install/zed2i_launch/share/zed2i_launch/local_setup.dsv
[3.020s] -- Installing: /home/rover/workspaces/rover-real/src/install/zed2i_launch/share/zed2i_launch/package.dsv
[3.020s] -- Installing: /home/rover/workspaces/rover-real/src/install/zed2i_launch/share/ament_index/resource_index/packages/zed2i_launch
[3.020s] -- Installing: /home/rover/workspaces/rover-real/src/install/zed2i_launch/share/zed2i_launch/cmake/zed2i_launchConfig.cmake
[3.021s] -- Installing: /home/rover/workspaces/rover-real/src/install/zed2i_launch/share/zed2i_launch/cmake/zed2i_launchConfig-version.cmake
[3.021s] -- Installing: /home/rover/workspaces/rover-real/src/install/zed2i_launch/share/zed2i_launch/package.xml
[3.043s] Invoked command in '/home/rover/workspaces/rover-real/src/build/zed2i_launch' returned '0': /usr/bin/cmake --install /home/rover/workspaces/rover-real/src/build/zed2i_launch
