[0.395s] [34mcolcon[0m [1;30mDEBUG[0m [32mCommand line arguments: ['/usr/bin/colcon', 'build', '--packages-select', 'aruco_detector'][0m
[0.395s] [34mcolcon[0m [1;30mDEBUG[0m [32mParsed command line arguments: Namespace(log_base=None, log_level=None, verb_name='build', build_base='build', install_base='install', merge_install=False, symlink_install=False, test_result_base=None, continue_on_error=False, executor='parallel', parallel_workers=6, event_handlers=None, ignore_user_meta=False, metas=['./colcon.meta'], base_paths=['.'], packages_ignore=None, packages_ignore_regex=None, paths=None, packages_up_to=None, packages_up_to_regex=None, packages_above=None, packages_above_and_dependencies=None, packages_above_depth=None, packages_select_by_dep=None, packages_skip_by_dep=None, packages_skip_up_to=None, packages_select_build_failed=False, packages_skip_build_finished=False, packages_select_test_failures=False, packages_skip_test_passed=False, packages_select=['aruco_detector'], packages_skip=None, packages_select_regex=None, packages_skip_regex=None, packages_start=None, packages_end=None, allow_overriding=[], cmake_args=None, cmake_target=None, cmake_target_skip_unavailable=False, cmake_clean_cache=False, cmake_clean_first=False, cmake_force_configure=False, ament_cmake_args=None, catkin_cmake_args=None, catkin_skip_building_tests=False, mixin_files=None, mixin=None, verb_parser=<colcon_mixin.mixin.mixin_argument.MixinArgumentDecorator object at 0xffffb85b5150>, verb_extension=<colcon_core.verb.build.BuildVerb object at 0xffffb86da110>, main=<bound method BuildVerb.main of <colcon_core.verb.build.BuildVerb object at 0xffffb86da110>>, mixin_verb=('build',))[0m
[0.949s] [34mcolcon.colcon_core.package_discovery[0m [1;30mLevel 1[0m discover_packages(colcon_meta) check parameters
[0.949s] [34mcolcon.colcon_core.package_discovery[0m [1;30mLevel 1[0m discover_packages(recursive) check parameters
[0.950s] [34mcolcon.colcon_core.package_discovery[0m [1;30mLevel 1[0m discover_packages(ignore) check parameters
[0.950s] [34mcolcon.colcon_core.package_discovery[0m [1;30mLevel 1[0m discover_packages(path) check parameters
[0.950s] [34mcolcon.colcon_core.package_discovery[0m [1;30mLevel 1[0m discover_packages(colcon_meta) discover
[0.950s] [34mcolcon.colcon_core.package_discovery[0m [1;30mLevel 1[0m discover_packages(recursive) discover
[0.950s] [34mcolcon.colcon_core.package_discovery[0m [1;30mINFO[0m Crawling recursively for packages in '/home/rover/workspaces/rover/src/perception/aruco_detector'
[0.951s] [34mcolcon.colcon_core.package_identification[0m [1;30mLevel 1[0m _identify(.) by extensions ['ignore', 'ignore_ament_install']
[0.952s] [34mcolcon.colcon_core.package_identification[0m [1;30mLevel 1[0m _identify(.) by extension 'ignore'
[0.952s] [34mcolcon.colcon_core.package_identification[0m [1;30mLevel 1[0m _identify(.) by extension 'ignore_ament_install'
[0.952s] [34mcolcon.colcon_core.package_identification[0m [1;30mLevel 1[0m _identify(.) by extensions ['colcon_pkg']
[0.952s] [34mcolcon.colcon_core.package_identification[0m [1;30mLevel 1[0m _identify(.) by extension 'colcon_pkg'
[0.952s] [34mcolcon.colcon_core.package_identification[0m [1;30mLevel 1[0m _identify(.) by extensions ['colcon_meta']
[0.952s] [34mcolcon.colcon_core.package_identification[0m [1;30mLevel 1[0m _identify(.) by extension 'colcon_meta'
[0.952s] [34mcolcon.colcon_core.package_identification[0m [1;30mLevel 1[0m _identify(.) by extensions ['ros']
[0.953s] [34mcolcon.colcon_core.package_identification[0m [1;30mLevel 1[0m _identify(.) by extension 'ros'
[1.070s] [34mcolcon.colcon_core.package_identification[0m [1;30mDEBUG[0m [32mPackage '.' with type 'ros.catkin' and name 'aruco_detector'[0m
[1.071s] [34mcolcon.colcon_core.package_discovery[0m [1;30mLevel 1[0m discover_packages(recursive) using defaults
[1.071s] [34mcolcon.colcon_core.package_discovery[0m [1;30mLevel 1[0m discover_packages(ignore) discover
[1.071s] [34mcolcon.colcon_core.package_discovery[0m [1;30mLevel 1[0m discover_packages(ignore) using defaults
[1.072s] [34mcolcon.colcon_core.package_discovery[0m [1;30mLevel 1[0m discover_packages(path) discover
[1.072s] [34mcolcon.colcon_core.package_discovery[0m [1;30mLevel 1[0m discover_packages(path) using defaults
[1.176s] [34mcolcon.colcon_core.package_discovery[0m [1;30mLevel 1[0m discover_packages(prefix_path) check parameters
[1.178s] [34mcolcon.colcon_core.package_discovery[0m [1;30mLevel 1[0m discover_packages(prefix_path) discover
[1.197s] [34mcolcon.colcon_installed_package_information.package_discovery[0m [1;30mDEBUG[0m [32mFound 1 installed packages in /home/rover/workspaces/urc_prod/custom_msgs/install[0m
[1.198s] [34mcolcon.colcon_installed_package_information.package_discovery[0m [1;30mDEBUG[0m [32mFound 2 installed packages in /home/rover/workspaces/micro_ros/install[0m
[1.203s] [34mcolcon.colcon_installed_package_information.package_discovery[0m [1;30mDEBUG[0m [32mFound 356 installed packages in /opt/ros/humble[0m
[1.207s] [34mcolcon.colcon_core.package_discovery[0m [1;30mLevel 1[0m discover_packages(prefix_path) using defaults
[1.330s] [34mcolcon.colcon_core.verb[0m [1;30mLevel 5[0m set package 'aruco_detector' build argument 'cmake_args' from command line to 'None'
[1.330s] [34mcolcon.colcon_core.verb[0m [1;30mLevel 5[0m set package 'aruco_detector' build argument 'cmake_target' from command line to 'None'
[1.330s] [34mcolcon.colcon_core.verb[0m [1;30mLevel 5[0m set package 'aruco_detector' build argument 'cmake_target_skip_unavailable' from command line to 'False'
[1.330s] [34mcolcon.colcon_core.verb[0m [1;30mLevel 5[0m set package 'aruco_detector' build argument 'cmake_clean_cache' from command line to 'False'
[1.331s] [34mcolcon.colcon_core.verb[0m [1;30mLevel 5[0m set package 'aruco_detector' build argument 'cmake_clean_first' from command line to 'False'
[1.331s] [34mcolcon.colcon_core.verb[0m [1;30mLevel 5[0m set package 'aruco_detector' build argument 'cmake_force_configure' from command line to 'False'
[1.331s] [34mcolcon.colcon_core.verb[0m [1;30mLevel 5[0m set package 'aruco_detector' build argument 'ament_cmake_args' from command line to 'None'
[1.331s] [34mcolcon.colcon_core.verb[0m [1;30mLevel 5[0m set package 'aruco_detector' build argument 'catkin_cmake_args' from command line to 'None'
[1.331s] [34mcolcon.colcon_core.verb[0m [1;30mLevel 5[0m set package 'aruco_detector' build argument 'catkin_skip_building_tests' from command line to 'False'
[1.331s] [34mcolcon.colcon_core.verb[0m [1;30mDEBUG[0m [32mBuilding package 'aruco_detector' with the following arguments: {'ament_cmake_args': None, 'build_base': '/home/rover/workspaces/rover/src/perception/aruco_detector/build/aruco_detector', 'catkin_cmake_args': None, 'catkin_skip_building_tests': False, 'cmake_args': None, 'cmake_clean_cache': False, 'cmake_clean_first': False, 'cmake_force_configure': False, 'cmake_target': None, 'cmake_target_skip_unavailable': False, 'install_base': '/home/rover/workspaces/rover/src/perception/aruco_detector/install/aruco_detector', 'merge_install': False, 'path': '/home/rover/workspaces/rover/src/perception/aruco_detector', 'symlink_install': False, 'test_result_base': None}[0m
[1.332s] [34mcolcon.colcon_core.executor[0m [1;30mINFO[0m Executing jobs using 'parallel' executor
[1.341s] [34mcolcon.colcon_parallel_executor.executor.parallel[0m [1;30mDEBUG[0m [32mrun_until_complete[0m
[1.342s] [34mcolcon.colcon_ros.task.catkin.build[0m [1;30mINFO[0m Building ROS package in '/home/rover/workspaces/rover/src/perception/aruco_detector' with build type 'catkin'
[1.343s] [34mcolcon.colcon_cmake.task.cmake.build[0m [1;30mINFO[0m Building CMake package in '/home/rover/workspaces/rover/src/perception/aruco_detector'
[1.359s] [34mcolcon.colcon_core.plugin_system[0m [1;30mINFO[0m Skipping extension 'colcon_core.shell.bat': Not used on non-Windows systems
[1.360s] [34mcolcon.colcon_core.shell[0m [1;30mINFO[0m Skip shell extension 'powershell' for command environment: Not usable outside of PowerShell
[1.360s] [34mcolcon.colcon_core.shell[0m [1;30mDEBUG[0m [32mSkip shell extension 'dsv' for command environment[0m
[1.388s] [34mcolcon.colcon_core.event_handler.log_command[0m [1;30mDEBUG[0m [32mInvoking command in '/home/rover/workspaces/rover/src/perception/aruco_detector/build/aruco_detector': /usr/bin/cmake /home/rover/workspaces/rover/src/perception/aruco_detector -DCATKIN_INSTALL_INTO_PREFIX_ROOT=0 -DCMAKE_INSTALL_PREFIX=/home/rover/workspaces/rover/src/perception/aruco_detector/install/aruco_detector[0m
[6.082s] [34mcolcon.colcon_core.event_handler.log_command[0m [1;30mDEBUG[0m [32mInvoked command in '/home/rover/workspaces/rover/src/perception/aruco_detector/build/aruco_detector' returned '0': /usr/bin/cmake /home/rover/workspaces/rover/src/perception/aruco_detector -DCATKIN_INSTALL_INTO_PREFIX_ROOT=0 -DCMAKE_INSTALL_PREFIX=/home/rover/workspaces/rover/src/perception/aruco_detector/install/aruco_detector[0m
[6.084s] [34mcolcon.colcon_core.event_handler.log_command[0m [1;30mDEBUG[0m [32mInvoking command in '/home/rover/workspaces/rover/src/perception/aruco_detector/build/aruco_detector': /usr/bin/cmake --build /home/rover/workspaces/rover/src/perception/aruco_detector/build/aruco_detector -- -j6 -l6[0m
[6.229s] [34mcolcon.colcon_core.event_handler.log_command[0m [1;30mDEBUG[0m [32mInvoked command in '/home/rover/workspaces/rover/src/perception/aruco_detector/build/aruco_detector' returned '0': /usr/bin/cmake --build /home/rover/workspaces/rover/src/perception/aruco_detector/build/aruco_detector -- -j6 -l6[0m
[6.308s] [34mcolcon.colcon_core.event_handler.log_command[0m [1;30mDEBUG[0m [32mInvoking command in '/home/rover/workspaces/rover/src/perception/aruco_detector/build/aruco_detector': /usr/bin/cmake --install /home/rover/workspaces/rover/src/perception/aruco_detector/build/aruco_detector[0m
[6.367s] [34mcolcon.colcon_core.shell[0m [1;30mLevel 1[0m create_environment_hook('aruco_detector', 'ros_package_path')
[6.369s] [34mcolcon.colcon_core.shell[0m [1;30mINFO[0m Creating environment hook '/home/rover/workspaces/rover/src/perception/aruco_detector/install/aruco_detector/share/aruco_detector/hook/ros_package_path.ps1'
[6.371s] [34mcolcon.colcon_core.event_handler.log_command[0m [1;30mDEBUG[0m [32mInvoked command in '/home/rover/workspaces/rover/src/perception/aruco_detector/build/aruco_detector' returned '0': /usr/bin/cmake --install /home/rover/workspaces/rover/src/perception/aruco_detector/build/aruco_detector[0m
[6.381s] [34mcolcon.colcon_core.shell[0m [1;30mINFO[0m Creating environment descriptor '/home/rover/workspaces/rover/src/perception/aruco_detector/install/aruco_detector/share/aruco_detector/hook/ros_package_path.dsv'
[6.386s] [34mcolcon.colcon_core.shell[0m [1;30mINFO[0m Creating environment hook '/home/rover/workspaces/rover/src/perception/aruco_detector/install/aruco_detector/share/aruco_detector/hook/ros_package_path.sh'
[6.393s] [34mcolcon.colcon_core.shell[0m [1;30mLevel 1[0m create_environment_hook('aruco_detector', 'pkg_config_path')
[6.395s] [34mcolcon.colcon_core.shell[0m [1;30mINFO[0m Creating environment hook '/home/rover/workspaces/rover/src/perception/aruco_detector/install/aruco_detector/share/aruco_detector/hook/pkg_config_path.ps1'
[6.397s] [34mcolcon.colcon_core.shell[0m [1;30mINFO[0m Creating environment descriptor '/home/rover/workspaces/rover/src/perception/aruco_detector/install/aruco_detector/share/aruco_detector/hook/pkg_config_path.dsv'
[6.398s] [34mcolcon.colcon_core.shell[0m [1;30mINFO[0m Creating environment hook '/home/rover/workspaces/rover/src/perception/aruco_detector/install/aruco_detector/share/aruco_detector/hook/pkg_config_path.sh'
[6.405s] [34mcolcon.colcon_core.shell[0m [1;30mLevel 1[0m create_environment_hook('aruco_detector', 'pkg_config_path_multiarch')
[6.406s] [34mcolcon.colcon_core.shell[0m [1;30mINFO[0m Creating environment hook '/home/rover/workspaces/rover/src/perception/aruco_detector/install/aruco_detector/share/aruco_detector/hook/pkg_config_path_multiarch.ps1'
[6.408s] [34mcolcon.colcon_core.shell[0m [1;30mINFO[0m Creating environment descriptor '/home/rover/workspaces/rover/src/perception/aruco_detector/install/aruco_detector/share/aruco_detector/hook/pkg_config_path_multiarch.dsv'
[6.409s] [34mcolcon.colcon_core.shell[0m [1;30mINFO[0m Creating environment hook '/home/rover/workspaces/rover/src/perception/aruco_detector/install/aruco_detector/share/aruco_detector/hook/pkg_config_path_multiarch.sh'
[6.412s] [34mcolcon.colcon_core.environment[0m [1;30mLevel 1[0m create_environment_scripts_only(aruco_detector)
[6.465s] [34mcolcon.colcon_core.environment[0m [1;30mLevel 1[0m checking '/home/rover/workspaces/rover/src/perception/aruco_detector/install/aruco_detector' for CMake module files
[6.476s] [34mcolcon.colcon_core.environment[0m [1;30mLevel 1[0m checking '/home/rover/workspaces/rover/src/perception/aruco_detector/install/aruco_detector' for CMake config files
[6.477s] [34mcolcon.colcon_core.shell[0m [1;30mLevel 1[0m create_environment_hook('aruco_detector', 'cmake_prefix_path')
[6.478s] [34mcolcon.colcon_core.shell[0m [1;30mINFO[0m Creating environment hook '/home/rover/workspaces/rover/src/perception/aruco_detector/install/aruco_detector/share/aruco_detector/hook/cmake_prefix_path.ps1'
[6.480s] [34mcolcon.colcon_core.shell[0m [1;30mINFO[0m Creating environment descriptor '/home/rover/workspaces/rover/src/perception/aruco_detector/install/aruco_detector/share/aruco_detector/hook/cmake_prefix_path.dsv'
[6.481s] [34mcolcon.colcon_core.shell[0m [1;30mINFO[0m Creating environment hook '/home/rover/workspaces/rover/src/perception/aruco_detector/install/aruco_detector/share/aruco_detector/hook/cmake_prefix_path.sh'
[6.484s] [34mcolcon.colcon_core.environment[0m [1;30mLevel 1[0m checking '/home/rover/workspaces/rover/src/perception/aruco_detector/install/aruco_detector/bin'
[6.484s] [34mcolcon.colcon_core.environment[0m [1;30mLevel 1[0m checking '/home/rover/workspaces/rover/src/perception/aruco_detector/install/aruco_detector/lib/pkgconfig/aruco_detector.pc'
[6.485s] [34mcolcon.colcon_core.environment[0m [1;30mLevel 1[0m checking '/home/rover/workspaces/rover/src/perception/aruco_detector/install/aruco_detector/lib/python3.10/site-packages'
[6.485s] [34mcolcon.colcon_core.environment[0m [1;30mLevel 1[0m checking '/home/rover/workspaces/rover/src/perception/aruco_detector/install/aruco_detector/bin'
[6.487s] [34mcolcon.colcon_core.shell[0m [1;30mINFO[0m Creating package script '/home/rover/workspaces/rover/src/perception/aruco_detector/install/aruco_detector/share/aruco_detector/package.ps1'
[6.491s] [34mcolcon.colcon_core.shell[0m [1;30mINFO[0m Creating package descriptor '/home/rover/workspaces/rover/src/perception/aruco_detector/install/aruco_detector/share/aruco_detector/package.dsv'
[6.493s] [34mcolcon.colcon_core.shell[0m [1;30mINFO[0m Creating package script '/home/rover/workspaces/rover/src/perception/aruco_detector/install/aruco_detector/share/aruco_detector/package.sh'
[6.496s] [34mcolcon.colcon_core.shell[0m [1;30mINFO[0m Creating package script '/home/rover/workspaces/rover/src/perception/aruco_detector/install/aruco_detector/share/aruco_detector/package.bash'
[6.499s] [34mcolcon.colcon_core.shell[0m [1;30mINFO[0m Creating package script '/home/rover/workspaces/rover/src/perception/aruco_detector/install/aruco_detector/share/aruco_detector/package.zsh'
[6.501s] [34mcolcon.colcon_core.environment[0m [1;30mLevel 1[0m create_file_with_runtime_dependencies(/home/rover/workspaces/rover/src/perception/aruco_detector/install/aruco_detector/share/colcon-core/packages/aruco_detector)
[6.503s] [34mcolcon.colcon_parallel_executor.executor.parallel[0m [1;30mDEBUG[0m [32mclosing loop[0m
[6.504s] [34mcolcon.colcon_parallel_executor.executor.parallel[0m [1;30mDEBUG[0m [32mloop closed[0m
[6.504s] [34mcolcon.colcon_parallel_executor.executor.parallel[0m [1;30mDEBUG[0m [32mrun_until_complete finished with '0'[0m
[6.504s] [34mcolcon.colcon_core.event_reactor[0m [1;30mDEBUG[0m [32mjoining thread[0m
[6.556s] [34mcolcon.colcon_core.plugin_system[0m [1;30mINFO[0m Skipping extension 'colcon_notification.desktop_notification.terminal_notifier': Not used on non-Darwin systems
[6.556s] [34mcolcon.colcon_core.plugin_system[0m [1;30mINFO[0m Skipping extension 'colcon_notification.desktop_notification.win32': Not used on non-Windows systems
[6.556s] [34mcolcon.colcon_notification.desktop_notification[0m [1;30mINFO[0m Sending desktop notification using 'notify2'
[6.657s] [34mcolcon.colcon_core.event_reactor[0m [1;30mDEBUG[0m [32mjoined thread[0m
[6.659s] [34mcolcon.colcon_core.shell[0m [1;30mINFO[0m Creating prefix script '/home/rover/workspaces/rover/src/perception/aruco_detector/install/local_setup.ps1'
[6.664s] [34mcolcon.colcon_core.shell[0m [1;30mINFO[0m Creating prefix util module '/home/rover/workspaces/rover/src/perception/aruco_detector/install/_local_setup_util_ps1.py'
[6.674s] [34mcolcon.colcon_core.shell[0m [1;30mINFO[0m Creating prefix chain script '/home/rover/workspaces/rover/src/perception/aruco_detector/install/setup.ps1'
[6.679s] [34mcolcon.colcon_core.shell[0m [1;30mINFO[0m Creating prefix script '/home/rover/workspaces/rover/src/perception/aruco_detector/install/local_setup.sh'
[6.687s] [34mcolcon.colcon_core.shell[0m [1;30mINFO[0m Creating prefix util module '/home/rover/workspaces/rover/src/perception/aruco_detector/install/_local_setup_util_sh.py'
[6.693s] [34mcolcon.colcon_core.shell[0m [1;30mINFO[0m Creating prefix chain script '/home/rover/workspaces/rover/src/perception/aruco_detector/install/setup.sh'
[6.700s] [34mcolcon.colcon_core.shell[0m [1;30mINFO[0m Creating prefix script '/home/rover/workspaces/rover/src/perception/aruco_detector/install/local_setup.bash'
[6.703s] [34mcolcon.colcon_core.shell[0m [1;30mINFO[0m Creating prefix chain script '/home/rover/workspaces/rover/src/perception/aruco_detector/install/setup.bash'
[6.712s] [34mcolcon.colcon_core.shell[0m [1;30mINFO[0m Creating prefix script '/home/rover/workspaces/rover/src/perception/aruco_detector/install/local_setup.zsh'
[6.714s] [34mcolcon.colcon_core.shell[0m [1;30mINFO[0m Creating prefix chain script '/home/rover/workspaces/rover/src/perception/aruco_detector/install/setup.zsh'
