[0.164s] Invoking command in '/home/rover/workspaces/rover-real/src/build/rover_description': CMAKE_PREFIX_PATH=/opt/ros/humble:${CMAKE_PREFIX_PATH} /usr/bin/cmake /home/rover/workspaces/rover-real/src/rover_description -DCMAKE_INSTALL_PREFIX=/home/rover/workspaces/rover-real/src/install/rover_description
[1.141s] -- The C compiler identification is GNU 11.4.0
[1.142s] -- The CXX compiler identification is GNU 11.4.0
[1.142s] -- Detecting C compiler ABI info
[1.221s] -- Detecting C compiler ABI info - done
[1.257s] -- Check for working C compiler: /usr/bin/cc - skipped
[1.258s] -- Detecting C compile features
[1.259s] -- Detecting C compile features - done
[1.282s] -- Detecting CXX compiler ABI info
[1.748s] -- Detecting CXX compiler ABI info - done
[1.783s] -- Check for working CXX compiler: /usr/bin/c++ - skipped
[1.786s] -- Detecting CXX compile features
[1.786s] -- Detecting CXX compile features - done
[1.791s] -- Found ament_cmake: 1.3.12 (/opt/ros/humble/share/ament_cmake/cmake)
[2.577s] -- Found Python3: /usr/bin/python3 (found version "3.10.12") found components: Interpreter 
[2.918s] -- Found ament_lint_auto: 0.12.14 (/opt/ros/humble/share/ament_lint_auto/cmake)
[3.266s] -- Added test 'copyright' to check source files copyright and LICENSE
[3.272s] -- Added test 'flake8' to check Python code syntax and style conventions
[3.274s] -- Added test 'lint_cmake' to check CMake code style
[3.276s] -- Added test 'pep257' to check Python code against some of the docstring style conventions in PEP 257
[3.279s] -- Added test 'xmllint' to check XML markup files
[3.291s] -- Configuring done
[3.324s] -- Generating done
[3.335s] -- Build files have been written to: /home/rover/workspaces/rover-real/src/build/rover_description
[3.463s] Invoked command in '/home/rover/workspaces/rover-real/src/build/rover_description' returned '0': CMAKE_PREFIX_PATH=/opt/ros/humble:${CMAKE_PREFIX_PATH} /usr/bin/cmake /home/rover/workspaces/rover-real/src/rover_description -DCMAKE_INSTALL_PREFIX=/home/rover/workspaces/rover-real/src/install/rover_description
[3.464s] Invoking command in '/home/rover/workspaces/rover-real/src/build/rover_description': CMAKE_PREFIX_PATH=/opt/ros/humble:${CMAKE_PREFIX_PATH} /usr/bin/cmake --build /home/rover/workspaces/rover-real/src/build/rover_description -- -j6 -l6
[4.404s] Invoked command in '/home/rover/workspaces/rover-real/src/build/rover_description' returned '0': CMAKE_PREFIX_PATH=/opt/ros/humble:${CMAKE_PREFIX_PATH} /usr/bin/cmake --build /home/rover/workspaces/rover-real/src/build/rover_description -- -j6 -l6
[4.410s] Invoking command in '/home/rover/workspaces/rover-real/src/build/rover_description': CMAKE_PREFIX_PATH=/opt/ros/humble:${CMAKE_PREFIX_PATH} /usr/bin/cmake --install /home/rover/workspaces/rover-real/src/build/rover_description
[4.453s] -- Install configuration: ""
[4.454s] -- Installing: /home/rover/workspaces/rover-real/src/install/rover_description/share/rover_description//launch
[4.454s] -- Installing: /home/rover/workspaces/rover-real/src/install/rover_description/share/rover_description//launch/display.launch.py
[4.454s] -- Installing: /home/rover/workspaces/rover-real/src/install/rover_description/share/rover_description//urdf
[4.455s] -- Installing: /home/rover/workspaces/rover-real/src/install/rover_description/share/rover_description//urdf/_includes
[4.455s] -- Installing: /home/rover/workspaces/rover-real/src/install/rover_description/share/rover_description//urdf/_includes/arm.xacro
[4.455s] -- Installing: /home/rover/workspaces/rover-real/src/install/rover_description/share/rover_description//urdf/_includes/sensors.xacro
[4.456s] -- Installing: /home/rover/workspaces/rover-real/src/install/rover_description/share/rover_description//urdf/_includes/gazebo_tags.xacro
[4.461s] -- Installing: /home/rover/workspaces/rover-real/src/install/rover_description/share/rover_description//urdf/_includes/chassis.xacro
[4.462s] -- Installing: /home/rover/workspaces/rover-real/src/install/rover_description/share/rover_description//urdf/_includes/wheel.xacro
[4.462s] -- Installing: /home/rover/workspaces/rover-real/src/install/rover_description/share/rover_description//urdf/_includes/transmissions.xacro
[4.462s] -- Installing: /home/rover/workspaces/rover-real/src/install/rover_description/share/rover_description//urdf/materials.xacro
[4.462s] -- Installing: /home/rover/workspaces/rover-real/src/install/rover_description/share/rover_description//urdf/rover.urdf.xacro
[4.462s] -- Installing: /home/rover/workspaces/rover-real/src/install/rover_description/share/rover_description//meshes
[4.463s] -- Installing: /home/rover/workspaces/rover-real/src/install/rover_description/share/rover_description//rviz
[4.463s] -- Installing: /home/rover/workspaces/rover-real/src/install/rover_description/share/rover_description//rviz/display.rviz
[4.463s] -- Installing: /home/rover/workspaces/rover-real/src/install/rover_description/share/rover_description//config
[4.463s] -- Installing: /home/rover/workspaces/rover-real/src/install/rover_description/share/ament_index/resource_index/package_run_dependencies/rover_description
[4.466s] -- Installing: /home/rover/workspaces/rover-real/src/install/rover_description/share/ament_index/resource_index/parent_prefix_path/rover_description
[4.466s] -- Installing: /home/rover/workspaces/rover-real/src/install/rover_description/share/rover_description/environment/ament_prefix_path.sh
[4.466s] -- Installing: /home/rover/workspaces/rover-real/src/install/rover_description/share/rover_description/environment/ament_prefix_path.dsv
[4.466s] -- Installing: /home/rover/workspaces/rover-real/src/install/rover_description/share/rover_description/environment/path.sh
[4.477s] -- Installing: /home/rover/workspaces/rover-real/src/install/rover_description/share/rover_description/environment/path.dsv
[4.478s] -- Installing: /home/rover/workspaces/rover-real/src/install/rover_description/share/rover_description/local_setup.bash
[4.478s] -- Installing: /home/rover/workspaces/rover-real/src/install/rover_description/share/rover_description/local_setup.sh
[4.478s] -- Installing: /home/rover/workspaces/rover-real/src/install/rover_description/share/rover_description/local_setup.zsh
[4.478s] -- Installing: /home/rover/workspaces/rover-real/src/install/rover_description/share/rover_description/local_setup.dsv
[4.478s] -- Installing: /home/rover/workspaces/rover-real/src/install/rover_description/share/rover_description/package.dsv
[4.478s] -- Installing: /home/rover/workspaces/rover-real/src/install/rover_description/share/ament_index/resource_index/packages/rover_description
[4.479s] -- Installing: /home/rover/workspaces/rover-real/src/install/rover_description/share/rover_description/cmake/rover_descriptionConfig.cmake
[4.479s] -- Installing: /home/rover/workspaces/rover-real/src/install/rover_description/share/rover_description/cmake/rover_descriptionConfig-version.cmake
[4.479s] -- Installing: /home/rover/workspaces/rover-real/src/install/rover_description/share/rover_description/package.xml
[4.492s] Invoked command in '/home/rover/workspaces/rover-real/src/build/rover_description' returned '0': CMAKE_PREFIX_PATH=/opt/ros/humble:${CMAKE_PREFIX_PATH} /usr/bin/cmake --install /home/rover/workspaces/rover-real/src/build/rover_description
