running egg_info
creating ../../build/cache_manager/cache_manager.egg-info
writing ../../build/cache_manager/cache_manager.egg-info/PKG-INFO
writing dependency_links to ../../build/cache_manager/cache_manager.egg-info/dependency_links.txt
writing entry points to ../../build/cache_manager/cache_manager.egg-info/entry_points.txt
writing requirements to ../../build/cache_manager/cache_manager.egg-info/requires.txt
writing top-level names to ../../build/cache_manager/cache_manager.egg-info/top_level.txt
writing manifest file '../../build/cache_manager/cache_manager.egg-info/SOURCES.txt'
reading manifest file '../../build/cache_manager/cache_manager.egg-info/SOURCES.txt'
writing manifest file '../../build/cache_manager/cache_manager.egg-info/SOURCES.txt'
running build
running build_py
creating /home/rover/workspaces/rover-real/src/build/cache_manager/build
creating /home/rover/workspaces/rover-real/src/build/cache_manager/build/lib
creating /home/rover/workspaces/rover-real/src/build/cache_manager/build/lib/cache_manager
copying cache_manager/node.py -> /home/rover/workspaces/rover-real/src/build/cache_manager/build/lib/cache_manager
copying cache_manager/__init__.py -> /home/rover/workspaces/rover-real/src/build/cache_manager/build/lib/cache_manager
running install
running install_lib
creating /home/rover/workspaces/rover-real/src/install/cache_manager/lib/python3.10/site-packages/cache_manager
copying /home/rover/workspaces/rover-real/src/build/cache_manager/build/lib/cache_manager/node.py -> /home/rover/workspaces/rover-real/src/install/cache_manager/lib/python3.10/site-packages/cache_manager
copying /home/rover/workspaces/rover-real/src/build/cache_manager/build/lib/cache_manager/__init__.py -> /home/rover/workspaces/rover-real/src/install/cache_manager/lib/python3.10/site-packages/cache_manager
byte-compiling /home/rover/workspaces/rover-real/src/install/cache_manager/lib/python3.10/site-packages/cache_manager/node.py to node.cpython-310.pyc
byte-compiling /home/rover/workspaces/rover-real/src/install/cache_manager/lib/python3.10/site-packages/cache_manager/__init__.py to __init__.cpython-310.pyc
running install_data
creating /home/rover/workspaces/rover-real/src/install/cache_manager/share/ament_index
creating /home/rover/workspaces/rover-real/src/install/cache_manager/share/ament_index/resource_index
creating /home/rover/workspaces/rover-real/src/install/cache_manager/share/ament_index/resource_index/packages
copying resource/cache_manager -> /home/rover/workspaces/rover-real/src/install/cache_manager/share/ament_index/resource_index/packages
copying package.xml -> /home/rover/workspaces/rover-real/src/install/cache_manager/share/cache_manager
creating /home/rover/workspaces/rover-real/src/install/cache_manager/share/cache_manager/launch
copying launch/cache_manager.launch.py -> /home/rover/workspaces/rover-real/src/install/cache_manager/share/cache_manager/launch
running install_egg_info
Copying ../../build/cache_manager/cache_manager.egg-info to /home/rover/workspaces/rover-real/src/install/cache_manager/lib/python3.10/site-packages/cache_manager-0.0.0-py3.10.egg-info
running install_scripts
Installing cache_manager_node script to /home/rover/workspaces/rover-real/src/install/cache_manager/bin
writing list of installed files to '/home/rover/workspaces/rover-real/src/build/cache_manager/install.log'
