[0.083s] Invoking command in '/home/rover/workspaces/rover-real/src/build/gnss_launch': /usr/bin/cmake --build /home/rover/workspaces/rover-real/src/build/gnss_launch -- -j6 -l6
[0.678s] Invoked command in '/home/rover/workspaces/rover-real/src/build/gnss_launch' returned '0': /usr/bin/cmake --build /home/rover/workspaces/rover-real/src/build/gnss_launch -- -j6 -l6
[0.682s] Invoking command in '/home/rover/workspaces/rover-real/src/build/gnss_launch': /usr/bin/cmake --install /home/rover/workspaces/rover-real/src/build/gnss_launch
[0.755s] -- Install configuration: ""
[0.755s] -- Up-to-date: /home/rover/workspaces/rover-real/src/install/gnss_launch/share/gnss_launch/launch
[0.756s] -- Up-to-date: /home/rover/workspaces/rover-real/src/install/gnss_launch/share/gnss_launch/launch/gnss_driver.launch.py
[0.756s] -- Up-to-date: /home/rover/workspaces/rover-real/src/install/gnss_launch/share/gnss_launch/params
[0.756s] -- Up-to-date: /home/rover/workspaces/rover-real/src/install/gnss_launch/share/gnss_launch/params/ublox.yaml
[0.757s] -- Up-to-date: /home/rover/workspaces/rover-real/src/install/gnss_launch/share/ament_index/resource_index/package_run_dependencies/gnss_launch
[0.757s] -- Up-to-date: /home/rover/workspaces/rover-real/src/install/gnss_launch/share/ament_index/resource_index/parent_prefix_path/gnss_launch
[0.757s] -- Up-to-date: /home/rover/workspaces/rover-real/src/install/gnss_launch/share/gnss_launch/environment/ament_prefix_path.sh
[0.758s] -- Up-to-date: /home/rover/workspaces/rover-real/src/install/gnss_launch/share/gnss_launch/environment/ament_prefix_path.dsv
[0.758s] -- Up-to-date: /home/rover/workspaces/rover-real/src/install/gnss_launch/share/gnss_launch/environment/path.sh
[0.758s] -- Up-to-date: /home/rover/workspaces/rover-real/src/install/gnss_launch/share/gnss_launch/environment/path.dsv
[0.758s] -- Up-to-date: /home/rover/workspaces/rover-real/src/install/gnss_launch/share/gnss_launch/local_setup.bash
[0.758s] -- Up-to-date: /home/rover/workspaces/rover-real/src/install/gnss_launch/share/gnss_launch/local_setup.sh
[0.758s] -- Up-to-date: /home/rover/workspaces/rover-real/src/install/gnss_launch/share/gnss_launch/local_setup.zsh
[0.758s] -- Up-to-date: /home/rover/workspaces/rover-real/src/install/gnss_launch/share/gnss_launch/local_setup.dsv
[0.759s] -- Installing: /home/rover/workspaces/rover-real/src/install/gnss_launch/share/gnss_launch/package.dsv
[0.759s] -- Up-to-date: /home/rover/workspaces/rover-real/src/install/gnss_launch/share/ament_index/resource_index/packages/gnss_launch
[0.759s] -- Up-to-date: /home/rover/workspaces/rover-real/src/install/gnss_launch/share/gnss_launch/cmake/gnss_launchConfig.cmake
[0.759s] -- Up-to-date: /home/rover/workspaces/rover-real/src/install/gnss_launch/share/gnss_launch/cmake/gnss_launchConfig-version.cmake
[0.759s] -- Up-to-date: /home/rover/workspaces/rover-real/src/install/gnss_launch/share/gnss_launch/package.xml
[2.491s] Invoked command in '/home/rover/workspaces/rover-real/src/build/gnss_launch' returned '0': /usr/bin/cmake --install /home/rover/workspaces/rover-real/src/build/gnss_launch
