[0.045s] Invoking command in '/home/rover/workspaces/rover/src/perception/aruco_detector/build/aruco_detector': /usr/bin/cmake /home/rover/workspaces/rover/src/perception/aruco_detector -DCATKIN_INSTALL_INTO_PREFIX_ROOT=0 -DCMAKE_INSTALL_PREFIX=/home/rover/workspaces/rover/src/perception/aruco_detector/install/aruco_detector
[0.688s] -- The C compiler identification is GNU 11.4.0
[1.211s] -- The CXX compiler identification is GNU 11.4.0
[1.263s] -- Detecting C compiler ABI info
[1.488s] -- Detecting C compiler ABI info - done
[1.518s] -- Check for working C compiler: /usr/bin/cc - skipped
[1.520s] -- Detecting C compile features
[1.524s] -- Detecting C compile features - done
[1.542s] -- Detecting CXX compiler ABI info
[1.779s] -- Detecting CXX compiler ABI info - done
[1.822s] -- Check for working CXX compiler: /usr/bin/c++ - skipped
[1.823s] -- Detecting CXX compile features
[1.825s] -- Detecting CXX compile features - done
[1.890s] -- Found ament_cmake: 1.3.12 (/opt/ros/humble/share/ament_cmake/cmake)
[2.421s] -- Found Python3: /usr/bin/python3 (found version "3.10.12") found components: Interpreter 
[2.788s] -- Found rclcpp: 16.0.15 (/opt/ros/humble/share/rclcpp/cmake)
[2.985s] -- Found rosidl_generator_c: 3.1.7 (/opt/ros/humble/share/rosidl_generator_c/cmake)
[3.007s] -- Found rosidl_adapter: 3.1.7 (/opt/ros/humble/share/rosidl_adapter/cmake)
[3.040s] -- Found rosidl_generator_cpp: 3.1.7 (/opt/ros/humble/share/rosidl_generator_cpp/cmake)
[3.096s] -- Using all available rosidl_typesupport_c: rosidl_typesupport_fastrtps_c;rosidl_typesupport_introspection_c
[3.149s] -- Using all available rosidl_typesupport_cpp: rosidl_typesupport_fastrtps_cpp;rosidl_typesupport_introspection_cpp
[3.313s] -- Found rmw_implementation_cmake: 6.1.2 (/opt/ros/humble/share/rmw_implementation_cmake/cmake)
[3.324s] -- Found rmw_cyclonedds_cpp: 1.3.4 (/opt/ros/humble/share/rmw_cyclonedds_cpp/cmake)
[3.420s] -- Using RMW implementation 'rmw_cyclonedds_cpp' as default
[3.480s] -- Looking for pthread.h
[3.749s] -- Looking for pthread.h - found
[3.749s] -- Performing Test CMAKE_HAVE_LIBC_PTHREAD
[3.983s] -- Performing Test CMAKE_HAVE_LIBC_PTHREAD - Success
[3.983s] -- Found Threads: TRUE  
[4.198s] -- Found sensor_msgs: 4.9.0 (/opt/ros/humble/share/sensor_msgs/cmake)
[4.315s] -- Found ament_lint_auto: 0.12.14 (/opt/ros/humble/share/ament_lint_auto/cmake)
[4.602s] -- Added test 'copyright' to check source files copyright and LICENSE
[4.616s] -- Added test 'cppcheck' to perform static code analysis on C / C++ code
[4.616s] -- Configured cppcheck include dirs: 
[4.617s] -- Configured cppcheck exclude dirs and/or files: 
[4.631s] -- Added test 'cpplint' to check C / C++ code against the Google style
[4.633s] -- Configured cpplint exclude dirs and/or files: 
[4.636s] -- Added test 'flake8' to check Python code syntax and style conventions
[4.644s] -- Added test 'lint_cmake' to check CMake code style
[4.646s] -- Added test 'pep257' to check Python code against some of the docstring style conventions in PEP 257
[4.661s] -- Added test 'uncrustify' to check C / C++ code style
[4.662s] -- Configured uncrustify additional arguments: 
[4.666s] -- Added test 'xmllint' to check XML markup files
[4.673s] -- Configuring done
[4.691s] -- Generating done
[4.694s] [33mCMake Warning:
[4.694s]   Manually-specified variables were not used by the project:
[4.694s] 
[4.695s]     CATKIN_INSTALL_INTO_PREFIX_ROOT
[4.695s] 
[4.695s] [0m
[4.699s] -- Build files have been written to: /home/rover/workspaces/rover/src/perception/aruco_detector/build/aruco_detector
[4.739s] Invoked command in '/home/rover/workspaces/rover/src/perception/aruco_detector/build/aruco_detector' returned '0': /usr/bin/cmake /home/rover/workspaces/rover/src/perception/aruco_detector -DCATKIN_INSTALL_INTO_PREFIX_ROOT=0 -DCMAKE_INSTALL_PREFIX=/home/rover/workspaces/rover/src/perception/aruco_detector/install/aruco_detector
[4.741s] Invoking command in '/home/rover/workspaces/rover/src/perception/aruco_detector/build/aruco_detector': /usr/bin/cmake --build /home/rover/workspaces/rover/src/perception/aruco_detector/build/aruco_detector -- -j6 -l6
[4.885s] Invoked command in '/home/rover/workspaces/rover/src/perception/aruco_detector/build/aruco_detector' returned '0': /usr/bin/cmake --build /home/rover/workspaces/rover/src/perception/aruco_detector/build/aruco_detector -- -j6 -l6
[4.965s] Invoking command in '/home/rover/workspaces/rover/src/perception/aruco_detector/build/aruco_detector': /usr/bin/cmake --install /home/rover/workspaces/rover/src/perception/aruco_detector/build/aruco_detector
[5.009s] -- Install configuration: ""
[5.010s] -- Installing: /home/rover/workspaces/rover/src/perception/aruco_detector/install/aruco_detector/share/ament_index/resource_index/package_run_dependencies/aruco_detector
[5.010s] -- Installing: /home/rover/workspaces/rover/src/perception/aruco_detector/install/aruco_detector/share/ament_index/resource_index/parent_prefix_path/aruco_detector
[5.011s] -- Installing: /home/rover/workspaces/rover/src/perception/aruco_detector/install/aruco_detector/share/aruco_detector/environment/ament_prefix_path.sh
[5.011s] -- Installing: /home/rover/workspaces/rover/src/perception/aruco_detector/install/aruco_detector/share/aruco_detector/environment/ament_prefix_path.dsv
[5.011s] -- Installing: /home/rover/workspaces/rover/src/perception/aruco_detector/install/aruco_detector/share/aruco_detector/environment/path.sh
[5.012s] -- Installing: /home/rover/workspaces/rover/src/perception/aruco_detector/install/aruco_detector/share/aruco_detector/environment/path.dsv
[5.012s] -- Installing: /home/rover/workspaces/rover/src/perception/aruco_detector/install/aruco_detector/share/aruco_detector/local_setup.bash
[5.012s] -- Installing: /home/rover/workspaces/rover/src/perception/aruco_detector/install/aruco_detector/share/aruco_detector/local_setup.sh
[5.013s] -- Installing: /home/rover/workspaces/rover/src/perception/aruco_detector/install/aruco_detector/share/aruco_detector/local_setup.zsh
[5.013s] -- Installing: /home/rover/workspaces/rover/src/perception/aruco_detector/install/aruco_detector/share/aruco_detector/local_setup.dsv
[5.013s] -- Installing: /home/rover/workspaces/rover/src/perception/aruco_detector/install/aruco_detector/share/aruco_detector/package.dsv
[5.014s] -- Installing: /home/rover/workspaces/rover/src/perception/aruco_detector/install/aruco_detector/share/ament_index/resource_index/packages/aruco_detector
[5.016s] -- Installing: /home/rover/workspaces/rover/src/perception/aruco_detector/install/aruco_detector/share/aruco_detector/cmake/aruco_detectorConfig.cmake
[5.017s] -- Installing: /home/rover/workspaces/rover/src/perception/aruco_detector/install/aruco_detector/share/aruco_detector/cmake/aruco_detectorConfig-version.cmake
[5.017s] -- Installing: /home/rover/workspaces/rover/src/perception/aruco_detector/install/aruco_detector/share/aruco_detector/package.xml
[5.028s] Invoked command in '/home/rover/workspaces/rover/src/perception/aruco_detector/build/aruco_detector' returned '0': /usr/bin/cmake --install /home/rover/workspaces/rover/src/perception/aruco_detector/build/aruco_detector
