[0.197s] Invoking command in '/home/rover/workspaces/rover-real/src/build/rover_simulation': CMAKE_PREFIX_PATH=/opt/ros/humble:${CMAKE_PREFIX_PATH} /usr/bin/cmake --build /home/rover/workspaces/rover-real/src/build/rover_simulation -- -j6 -l6
[0.373s] -- Found ament_cmake: 1.3.12 (/opt/ros/humble/share/ament_cmake/cmake)
[1.291s] -- Found ament_lint_auto: 0.12.14 (/opt/ros/humble/share/ament_lint_auto/cmake)
[1.824s] -- Added test 'copyright' to check source files copyright and LICENSE
[1.833s] -- Added test 'lint_cmake' to check CMake code style
[1.835s] -- Added test 'xmllint' to check XML markup files
[1.859s] -- Configuring done
[1.897s] -- Generating done
[1.921s] -- Build files have been written to: /home/rover/workspaces/rover-real/src/build/rover_simulation
[2.127s] Invoked command in '/home/rover/workspaces/rover-real/src/build/rover_simulation' returned '0': CMAKE_PREFIX_PATH=/opt/ros/humble:${CMAKE_PREFIX_PATH} /usr/bin/cmake --build /home/rover/workspaces/rover-real/src/build/rover_simulation -- -j6 -l6
[2.133s] Invoking command in '/home/rover/workspaces/rover-real/src/build/rover_simulation': CMAKE_PREFIX_PATH=/opt/ros/humble:${CMAKE_PREFIX_PATH} /usr/bin/cmake --install /home/rover/workspaces/rover-real/src/build/rover_simulation
[2.194s] -- Install configuration: ""
[2.195s] -- Up-to-date: /home/rover/workspaces/rover-real/src/install/rover_simulation/share/rover_simulation//launch
[2.201s] -- Up-to-date: /home/rover/workspaces/rover-real/src/install/rover_simulation/share/rover_simulation//config
[2.201s] -- Up-to-date: /home/rover/workspaces/rover-real/src/install/rover_simulation/share/rover_simulation//sdf
[2.201s] -- Up-to-date: /home/rover/workspaces/rover-real/src/install/rover_simulation/share/rover_simulation//worlds
[2.201s] -- Up-to-date: /home/rover/workspaces/rover-real/src/install/rover_simulation/share/rover_simulation//scripts
[2.202s] -- Up-to-date: /home/rover/workspaces/rover-real/src/install/rover_simulation/share/ament_index/resource_index/package_run_dependencies/rover_simulation
[2.202s] -- Up-to-date: /home/rover/workspaces/rover-real/src/install/rover_simulation/share/ament_index/resource_index/parent_prefix_path/rover_simulation
[2.202s] -- Up-to-date: /home/rover/workspaces/rover-real/src/install/rover_simulation/share/rover_simulation/environment/ament_prefix_path.sh
[2.203s] -- Installing: /home/rover/workspaces/rover-real/src/install/rover_simulation/share/rover_simulation/environment/ament_prefix_path.dsv
[2.203s] -- Up-to-date: /home/rover/workspaces/rover-real/src/install/rover_simulation/share/rover_simulation/environment/path.sh
[2.203s] -- Installing: /home/rover/workspaces/rover-real/src/install/rover_simulation/share/rover_simulation/environment/path.dsv
[2.203s] -- Up-to-date: /home/rover/workspaces/rover-real/src/install/rover_simulation/share/rover_simulation/local_setup.bash
[2.203s] -- Up-to-date: /home/rover/workspaces/rover-real/src/install/rover_simulation/share/rover_simulation/local_setup.sh
[2.203s] -- Up-to-date: /home/rover/workspaces/rover-real/src/install/rover_simulation/share/rover_simulation/local_setup.zsh
[2.204s] -- Installing: /home/rover/workspaces/rover-real/src/install/rover_simulation/share/rover_simulation/local_setup.dsv
[2.204s] -- Installing: /home/rover/workspaces/rover-real/src/install/rover_simulation/share/rover_simulation/package.dsv
[2.204s] -- Up-to-date: /home/rover/workspaces/rover-real/src/install/rover_simulation/share/ament_index/resource_index/packages/rover_simulation
[2.204s] -- Up-to-date: /home/rover/workspaces/rover-real/src/install/rover_simulation/share/rover_simulation/cmake/rover_simulationConfig.cmake
[2.204s] -- Up-to-date: /home/rover/workspaces/rover-real/src/install/rover_simulation/share/rover_simulation/cmake/rover_simulationConfig-version.cmake
[2.205s] -- Installing: /home/rover/workspaces/rover-real/src/install/rover_simulation/share/rover_simulation/package.xml
[2.275s] Invoked command in '/home/rover/workspaces/rover-real/src/build/rover_simulation' returned '0': CMAKE_PREFIX_PATH=/opt/ros/humble:${CMAKE_PREFIX_PATH} /usr/bin/cmake --install /home/rover/workspaces/rover-real/src/build/rover_simulation
