[0.466s] Invoking command in '/home/rover/workspaces/rover-real/src/build/gap_guidance': AMENT_PREFIX_PATH=/home/rover/workspaces/rover-real/src/install/urc_msgs:${AMENT_PREFIX_PATH} CMAKE_PREFIX_PATH=/home/rover/workspaces/rover-real/src/install/urc_msgs:${CMAKE_PREFIX_PATH} LD_LIBRARY_PATH=/home/rover/workspaces/rover-real/src/install/urc_msgs/lib:${LD_LIBRARY_PATH} PYTHONPATH=/home/rover/workspaces/rover-real/src/install/urc_msgs/local/lib/python3.10/dist-packages:${PYTHONPATH} /usr/bin/cmake --build /home/rover/workspaces/rover-real/src/build/gap_guidance -- -j6 -l6
[1.987s] Invoked command in '/home/rover/workspaces/rover-real/src/build/gap_guidance' returned '0': AMENT_PREFIX_PATH=/home/rover/workspaces/rover-real/src/install/urc_msgs:${AMENT_PREFIX_PATH} CMAKE_PREFIX_PATH=/home/rover/workspaces/rover-real/src/install/urc_msgs:${CMAKE_PREFIX_PATH} LD_LIBRARY_PATH=/home/rover/workspaces/rover-real/src/install/urc_msgs/lib:${LD_LIBRARY_PATH} PYTHONPATH=/home/rover/workspaces/rover-real/src/install/urc_msgs/local/lib/python3.10/dist-packages:${PYTHONPATH} /usr/bin/cmake --build /home/rover/workspaces/rover-real/src/build/gap_guidance -- -j6 -l6
[2.003s] Invoking command in '/home/rover/workspaces/rover-real/src/build/gap_guidance': AMENT_PREFIX_PATH=/home/rover/workspaces/rover-real/src/install/urc_msgs:${AMENT_PREFIX_PATH} CMAKE_PREFIX_PATH=/home/rover/workspaces/rover-real/src/install/urc_msgs:${CMAKE_PREFIX_PATH} LD_LIBRARY_PATH=/home/rover/workspaces/rover-real/src/install/urc_msgs/lib:${LD_LIBRARY_PATH} PYTHONPATH=/home/rover/workspaces/rover-real/src/install/urc_msgs/local/lib/python3.10/dist-packages:${PYTHONPATH} /usr/bin/cmake --install /home/rover/workspaces/rover-real/src/build/gap_guidance
[2.136s] -- Install configuration: ""
[2.136s] -- Up-to-date: /home/rover/workspaces/rover-real/src/install/gap_guidance/share/ament_index/resource_index/package_run_dependencies/gap_guidance
[2.136s] -- Up-to-date: /home/rover/workspaces/rover-real/src/install/gap_guidance/share/ament_index/resource_index/parent_prefix_path/gap_guidance
[2.136s] -- Up-to-date: /home/rover/workspaces/rover-real/src/install/gap_guidance/share/gap_guidance/environment/ament_prefix_path.sh
[2.137s] -- Up-to-date: /home/rover/workspaces/rover-real/src/install/gap_guidance/share/gap_guidance/environment/ament_prefix_path.dsv
[2.137s] -- Up-to-date: /home/rover/workspaces/rover-real/src/install/gap_guidance/share/gap_guidance/environment/path.sh
[2.137s] -- Up-to-date: /home/rover/workspaces/rover-real/src/install/gap_guidance/share/gap_guidance/environment/path.dsv
[2.137s] -- Up-to-date: /home/rover/workspaces/rover-real/src/install/gap_guidance/share/gap_guidance/local_setup.bash
[2.137s] -- Up-to-date: /home/rover/workspaces/rover-real/src/install/gap_guidance/share/gap_guidance/local_setup.sh
[2.137s] -- Up-to-date: /home/rover/workspaces/rover-real/src/install/gap_guidance/share/gap_guidance/local_setup.zsh
[2.138s] -- Up-to-date: /home/rover/workspaces/rover-real/src/install/gap_guidance/share/gap_guidance/local_setup.dsv
[2.138s] -- Up-to-date: /home/rover/workspaces/rover-real/src/install/gap_guidance/share/gap_guidance/package.dsv
[2.138s] -- Up-to-date: /home/rover/workspaces/rover-real/src/install/gap_guidance/share/ament_index/resource_index/packages/gap_guidance
[2.138s] -- Up-to-date: /home/rover/workspaces/rover-real/src/install/gap_guidance/share/gap_guidance/cmake/gap_guidanceConfig.cmake
[2.138s] -- Up-to-date: /home/rover/workspaces/rover-real/src/install/gap_guidance/share/gap_guidance/cmake/gap_guidanceConfig-version.cmake
[2.138s] -- Up-to-date: /home/rover/workspaces/rover-real/src/install/gap_guidance/share/gap_guidance/package.xml
[2.305s] Invoked command in '/home/rover/workspaces/rover-real/src/build/gap_guidance' returned '0': AMENT_PREFIX_PATH=/home/rover/workspaces/rover-real/src/install/urc_msgs:${AMENT_PREFIX_PATH} CMAKE_PREFIX_PATH=/home/rover/workspaces/rover-real/src/install/urc_msgs:${CMAKE_PREFIX_PATH} LD_LIBRARY_PATH=/home/rover/workspaces/rover-real/src/install/urc_msgs/lib:${LD_LIBRARY_PATH} PYTHONPATH=/home/rover/workspaces/rover-real/src/install/urc_msgs/local/lib/python3.10/dist-packages:${PYTHONPATH} /usr/bin/cmake --install /home/rover/workspaces/rover-real/src/build/gap_guidance
