[0.076s] Invoking command in '/home/rover/workspaces/rover-real/src/build/arm_template': CMAKE_PREFIX_PATH=/opt/ros/humble:${CMAKE_PREFIX_PATH} /usr/bin/cmake /home/rover/workspaces/rover-real/src/moveit/arm_template -DCMAKE_INSTALL_PREFIX=/home/rover/workspaces/rover-real/src/install/arm_template
[0.270s] -- The C compiler identification is GNU 11.4.0
[0.439s] -- The CXX compiler identification is GNU 11.4.0
[0.458s] -- Detecting C compiler ABI info
[0.707s] -- Detecting C compiler ABI info - done
[0.729s] -- Check for working C compiler: /usr/bin/cc - skipped
[0.730s] -- Detecting C compile features
[0.732s] -- Detecting C compile features - done
[0.743s] -- Detecting CXX compiler ABI info
[1.024s] -- Detecting CXX compiler ABI info - done
[1.062s] -- Check for working CXX compiler: /usr/bin/c++ - skipped
[1.064s] -- Detecting CXX compile features
[1.083s] -- Detecting CXX compile features - done
[1.091s] -- Found ament_cmake: 1.3.12 (/opt/ros/humble/share/ament_cmake/cmake)
[1.657s] -- Found Python3: /usr/bin/python3 (found version "3.10.12") found components: Interpreter 
[2.028s] -- Found rclcpp: 16.0.14 (/opt/ros/humble/share/rclcpp/cmake)
[2.141s] -- Found rosidl_generator_c: 3.1.7 (/opt/ros/humble/share/rosidl_generator_c/cmake)
[2.156s] -- Found rosidl_adapter: 3.1.7 (/opt/ros/humble/share/rosidl_adapter/cmake)
[2.178s] -- Found rosidl_generator_cpp: 3.1.7 (/opt/ros/humble/share/rosidl_generator_cpp/cmake)
[2.232s] -- Using all available rosidl_typesupport_c: rosidl_typesupport_fastrtps_c;rosidl_typesupport_introspection_c
[2.292s] -- Using all available rosidl_typesupport_cpp: rosidl_typesupport_fastrtps_cpp;rosidl_typesupport_introspection_cpp
[2.431s] -- Found rmw_implementation_cmake: 6.1.2 (/opt/ros/humble/share/rmw_implementation_cmake/cmake)
[2.437s] -- Found rmw_cyclonedds_cpp: 1.3.4 (/opt/ros/humble/share/rmw_cyclonedds_cpp/cmake)
[2.500s] -- Using RMW implementation 'rmw_cyclonedds_cpp' as default
[2.525s] -- Looking for pthread.h
[2.810s] -- Looking for pthread.h - found
[2.811s] -- Performing Test CMAKE_HAVE_LIBC_PTHREAD
[3.161s] -- Performing Test CMAKE_HAVE_LIBC_PTHREAD - Success
[3.164s] -- Found Threads: TRUE  
[3.310s] -- Found rclpy: 3.3.17 (/opt/ros/humble/share/rclpy/cmake)
[3.672s] -- Found ament_lint_auto: 0.12.14 (/opt/ros/humble/share/ament_lint_auto/cmake)
[4.029s] -- Added test 'copyright' to check source files copyright and LICENSE
[4.042s] -- Added test 'flake8' to check Python code syntax and style conventions
[4.044s] -- Added test 'lint_cmake' to check CMake code style
[4.045s] -- Added test 'pep257' to check Python code against some of the docstring style conventions in PEP 257
[4.050s] -- Added test 'xmllint' to check XML markup files
[4.053s] -- Configuring done
[4.072s] -- Generating done
[4.080s] -- Build files have been written to: /home/rover/workspaces/rover-real/src/build/arm_template
[4.143s] Invoked command in '/home/rover/workspaces/rover-real/src/build/arm_template' returned '0': CMAKE_PREFIX_PATH=/opt/ros/humble:${CMAKE_PREFIX_PATH} /usr/bin/cmake /home/rover/workspaces/rover-real/src/moveit/arm_template -DCMAKE_INSTALL_PREFIX=/home/rover/workspaces/rover-real/src/install/arm_template
[4.144s] Invoking command in '/home/rover/workspaces/rover-real/src/build/arm_template': CMAKE_PREFIX_PATH=/opt/ros/humble:${CMAKE_PREFIX_PATH} /usr/bin/cmake --build /home/rover/workspaces/rover-real/src/build/arm_template -- -j6 -l6
[4.802s] Built target ament_cmake_python_copy_arm_template
[5.536s] running egg_info
[5.538s] creating arm_template.egg-info
[5.541s] writing arm_template.egg-info/PKG-INFO
[5.551s] writing dependency_links to arm_template.egg-info/dependency_links.txt
[5.551s] writing top-level names to arm_template.egg-info/top_level.txt
[5.551s] writing manifest file 'arm_template.egg-info/SOURCES.txt'
[5.557s] reading manifest file 'arm_template.egg-info/SOURCES.txt'
[5.560s] writing manifest file 'arm_template.egg-info/SOURCES.txt'
[5.838s] Built target ament_cmake_python_build_arm_template_egg
[5.903s] Invoked command in '/home/rover/workspaces/rover-real/src/build/arm_template' returned '0': CMAKE_PREFIX_PATH=/opt/ros/humble:${CMAKE_PREFIX_PATH} /usr/bin/cmake --build /home/rover/workspaces/rover-real/src/build/arm_template -- -j6 -l6
[5.913s] Invoking command in '/home/rover/workspaces/rover-real/src/build/arm_template': CMAKE_PREFIX_PATH=/opt/ros/humble:${CMAKE_PREFIX_PATH} /usr/bin/cmake --install /home/rover/workspaces/rover-real/src/build/arm_template
[5.947s] -- Install configuration: ""
[5.947s] -- Installing: /home/rover/workspaces/rover-real/src/install/arm_template/share/arm_template//config
[5.948s] -- Installing: /home/rover/workspaces/rover-real/src/install/arm_template/share/arm_template//config/arm_params.yaml
[5.955s] -- Installing: /home/rover/workspaces/rover-real/src/install/arm_template/share/arm_template//urdf
[5.956s] -- Installing: /home/rover/workspaces/rover-real/src/install/arm_template/share/arm_template//urdf/gripper_template.urdf.xacro
[5.956s] -- Installing: /home/rover/workspaces/rover-real/src/install/arm_template/share/arm_template//urdf/arm_template.urdf.xacro
[5.956s] -- Installing: /home/rover/workspaces/rover-real/src/install/arm_template/share/arm_template//urdf/tools
[5.956s] -- Installing: /home/rover/workspaces/rover-real/src/install/arm_template/share/arm_template//urdf/tools/wrench.urdf.xacro
[5.956s] -- Installing: /home/rover/workspaces/rover-real/src/install/arm_template/share/arm_template//urdf/tools/probe.urdf.xacro
[5.957s] -- Installing: /home/rover/workspaces/rover-real/src/install/arm_template/share/arm_template//urdf/tools/scoop.urdf.xacro
[5.957s] -- Installing: /home/rover/workspaces/rover-real/src/install/arm_template/share/arm_template//launch
[5.957s] -- Installing: /home/rover/workspaces/rover-real/src/install/arm_template/share/arm_template//launch/demo.launch.py
[5.957s] -- Installing: /home/rover/workspaces/rover-real/src/install/arm_template/share/arm_template//launch/generate_configs.launch.py
[5.957s] -- Installing: /home/rover/workspaces/rover-real/src/install/arm_template/share/arm_template//rviz
[5.957s] -- Installing: /home/rover/workspaces/rover-real/src/install/arm_template/share/arm_template//rviz/arm_template.rviz
[5.957s] -- Installing: /home/rover/workspaces/rover-real/src/install/arm_template/share/arm_template/environment/pythonpath.sh
[5.958s] -- Installing: /home/rover/workspaces/rover-real/src/install/arm_template/share/arm_template/environment/pythonpath.dsv
[5.958s] -- Installing: /home/rover/workspaces/rover-real/src/install/arm_template/local/lib/python3.10/dist-packages/arm_template-1.0.0-py3.10.egg-info
[5.958s] -- Installing: /home/rover/workspaces/rover-real/src/install/arm_template/local/lib/python3.10/dist-packages/arm_template-1.0.0-py3.10.egg-info/top_level.txt
[5.959s] -- Installing: /home/rover/workspaces/rover-real/src/install/arm_template/local/lib/python3.10/dist-packages/arm_template-1.0.0-py3.10.egg-info/SOURCES.txt
[5.959s] -- Installing: /home/rover/workspaces/rover-real/src/install/arm_template/local/lib/python3.10/dist-packages/arm_template-1.0.0-py3.10.egg-info/PKG-INFO
[5.959s] -- Installing: /home/rover/workspaces/rover-real/src/install/arm_template/local/lib/python3.10/dist-packages/arm_template-1.0.0-py3.10.egg-info/dependency_links.txt
[5.959s] -- Installing: /home/rover/workspaces/rover-real/src/install/arm_template/local/lib/python3.10/dist-packages/arm_template
[5.959s] -- Installing: /home/rover/workspaces/rover-real/src/install/arm_template/local/lib/python3.10/dist-packages/arm_template/__init__.py
[6.076s] Listing '/home/rover/workspaces/rover-real/src/install/arm_template/local/lib/python3.10/dist-packages/arm_template'...
[6.077s] Compiling '/home/rover/workspaces/rover-real/src/install/arm_template/local/lib/python3.10/dist-packages/arm_template/__init__.py'...
[6.088s] -- Installing: /home/rover/workspaces/rover-real/src/install/arm_template/lib/arm_template/generate_srdf.py
[6.090s] -- Installing: /home/rover/workspaces/rover-real/src/install/arm_template/lib/arm_template/generate_moveit_config.py
[6.090s] -- Installing: /home/rover/workspaces/rover-real/src/install/arm_template/lib/arm_template/setup_assistant_wrapper.py
[6.091s] -- Installing: /home/rover/workspaces/rover-real/src/install/arm_template/lib/arm_template/validate_params.py
[6.092s] -- Installing: /home/rover/workspaces/rover-real/src/install/arm_template/share/ament_index/resource_index/package_run_dependencies/arm_template
[6.095s] -- Installing: /home/rover/workspaces/rover-real/src/install/arm_template/share/ament_index/resource_index/parent_prefix_path/arm_template
[6.107s] -- Installing: /home/rover/workspaces/rover-real/src/install/arm_template/share/arm_template/environment/ament_prefix_path.sh
[6.109s] -- Installing: /home/rover/workspaces/rover-real/src/install/arm_template/share/arm_template/environment/ament_prefix_path.dsv
[6.112s] -- Installing: /home/rover/workspaces/rover-real/src/install/arm_template/share/arm_template/environment/path.sh
[6.112s] -- Installing: /home/rover/workspaces/rover-real/src/install/arm_template/share/arm_template/environment/path.dsv
[6.112s] -- Installing: /home/rover/workspaces/rover-real/src/install/arm_template/share/arm_template/local_setup.bash
[6.112s] -- Installing: /home/rover/workspaces/rover-real/src/install/arm_template/share/arm_template/local_setup.sh
[6.112s] -- Installing: /home/rover/workspaces/rover-real/src/install/arm_template/share/arm_template/local_setup.zsh
[6.112s] -- Installing: /home/rover/workspaces/rover-real/src/install/arm_template/share/arm_template/local_setup.dsv
[6.113s] -- Installing: /home/rover/workspaces/rover-real/src/install/arm_template/share/arm_template/package.dsv
[6.113s] -- Installing: /home/rover/workspaces/rover-real/src/install/arm_template/share/ament_index/resource_index/packages/arm_template
[6.113s] -- Installing: /home/rover/workspaces/rover-real/src/install/arm_template/share/arm_template/cmake/arm_templateConfig.cmake
[6.113s] -- Installing: /home/rover/workspaces/rover-real/src/install/arm_template/share/arm_template/cmake/arm_templateConfig-version.cmake
[6.113s] -- Installing: /home/rover/workspaces/rover-real/src/install/arm_template/share/arm_template/package.xml
[6.131s] Invoked command in '/home/rover/workspaces/rover-real/src/build/arm_template' returned '0': CMAKE_PREFIX_PATH=/opt/ros/humble:${CMAKE_PREFIX_PATH} /usr/bin/cmake --install /home/rover/workspaces/rover-real/src/build/arm_template
