[4.940s] Invoking command in '/home/rover/workspaces/rover-real/src/perception/object_detection': PYTHONPATH=/home/rover/workspaces/rover-real/src/build/object_detection/prefix_override:/usr/lib/python3/dist-packages/colcon_core/task/python/colcon_distutils_commands:/home/rover/workspaces/rover-real/src/install/object_detection/lib/python3.10/site-packages:${PYTHONPATH} /usr/bin/python3 -W ignore:setup.py install is deprecated -W ignore:easy_install command is deprecated setup.py egg_info --egg-base ../../build/object_detection build --build-base /home/rover/workspaces/rover-real/src/build/object_detection/build install --record /home/rover/workspaces/rover-real/src/build/object_detection/install.log --single-version-externally-managed install_data
[6.326s] running egg_info
[6.328s] creating ../../build/object_detection/object_detection.egg-info
[6.329s] writing ../../build/object_detection/object_detection.egg-info/PKG-INFO
[6.330s] writing dependency_links to ../../build/object_detection/object_detection.egg-info/dependency_links.txt
[6.330s] writing entry points to ../../build/object_detection/object_detection.egg-info/entry_points.txt
[6.331s] writing requirements to ../../build/object_detection/object_detection.egg-info/requires.txt
[6.331s] writing top-level names to ../../build/object_detection/object_detection.egg-info/top_level.txt
[6.333s] writing manifest file '../../build/object_detection/object_detection.egg-info/SOURCES.txt'
[6.341s] reading manifest file '../../build/object_detection/object_detection.egg-info/SOURCES.txt'
[6.356s] writing manifest file '../../build/object_detection/object_detection.egg-info/SOURCES.txt'
[6.359s] running build
[6.359s] running build_py
[6.362s] creating /home/rover/workspaces/rover-real/src/build/object_detection/build
[6.365s] creating /home/rover/workspaces/rover-real/src/build/object_detection/build/lib
[6.367s] creating /home/rover/workspaces/rover-real/src/build/object_detection/build/lib/object_detection
[6.367s] copying object_detection/node.py -> /home/rover/workspaces/rover-real/src/build/object_detection/build/lib/object_detection
[6.368s] copying object_detection/__init__.py -> /home/rover/workspaces/rover-real/src/build/object_detection/build/lib/object_detection
[6.369s] running install
[6.371s] running install_lib
[6.375s] creating /home/rover/workspaces/rover-real/src/install/object_detection/lib/python3.10/site-packages/object_detection
[6.386s] copying /home/rover/workspaces/rover-real/src/build/object_detection/build/lib/object_detection/node.py -> /home/rover/workspaces/rover-real/src/install/object_detection/lib/python3.10/site-packages/object_detection
[6.388s] copying /home/rover/workspaces/rover-real/src/build/object_detection/build/lib/object_detection/__init__.py -> /home/rover/workspaces/rover-real/src/install/object_detection/lib/python3.10/site-packages/object_detection
[6.391s] byte-compiling /home/rover/workspaces/rover-real/src/install/object_detection/lib/python3.10/site-packages/object_detection/node.py to node.cpython-310.pyc
[6.394s] byte-compiling /home/rover/workspaces/rover-real/src/install/object_detection/lib/python3.10/site-packages/object_detection/__init__.py to __init__.cpython-310.pyc
[6.395s] running install_data
[6.396s] creating /home/rover/workspaces/rover-real/src/install/object_detection/share/ament_index
[6.397s] creating /home/rover/workspaces/rover-real/src/install/object_detection/share/ament_index/resource_index
[6.398s] creating /home/rover/workspaces/rover-real/src/install/object_detection/share/ament_index/resource_index/packages
[6.399s] copying resource/object_detection -> /home/rover/workspaces/rover-real/src/install/object_detection/share/ament_index/resource_index/packages
[6.400s] copying package.xml -> /home/rover/workspaces/rover-real/src/install/object_detection/share/object_detection
[6.401s] creating /home/rover/workspaces/rover-real/src/install/object_detection/share/object_detection/launch
[6.401s] copying launch/object_detection.launch.py -> /home/rover/workspaces/rover-real/src/install/object_detection/share/object_detection/launch
[6.402s] creating /home/rover/workspaces/rover-real/src/install/object_detection/share/object_detection/config
[6.403s] copying config/detector_params.yaml -> /home/rover/workspaces/rover-real/src/install/object_detection/share/object_detection/config
[6.404s] running install_egg_info
[6.412s] Copying ../../build/object_detection/object_detection.egg-info to /home/rover/workspaces/rover-real/src/install/object_detection/lib/python3.10/site-packages/object_detection-0.0.0-py3.10.egg-info
[6.416s] running install_scripts
[6.498s] Installing object_detection_node script to /home/rover/workspaces/rover-real/src/install/object_detection/bin
[6.504s] writing list of installed files to '/home/rover/workspaces/rover-real/src/build/object_detection/install.log'
[6.752s] Invoked command in '/home/rover/workspaces/rover-real/src/perception/object_detection' returned '0': PYTHONPATH=/home/rover/workspaces/rover-real/src/build/object_detection/prefix_override:/usr/lib/python3/dist-packages/colcon_core/task/python/colcon_distutils_commands:/home/rover/workspaces/rover-real/src/install/object_detection/lib/python3.10/site-packages:${PYTHONPATH} /usr/bin/python3 -W ignore:setup.py install is deprecated -W ignore:easy_install command is deprecated setup.py egg_info --egg-base ../../build/object_detection build --build-base /home/rover/workspaces/rover-real/src/build/object_detection/build install --record /home/rover/workspaces/rover-real/src/build/object_detection/install.log --single-version-externally-managed install_data
