[  1%] Built target urc_msgs__cpp
[  1%] Built target ament_cmake_python_copy_urc_msgs
[35m[1mConsolidate compiler generated dependencies of target urc_msgs__rosidl_typesupport_introspection_cpp[0m
[ 12%] Built target urc_msgs__rosidl_typesupport_introspection_cpp
running egg_info
writing urc_msgs.egg-info/PKG-INFO
writing dependency_links to urc_msgs.egg-info/dependency_links.txt
writing top-level names to urc_msgs.egg-info/top_level.txt
reading manifest file 'urc_msgs.egg-info/SOURCES.txt'
writing manifest file 'urc_msgs.egg-info/SOURCES.txt'
[ 12%] Built target ament_cmake_python_build_urc_msgs_egg
[35m[1mConsolidate compiler generated dependencies of target urc_msgs__rosidl_typesupport_fastrtps_cpp[0m
[ 23%] Built target urc_msgs__rosidl_typesupport_fastrtps_cpp
[35m[1mConsolidate compiler generated dependencies of target urc_msgs__rosidl_typesupport_cpp[0m
[ 34%] Built target urc_msgs__rosidl_typesupport_cpp
[35m[1mConsolidate compiler generated dependencies of target urc_msgs__rosidl_generator_c[0m
[ 45%] Built target urc_msgs__rosidl_generator_c
[35m[1mConsolidate compiler generated dependencies of target urc_msgs__rosidl_typesupport_fastrtps_c[0m
[ 56%] Built target urc_msgs__rosidl_typesupport_fastrtps_c
[35m[1mConsolidate compiler generated dependencies of target urc_msgs__rosidl_typesupport_c[0m
[ 67%] Built target urc_msgs__rosidl_typesupport_c
[35m[1mConsolidate compiler generated dependencies of target urc_msgs__rosidl_typesupport_introspection_c[0m
[ 78%] Built target urc_msgs__rosidl_typesupport_introspection_c
[ 78%] Built target urc_msgs
[ 80%] Built target urc_msgs__py
[35m[1mConsolidate compiler generated dependencies of target urc_msgs__rosidl_generator_py[0m
[ 89%] Built target urc_msgs__rosidl_generator_py
[35m[1mConsolidate compiler generated dependencies of target urc_msgs__rosidl_typesupport_fastrtps_c__pyext[0m
[ 92%] Built target urc_msgs__rosidl_typesupport_fastrtps_c__pyext
[35m[1mConsolidate compiler generated dependencies of target urc_msgs__rosidl_typesupport_c__pyext[0m
[ 96%] Built target urc_msgs__rosidl_typesupport_c__pyext
[35m[1mConsolidate compiler generated dependencies of target urc_msgs__rosidl_typesupport_introspection_c__pyext[0m
[100%] Built target urc_msgs__rosidl_typesupport_introspection_c__pyext
-- Install configuration: ""
-- Up-to-date: /home/rover/workspaces/rover-real/src/install/urc_msgs/share/ament_index/resource_index/rosidl_interfaces/urc_msgs
-- Up-to-date: /home/rover/workspaces/rover-real/src/install/urc_msgs/include/urc_msgs/urc_msgs
-- Up-to-date: /home/rover/workspaces/rover-real/src/install/urc_msgs/include/urc_msgs/urc_msgs/msg
-- Up-to-date: /home/rover/workspaces/rover-real/src/install/urc_msgs/include/urc_msgs/urc_msgs/msg/rosidl_generator_c__visibility_control.h
-- Up-to-date: /home/rover/workspaces/rover-real/src/install/urc_msgs/include/urc_msgs/urc_msgs/msg/gap_diag.h
-- Up-to-date: /home/rover/workspaces/rover-real/src/install/urc_msgs/include/urc_msgs/urc_msgs/msg/detail
-- Up-to-date: /home/rover/workspaces/rover-real/src/install/urc_msgs/include/urc_msgs/urc_msgs/msg/detail/gap_cmd__type_support.h
-- Up-to-date: /home/rover/workspaces/rover-real/src/install/urc_msgs/include/urc_msgs/urc_msgs/msg/detail/rover_status__struct.h
-- Up-to-date: /home/rover/workspaces/rover-real/src/install/urc_msgs/include/urc_msgs/urc_msgs/msg/detail/gap_diag__type_support.h
-- Up-to-date: /home/rover/workspaces/rover-real/src/install/urc_msgs/include/urc_msgs/urc_msgs/msg/detail/science_data__struct.h
-- Up-to-date: /home/rover/workspaces/rover-real/src/install/urc_msgs/include/urc_msgs/urc_msgs/msg/detail/science_data__functions.c
-- Up-to-date: /home/rover/workspaces/rover-real/src/install/urc_msgs/include/urc_msgs/urc_msgs/msg/detail/gap_cmd__functions.c
-- Up-to-date: /home/rover/workspaces/rover-real/src/install/urc_msgs/include/urc_msgs/urc_msgs/msg/detail/science_data__functions.h
-- Up-to-date: /home/rover/workspaces/rover-real/src/install/urc_msgs/include/urc_msgs/urc_msgs/msg/detail/rover_status__type_support.h
-- Up-to-date: /home/rover/workspaces/rover-real/src/install/urc_msgs/include/urc_msgs/urc_msgs/msg/detail/gap_cmd__struct.h
-- Up-to-date: /home/rover/workspaces/rover-real/src/install/urc_msgs/include/urc_msgs/urc_msgs/msg/detail/science_data__type_support.h
-- Up-to-date: /home/rover/workspaces/rover-real/src/install/urc_msgs/include/urc_msgs/urc_msgs/msg/detail/gap_diag__struct.h
-- Up-to-date: /home/rover/workspaces/rover-real/src/install/urc_msgs/include/urc_msgs/urc_msgs/msg/detail/gap_diag__functions.h
-- Up-to-date: /home/rover/workspaces/rover-real/src/install/urc_msgs/include/urc_msgs/urc_msgs/msg/detail/gap_diag__functions.c
-- Up-to-date: /home/rover/workspaces/rover-real/src/install/urc_msgs/include/urc_msgs/urc_msgs/msg/detail/rover_status__functions.c
-- Up-to-date: /home/rover/workspaces/rover-real/src/install/urc_msgs/include/urc_msgs/urc_msgs/msg/detail/rover_status__functions.h
-- Up-to-date: /home/rover/workspaces/rover-real/src/install/urc_msgs/include/urc_msgs/urc_msgs/msg/detail/gap_cmd__functions.h
-- Up-to-date: /home/rover/workspaces/rover-real/src/install/urc_msgs/include/urc_msgs/urc_msgs/msg/science_data.h
-- Up-to-date: /home/rover/workspaces/rover-real/src/install/urc_msgs/include/urc_msgs/urc_msgs/msg/gap_cmd.h
-- Up-to-date: /home/rover/workspaces/rover-real/src/install/urc_msgs/include/urc_msgs/urc_msgs/msg/rover_status.h
-- Up-to-date: /home/rover/workspaces/rover-real/src/install/urc_msgs/share/urc_msgs/environment/library_path.sh
-- Up-to-date: /home/rover/workspaces/rover-real/src/install/urc_msgs/share/urc_msgs/environment/library_path.dsv
-- Up-to-date: /home/rover/workspaces/rover-real/src/install/urc_msgs/lib/liburc_msgs__rosidl_generator_c.so
-- Up-to-date: /home/rover/workspaces/rover-real/src/install/urc_msgs/include/urc_msgs/urc_msgs
-- Up-to-date: /home/rover/workspaces/rover-real/src/install/urc_msgs/include/urc_msgs/urc_msgs/msg
-- Up-to-date: /home/rover/workspaces/rover-real/src/install/urc_msgs/include/urc_msgs/urc_msgs/msg/detail
-- Up-to-date: /home/rover/workspaces/rover-real/src/install/urc_msgs/include/urc_msgs/urc_msgs/msg/detail/science_data__rosidl_typesupport_fastrtps_c.h
-- Up-to-date: /home/rover/workspaces/rover-real/src/install/urc_msgs/include/urc_msgs/urc_msgs/msg/detail/gap_cmd__rosidl_typesupport_fastrtps_c.h
-- Up-to-date: /home/rover/workspaces/rover-real/src/install/urc_msgs/include/urc_msgs/urc_msgs/msg/detail/rover_status__rosidl_typesupport_fastrtps_c.h
-- Up-to-date: /home/rover/workspaces/rover-real/src/install/urc_msgs/include/urc_msgs/urc_msgs/msg/detail/gap_diag__rosidl_typesupport_fastrtps_c.h
-- Up-to-date: /home/rover/workspaces/rover-real/src/install/urc_msgs/include/urc_msgs/urc_msgs/msg/rosidl_typesupport_fastrtps_c__visibility_control.h
-- Up-to-date: /home/rover/workspaces/rover-real/src/install/urc_msgs/lib/liburc_msgs__rosidl_typesupport_fastrtps_c.so
-- Up-to-date: /home/rover/workspaces/rover-real/src/install/urc_msgs/include/urc_msgs/urc_msgs
-- Up-to-date: /home/rover/workspaces/rover-real/src/install/urc_msgs/include/urc_msgs/urc_msgs/msg
-- Up-to-date: /home/rover/workspaces/rover-real/src/install/urc_msgs/include/urc_msgs/urc_msgs/msg/detail
-- Up-to-date: /home/rover/workspaces/rover-real/src/install/urc_msgs/include/urc_msgs/urc_msgs/msg/detail/gap_diag__type_support.c
-- Up-to-date: /home/rover/workspaces/rover-real/src/install/urc_msgs/include/urc_msgs/urc_msgs/msg/detail/gap_cmd__rosidl_typesupport_introspection_c.h
-- Up-to-date: /home/rover/workspaces/rover-real/src/install/urc_msgs/include/urc_msgs/urc_msgs/msg/detail/science_data__rosidl_typesupport_introspection_c.h
-- Up-to-date: /home/rover/workspaces/rover-real/src/install/urc_msgs/include/urc_msgs/urc_msgs/msg/detail/gap_cmd__type_support.c
-- Up-to-date: /home/rover/workspaces/rover-real/src/install/urc_msgs/include/urc_msgs/urc_msgs/msg/detail/rover_status__type_support.c
-- Up-to-date: /home/rover/workspaces/rover-real/src/install/urc_msgs/include/urc_msgs/urc_msgs/msg/detail/rover_status__rosidl_typesupport_introspection_c.h
-- Up-to-date: /home/rover/workspaces/rover-real/src/install/urc_msgs/include/urc_msgs/urc_msgs/msg/detail/gap_diag__rosidl_typesupport_introspection_c.h
-- Up-to-date: /home/rover/workspaces/rover-real/src/install/urc_msgs/include/urc_msgs/urc_msgs/msg/detail/science_data__type_support.c
-- Up-to-date: /home/rover/workspaces/rover-real/src/install/urc_msgs/include/urc_msgs/urc_msgs/msg/rosidl_typesupport_introspection_c__visibility_control.h
-- Up-to-date: /home/rover/workspaces/rover-real/src/install/urc_msgs/lib/liburc_msgs__rosidl_typesupport_introspection_c.so
-- Up-to-date: /home/rover/workspaces/rover-real/src/install/urc_msgs/lib/liburc_msgs__rosidl_typesupport_c.so
-- Up-to-date: /home/rover/workspaces/rover-real/src/install/urc_msgs/include/urc_msgs/urc_msgs
-- Up-to-date: /home/rover/workspaces/rover-real/src/install/urc_msgs/include/urc_msgs/urc_msgs/msg
-- Up-to-date: /home/rover/workspaces/rover-real/src/install/urc_msgs/include/urc_msgs/urc_msgs/msg/rover_status.hpp
-- Up-to-date: /home/rover/workspaces/rover-real/src/install/urc_msgs/include/urc_msgs/urc_msgs/msg/science_data.hpp
-- Up-to-date: /home/rover/workspaces/rover-real/src/install/urc_msgs/include/urc_msgs/urc_msgs/msg/rosidl_generator_cpp__visibility_control.hpp
-- Up-to-date: /home/rover/workspaces/rover-real/src/install/urc_msgs/include/urc_msgs/urc_msgs/msg/gap_cmd.hpp
-- Up-to-date: /home/rover/workspaces/rover-real/src/install/urc_msgs/include/urc_msgs/urc_msgs/msg/detail
-- Up-to-date: /home/rover/workspaces/rover-real/src/install/urc_msgs/include/urc_msgs/urc_msgs/msg/detail/gap_cmd__struct.hpp
-- Up-to-date: /home/rover/workspaces/rover-real/src/install/urc_msgs/include/urc_msgs/urc_msgs/msg/detail/science_data__struct.hpp
-- Up-to-date: /home/rover/workspaces/rover-real/src/install/urc_msgs/include/urc_msgs/urc_msgs/msg/detail/rover_status__struct.hpp
-- Up-to-date: /home/rover/workspaces/rover-real/src/install/urc_msgs/include/urc_msgs/urc_msgs/msg/detail/gap_cmd__type_support.hpp
-- Up-to-date: /home/rover/workspaces/rover-real/src/install/urc_msgs/include/urc_msgs/urc_msgs/msg/detail/science_data__type_support.hpp
-- Up-to-date: /home/rover/workspaces/rover-real/src/install/urc_msgs/include/urc_msgs/urc_msgs/msg/detail/science_data__builder.hpp
-- Up-to-date: /home/rover/workspaces/rover-real/src/install/urc_msgs/include/urc_msgs/urc_msgs/msg/detail/rover_status__traits.hpp
-- Up-to-date: /home/rover/workspaces/rover-real/src/install/urc_msgs/include/urc_msgs/urc_msgs/msg/detail/rover_status__builder.hpp
-- Up-to-date: /home/rover/workspaces/rover-real/src/install/urc_msgs/include/urc_msgs/urc_msgs/msg/detail/gap_cmd__traits.hpp
-- Up-to-date: /home/rover/workspaces/rover-real/src/install/urc_msgs/include/urc_msgs/urc_msgs/msg/detail/gap_diag__traits.hpp
-- Up-to-date: /home/rover/workspaces/rover-real/src/install/urc_msgs/include/urc_msgs/urc_msgs/msg/detail/rover_status__type_support.hpp
-- Up-to-date: /home/rover/workspaces/rover-real/src/install/urc_msgs/include/urc_msgs/urc_msgs/msg/detail/gap_cmd__builder.hpp
-- Up-to-date: /home/rover/workspaces/rover-real/src/install/urc_msgs/include/urc_msgs/urc_msgs/msg/detail/gap_diag__struct.hpp
-- Up-to-date: /home/rover/workspaces/rover-real/src/install/urc_msgs/include/urc_msgs/urc_msgs/msg/detail/gap_diag__builder.hpp
-- Up-to-date: /home/rover/workspaces/rover-real/src/install/urc_msgs/include/urc_msgs/urc_msgs/msg/detail/science_data__traits.hpp
-- Up-to-date: /home/rover/workspaces/rover-real/src/install/urc_msgs/include/urc_msgs/urc_msgs/msg/detail/gap_diag__type_support.hpp
-- Up-to-date: /home/rover/workspaces/rover-real/src/install/urc_msgs/include/urc_msgs/urc_msgs/msg/gap_diag.hpp
-- Up-to-date: /home/rover/workspaces/rover-real/src/install/urc_msgs/include/urc_msgs/urc_msgs
-- Up-to-date: /home/rover/workspaces/rover-real/src/install/urc_msgs/include/urc_msgs/urc_msgs/msg
-- Up-to-date: /home/rover/workspaces/rover-real/src/install/urc_msgs/include/urc_msgs/urc_msgs/msg/detail
-- Up-to-date: /home/rover/workspaces/rover-real/src/install/urc_msgs/include/urc_msgs/urc_msgs/msg/detail/dds_fastrtps
-- Up-to-date: /home/rover/workspaces/rover-real/src/install/urc_msgs/include/urc_msgs/urc_msgs/msg/detail/science_data__rosidl_typesupport_fastrtps_cpp.hpp
-- Up-to-date: /home/rover/workspaces/rover-real/src/install/urc_msgs/include/urc_msgs/urc_msgs/msg/detail/rover_status__rosidl_typesupport_fastrtps_cpp.hpp
-- Up-to-date: /home/rover/workspaces/rover-real/src/install/urc_msgs/include/urc_msgs/urc_msgs/msg/detail/gap_diag__rosidl_typesupport_fastrtps_cpp.hpp
-- Up-to-date: /home/rover/workspaces/rover-real/src/install/urc_msgs/include/urc_msgs/urc_msgs/msg/detail/gap_cmd__rosidl_typesupport_fastrtps_cpp.hpp
-- Up-to-date: /home/rover/workspaces/rover-real/src/install/urc_msgs/include/urc_msgs/urc_msgs/msg/rosidl_typesupport_fastrtps_cpp__visibility_control.h
-- Up-to-date: /home/rover/workspaces/rover-real/src/install/urc_msgs/lib/liburc_msgs__rosidl_typesupport_fastrtps_cpp.so
-- Up-to-date: /home/rover/workspaces/rover-real/src/install/urc_msgs/include/urc_msgs/urc_msgs
-- Up-to-date: /home/rover/workspaces/rover-real/src/install/urc_msgs/include/urc_msgs/urc_msgs/msg
-- Up-to-date: /home/rover/workspaces/rover-real/src/install/urc_msgs/include/urc_msgs/urc_msgs/msg/detail
-- Up-to-date: /home/rover/workspaces/rover-real/src/install/urc_msgs/include/urc_msgs/urc_msgs/msg/detail/rover_status__type_support.cpp
-- Up-to-date: /home/rover/workspaces/rover-real/src/install/urc_msgs/include/urc_msgs/urc_msgs/msg/detail/rover_status__rosidl_typesupport_introspection_cpp.hpp
-- Up-to-date: /home/rover/workspaces/rover-real/src/install/urc_msgs/include/urc_msgs/urc_msgs/msg/detail/gap_cmd__rosidl_typesupport_introspection_cpp.hpp
-- Up-to-date: /home/rover/workspaces/rover-real/src/install/urc_msgs/include/urc_msgs/urc_msgs/msg/detail/science_data__rosidl_typesupport_introspection_cpp.hpp
-- Up-to-date: /home/rover/workspaces/rover-real/src/install/urc_msgs/include/urc_msgs/urc_msgs/msg/detail/gap_cmd__type_support.cpp
-- Up-to-date: /home/rover/workspaces/rover-real/src/install/urc_msgs/include/urc_msgs/urc_msgs/msg/detail/gap_diag__type_support.cpp
-- Up-to-date: /home/rover/workspaces/rover-real/src/install/urc_msgs/include/urc_msgs/urc_msgs/msg/detail/science_data__type_support.cpp
-- Up-to-date: /home/rover/workspaces/rover-real/src/install/urc_msgs/include/urc_msgs/urc_msgs/msg/detail/gap_diag__rosidl_typesupport_introspection_cpp.hpp
-- Up-to-date: /home/rover/workspaces/rover-real/src/install/urc_msgs/lib/liburc_msgs__rosidl_typesupport_introspection_cpp.so
-- Up-to-date: /home/rover/workspaces/rover-real/src/install/urc_msgs/lib/liburc_msgs__rosidl_typesupport_cpp.so
-- Up-to-date: /home/rover/workspaces/rover-real/src/install/urc_msgs/share/urc_msgs/environment/pythonpath.sh
-- Up-to-date: /home/rover/workspaces/rover-real/src/install/urc_msgs/share/urc_msgs/environment/pythonpath.dsv
-- Up-to-date: /home/rover/workspaces/rover-real/src/install/urc_msgs/local/lib/python3.10/dist-packages/urc_msgs-0.0.0-py3.10.egg-info
-- Installing: /home/rover/workspaces/rover-real/src/install/urc_msgs/local/lib/python3.10/dist-packages/urc_msgs-0.0.0-py3.10.egg-info/top_level.txt
-- Installing: /home/rover/workspaces/rover-real/src/install/urc_msgs/local/lib/python3.10/dist-packages/urc_msgs-0.0.0-py3.10.egg-info/SOURCES.txt
-- Installing: /home/rover/workspaces/rover-real/src/install/urc_msgs/local/lib/python3.10/dist-packages/urc_msgs-0.0.0-py3.10.egg-info/PKG-INFO
-- Installing: /home/rover/workspaces/rover-real/src/install/urc_msgs/local/lib/python3.10/dist-packages/urc_msgs-0.0.0-py3.10.egg-info/dependency_links.txt
-- Up-to-date: /home/rover/workspaces/rover-real/src/install/urc_msgs/local/lib/python3.10/dist-packages/urc_msgs
-- Up-to-date: /home/rover/workspaces/rover-real/src/install/urc_msgs/local/lib/python3.10/dist-packages/urc_msgs/liburc_msgs__rosidl_generator_py.so
-- Up-to-date: /home/rover/workspaces/rover-real/src/install/urc_msgs/local/lib/python3.10/dist-packages/urc_msgs/urc_msgs_s__rosidl_typesupport_c.cpython-310-aarch64-linux-gnu.so
-- Up-to-date: /home/rover/workspaces/rover-real/src/install/urc_msgs/local/lib/python3.10/dist-packages/urc_msgs/_urc_msgs_s.ep.rosidl_typesupport_introspection_c.c
-- Up-to-date: /home/rover/workspaces/rover-real/src/install/urc_msgs/local/lib/python3.10/dist-packages/urc_msgs/urc_msgs_s__rosidl_typesupport_introspection_c.cpython-310-aarch64-linux-gnu.so
-- Up-to-date: /home/rover/workspaces/rover-real/src/install/urc_msgs/local/lib/python3.10/dist-packages/urc_msgs/msg
-- Up-to-date: /home/rover/workspaces/rover-real/src/install/urc_msgs/local/lib/python3.10/dist-packages/urc_msgs/msg/_science_data.py
-- Up-to-date: /home/rover/workspaces/rover-real/src/install/urc_msgs/local/lib/python3.10/dist-packages/urc_msgs/msg/_rover_status_s.c
-- Up-to-date: /home/rover/workspaces/rover-real/src/install/urc_msgs/local/lib/python3.10/dist-packages/urc_msgs/msg/_gap_diag_s.c
-- Up-to-date: /home/rover/workspaces/rover-real/src/install/urc_msgs/local/lib/python3.10/dist-packages/urc_msgs/msg/_science_data_s.c
-- Up-to-date: /home/rover/workspaces/rover-real/src/install/urc_msgs/local/lib/python3.10/dist-packages/urc_msgs/msg/_gap_cmd_s.c
-- Up-to-date: /home/rover/workspaces/rover-real/src/install/urc_msgs/local/lib/python3.10/dist-packages/urc_msgs/msg/_gap_diag.py
-- Up-to-date: /home/rover/workspaces/rover-real/src/install/urc_msgs/local/lib/python3.10/dist-packages/urc_msgs/msg/_rover_status.py
-- Up-to-date: /home/rover/workspaces/rover-real/src/install/urc_msgs/local/lib/python3.10/dist-packages/urc_msgs/msg/_gap_cmd.py
-- Up-to-date: /home/rover/workspaces/rover-real/src/install/urc_msgs/local/lib/python3.10/dist-packages/urc_msgs/msg/__init__.py
-- Up-to-date: /home/rover/workspaces/rover-real/src/install/urc_msgs/local/lib/python3.10/dist-packages/urc_msgs/urc_msgs_s__rosidl_typesupport_fastrtps_c.cpython-310-aarch64-linux-gnu.so
-- Up-to-date: /home/rover/workspaces/rover-real/src/install/urc_msgs/local/lib/python3.10/dist-packages/urc_msgs/_urc_msgs_s.ep.rosidl_typesupport_fastrtps_c.c
-- Up-to-date: /home/rover/workspaces/rover-real/src/install/urc_msgs/local/lib/python3.10/dist-packages/urc_msgs/_urc_msgs_s.ep.rosidl_typesupport_c.c
-- Up-to-date: /home/rover/workspaces/rover-real/src/install/urc_msgs/local/lib/python3.10/dist-packages/urc_msgs/__init__.py
Listing '/home/rover/workspaces/rover-real/src/install/urc_msgs/local/lib/python3.10/dist-packages/urc_msgs'...
Listing '/home/rover/workspaces/rover-real/src/install/urc_msgs/local/lib/python3.10/dist-packages/urc_msgs/msg'...
-- Up-to-date: /home/rover/workspaces/rover-real/src/install/urc_msgs/local/lib/python3.10/dist-packages/urc_msgs/urc_msgs_s__rosidl_typesupport_fastrtps_c.cpython-310-aarch64-linux-gnu.so
-- Up-to-date: /home/rover/workspaces/rover-real/src/install/urc_msgs/local/lib/python3.10/dist-packages/urc_msgs/urc_msgs_s__rosidl_typesupport_introspection_c.cpython-310-aarch64-linux-gnu.so
-- Up-to-date: /home/rover/workspaces/rover-real/src/install/urc_msgs/local/lib/python3.10/dist-packages/urc_msgs/urc_msgs_s__rosidl_typesupport_c.cpython-310-aarch64-linux-gnu.so
-- Up-to-date: /home/rover/workspaces/rover-real/src/install/urc_msgs/lib/liburc_msgs__rosidl_generator_py.so
-- Up-to-date: /home/rover/workspaces/rover-real/src/install/urc_msgs/share/urc_msgs/msg/RoverStatus.idl
-- Up-to-date: /home/rover/workspaces/rover-real/src/install/urc_msgs/share/urc_msgs/msg/GapDiag.idl
-- Up-to-date: /home/rover/workspaces/rover-real/src/install/urc_msgs/share/urc_msgs/msg/ScienceData.idl
-- Up-to-date: /home/rover/workspaces/rover-real/src/install/urc_msgs/share/urc_msgs/msg/GapCmd.idl
-- Up-to-date: /home/rover/workspaces/rover-real/src/install/urc_msgs/share/urc_msgs/msg/RoverStatus.msg
-- Up-to-date: /home/rover/workspaces/rover-real/src/install/urc_msgs/share/urc_msgs/msg/GapDiag.msg
-- Up-to-date: /home/rover/workspaces/rover-real/src/install/urc_msgs/share/urc_msgs/msg/ScienceData.msg
-- Up-to-date: /home/rover/workspaces/rover-real/src/install/urc_msgs/share/urc_msgs/msg/GapCmd.msg
-- Up-to-date: /home/rover/workspaces/rover-real/src/install/urc_msgs/share/ament_index/resource_index/package_run_dependencies/urc_msgs
-- Up-to-date: /home/rover/workspaces/rover-real/src/install/urc_msgs/share/ament_index/resource_index/parent_prefix_path/urc_msgs
-- Up-to-date: /home/rover/workspaces/rover-real/src/install/urc_msgs/share/urc_msgs/environment/ament_prefix_path.sh
-- Up-to-date: /home/rover/workspaces/rover-real/src/install/urc_msgs/share/urc_msgs/environment/ament_prefix_path.dsv
-- Up-to-date: /home/rover/workspaces/rover-real/src/install/urc_msgs/share/urc_msgs/environment/path.sh
-- Up-to-date: /home/rover/workspaces/rover-real/src/install/urc_msgs/share/urc_msgs/environment/path.dsv
-- Up-to-date: /home/rover/workspaces/rover-real/src/install/urc_msgs/share/urc_msgs/local_setup.bash
-- Up-to-date: /home/rover/workspaces/rover-real/src/install/urc_msgs/share/urc_msgs/local_setup.sh
-- Up-to-date: /home/rover/workspaces/rover-real/src/install/urc_msgs/share/urc_msgs/local_setup.zsh
-- Up-to-date: /home/rover/workspaces/rover-real/src/install/urc_msgs/share/urc_msgs/local_setup.dsv
-- Installing: /home/rover/workspaces/rover-real/src/install/urc_msgs/share/urc_msgs/package.dsv
-- Up-to-date: /home/rover/workspaces/rover-real/src/install/urc_msgs/share/ament_index/resource_index/packages/urc_msgs
-- Up-to-date: /home/rover/workspaces/rover-real/src/install/urc_msgs/share/urc_msgs/cmake/export_urc_msgs__rosidl_generator_cExport.cmake
-- Up-to-date: /home/rover/workspaces/rover-real/src/install/urc_msgs/share/urc_msgs/cmake/export_urc_msgs__rosidl_generator_cExport-noconfig.cmake
-- Up-to-date: /home/rover/workspaces/rover-real/src/install/urc_msgs/share/urc_msgs/cmake/export_urc_msgs__rosidl_typesupport_fastrtps_cExport.cmake
-- Up-to-date: /home/rover/workspaces/rover-real/src/install/urc_msgs/share/urc_msgs/cmake/export_urc_msgs__rosidl_typesupport_fastrtps_cExport-noconfig.cmake
-- Up-to-date: /home/rover/workspaces/rover-real/src/install/urc_msgs/share/urc_msgs/cmake/urc_msgs__rosidl_typesupport_introspection_cExport.cmake
-- Up-to-date: /home/rover/workspaces/rover-real/src/install/urc_msgs/share/urc_msgs/cmake/urc_msgs__rosidl_typesupport_introspection_cExport-noconfig.cmake
-- Up-to-date: /home/rover/workspaces/rover-real/src/install/urc_msgs/share/urc_msgs/cmake/urc_msgs__rosidl_typesupport_cExport.cmake
-- Up-to-date: /home/rover/workspaces/rover-real/src/install/urc_msgs/share/urc_msgs/cmake/urc_msgs__rosidl_typesupport_cExport-noconfig.cmake
-- Up-to-date: /home/rover/workspaces/rover-real/src/install/urc_msgs/share/urc_msgs/cmake/export_urc_msgs__rosidl_generator_cppExport.cmake
-- Up-to-date: /home/rover/workspaces/rover-real/src/install/urc_msgs/share/urc_msgs/cmake/export_urc_msgs__rosidl_typesupport_fastrtps_cppExport.cmake
-- Up-to-date: /home/rover/workspaces/rover-real/src/install/urc_msgs/share/urc_msgs/cmake/export_urc_msgs__rosidl_typesupport_fastrtps_cppExport-noconfig.cmake
-- Up-to-date: /home/rover/workspaces/rover-real/src/install/urc_msgs/share/urc_msgs/cmake/urc_msgs__rosidl_typesupport_introspection_cppExport.cmake
-- Up-to-date: /home/rover/workspaces/rover-real/src/install/urc_msgs/share/urc_msgs/cmake/urc_msgs__rosidl_typesupport_introspection_cppExport-noconfig.cmake
-- Up-to-date: /home/rover/workspaces/rover-real/src/install/urc_msgs/share/urc_msgs/cmake/urc_msgs__rosidl_typesupport_cppExport.cmake
-- Up-to-date: /home/rover/workspaces/rover-real/src/install/urc_msgs/share/urc_msgs/cmake/urc_msgs__rosidl_typesupport_cppExport-noconfig.cmake
-- Up-to-date: /home/rover/workspaces/rover-real/src/install/urc_msgs/share/urc_msgs/cmake/export_urc_msgs__rosidl_generator_pyExport.cmake
-- Up-to-date: /home/rover/workspaces/rover-real/src/install/urc_msgs/share/urc_msgs/cmake/export_urc_msgs__rosidl_generator_pyExport-noconfig.cmake
-- Up-to-date: /home/rover/workspaces/rover-real/src/install/urc_msgs/share/urc_msgs/cmake/rosidl_cmake-extras.cmake
-- Up-to-date: /home/rover/workspaces/rover-real/src/install/urc_msgs/share/urc_msgs/cmake/ament_cmake_export_dependencies-extras.cmake
-- Up-to-date: /home/rover/workspaces/rover-real/src/install/urc_msgs/share/urc_msgs/cmake/ament_cmake_export_include_directories-extras.cmake
-- Up-to-date: /home/rover/workspaces/rover-real/src/install/urc_msgs/share/urc_msgs/cmake/ament_cmake_export_libraries-extras.cmake
-- Up-to-date: /home/rover/workspaces/rover-real/src/install/urc_msgs/share/urc_msgs/cmake/ament_cmake_export_targets-extras.cmake
-- Up-to-date: /home/rover/workspaces/rover-real/src/install/urc_msgs/share/urc_msgs/cmake/rosidl_cmake_export_typesupport_targets-extras.cmake
-- Up-to-date: /home/rover/workspaces/rover-real/src/install/urc_msgs/share/urc_msgs/cmake/rosidl_cmake_export_typesupport_libraries-extras.cmake
-- Up-to-date: /home/rover/workspaces/rover-real/src/install/urc_msgs/share/urc_msgs/cmake/urc_msgsConfig.cmake
-- Up-to-date: /home/rover/workspaces/rover-real/src/install/urc_msgs/share/urc_msgs/cmake/urc_msgsConfig-version.cmake
-- Up-to-date: /home/rover/workspaces/rover-real/src/install/urc_msgs/share/urc_msgs/package.xml
