[0.194s] Invoking command in '/home/rover/workspaces/rover-real/src/build/urc_msgs': CMAKE_PREFIX_PATH=/opt/ros/humble:${CMAKE_PREFIX_PATH} /usr/bin/cmake --build /home/rover/workspaces/rover-real/src/build/urc_msgs -- -j6 -l6
[0.562s] [  1%] Built target urc_msgs__cpp
[0.835s] [  1%] Built target ament_cmake_python_copy_urc_msgs
[1.018s] [35m[1mConsolidate compiler generated dependencies of target urc_msgs__rosidl_typesupport_introspection_cpp[0m
[1.183s] [ 12%] Built target urc_msgs__rosidl_typesupport_introspection_cpp
[3.211s] running egg_info
[3.215s] writing urc_msgs.egg-info/PKG-INFO
[3.217s] writing dependency_links to urc_msgs.egg-info/dependency_links.txt
[3.219s] writing top-level names to urc_msgs.egg-info/top_level.txt
[3.228s] reading manifest file 'urc_msgs.egg-info/SOURCES.txt'
[3.232s] writing manifest file 'urc_msgs.egg-info/SOURCES.txt'
[3.464s] [ 12%] Built target ament_cmake_python_build_urc_msgs_egg
[3.593s] [35m[1mConsolidate compiler generated dependencies of target urc_msgs__rosidl_typesupport_fastrtps_cpp[0m
[3.709s] [ 23%] Built target urc_msgs__rosidl_typesupport_fastrtps_cpp
[3.795s] [35m[1mConsolidate compiler generated dependencies of target urc_msgs__rosidl_typesupport_cpp[0m
[3.927s] [ 34%] Built target urc_msgs__rosidl_typesupport_cpp
[4.052s] [35m[1mConsolidate compiler generated dependencies of target urc_msgs__rosidl_generator_c[0m
[4.148s] [ 45%] Built target urc_msgs__rosidl_generator_c
[4.199s] [35m[1mConsolidate compiler generated dependencies of target urc_msgs__rosidl_typesupport_fastrtps_c[0m
[4.311s] [ 56%] Built target urc_msgs__rosidl_typesupport_fastrtps_c
[4.409s] [35m[1mConsolidate compiler generated dependencies of target urc_msgs__rosidl_typesupport_c[0m
[4.508s] [ 67%] Built target urc_msgs__rosidl_typesupport_c
[4.673s] [35m[1mConsolidate compiler generated dependencies of target urc_msgs__rosidl_typesupport_introspection_c[0m
[4.807s] [ 78%] Built target urc_msgs__rosidl_typesupport_introspection_c
[5.085s] [ 78%] Built target urc_msgs
[5.340s] [ 80%] Built target urc_msgs__py
[5.463s] [35m[1mConsolidate compiler generated dependencies of target urc_msgs__rosidl_generator_py[0m
[5.611s] [ 89%] Built target urc_msgs__rosidl_generator_py
[5.704s] [35m[1mConsolidate compiler generated dependencies of target urc_msgs__rosidl_typesupport_fastrtps_c__pyext[0m
[5.819s] [ 92%] Built target urc_msgs__rosidl_typesupport_fastrtps_c__pyext
[5.923s] [35m[1mConsolidate compiler generated dependencies of target urc_msgs__rosidl_typesupport_c__pyext[0m
[6.055s] [ 96%] Built target urc_msgs__rosidl_typesupport_c__pyext
[6.131s] [35m[1mConsolidate compiler generated dependencies of target urc_msgs__rosidl_typesupport_introspection_c__pyext[0m
[6.242s] [100%] Built target urc_msgs__rosidl_typesupport_introspection_c__pyext
[7.061s] Invoked command in '/home/rover/workspaces/rover-real/src/build/urc_msgs' returned '0': CMAKE_PREFIX_PATH=/opt/ros/humble:${CMAKE_PREFIX_PATH} /usr/bin/cmake --build /home/rover/workspaces/rover-real/src/build/urc_msgs -- -j6 -l6
[7.066s] Invoking command in '/home/rover/workspaces/rover-real/src/build/urc_msgs': CMAKE_PREFIX_PATH=/opt/ros/humble:${CMAKE_PREFIX_PATH} /usr/bin/cmake --install /home/rover/workspaces/rover-real/src/build/urc_msgs
[7.238s] -- Install configuration: ""
[7.239s] -- Up-to-date: /home/rover/workspaces/rover-real/src/install/urc_msgs/share/ament_index/resource_index/rosidl_interfaces/urc_msgs
[7.239s] -- Up-to-date: /home/rover/workspaces/rover-real/src/install/urc_msgs/include/urc_msgs/urc_msgs
[7.239s] -- Up-to-date: /home/rover/workspaces/rover-real/src/install/urc_msgs/include/urc_msgs/urc_msgs/msg
[7.239s] -- Up-to-date: /home/rover/workspaces/rover-real/src/install/urc_msgs/include/urc_msgs/urc_msgs/msg/rosidl_generator_c__visibility_control.h
[7.239s] -- Up-to-date: /home/rover/workspaces/rover-real/src/install/urc_msgs/include/urc_msgs/urc_msgs/msg/gap_diag.h
[7.240s] -- Up-to-date: /home/rover/workspaces/rover-real/src/install/urc_msgs/include/urc_msgs/urc_msgs/msg/detail
[7.240s] -- Up-to-date: /home/rover/workspaces/rover-real/src/install/urc_msgs/include/urc_msgs/urc_msgs/msg/detail/gap_cmd__type_support.h
[7.240s] -- Up-to-date: /home/rover/workspaces/rover-real/src/install/urc_msgs/include/urc_msgs/urc_msgs/msg/detail/rover_status__struct.h
[7.240s] -- Up-to-date: /home/rover/workspaces/rover-real/src/install/urc_msgs/include/urc_msgs/urc_msgs/msg/detail/gap_diag__type_support.h
[7.240s] -- Up-to-date: /home/rover/workspaces/rover-real/src/install/urc_msgs/include/urc_msgs/urc_msgs/msg/detail/science_data__struct.h
[7.240s] -- Up-to-date: /home/rover/workspaces/rover-real/src/install/urc_msgs/include/urc_msgs/urc_msgs/msg/detail/science_data__functions.c
[7.240s] -- Up-to-date: /home/rover/workspaces/rover-real/src/install/urc_msgs/include/urc_msgs/urc_msgs/msg/detail/gap_cmd__functions.c
[7.241s] -- Up-to-date: /home/rover/workspaces/rover-real/src/install/urc_msgs/include/urc_msgs/urc_msgs/msg/detail/science_data__functions.h
[7.241s] -- Up-to-date: /home/rover/workspaces/rover-real/src/install/urc_msgs/include/urc_msgs/urc_msgs/msg/detail/rover_status__type_support.h
[7.241s] -- Up-to-date: /home/rover/workspaces/rover-real/src/install/urc_msgs/include/urc_msgs/urc_msgs/msg/detail/gap_cmd__struct.h
[7.241s] -- Up-to-date: /home/rover/workspaces/rover-real/src/install/urc_msgs/include/urc_msgs/urc_msgs/msg/detail/science_data__type_support.h
[7.241s] -- Up-to-date: /home/rover/workspaces/rover-real/src/install/urc_msgs/include/urc_msgs/urc_msgs/msg/detail/gap_diag__struct.h
[7.241s] -- Up-to-date: /home/rover/workspaces/rover-real/src/install/urc_msgs/include/urc_msgs/urc_msgs/msg/detail/gap_diag__functions.h
[7.241s] -- Up-to-date: /home/rover/workspaces/rover-real/src/install/urc_msgs/include/urc_msgs/urc_msgs/msg/detail/gap_diag__functions.c
[7.242s] -- Up-to-date: /home/rover/workspaces/rover-real/src/install/urc_msgs/include/urc_msgs/urc_msgs/msg/detail/rover_status__functions.c
[7.242s] -- Up-to-date: /home/rover/workspaces/rover-real/src/install/urc_msgs/include/urc_msgs/urc_msgs/msg/detail/rover_status__functions.h
[7.242s] -- Up-to-date: /home/rover/workspaces/rover-real/src/install/urc_msgs/include/urc_msgs/urc_msgs/msg/detail/gap_cmd__functions.h
[7.242s] -- Up-to-date: /home/rover/workspaces/rover-real/src/install/urc_msgs/include/urc_msgs/urc_msgs/msg/science_data.h
[7.242s] -- Up-to-date: /home/rover/workspaces/rover-real/src/install/urc_msgs/include/urc_msgs/urc_msgs/msg/gap_cmd.h
[7.242s] -- Up-to-date: /home/rover/workspaces/rover-real/src/install/urc_msgs/include/urc_msgs/urc_msgs/msg/rover_status.h
[7.242s] -- Up-to-date: /home/rover/workspaces/rover-real/src/install/urc_msgs/share/urc_msgs/environment/library_path.sh
[7.243s] -- Up-to-date: /home/rover/workspaces/rover-real/src/install/urc_msgs/share/urc_msgs/environment/library_path.dsv
[7.243s] -- Up-to-date: /home/rover/workspaces/rover-real/src/install/urc_msgs/lib/liburc_msgs__rosidl_generator_c.so
[7.243s] -- Up-to-date: /home/rover/workspaces/rover-real/src/install/urc_msgs/include/urc_msgs/urc_msgs
[7.243s] -- Up-to-date: /home/rover/workspaces/rover-real/src/install/urc_msgs/include/urc_msgs/urc_msgs/msg
[7.243s] -- Up-to-date: /home/rover/workspaces/rover-real/src/install/urc_msgs/include/urc_msgs/urc_msgs/msg/detail
[7.243s] -- Up-to-date: /home/rover/workspaces/rover-real/src/install/urc_msgs/include/urc_msgs/urc_msgs/msg/detail/science_data__rosidl_typesupport_fastrtps_c.h
[7.245s] -- Up-to-date: /home/rover/workspaces/rover-real/src/install/urc_msgs/include/urc_msgs/urc_msgs/msg/detail/gap_cmd__rosidl_typesupport_fastrtps_c.h
[7.245s] -- Up-to-date: /home/rover/workspaces/rover-real/src/install/urc_msgs/include/urc_msgs/urc_msgs/msg/detail/rover_status__rosidl_typesupport_fastrtps_c.h
[7.245s] -- Up-to-date: /home/rover/workspaces/rover-real/src/install/urc_msgs/include/urc_msgs/urc_msgs/msg/detail/gap_diag__rosidl_typesupport_fastrtps_c.h
[7.245s] -- Up-to-date: /home/rover/workspaces/rover-real/src/install/urc_msgs/include/urc_msgs/urc_msgs/msg/rosidl_typesupport_fastrtps_c__visibility_control.h
[7.245s] -- Up-to-date: /home/rover/workspaces/rover-real/src/install/urc_msgs/lib/liburc_msgs__rosidl_typesupport_fastrtps_c.so
[7.245s] -- Up-to-date: /home/rover/workspaces/rover-real/src/install/urc_msgs/include/urc_msgs/urc_msgs
[7.245s] -- Up-to-date: /home/rover/workspaces/rover-real/src/install/urc_msgs/include/urc_msgs/urc_msgs/msg
[7.246s] -- Up-to-date: /home/rover/workspaces/rover-real/src/install/urc_msgs/include/urc_msgs/urc_msgs/msg/detail
[7.246s] -- Up-to-date: /home/rover/workspaces/rover-real/src/install/urc_msgs/include/urc_msgs/urc_msgs/msg/detail/gap_diag__type_support.c
[7.246s] -- Up-to-date: /home/rover/workspaces/rover-real/src/install/urc_msgs/include/urc_msgs/urc_msgs/msg/detail/gap_cmd__rosidl_typesupport_introspection_c.h
[7.246s] -- Up-to-date: /home/rover/workspaces/rover-real/src/install/urc_msgs/include/urc_msgs/urc_msgs/msg/detail/science_data__rosidl_typesupport_introspection_c.h
[7.246s] -- Up-to-date: /home/rover/workspaces/rover-real/src/install/urc_msgs/include/urc_msgs/urc_msgs/msg/detail/gap_cmd__type_support.c
[7.246s] -- Up-to-date: /home/rover/workspaces/rover-real/src/install/urc_msgs/include/urc_msgs/urc_msgs/msg/detail/rover_status__type_support.c
[7.246s] -- Up-to-date: /home/rover/workspaces/rover-real/src/install/urc_msgs/include/urc_msgs/urc_msgs/msg/detail/rover_status__rosidl_typesupport_introspection_c.h
[7.247s] -- Up-to-date: /home/rover/workspaces/rover-real/src/install/urc_msgs/include/urc_msgs/urc_msgs/msg/detail/gap_diag__rosidl_typesupport_introspection_c.h
[7.247s] -- Up-to-date: /home/rover/workspaces/rover-real/src/install/urc_msgs/include/urc_msgs/urc_msgs/msg/detail/science_data__type_support.c
[7.247s] -- Up-to-date: /home/rover/workspaces/rover-real/src/install/urc_msgs/include/urc_msgs/urc_msgs/msg/rosidl_typesupport_introspection_c__visibility_control.h
[7.247s] -- Up-to-date: /home/rover/workspaces/rover-real/src/install/urc_msgs/lib/liburc_msgs__rosidl_typesupport_introspection_c.so
[7.247s] -- Up-to-date: /home/rover/workspaces/rover-real/src/install/urc_msgs/lib/liburc_msgs__rosidl_typesupport_c.so
[7.247s] -- Up-to-date: /home/rover/workspaces/rover-real/src/install/urc_msgs/include/urc_msgs/urc_msgs
[7.247s] -- Up-to-date: /home/rover/workspaces/rover-real/src/install/urc_msgs/include/urc_msgs/urc_msgs/msg
[7.248s] -- Up-to-date: /home/rover/workspaces/rover-real/src/install/urc_msgs/include/urc_msgs/urc_msgs/msg/rover_status.hpp
[7.248s] -- Up-to-date: /home/rover/workspaces/rover-real/src/install/urc_msgs/include/urc_msgs/urc_msgs/msg/science_data.hpp
[7.248s] -- Up-to-date: /home/rover/workspaces/rover-real/src/install/urc_msgs/include/urc_msgs/urc_msgs/msg/rosidl_generator_cpp__visibility_control.hpp
[7.268s] -- Up-to-date: /home/rover/workspaces/rover-real/src/install/urc_msgs/include/urc_msgs/urc_msgs/msg/gap_cmd.hpp
[7.269s] -- Up-to-date: /home/rover/workspaces/rover-real/src/install/urc_msgs/include/urc_msgs/urc_msgs/msg/detail
[7.269s] -- Up-to-date: /home/rover/workspaces/rover-real/src/install/urc_msgs/include/urc_msgs/urc_msgs/msg/detail/gap_cmd__struct.hpp
[7.269s] -- Up-to-date: /home/rover/workspaces/rover-real/src/install/urc_msgs/include/urc_msgs/urc_msgs/msg/detail/science_data__struct.hpp
[7.270s] -- Up-to-date: /home/rover/workspaces/rover-real/src/install/urc_msgs/include/urc_msgs/urc_msgs/msg/detail/rover_status__struct.hpp
[7.270s] -- Up-to-date: /home/rover/workspaces/rover-real/src/install/urc_msgs/include/urc_msgs/urc_msgs/msg/detail/gap_cmd__type_support.hpp
[7.270s] -- Up-to-date: /home/rover/workspaces/rover-real/src/install/urc_msgs/include/urc_msgs/urc_msgs/msg/detail/science_data__type_support.hpp
[7.270s] -- Up-to-date: /home/rover/workspaces/rover-real/src/install/urc_msgs/include/urc_msgs/urc_msgs/msg/detail/science_data__builder.hpp
[7.276s] -- Up-to-date: /home/rover/workspaces/rover-real/src/install/urc_msgs/include/urc_msgs/urc_msgs/msg/detail/rover_status__traits.hpp
[7.276s] -- Up-to-date: /home/rover/workspaces/rover-real/src/install/urc_msgs/include/urc_msgs/urc_msgs/msg/detail/rover_status__builder.hpp
[7.276s] -- Up-to-date: /home/rover/workspaces/rover-real/src/install/urc_msgs/include/urc_msgs/urc_msgs/msg/detail/gap_cmd__traits.hpp
[7.287s] -- Up-to-date: /home/rover/workspaces/rover-real/src/install/urc_msgs/include/urc_msgs/urc_msgs/msg/detail/gap_diag__traits.hpp
[7.287s] -- Up-to-date: /home/rover/workspaces/rover-real/src/install/urc_msgs/include/urc_msgs/urc_msgs/msg/detail/rover_status__type_support.hpp
[7.288s] -- Up-to-date: /home/rover/workspaces/rover-real/src/install/urc_msgs/include/urc_msgs/urc_msgs/msg/detail/gap_cmd__builder.hpp
[7.317s] -- Up-to-date: /home/rover/workspaces/rover-real/src/install/urc_msgs/include/urc_msgs/urc_msgs/msg/detail/gap_diag__struct.hpp
[7.320s] -- Up-to-date: /home/rover/workspaces/rover-real/src/install/urc_msgs/include/urc_msgs/urc_msgs/msg/detail/gap_diag__builder.hpp
[7.320s] -- Up-to-date: /home/rover/workspaces/rover-real/src/install/urc_msgs/include/urc_msgs/urc_msgs/msg/detail/science_data__traits.hpp
[7.320s] -- Up-to-date: /home/rover/workspaces/rover-real/src/install/urc_msgs/include/urc_msgs/urc_msgs/msg/detail/gap_diag__type_support.hpp
[7.320s] -- Up-to-date: /home/rover/workspaces/rover-real/src/install/urc_msgs/include/urc_msgs/urc_msgs/msg/gap_diag.hpp
[7.320s] -- Up-to-date: /home/rover/workspaces/rover-real/src/install/urc_msgs/include/urc_msgs/urc_msgs
[7.321s] -- Up-to-date: /home/rover/workspaces/rover-real/src/install/urc_msgs/include/urc_msgs/urc_msgs/msg
[7.321s] -- Up-to-date: /home/rover/workspaces/rover-real/src/install/urc_msgs/include/urc_msgs/urc_msgs/msg/detail
[7.321s] -- Up-to-date: /home/rover/workspaces/rover-real/src/install/urc_msgs/include/urc_msgs/urc_msgs/msg/detail/dds_fastrtps
[7.321s] -- Up-to-date: /home/rover/workspaces/rover-real/src/install/urc_msgs/include/urc_msgs/urc_msgs/msg/detail/science_data__rosidl_typesupport_fastrtps_cpp.hpp
[7.321s] -- Up-to-date: /home/rover/workspaces/rover-real/src/install/urc_msgs/include/urc_msgs/urc_msgs/msg/detail/rover_status__rosidl_typesupport_fastrtps_cpp.hpp
[7.321s] -- Up-to-date: /home/rover/workspaces/rover-real/src/install/urc_msgs/include/urc_msgs/urc_msgs/msg/detail/gap_diag__rosidl_typesupport_fastrtps_cpp.hpp
[7.322s] -- Up-to-date: /home/rover/workspaces/rover-real/src/install/urc_msgs/include/urc_msgs/urc_msgs/msg/detail/gap_cmd__rosidl_typesupport_fastrtps_cpp.hpp
[7.322s] -- Up-to-date: /home/rover/workspaces/rover-real/src/install/urc_msgs/include/urc_msgs/urc_msgs/msg/rosidl_typesupport_fastrtps_cpp__visibility_control.h
[7.322s] -- Up-to-date: /home/rover/workspaces/rover-real/src/install/urc_msgs/lib/liburc_msgs__rosidl_typesupport_fastrtps_cpp.so
[7.322s] -- Up-to-date: /home/rover/workspaces/rover-real/src/install/urc_msgs/include/urc_msgs/urc_msgs
[7.322s] -- Up-to-date: /home/rover/workspaces/rover-real/src/install/urc_msgs/include/urc_msgs/urc_msgs/msg
[7.322s] -- Up-to-date: /home/rover/workspaces/rover-real/src/install/urc_msgs/include/urc_msgs/urc_msgs/msg/detail
[7.322s] -- Up-to-date: /home/rover/workspaces/rover-real/src/install/urc_msgs/include/urc_msgs/urc_msgs/msg/detail/rover_status__type_support.cpp
[7.322s] -- Up-to-date: /home/rover/workspaces/rover-real/src/install/urc_msgs/include/urc_msgs/urc_msgs/msg/detail/rover_status__rosidl_typesupport_introspection_cpp.hpp
[7.323s] -- Up-to-date: /home/rover/workspaces/rover-real/src/install/urc_msgs/include/urc_msgs/urc_msgs/msg/detail/gap_cmd__rosidl_typesupport_introspection_cpp.hpp
[7.323s] -- Up-to-date: /home/rover/workspaces/rover-real/src/install/urc_msgs/include/urc_msgs/urc_msgs/msg/detail/science_data__rosidl_typesupport_introspection_cpp.hpp
[7.323s] -- Up-to-date: /home/rover/workspaces/rover-real/src/install/urc_msgs/include/urc_msgs/urc_msgs/msg/detail/gap_cmd__type_support.cpp
[7.323s] -- Up-to-date: /home/rover/workspaces/rover-real/src/install/urc_msgs/include/urc_msgs/urc_msgs/msg/detail/gap_diag__type_support.cpp
[7.323s] -- Up-to-date: /home/rover/workspaces/rover-real/src/install/urc_msgs/include/urc_msgs/urc_msgs/msg/detail/science_data__type_support.cpp
[7.330s] -- Up-to-date: /home/rover/workspaces/rover-real/src/install/urc_msgs/include/urc_msgs/urc_msgs/msg/detail/gap_diag__rosidl_typesupport_introspection_cpp.hpp
[7.330s] -- Up-to-date: /home/rover/workspaces/rover-real/src/install/urc_msgs/lib/liburc_msgs__rosidl_typesupport_introspection_cpp.so
[7.330s] -- Up-to-date: /home/rover/workspaces/rover-real/src/install/urc_msgs/lib/liburc_msgs__rosidl_typesupport_cpp.so
[7.330s] -- Up-to-date: /home/rover/workspaces/rover-real/src/install/urc_msgs/share/urc_msgs/environment/pythonpath.sh
[7.330s] -- Up-to-date: /home/rover/workspaces/rover-real/src/install/urc_msgs/share/urc_msgs/environment/pythonpath.dsv
[7.330s] -- Up-to-date: /home/rover/workspaces/rover-real/src/install/urc_msgs/local/lib/python3.10/dist-packages/urc_msgs-0.0.0-py3.10.egg-info
[7.330s] -- Installing: /home/rover/workspaces/rover-real/src/install/urc_msgs/local/lib/python3.10/dist-packages/urc_msgs-0.0.0-py3.10.egg-info/top_level.txt
[7.331s] -- Installing: /home/rover/workspaces/rover-real/src/install/urc_msgs/local/lib/python3.10/dist-packages/urc_msgs-0.0.0-py3.10.egg-info/SOURCES.txt
[7.331s] -- Installing: /home/rover/workspaces/rover-real/src/install/urc_msgs/local/lib/python3.10/dist-packages/urc_msgs-0.0.0-py3.10.egg-info/PKG-INFO
[7.331s] -- Installing: /home/rover/workspaces/rover-real/src/install/urc_msgs/local/lib/python3.10/dist-packages/urc_msgs-0.0.0-py3.10.egg-info/dependency_links.txt
[7.331s] -- Up-to-date: /home/rover/workspaces/rover-real/src/install/urc_msgs/local/lib/python3.10/dist-packages/urc_msgs
[7.331s] -- Up-to-date: /home/rover/workspaces/rover-real/src/install/urc_msgs/local/lib/python3.10/dist-packages/urc_msgs/liburc_msgs__rosidl_generator_py.so
[7.331s] -- Up-to-date: /home/rover/workspaces/rover-real/src/install/urc_msgs/local/lib/python3.10/dist-packages/urc_msgs/urc_msgs_s__rosidl_typesupport_c.cpython-310-aarch64-linux-gnu.so
[7.331s] -- Up-to-date: /home/rover/workspaces/rover-real/src/install/urc_msgs/local/lib/python3.10/dist-packages/urc_msgs/_urc_msgs_s.ep.rosidl_typesupport_introspection_c.c
[7.331s] -- Up-to-date: /home/rover/workspaces/rover-real/src/install/urc_msgs/local/lib/python3.10/dist-packages/urc_msgs/urc_msgs_s__rosidl_typesupport_introspection_c.cpython-310-aarch64-linux-gnu.so
[7.332s] -- Up-to-date: /home/rover/workspaces/rover-real/src/install/urc_msgs/local/lib/python3.10/dist-packages/urc_msgs/msg
[7.332s] -- Up-to-date: /home/rover/workspaces/rover-real/src/install/urc_msgs/local/lib/python3.10/dist-packages/urc_msgs/msg/_science_data.py
[7.348s] -- Up-to-date: /home/rover/workspaces/rover-real/src/install/urc_msgs/local/lib/python3.10/dist-packages/urc_msgs/msg/_rover_status_s.c
[7.367s] -- Up-to-date: /home/rover/workspaces/rover-real/src/install/urc_msgs/local/lib/python3.10/dist-packages/urc_msgs/msg/_gap_diag_s.c
[7.368s] -- Up-to-date: /home/rover/workspaces/rover-real/src/install/urc_msgs/local/lib/python3.10/dist-packages/urc_msgs/msg/_science_data_s.c
[7.368s] -- Up-to-date: /home/rover/workspaces/rover-real/src/install/urc_msgs/local/lib/python3.10/dist-packages/urc_msgs/msg/_gap_cmd_s.c
[7.368s] -- Up-to-date: /home/rover/workspaces/rover-real/src/install/urc_msgs/local/lib/python3.10/dist-packages/urc_msgs/msg/_gap_diag.py
[7.368s] -- Up-to-date: /home/rover/workspaces/rover-real/src/install/urc_msgs/local/lib/python3.10/dist-packages/urc_msgs/msg/_rover_status.py
[7.368s] -- Up-to-date: /home/rover/workspaces/rover-real/src/install/urc_msgs/local/lib/python3.10/dist-packages/urc_msgs/msg/_gap_cmd.py
[7.368s] -- Up-to-date: /home/rover/workspaces/rover-real/src/install/urc_msgs/local/lib/python3.10/dist-packages/urc_msgs/msg/__init__.py
[7.369s] -- Up-to-date: /home/rover/workspaces/rover-real/src/install/urc_msgs/local/lib/python3.10/dist-packages/urc_msgs/urc_msgs_s__rosidl_typesupport_fastrtps_c.cpython-310-aarch64-linux-gnu.so
[7.369s] -- Up-to-date: /home/rover/workspaces/rover-real/src/install/urc_msgs/local/lib/python3.10/dist-packages/urc_msgs/_urc_msgs_s.ep.rosidl_typesupport_fastrtps_c.c
[7.369s] -- Up-to-date: /home/rover/workspaces/rover-real/src/install/urc_msgs/local/lib/python3.10/dist-packages/urc_msgs/_urc_msgs_s.ep.rosidl_typesupport_c.c
[7.369s] -- Up-to-date: /home/rover/workspaces/rover-real/src/install/urc_msgs/local/lib/python3.10/dist-packages/urc_msgs/__init__.py
[7.637s] Listing '/home/rover/workspaces/rover-real/src/install/urc_msgs/local/lib/python3.10/dist-packages/urc_msgs'...
[7.637s] Listing '/home/rover/workspaces/rover-real/src/install/urc_msgs/local/lib/python3.10/dist-packages/urc_msgs/msg'...
[7.719s] -- Up-to-date: /home/rover/workspaces/rover-real/src/install/urc_msgs/local/lib/python3.10/dist-packages/urc_msgs/urc_msgs_s__rosidl_typesupport_fastrtps_c.cpython-310-aarch64-linux-gnu.so
[7.720s] -- Up-to-date: /home/rover/workspaces/rover-real/src/install/urc_msgs/local/lib/python3.10/dist-packages/urc_msgs/urc_msgs_s__rosidl_typesupport_introspection_c.cpython-310-aarch64-linux-gnu.so
[7.720s] -- Up-to-date: /home/rover/workspaces/rover-real/src/install/urc_msgs/local/lib/python3.10/dist-packages/urc_msgs/urc_msgs_s__rosidl_typesupport_c.cpython-310-aarch64-linux-gnu.so
[7.720s] -- Up-to-date: /home/rover/workspaces/rover-real/src/install/urc_msgs/lib/liburc_msgs__rosidl_generator_py.so
[7.720s] -- Up-to-date: /home/rover/workspaces/rover-real/src/install/urc_msgs/share/urc_msgs/msg/RoverStatus.idl
[7.720s] -- Up-to-date: /home/rover/workspaces/rover-real/src/install/urc_msgs/share/urc_msgs/msg/GapDiag.idl
[7.721s] -- Up-to-date: /home/rover/workspaces/rover-real/src/install/urc_msgs/share/urc_msgs/msg/ScienceData.idl
[7.721s] -- Up-to-date: /home/rover/workspaces/rover-real/src/install/urc_msgs/share/urc_msgs/msg/GapCmd.idl
[7.721s] -- Up-to-date: /home/rover/workspaces/rover-real/src/install/urc_msgs/share/urc_msgs/msg/RoverStatus.msg
[7.721s] -- Up-to-date: /home/rover/workspaces/rover-real/src/install/urc_msgs/share/urc_msgs/msg/GapDiag.msg
[7.721s] -- Up-to-date: /home/rover/workspaces/rover-real/src/install/urc_msgs/share/urc_msgs/msg/ScienceData.msg
[7.721s] -- Up-to-date: /home/rover/workspaces/rover-real/src/install/urc_msgs/share/urc_msgs/msg/GapCmd.msg
[7.721s] -- Up-to-date: /home/rover/workspaces/rover-real/src/install/urc_msgs/share/ament_index/resource_index/package_run_dependencies/urc_msgs
[7.722s] -- Up-to-date: /home/rover/workspaces/rover-real/src/install/urc_msgs/share/ament_index/resource_index/parent_prefix_path/urc_msgs
[7.722s] -- Up-to-date: /home/rover/workspaces/rover-real/src/install/urc_msgs/share/urc_msgs/environment/ament_prefix_path.sh
[7.722s] -- Up-to-date: /home/rover/workspaces/rover-real/src/install/urc_msgs/share/urc_msgs/environment/ament_prefix_path.dsv
[7.732s] -- Up-to-date: /home/rover/workspaces/rover-real/src/install/urc_msgs/share/urc_msgs/environment/path.sh
[7.738s] -- Up-to-date: /home/rover/workspaces/rover-real/src/install/urc_msgs/share/urc_msgs/environment/path.dsv
[7.738s] -- Up-to-date: /home/rover/workspaces/rover-real/src/install/urc_msgs/share/urc_msgs/local_setup.bash
[7.749s] -- Up-to-date: /home/rover/workspaces/rover-real/src/install/urc_msgs/share/urc_msgs/local_setup.sh
[7.750s] -- Up-to-date: /home/rover/workspaces/rover-real/src/install/urc_msgs/share/urc_msgs/local_setup.zsh
[7.750s] -- Up-to-date: /home/rover/workspaces/rover-real/src/install/urc_msgs/share/urc_msgs/local_setup.dsv
[7.750s] -- Installing: /home/rover/workspaces/rover-real/src/install/urc_msgs/share/urc_msgs/package.dsv
[7.750s] -- Up-to-date: /home/rover/workspaces/rover-real/src/install/urc_msgs/share/ament_index/resource_index/packages/urc_msgs
[7.751s] -- Up-to-date: /home/rover/workspaces/rover-real/src/install/urc_msgs/share/urc_msgs/cmake/export_urc_msgs__rosidl_generator_cExport.cmake
[7.751s] -- Up-to-date: /home/rover/workspaces/rover-real/src/install/urc_msgs/share/urc_msgs/cmake/export_urc_msgs__rosidl_generator_cExport-noconfig.cmake
[7.751s] -- Up-to-date: /home/rover/workspaces/rover-real/src/install/urc_msgs/share/urc_msgs/cmake/export_urc_msgs__rosidl_typesupport_fastrtps_cExport.cmake
[7.751s] -- Up-to-date: /home/rover/workspaces/rover-real/src/install/urc_msgs/share/urc_msgs/cmake/export_urc_msgs__rosidl_typesupport_fastrtps_cExport-noconfig.cmake
[7.751s] -- Up-to-date: /home/rover/workspaces/rover-real/src/install/urc_msgs/share/urc_msgs/cmake/urc_msgs__rosidl_typesupport_introspection_cExport.cmake
[7.751s] -- Up-to-date: /home/rover/workspaces/rover-real/src/install/urc_msgs/share/urc_msgs/cmake/urc_msgs__rosidl_typesupport_introspection_cExport-noconfig.cmake
[7.752s] -- Up-to-date: /home/rover/workspaces/rover-real/src/install/urc_msgs/share/urc_msgs/cmake/urc_msgs__rosidl_typesupport_cExport.cmake
[7.752s] -- Up-to-date: /home/rover/workspaces/rover-real/src/install/urc_msgs/share/urc_msgs/cmake/urc_msgs__rosidl_typesupport_cExport-noconfig.cmake
[7.752s] -- Up-to-date: /home/rover/workspaces/rover-real/src/install/urc_msgs/share/urc_msgs/cmake/export_urc_msgs__rosidl_generator_cppExport.cmake
[7.752s] -- Up-to-date: /home/rover/workspaces/rover-real/src/install/urc_msgs/share/urc_msgs/cmake/export_urc_msgs__rosidl_typesupport_fastrtps_cppExport.cmake
[7.752s] -- Up-to-date: /home/rover/workspaces/rover-real/src/install/urc_msgs/share/urc_msgs/cmake/export_urc_msgs__rosidl_typesupport_fastrtps_cppExport-noconfig.cmake
[7.752s] -- Up-to-date: /home/rover/workspaces/rover-real/src/install/urc_msgs/share/urc_msgs/cmake/urc_msgs__rosidl_typesupport_introspection_cppExport.cmake
[7.752s] -- Up-to-date: /home/rover/workspaces/rover-real/src/install/urc_msgs/share/urc_msgs/cmake/urc_msgs__rosidl_typesupport_introspection_cppExport-noconfig.cmake
[7.753s] -- Up-to-date: /home/rover/workspaces/rover-real/src/install/urc_msgs/share/urc_msgs/cmake/urc_msgs__rosidl_typesupport_cppExport.cmake
[7.753s] -- Up-to-date: /home/rover/workspaces/rover-real/src/install/urc_msgs/share/urc_msgs/cmake/urc_msgs__rosidl_typesupport_cppExport-noconfig.cmake
[7.753s] -- Up-to-date: /home/rover/workspaces/rover-real/src/install/urc_msgs/share/urc_msgs/cmake/export_urc_msgs__rosidl_generator_pyExport.cmake
[7.753s] -- Up-to-date: /home/rover/workspaces/rover-real/src/install/urc_msgs/share/urc_msgs/cmake/export_urc_msgs__rosidl_generator_pyExport-noconfig.cmake
[7.753s] -- Up-to-date: /home/rover/workspaces/rover-real/src/install/urc_msgs/share/urc_msgs/cmake/rosidl_cmake-extras.cmake
[7.753s] -- Up-to-date: /home/rover/workspaces/rover-real/src/install/urc_msgs/share/urc_msgs/cmake/ament_cmake_export_dependencies-extras.cmake
[7.753s] -- Up-to-date: /home/rover/workspaces/rover-real/src/install/urc_msgs/share/urc_msgs/cmake/ament_cmake_export_include_directories-extras.cmake
[7.754s] -- Up-to-date: /home/rover/workspaces/rover-real/src/install/urc_msgs/share/urc_msgs/cmake/ament_cmake_export_libraries-extras.cmake
[7.754s] -- Up-to-date: /home/rover/workspaces/rover-real/src/install/urc_msgs/share/urc_msgs/cmake/ament_cmake_export_targets-extras.cmake
[7.754s] -- Up-to-date: /home/rover/workspaces/rover-real/src/install/urc_msgs/share/urc_msgs/cmake/rosidl_cmake_export_typesupport_targets-extras.cmake
[7.754s] -- Up-to-date: /home/rover/workspaces/rover-real/src/install/urc_msgs/share/urc_msgs/cmake/rosidl_cmake_export_typesupport_libraries-extras.cmake
[7.754s] -- Up-to-date: /home/rover/workspaces/rover-real/src/install/urc_msgs/share/urc_msgs/cmake/urc_msgsConfig.cmake
[7.754s] -- Up-to-date: /home/rover/workspaces/rover-real/src/install/urc_msgs/share/urc_msgs/cmake/urc_msgsConfig-version.cmake
[7.755s] -- Up-to-date: /home/rover/workspaces/rover-real/src/install/urc_msgs/share/urc_msgs/package.xml
[9.033s] Invoked command in '/home/rover/workspaces/rover-real/src/build/urc_msgs' returned '0': CMAKE_PREFIX_PATH=/opt/ros/humble:${CMAKE_PREFIX_PATH} /usr/bin/cmake --install /home/rover/workspaces/rover-real/src/build/urc_msgs
