[0.206s] Invoking command in '/home/rover/workspaces/rover-real/src/build/zed2i_launch': CMAKE_PREFIX_PATH=/opt/ros/humble:${CMAKE_PREFIX_PATH} /usr/bin/cmake /home/rover/workspaces/rover-real/src/perception/zed2i_launch -DCMAKE_INSTALL_PREFIX=/home/rover/workspaces/rover-real/src/install/zed2i_launch
[0.322s] -- Found ament_cmake: 1.3.12 (/opt/ros/humble/share/ament_cmake/cmake)
[1.568s] -- Configuring done
[1.607s] -- Generating done
[1.612s] -- Build files have been written to: /home/rover/workspaces/rover-real/src/build/zed2i_launch
[1.649s] Invoked command in '/home/rover/workspaces/rover-real/src/build/zed2i_launch' returned '0': CMAKE_PREFIX_PATH=/opt/ros/humble:${CMAKE_PREFIX_PATH} /usr/bin/cmake /home/rover/workspaces/rover-real/src/perception/zed2i_launch -DCMAKE_INSTALL_PREFIX=/home/rover/workspaces/rover-real/src/install/zed2i_launch
[1.651s] Invoking command in '/home/rover/workspaces/rover-real/src/build/zed2i_launch': CMAKE_PREFIX_PATH=/opt/ros/humble:${CMAKE_PREFIX_PATH} /usr/bin/cmake --build /home/rover/workspaces/rover-real/src/build/zed2i_launch -- -j6 -l6
[2.048s] Invoked command in '/home/rover/workspaces/rover-real/src/build/zed2i_launch' returned '0': CMAKE_PREFIX_PATH=/opt/ros/humble:${CMAKE_PREFIX_PATH} /usr/bin/cmake --build /home/rover/workspaces/rover-real/src/build/zed2i_launch -- -j6 -l6
[2.049s] Invoking command in '/home/rover/workspaces/rover-real/src/build/zed2i_launch': CMAKE_PREFIX_PATH=/opt/ros/humble:${CMAKE_PREFIX_PATH} /usr/bin/cmake --install /home/rover/workspaces/rover-real/src/build/zed2i_launch
[2.144s] -- Install configuration: ""
[2.158s] -- Up-to-date: /home/rover/workspaces/rover-real/src/install/zed2i_launch/share/zed2i_launch/launch
[2.159s] -- Up-to-date: /home/rover/workspaces/rover-real/src/install/zed2i_launch/share/zed2i_launch/launch/zed2i_driver.launch.py
[2.160s] -- Up-to-date: /home/rover/workspaces/rover-real/src/install/zed2i_launch/share/zed2i_launch/params
[2.172s] -- Up-to-date: /home/rover/workspaces/rover-real/src/install/zed2i_launch/share/zed2i_launch/params/zed2i.yaml
[2.173s] -- Installing: /home/rover/workspaces/rover-real/src/install/zed2i_launch/share/ament_index/resource_index/package_run_dependencies/zed2i_launch
[2.177s] -- Up-to-date: /home/rover/workspaces/rover-real/src/install/zed2i_launch/share/ament_index/resource_index/parent_prefix_path/zed2i_launch
[2.177s] -- Up-to-date: /home/rover/workspaces/rover-real/src/install/zed2i_launch/share/zed2i_launch/environment/ament_prefix_path.sh
[2.178s] -- Installing: /home/rover/workspaces/rover-real/src/install/zed2i_launch/share/zed2i_launch/environment/ament_prefix_path.dsv
[2.178s] -- Up-to-date: /home/rover/workspaces/rover-real/src/install/zed2i_launch/share/zed2i_launch/environment/path.sh
[2.178s] -- Installing: /home/rover/workspaces/rover-real/src/install/zed2i_launch/share/zed2i_launch/environment/path.dsv
[2.182s] -- Up-to-date: /home/rover/workspaces/rover-real/src/install/zed2i_launch/share/zed2i_launch/local_setup.bash
[2.183s] -- Up-to-date: /home/rover/workspaces/rover-real/src/install/zed2i_launch/share/zed2i_launch/local_setup.sh
[2.183s] -- Up-to-date: /home/rover/workspaces/rover-real/src/install/zed2i_launch/share/zed2i_launch/local_setup.zsh
[2.183s] -- Installing: /home/rover/workspaces/rover-real/src/install/zed2i_launch/share/zed2i_launch/local_setup.dsv
[2.193s] -- Installing: /home/rover/workspaces/rover-real/src/install/zed2i_launch/share/zed2i_launch/package.dsv
[2.193s] -- Up-to-date: /home/rover/workspaces/rover-real/src/install/zed2i_launch/share/ament_index/resource_index/packages/zed2i_launch
[2.193s] -- Up-to-date: /home/rover/workspaces/rover-real/src/install/zed2i_launch/share/zed2i_launch/cmake/zed2i_launchConfig.cmake
[2.194s] -- Up-to-date: /home/rover/workspaces/rover-real/src/install/zed2i_launch/share/zed2i_launch/cmake/zed2i_launchConfig-version.cmake
[2.194s] -- Installing: /home/rover/workspaces/rover-real/src/install/zed2i_launch/share/zed2i_launch/package.xml
[2.313s] Invoked command in '/home/rover/workspaces/rover-real/src/build/zed2i_launch' returned '0': CMAKE_PREFIX_PATH=/opt/ros/humble:${CMAKE_PREFIX_PATH} /usr/bin/cmake --install /home/rover/workspaces/rover-real/src/build/zed2i_launch
