[0.061s] Invoking command in '/home/rover/workspaces/rover-real/src/build/gnss_launch': /usr/bin/cmake /home/rover/workspaces/rover-real/src/perception/gnss_launch -DCATKIN_INSTALL_INTO_PREFIX_ROOT=0 -DCMAKE_INSTALL_PREFIX=/home/rover/workspaces/rover-real/src/install/gnss_launch
[0.677s] -- The C compiler identification is GNU 11.4.0
[1.141s] -- The CXX compiler identification is GNU 11.4.0
[1.210s] -- Detecting C compiler ABI info
[2.023s] -- Detecting C compiler ABI info - done
[2.093s] -- Check for working C compiler: /usr/bin/cc - skipped
[2.094s] -- Detecting C compile features
[2.094s] -- Detecting C compile features - done
[2.119s] -- Detecting CXX compiler ABI info
[2.773s] -- Detecting CXX compiler ABI info - done
[2.829s] -- Check for working CXX compiler: /usr/bin/c++ - skipped
[2.830s] -- Detecting CXX compile features
[2.831s] -- Detecting CXX compile features - done
[2.841s] -- Found ament_cmake: 1.3.12 (/opt/ros/humble/share/ament_cmake/cmake)
[4.093s] -- Found Python3: /usr/bin/python3 (found version "3.10.12") found components: Interpreter 
[5.630s] -- Configuring done
[5.655s] -- Generating done
[5.677s] [33mCMake Warning:
[5.678s]   Manually-specified variables were not used by the project:
[5.678s] 
[5.678s]     CATKIN_INSTALL_INTO_PREFIX_ROOT
[5.678s] 
[5.678s] [0m
[5.681s] -- Build files have been written to: /home/rover/workspaces/rover-real/src/build/gnss_launch
[5.756s] Invoked command in '/home/rover/workspaces/rover-real/src/build/gnss_launch' returned '0': /usr/bin/cmake /home/rover/workspaces/rover-real/src/perception/gnss_launch -DCATKIN_INSTALL_INTO_PREFIX_ROOT=0 -DCMAKE_INSTALL_PREFIX=/home/rover/workspaces/rover-real/src/install/gnss_launch
[5.758s] Invoking command in '/home/rover/workspaces/rover-real/src/build/gnss_launch': /usr/bin/cmake --build /home/rover/workspaces/rover-real/src/build/gnss_launch -- -j6 -l6
[6.145s] Invoked command in '/home/rover/workspaces/rover-real/src/build/gnss_launch' returned '0': /usr/bin/cmake --build /home/rover/workspaces/rover-real/src/build/gnss_launch -- -j6 -l6
[6.151s] Invoking command in '/home/rover/workspaces/rover-real/src/build/gnss_launch': /usr/bin/cmake --install /home/rover/workspaces/rover-real/src/build/gnss_launch
[10.722s] -- Install configuration: ""
[10.723s] -- Installing: /home/rover/workspaces/rover-real/src/install/gnss_launch/share/gnss_launch/launch
[10.723s] -- Installing: /home/rover/workspaces/rover-real/src/install/gnss_launch/share/gnss_launch/launch/gnss_driver.launch.py
[10.723s] -- Installing: /home/rover/workspaces/rover-real/src/install/gnss_launch/share/gnss_launch/params
[10.737s] -- Installing: /home/rover/workspaces/rover-real/src/install/gnss_launch/share/gnss_launch/params/ublox.yaml
[10.738s] -- Installing: /home/rover/workspaces/rover-real/src/install/gnss_launch/share/ament_index/resource_index/package_run_dependencies/gnss_launch
[10.739s] -- Installing: /home/rover/workspaces/rover-real/src/install/gnss_launch/share/ament_index/resource_index/parent_prefix_path/gnss_launch
[10.739s] -- Installing: /home/rover/workspaces/rover-real/src/install/gnss_launch/share/gnss_launch/environment/ament_prefix_path.sh
[10.739s] -- Installing: /home/rover/workspaces/rover-real/src/install/gnss_launch/share/gnss_launch/environment/ament_prefix_path.dsv
[10.739s] -- Installing: /home/rover/workspaces/rover-real/src/install/gnss_launch/share/gnss_launch/environment/path.sh
[10.740s] -- Installing: /home/rover/workspaces/rover-real/src/install/gnss_launch/share/gnss_launch/environment/path.dsv
[10.740s] -- Installing: /home/rover/workspaces/rover-real/src/install/gnss_launch/share/gnss_launch/local_setup.bash
[10.740s] -- Installing: /home/rover/workspaces/rover-real/src/install/gnss_launch/share/gnss_launch/local_setup.sh
[10.740s] -- Installing: /home/rover/workspaces/rover-real/src/install/gnss_launch/share/gnss_launch/local_setup.zsh
[10.740s] -- Installing: /home/rover/workspaces/rover-real/src/install/gnss_launch/share/gnss_launch/local_setup.dsv
[10.740s] -- Installing: /home/rover/workspaces/rover-real/src/install/gnss_launch/share/gnss_launch/package.dsv
[10.740s] -- Installing: /home/rover/workspaces/rover-real/src/install/gnss_launch/share/ament_index/resource_index/packages/gnss_launch
[10.741s] -- Installing: /home/rover/workspaces/rover-real/src/install/gnss_launch/share/gnss_launch/cmake/gnss_launchConfig.cmake
[10.741s] -- Installing: /home/rover/workspaces/rover-real/src/install/gnss_launch/share/gnss_launch/cmake/gnss_launchConfig-version.cmake
[10.741s] -- Installing: /home/rover/workspaces/rover-real/src/install/gnss_launch/share/gnss_launch/package.xml
[10.767s] Invoked command in '/home/rover/workspaces/rover-real/src/build/gnss_launch' returned '0': /usr/bin/cmake --install /home/rover/workspaces/rover-real/src/build/gnss_launch
