[0.115s] Invoking command in '/home/rover/workspaces/rover-real/src/build/loc_fusion': /usr/bin/cmake /home/rover/workspaces/rover-real/src/perception/loc_fusion -DCATKIN_INSTALL_INTO_PREFIX_ROOT=0 -DCMAKE_INSTALL_PREFIX=/home/rover/workspaces/rover-real/src/install/loc_fusion
[1.582s] -- The C compiler identification is GNU 11.4.0
[1.858s] -- The CXX compiler identification is GNU 11.4.0
[1.949s] -- Detecting C compiler ABI info
[2.288s] -- Detecting C compiler ABI info - done
[2.322s] -- Check for working C compiler: /usr/bin/cc - skipped
[2.322s] -- Detecting C compile features
[2.323s] -- Detecting C compile features - done
[2.335s] -- Detecting CXX compiler ABI info
[2.772s] -- Detecting CXX compiler ABI info - done
[2.823s] -- Check for working CXX compiler: /usr/bin/c++ - skipped
[2.824s] -- Detecting CXX compile features
[2.825s] -- Detecting CXX compile features - done
[2.884s] -- Found ament_cmake: 1.3.12 (/opt/ros/humble/share/ament_cmake/cmake)
[3.976s] -- Found Python3: /usr/bin/python3 (found version "3.10.12") found components: Interpreter 
[4.603s] -- Found rclcpp: 16.0.14 (/opt/ros/humble/share/rclcpp/cmake)
[4.789s] -- Found rosidl_generator_c: 3.1.7 (/opt/ros/humble/share/rosidl_generator_c/cmake)
[4.804s] -- Found rosidl_adapter: 3.1.7 (/opt/ros/humble/share/rosidl_adapter/cmake)
[4.829s] -- Found rosidl_generator_cpp: 3.1.7 (/opt/ros/humble/share/rosidl_generator_cpp/cmake)
[4.966s] -- Using all available rosidl_typesupport_c: rosidl_typesupport_fastrtps_c;rosidl_typesupport_introspection_c
[5.055s] -- Using all available rosidl_typesupport_cpp: rosidl_typesupport_fastrtps_cpp;rosidl_typesupport_introspection_cpp
[5.440s] -- Found rmw_implementation_cmake: 6.1.2 (/opt/ros/humble/share/rmw_implementation_cmake/cmake)
[5.480s] -- Found rmw_cyclonedds_cpp: 1.3.4 (/opt/ros/humble/share/rmw_cyclonedds_cpp/cmake)
[5.905s] -- Using RMW implementation 'rmw_cyclonedds_cpp' as default
[6.122s] -- Looking for pthread.h
[6.417s] -- Looking for pthread.h - found
[6.418s] -- Performing Test CMAKE_HAVE_LIBC_PTHREAD
[6.903s] -- Performing Test CMAKE_HAVE_LIBC_PTHREAD - Success
[6.906s] -- Found Threads: TRUE  
[7.235s] -- Found sensor_msgs: 4.9.0 (/opt/ros/humble/share/sensor_msgs/cmake)
[7.341s] -- Found nav_msgs: 4.9.0 (/opt/ros/humble/share/nav_msgs/cmake)
[7.450s] -- Found tf2: 0.25.16 (/opt/ros/humble/share/tf2/cmake)
[7.513s] -- Found tf2_ros: 0.25.16 (/opt/ros/humble/share/tf2_ros/cmake)
[8.160s] -- Found ament_lint_auto: 0.12.14 (/opt/ros/humble/share/ament_lint_auto/cmake)
[8.492s] -- Configuring done
[8.556s] -- Generating done
[8.571s] [33mCMake Warning:
[8.571s]   Manually-specified variables were not used by the project:
[8.572s] 
[8.572s]     CATKIN_INSTALL_INTO_PREFIX_ROOT
[8.572s] 
[8.572s] [0m
[8.579s] -- Build files have been written to: /home/rover/workspaces/rover-real/src/build/loc_fusion
[8.644s] Invoked command in '/home/rover/workspaces/rover-real/src/build/loc_fusion' returned '0': /usr/bin/cmake /home/rover/workspaces/rover-real/src/perception/loc_fusion -DCATKIN_INSTALL_INTO_PREFIX_ROOT=0 -DCMAKE_INSTALL_PREFIX=/home/rover/workspaces/rover-real/src/install/loc_fusion
[8.651s] Invoking command in '/home/rover/workspaces/rover-real/src/build/loc_fusion': /usr/bin/cmake --build /home/rover/workspaces/rover-real/src/build/loc_fusion -- -j6 -l6
[8.876s] Invoked command in '/home/rover/workspaces/rover-real/src/build/loc_fusion' returned '0': /usr/bin/cmake --build /home/rover/workspaces/rover-real/src/build/loc_fusion -- -j6 -l6
[8.900s] Invoking command in '/home/rover/workspaces/rover-real/src/build/loc_fusion': /usr/bin/cmake --install /home/rover/workspaces/rover-real/src/build/loc_fusion
[8.941s] -- Install configuration: ""
[8.943s] -- Installing: /home/rover/workspaces/rover-real/src/install/loc_fusion/share/ament_index/resource_index/package_run_dependencies/loc_fusion
[8.945s] -- Installing: /home/rover/workspaces/rover-real/src/install/loc_fusion/share/ament_index/resource_index/parent_prefix_path/loc_fusion
[8.946s] -- Installing: /home/rover/workspaces/rover-real/src/install/loc_fusion/share/loc_fusion/environment/ament_prefix_path.sh
[8.946s] -- Installing: /home/rover/workspaces/rover-real/src/install/loc_fusion/share/loc_fusion/environment/ament_prefix_path.dsv
[8.946s] -- Installing: /home/rover/workspaces/rover-real/src/install/loc_fusion/share/loc_fusion/environment/path.sh
[8.946s] -- Installing: /home/rover/workspaces/rover-real/src/install/loc_fusion/share/loc_fusion/environment/path.dsv
[8.946s] -- Installing: /home/rover/workspaces/rover-real/src/install/loc_fusion/share/loc_fusion/local_setup.bash
[8.947s] -- Installing: /home/rover/workspaces/rover-real/src/install/loc_fusion/share/loc_fusion/local_setup.sh
[8.947s] -- Installing: /home/rover/workspaces/rover-real/src/install/loc_fusion/share/loc_fusion/local_setup.zsh
[8.947s] -- Installing: /home/rover/workspaces/rover-real/src/install/loc_fusion/share/loc_fusion/local_setup.dsv
[8.947s] -- Installing: /home/rover/workspaces/rover-real/src/install/loc_fusion/share/loc_fusion/package.dsv
[8.947s] -- Installing: /home/rover/workspaces/rover-real/src/install/loc_fusion/share/ament_index/resource_index/packages/loc_fusion
[8.947s] -- Installing: /home/rover/workspaces/rover-real/src/install/loc_fusion/share/loc_fusion/cmake/loc_fusionConfig.cmake
[8.947s] -- Installing: /home/rover/workspaces/rover-real/src/install/loc_fusion/share/loc_fusion/cmake/loc_fusionConfig-version.cmake
[8.973s] -- Installing: /home/rover/workspaces/rover-real/src/install/loc_fusion/share/loc_fusion/package.xml
[9.154s] Invoked command in '/home/rover/workspaces/rover-real/src/build/loc_fusion' returned '0': /usr/bin/cmake --install /home/rover/workspaces/rover-real/src/build/loc_fusion
