[0.120s] Invoking command in '/home/rover/workspaces/rover-real/src/build/moveit_config_template': AMENT_PREFIX_PATH=/home/rover/workspaces/rover-real/src/install/arm_template:${AMENT_PREFIX_PATH} CMAKE_PREFIX_PATH=/home/rover/workspaces/rover-real/src/install/arm_template:/opt/ros/humble:${CMAKE_PREFIX_PATH} PYTHONPATH=/home/rover/workspaces/rover-real/src/install/arm_template/local/lib/python3.10/dist-packages:${PYTHONPATH} /usr/bin/cmake --build /home/rover/workspaces/rover-real/src/build/moveit_config_template -- -j6 -l6
[0.611s] Invoked command in '/home/rover/workspaces/rover-real/src/build/moveit_config_template' returned '0': AMENT_PREFIX_PATH=/home/rover/workspaces/rover-real/src/install/arm_template:${AMENT_PREFIX_PATH} CMAKE_PREFIX_PATH=/home/rover/workspaces/rover-real/src/install/arm_template:/opt/ros/humble:${CMAKE_PREFIX_PATH} PYTHONPATH=/home/rover/workspaces/rover-real/src/install/arm_template/local/lib/python3.10/dist-packages:${PYTHONPATH} /usr/bin/cmake --build /home/rover/workspaces/rover-real/src/build/moveit_config_template -- -j6 -l6
[0.612s] Invoking command in '/home/rover/workspaces/rover-real/src/build/moveit_config_template': AMENT_PREFIX_PATH=/home/rover/workspaces/rover-real/src/install/arm_template:${AMENT_PREFIX_PATH} CMAKE_PREFIX_PATH=/home/rover/workspaces/rover-real/src/install/arm_template:/opt/ros/humble:${CMAKE_PREFIX_PATH} PYTHONPATH=/home/rover/workspaces/rover-real/src/install/arm_template/local/lib/python3.10/dist-packages:${PYTHONPATH} /usr/bin/cmake --install /home/rover/workspaces/rover-real/src/build/moveit_config_template
[0.665s] -- Install configuration: ""
[0.666s] -- Up-to-date: /home/rover/workspaces/rover-real/src/install/moveit_config_template/share/moveit_config_template//launch
[0.666s] -- Up-to-date: /home/rover/workspaces/rover-real/src/install/moveit_config_template/share/moveit_config_template//launch/move_group.launch.py
[0.666s] -- Up-to-date: /home/rover/workspaces/rover-real/src/install/moveit_config_template/share/moveit_config_template//config
[0.666s] -- Up-to-date: /home/rover/workspaces/rover-real/src/install/moveit_config_template/share/ament_index/resource_index/package_run_dependencies/moveit_config_template
[0.666s] -- Up-to-date: /home/rover/workspaces/rover-real/src/install/moveit_config_template/share/ament_index/resource_index/parent_prefix_path/moveit_config_template
[0.667s] -- Up-to-date: /home/rover/workspaces/rover-real/src/install/moveit_config_template/share/moveit_config_template/environment/ament_prefix_path.sh
[0.667s] -- Up-to-date: /home/rover/workspaces/rover-real/src/install/moveit_config_template/share/moveit_config_template/environment/ament_prefix_path.dsv
[0.667s] -- Up-to-date: /home/rover/workspaces/rover-real/src/install/moveit_config_template/share/moveit_config_template/environment/path.sh
[0.667s] -- Up-to-date: /home/rover/workspaces/rover-real/src/install/moveit_config_template/share/moveit_config_template/environment/path.dsv
[0.667s] -- Up-to-date: /home/rover/workspaces/rover-real/src/install/moveit_config_template/share/moveit_config_template/local_setup.bash
[0.667s] -- Up-to-date: /home/rover/workspaces/rover-real/src/install/moveit_config_template/share/moveit_config_template/local_setup.sh
[0.667s] -- Up-to-date: /home/rover/workspaces/rover-real/src/install/moveit_config_template/share/moveit_config_template/local_setup.zsh
[0.667s] -- Up-to-date: /home/rover/workspaces/rover-real/src/install/moveit_config_template/share/moveit_config_template/local_setup.dsv
[0.668s] -- Installing: /home/rover/workspaces/rover-real/src/install/moveit_config_template/share/moveit_config_template/package.dsv
[0.669s] -- Up-to-date: /home/rover/workspaces/rover-real/src/install/moveit_config_template/share/ament_index/resource_index/packages/moveit_config_template
[0.669s] -- Up-to-date: /home/rover/workspaces/rover-real/src/install/moveit_config_template/share/moveit_config_template/cmake/moveit_config_templateConfig.cmake
[0.669s] -- Up-to-date: /home/rover/workspaces/rover-real/src/install/moveit_config_template/share/moveit_config_template/cmake/moveit_config_templateConfig-version.cmake
[0.669s] -- Up-to-date: /home/rover/workspaces/rover-real/src/install/moveit_config_template/share/moveit_config_template/package.xml
[0.691s] Invoked command in '/home/rover/workspaces/rover-real/src/build/moveit_config_template' returned '0': AMENT_PREFIX_PATH=/home/rover/workspaces/rover-real/src/install/arm_template:${AMENT_PREFIX_PATH} CMAKE_PREFIX_PATH=/home/rover/workspaces/rover-real/src/install/arm_template:/opt/ros/humble:${CMAKE_PREFIX_PATH} PYTHONPATH=/home/rover/workspaces/rover-real/src/install/arm_template/local/lib/python3.10/dist-packages:${PYTHONPATH} /usr/bin/cmake --install /home/rover/workspaces/rover-real/src/build/moveit_config_template
