[4.018s] Invoking command in '/home/rover/workspaces/rover-real/src/system/rover_boot': AMENT_PREFIX_PATH=/home/rover/workspaces/rover-real/src/install/zed2i_launch:/home/rover/workspaces/rover-real/src/install/urc_msgs:${AMENT_PREFIX_PATH} CMAKE_PREFIX_PATH=/home/rover/workspaces/rover-real/src/install/slam_launch:/home/rover/workspaces/rover-real/src/install/gap_guidance:/home/rover/workspaces/rover-real/src/install/zed2i_launch:/home/rover/workspaces/rover-real/src/install/urc_msgs:/home/rover/workspaces/rover-real/src/install/nav2_launch:/home/rover/workspaces/rover-real/src/install/loc_fusion:${CMAKE_PREFIX_PATH} LD_LIBRARY_PATH=/home/rover/workspaces/rover-real/src/install/urc_msgs/lib:${LD_LIBRARY_PATH} PKG_CONFIG_PATH=/home/rover/workspaces/rover-real/src/install/slam_launch/lib/aarch64-linux-gnu/pkgconfig:/home/rover/workspaces/rover-real/src/install/slam_launch/lib/pkgconfig:/home/rover/workspaces/rover-real/src/install/gap_guidance/lib/aarch64-linux-gnu/pkgconfig:/home/rover/workspaces/rover-real/src/install/gap_guidance/lib/pkgconfig:/home/rover/workspaces/rover-real/src/install/nav2_launch/lib/aarch64-linux-gnu/pkgconfig:/home/rover/workspaces/rover-real/src/install/nav2_launch/lib/pkgconfig:/home/rover/workspaces/rover-real/src/install/loc_fusion/lib/aarch64-linux-gnu/pkgconfig:/home/rover/workspaces/rover-real/src/install/loc_fusion/lib/pkgconfig:${PKG_CONFIG_PATH} PYTHONPATH=/home/rover/workspaces/rover-real/src/build/rover_boot/prefix_override:/usr/lib/python3/dist-packages/colcon_core/task/python/colcon_distutils_commands:/home/rover/workspaces/rover-real/src/install/rover_boot/lib/python3.10/site-packages:/home/rover/workspaces/rover-real/src/install/urc_msgs/local/lib/python3.10/dist-packages:${PYTHONPATH} ROS_PACKAGE_PATH=/home/rover/workspaces/rover-real/src/install/slam_launch/share:/home/rover/workspaces/rover-real/src/install/gap_guidance/share:/home/rover/workspaces/rover-real/src/install/nav2_launch/share:/home/rover/workspaces/rover-real/src/install/loc_fusion/share:${ROS_PACKAGE_PATH} /usr/bin/python3 -W ignore:setup.py install is deprecated -W ignore:easy_install command is deprecated setup.py egg_info --egg-base ../../build/rover_boot build --build-base /home/rover/workspaces/rover-real/src/build/rover_boot/build install --record /home/rover/workspaces/rover-real/src/build/rover_boot/install.log --single-version-externally-managed install_data
[5.086s] running egg_info
[5.090s] writing ../../build/rover_boot/rover_boot.egg-info/PKG-INFO
[5.092s] writing dependency_links to ../../build/rover_boot/rover_boot.egg-info/dependency_links.txt
[5.092s] writing entry points to ../../build/rover_boot/rover_boot.egg-info/entry_points.txt
[5.093s] writing requirements to ../../build/rover_boot/rover_boot.egg-info/requires.txt
[5.094s] writing top-level names to ../../build/rover_boot/rover_boot.egg-info/top_level.txt
[5.106s] reading manifest file '../../build/rover_boot/rover_boot.egg-info/SOURCES.txt'
[5.109s] writing manifest file '../../build/rover_boot/rover_boot.egg-info/SOURCES.txt'
[5.121s] running build
[5.128s] running build_py
[5.131s] running install
[5.131s] running install_lib
[5.131s] running install_data
[5.131s] running install_egg_info
[5.132s] removing '/home/rover/workspaces/rover-real/src/install/rover_boot/lib/python3.10/site-packages/rover_boot-0.1.0-py3.10.egg-info' (and everything under it)
[5.132s] Copying ../../build/rover_boot/rover_boot.egg-info to /home/rover/workspaces/rover-real/src/install/rover_boot/lib/python3.10/site-packages/rover_boot-0.1.0-py3.10.egg-info
[5.143s] running install_scripts
[5.224s] Installing boot_node script to /home/rover/workspaces/rover-real/src/install/rover_boot/bin
[5.240s] writing list of installed files to '/home/rover/workspaces/rover-real/src/build/rover_boot/install.log'
[5.446s] Invoked command in '/home/rover/workspaces/rover-real/src/system/rover_boot' returned '0': AMENT_PREFIX_PATH=/home/rover/workspaces/rover-real/src/install/zed2i_launch:/home/rover/workspaces/rover-real/src/install/urc_msgs:${AMENT_PREFIX_PATH} CMAKE_PREFIX_PATH=/home/rover/workspaces/rover-real/src/install/slam_launch:/home/rover/workspaces/rover-real/src/install/gap_guidance:/home/rover/workspaces/rover-real/src/install/zed2i_launch:/home/rover/workspaces/rover-real/src/install/urc_msgs:/home/rover/workspaces/rover-real/src/install/nav2_launch:/home/rover/workspaces/rover-real/src/install/loc_fusion:${CMAKE_PREFIX_PATH} LD_LIBRARY_PATH=/home/rover/workspaces/rover-real/src/install/urc_msgs/lib:${LD_LIBRARY_PATH} PKG_CONFIG_PATH=/home/rover/workspaces/rover-real/src/install/slam_launch/lib/aarch64-linux-gnu/pkgconfig:/home/rover/workspaces/rover-real/src/install/slam_launch/lib/pkgconfig:/home/rover/workspaces/rover-real/src/install/gap_guidance/lib/aarch64-linux-gnu/pkgconfig:/home/rover/workspaces/rover-real/src/install/gap_guidance/lib/pkgconfig:/home/rover/workspaces/rover-real/src/install/nav2_launch/lib/aarch64-linux-gnu/pkgconfig:/home/rover/workspaces/rover-real/src/install/nav2_launch/lib/pkgconfig:/home/rover/workspaces/rover-real/src/install/loc_fusion/lib/aarch64-linux-gnu/pkgconfig:/home/rover/workspaces/rover-real/src/install/loc_fusion/lib/pkgconfig:${PKG_CONFIG_PATH} PYTHONPATH=/home/rover/workspaces/rover-real/src/build/rover_boot/prefix_override:/usr/lib/python3/dist-packages/colcon_core/task/python/colcon_distutils_commands:/home/rover/workspaces/rover-real/src/install/rover_boot/lib/python3.10/site-packages:/home/rover/workspaces/rover-real/src/install/urc_msgs/local/lib/python3.10/dist-packages:${PYTHONPATH} ROS_PACKAGE_PATH=/home/rover/workspaces/rover-real/src/install/slam_launch/share:/home/rover/workspaces/rover-real/src/install/gap_guidance/share:/home/rover/workspaces/rover-real/src/install/nav2_launch/share:/home/rover/workspaces/rover-real/src/install/loc_fusion/share:${ROS_PACKAGE_PATH} /usr/bin/python3 -W ignore:setup.py install is deprecated -W ignore:easy_install command is deprecated setup.py egg_info --egg-base ../../build/rover_boot build --build-base /home/rover/workspaces/rover-real/src/build/rover_boot/build install --record /home/rover/workspaces/rover-real/src/build/rover_boot/install.log --single-version-externally-managed install_data
