running egg_info
creating ../../build/pointcloud_tools/pointcloud_tools.egg-info
writing ../../build/pointcloud_tools/pointcloud_tools.egg-info/PKG-INFO
writing dependency_links to ../../build/pointcloud_tools/pointcloud_tools.egg-info/dependency_links.txt
writing entry points to ../../build/pointcloud_tools/pointcloud_tools.egg-info/entry_points.txt
writing requirements to ../../build/pointcloud_tools/pointcloud_tools.egg-info/requires.txt
writing top-level names to ../../build/pointcloud_tools/pointcloud_tools.egg-info/top_level.txt
writing manifest file '../../build/pointcloud_tools/pointcloud_tools.egg-info/SOURCES.txt'
reading manifest file '../../build/pointcloud_tools/pointcloud_tools.egg-info/SOURCES.txt'
writing manifest file '../../build/pointcloud_tools/pointcloud_tools.egg-info/SOURCES.txt'
running build
running build_py
creating /home/rover/workspaces/rover-real/src/build/pointcloud_tools/build
creating /home/rover/workspaces/rover-real/src/build/pointcloud_tools/build/lib
creating /home/rover/workspaces/rover-real/src/build/pointcloud_tools/build/lib/pointcloud_tools
copying pointcloud_tools/grid_builder_node.py -> /home/rover/workspaces/rover-real/src/build/pointcloud_tools/build/lib/pointcloud_tools
copying pointcloud_tools/depth_to_scan_node.py -> /home/rover/workspaces/rover-real/src/build/pointcloud_tools/build/lib/pointcloud_tools
copying pointcloud_tools/__init__.py -> /home/rover/workspaces/rover-real/src/build/pointcloud_tools/build/lib/pointcloud_tools
running install
running install_lib
creating /home/rover/workspaces/rover-real/src/install/pointcloud_tools/lib/python3.10/site-packages/pointcloud_tools
copying /home/rover/workspaces/rover-real/src/build/pointcloud_tools/build/lib/pointcloud_tools/grid_builder_node.py -> /home/rover/workspaces/rover-real/src/install/pointcloud_tools/lib/python3.10/site-packages/pointcloud_tools
copying /home/rover/workspaces/rover-real/src/build/pointcloud_tools/build/lib/pointcloud_tools/depth_to_scan_node.py -> /home/rover/workspaces/rover-real/src/install/pointcloud_tools/lib/python3.10/site-packages/pointcloud_tools
copying /home/rover/workspaces/rover-real/src/build/pointcloud_tools/build/lib/pointcloud_tools/__init__.py -> /home/rover/workspaces/rover-real/src/install/pointcloud_tools/lib/python3.10/site-packages/pointcloud_tools
byte-compiling /home/rover/workspaces/rover-real/src/install/pointcloud_tools/lib/python3.10/site-packages/pointcloud_tools/grid_builder_node.py to grid_builder_node.cpython-310.pyc
byte-compiling /home/rover/workspaces/rover-real/src/install/pointcloud_tools/lib/python3.10/site-packages/pointcloud_tools/depth_to_scan_node.py to depth_to_scan_node.cpython-310.pyc
byte-compiling /home/rover/workspaces/rover-real/src/install/pointcloud_tools/lib/python3.10/site-packages/pointcloud_tools/__init__.py to __init__.cpython-310.pyc
running install_data
creating /home/rover/workspaces/rover-real/src/install/pointcloud_tools/share
creating /home/rover/workspaces/rover-real/src/install/pointcloud_tools/share/ament_index
creating /home/rover/workspaces/rover-real/src/install/pointcloud_tools/share/ament_index/resource_index
creating /home/rover/workspaces/rover-real/src/install/pointcloud_tools/share/ament_index/resource_index/packages
copying resource/pointcloud_tools -> /home/rover/workspaces/rover-real/src/install/pointcloud_tools/share/ament_index/resource_index/packages
creating /home/rover/workspaces/rover-real/src/install/pointcloud_tools/share/pointcloud_tools
creating /home/rover/workspaces/rover-real/src/install/pointcloud_tools/share/pointcloud_tools/launch
copying launch/pointcloud_tools.launch.py -> /home/rover/workspaces/rover-real/src/install/pointcloud_tools/share/pointcloud_tools/launch
creating /home/rover/workspaces/rover-real/src/install/pointcloud_tools/share/pointcloud_tools/config
copying config/pointcloud_params.yaml -> /home/rover/workspaces/rover-real/src/install/pointcloud_tools/share/pointcloud_tools/config
running install_egg_info
Copying ../../build/pointcloud_tools/pointcloud_tools.egg-info to /home/rover/workspaces/rover-real/src/install/pointcloud_tools/lib/python3.10/site-packages/pointcloud_tools-0.1.0-py3.10.egg-info
running install_scripts
Installing depth_to_scan script to /home/rover/workspaces/rover-real/src/install/pointcloud_tools/bin
Installing grid_builder script to /home/rover/workspaces/rover-real/src/install/pointcloud_tools/bin
writing list of installed files to '/home/rover/workspaces/rover-real/src/build/pointcloud_tools/install.log'
