[  1%] Built target rover_control__cpp
[  1%] Built target ament_cmake_python_copy_rover_control
[35m[1mConsolidate compiler generated dependencies of target rover_control__rosidl_typesupport_introspection_cpp[0m
[ 12%] Built target rover_control__rosidl_typesupport_introspection_cpp
running egg_info
writing rover_control.egg-info/PKG-INFO
writing dependency_links to rover_control.egg-info/dependency_links.txt
writing top-level names to rover_control.egg-info/top_level.txt
reading manifest file 'rover_control.egg-info/SOURCES.txt'
writing manifest file 'rover_control.egg-info/SOURCES.txt'
[ 12%] Built target ament_cmake_python_build_rover_control_egg
[35m[1mConsolidate compiler generated dependencies of target rover_control__rosidl_typesupport_fastrtps_cpp[0m
[ 23%] Built target rover_control__rosidl_typesupport_fastrtps_cpp
[35m[1mConsolidate compiler generated dependencies of target rover_control__rosidl_typesupport_cpp[0m
[ 35%] Built target rover_control__rosidl_typesupport_cpp
[35m[1mConsolidate compiler generated dependencies of target rover_control__rosidl_generator_c[0m
[ 46%] Built target rover_control__rosidl_generator_c
[35m[1mConsolidate compiler generated dependencies of target rover_control__rosidl_typesupport_fastrtps_c[0m
[ 57%] Built target rover_control__rosidl_typesupport_fastrtps_c
[35m[1mConsolidate compiler generated dependencies of target rover_control__rosidl_typesupport_c[0m
[ 69%] Built target rover_control__rosidl_typesupport_c
[35m[1mConsolidate compiler generated dependencies of target rover_control__rosidl_typesupport_introspection_c[0m
[ 80%] Built target rover_control__rosidl_typesupport_introspection_c
[ 80%] Built target rover_control
[ 81%] Built target rover_control__py
[35m[1mConsolidate compiler generated dependencies of target rover_control__rosidl_generator_py[0m
[ 91%] Built target rover_control__rosidl_generator_py
[35m[1mConsolidate compiler generated dependencies of target rover_control__rosidl_typesupport_fastrtps_c__pyext[0m
[ 94%] Built target rover_control__rosidl_typesupport_fastrtps_c__pyext
[35m[1mConsolidate compiler generated dependencies of target rover_control__rosidl_typesupport_c__pyext[0m
[ 97%] Built target rover_control__rosidl_typesupport_c__pyext
[35m[1mConsolidate compiler generated dependencies of target rover_control__rosidl_typesupport_introspection_c__pyext[0m
[100%] Built target rover_control__rosidl_typesupport_introspection_c__pyext
-- Install configuration: ""
-- Up-to-date: /home/rover/workspaces/rover-real/src/install/rover_control/share/ament_index/resource_index/rosidl_interfaces/rover_control
-- Up-to-date: /home/rover/workspaces/rover-real/src/install/rover_control/include/rover_control/rover_control
-- Up-to-date: /home/rover/workspaces/rover-real/src/install/rover_control/include/rover_control/rover_control/action
-- Up-to-date: /home/rover/workspaces/rover-real/src/install/rover_control/include/rover_control/rover_control/action/follow_path.h
-- Up-to-date: /home/rover/workspaces/rover-real/src/install/rover_control/include/rover_control/rover_control/action/detail
-- Up-to-date: /home/rover/workspaces/rover-real/src/install/rover_control/include/rover_control/rover_control/action/detail/cancel_motion__functions.h
-- Up-to-date: /home/rover/workspaces/rover-real/src/install/rover_control/include/rover_control/rover_control/action/detail/drive_to_pose__struct.h
-- Up-to-date: /home/rover/workspaces/rover-real/src/install/rover_control/include/rover_control/rover_control/action/detail/drive_to_pose__type_support.h
-- Up-to-date: /home/rover/workspaces/rover-real/src/install/rover_control/include/rover_control/rover_control/action/detail/set_velocity__functions.c
-- Up-to-date: /home/rover/workspaces/rover-real/src/install/rover_control/include/rover_control/rover_control/action/detail/follow_path__functions.h
-- Up-to-date: /home/rover/workspaces/rover-real/src/install/rover_control/include/rover_control/rover_control/action/detail/set_velocity__functions.h
-- Up-to-date: /home/rover/workspaces/rover-real/src/install/rover_control/include/rover_control/rover_control/action/detail/cancel_motion__functions.c
-- Up-to-date: /home/rover/workspaces/rover-real/src/install/rover_control/include/rover_control/rover_control/action/detail/drive_to_pose__functions.c
-- Up-to-date: /home/rover/workspaces/rover-real/src/install/rover_control/include/rover_control/rover_control/action/detail/set_velocity__type_support.h
-- Up-to-date: /home/rover/workspaces/rover-real/src/install/rover_control/include/rover_control/rover_control/action/detail/drive_to_pose__functions.h
-- Up-to-date: /home/rover/workspaces/rover-real/src/install/rover_control/include/rover_control/rover_control/action/detail/follow_path__functions.c
-- Up-to-date: /home/rover/workspaces/rover-real/src/install/rover_control/include/rover_control/rover_control/action/detail/follow_path__type_support.h
-- Up-to-date: /home/rover/workspaces/rover-real/src/install/rover_control/include/rover_control/rover_control/action/detail/follow_path__struct.h
-- Up-to-date: /home/rover/workspaces/rover-real/src/install/rover_control/include/rover_control/rover_control/action/detail/cancel_motion__type_support.h
-- Up-to-date: /home/rover/workspaces/rover-real/src/install/rover_control/include/rover_control/rover_control/action/detail/set_velocity__struct.h
-- Up-to-date: /home/rover/workspaces/rover-real/src/install/rover_control/include/rover_control/rover_control/action/detail/cancel_motion__struct.h
-- Up-to-date: /home/rover/workspaces/rover-real/src/install/rover_control/include/rover_control/rover_control/action/set_velocity.h
-- Up-to-date: /home/rover/workspaces/rover-real/src/install/rover_control/include/rover_control/rover_control/action/cancel_motion.h
-- Up-to-date: /home/rover/workspaces/rover-real/src/install/rover_control/include/rover_control/rover_control/action/drive_to_pose.h
-- Up-to-date: /home/rover/workspaces/rover-real/src/install/rover_control/include/rover_control/rover_control/msg
-- Up-to-date: /home/rover/workspaces/rover-real/src/install/rover_control/include/rover_control/rover_control/msg/rosidl_generator_c__visibility_control.h
-- Up-to-date: /home/rover/workspaces/rover-real/src/install/rover_control/include/rover_control/rover_control/msg/detail
-- Up-to-date: /home/rover/workspaces/rover-real/src/install/rover_control/include/rover_control/rover_control/msg/detail/drive_command__functions.h
-- Up-to-date: /home/rover/workspaces/rover-real/src/install/rover_control/include/rover_control/rover_control/msg/detail/drive_command__functions.c
-- Up-to-date: /home/rover/workspaces/rover-real/src/install/rover_control/include/rover_control/rover_control/msg/detail/rover_status__struct.h
-- Up-to-date: /home/rover/workspaces/rover-real/src/install/rover_control/include/rover_control/rover_control/msg/detail/rover_status__type_support.h
-- Up-to-date: /home/rover/workspaces/rover-real/src/install/rover_control/include/rover_control/rover_control/msg/detail/drive_command__type_support.h
-- Up-to-date: /home/rover/workspaces/rover-real/src/install/rover_control/include/rover_control/rover_control/msg/detail/drive_command__struct.h
-- Up-to-date: /home/rover/workspaces/rover-real/src/install/rover_control/include/rover_control/rover_control/msg/detail/rover_status__functions.c
-- Up-to-date: /home/rover/workspaces/rover-real/src/install/rover_control/include/rover_control/rover_control/msg/detail/rover_status__functions.h
-- Up-to-date: /home/rover/workspaces/rover-real/src/install/rover_control/include/rover_control/rover_control/msg/drive_command.h
-- Up-to-date: /home/rover/workspaces/rover-real/src/install/rover_control/include/rover_control/rover_control/msg/rover_status.h
-- Up-to-date: /home/rover/workspaces/rover-real/src/install/rover_control/share/rover_control/environment/library_path.sh
-- Up-to-date: /home/rover/workspaces/rover-real/src/install/rover_control/share/rover_control/environment/library_path.dsv
-- Up-to-date: /home/rover/workspaces/rover-real/src/install/rover_control/lib/librover_control__rosidl_generator_c.so
-- Up-to-date: /home/rover/workspaces/rover-real/src/install/rover_control/include/rover_control/rover_control
-- Up-to-date: /home/rover/workspaces/rover-real/src/install/rover_control/include/rover_control/rover_control/action
-- Up-to-date: /home/rover/workspaces/rover-real/src/install/rover_control/include/rover_control/rover_control/action/detail
-- Up-to-date: /home/rover/workspaces/rover-real/src/install/rover_control/include/rover_control/rover_control/action/detail/follow_path__rosidl_typesupport_fastrtps_c.h
-- Up-to-date: /home/rover/workspaces/rover-real/src/install/rover_control/include/rover_control/rover_control/action/detail/set_velocity__rosidl_typesupport_fastrtps_c.h
-- Up-to-date: /home/rover/workspaces/rover-real/src/install/rover_control/include/rover_control/rover_control/action/detail/drive_to_pose__rosidl_typesupport_fastrtps_c.h
-- Up-to-date: /home/rover/workspaces/rover-real/src/install/rover_control/include/rover_control/rover_control/action/detail/cancel_motion__rosidl_typesupport_fastrtps_c.h
-- Up-to-date: /home/rover/workspaces/rover-real/src/install/rover_control/include/rover_control/rover_control/msg
-- Up-to-date: /home/rover/workspaces/rover-real/src/install/rover_control/include/rover_control/rover_control/msg/detail
-- Up-to-date: /home/rover/workspaces/rover-real/src/install/rover_control/include/rover_control/rover_control/msg/detail/drive_command__rosidl_typesupport_fastrtps_c.h
-- Up-to-date: /home/rover/workspaces/rover-real/src/install/rover_control/include/rover_control/rover_control/msg/detail/rover_status__rosidl_typesupport_fastrtps_c.h
-- Up-to-date: /home/rover/workspaces/rover-real/src/install/rover_control/include/rover_control/rover_control/msg/rosidl_typesupport_fastrtps_c__visibility_control.h
-- Up-to-date: /home/rover/workspaces/rover-real/src/install/rover_control/lib/librover_control__rosidl_typesupport_fastrtps_c.so
-- Up-to-date: /home/rover/workspaces/rover-real/src/install/rover_control/include/rover_control/rover_control
-- Up-to-date: /home/rover/workspaces/rover-real/src/install/rover_control/include/rover_control/rover_control/action
-- Up-to-date: /home/rover/workspaces/rover-real/src/install/rover_control/include/rover_control/rover_control/action/detail
-- Up-to-date: /home/rover/workspaces/rover-real/src/install/rover_control/include/rover_control/rover_control/action/detail/cancel_motion__rosidl_typesupport_introspection_c.h
-- Up-to-date: /home/rover/workspaces/rover-real/src/install/rover_control/include/rover_control/rover_control/action/detail/follow_path__type_support.c
-- Up-to-date: /home/rover/workspaces/rover-real/src/install/rover_control/include/rover_control/rover_control/action/detail/cancel_motion__type_support.c
-- Up-to-date: /home/rover/workspaces/rover-real/src/install/rover_control/include/rover_control/rover_control/action/detail/drive_to_pose__rosidl_typesupport_introspection_c.h
-- Up-to-date: /home/rover/workspaces/rover-real/src/install/rover_control/include/rover_control/rover_control/action/detail/set_velocity__type_support.c
-- Up-to-date: /home/rover/workspaces/rover-real/src/install/rover_control/include/rover_control/rover_control/action/detail/follow_path__rosidl_typesupport_introspection_c.h
-- Up-to-date: /home/rover/workspaces/rover-real/src/install/rover_control/include/rover_control/rover_control/action/detail/drive_to_pose__type_support.c
-- Up-to-date: /home/rover/workspaces/rover-real/src/install/rover_control/include/rover_control/rover_control/action/detail/set_velocity__rosidl_typesupport_introspection_c.h
-- Up-to-date: /home/rover/workspaces/rover-real/src/install/rover_control/include/rover_control/rover_control/msg
-- Up-to-date: /home/rover/workspaces/rover-real/src/install/rover_control/include/rover_control/rover_control/msg/detail
-- Up-to-date: /home/rover/workspaces/rover-real/src/install/rover_control/include/rover_control/rover_control/msg/detail/rover_status__type_support.c
-- Up-to-date: /home/rover/workspaces/rover-real/src/install/rover_control/include/rover_control/rover_control/msg/detail/drive_command__type_support.c
-- Up-to-date: /home/rover/workspaces/rover-real/src/install/rover_control/include/rover_control/rover_control/msg/detail/rover_status__rosidl_typesupport_introspection_c.h
-- Up-to-date: /home/rover/workspaces/rover-real/src/install/rover_control/include/rover_control/rover_control/msg/detail/drive_command__rosidl_typesupport_introspection_c.h
-- Up-to-date: /home/rover/workspaces/rover-real/src/install/rover_control/include/rover_control/rover_control/msg/rosidl_typesupport_introspection_c__visibility_control.h
-- Up-to-date: /home/rover/workspaces/rover-real/src/install/rover_control/lib/librover_control__rosidl_typesupport_introspection_c.so
-- Up-to-date: /home/rover/workspaces/rover-real/src/install/rover_control/lib/librover_control__rosidl_typesupport_c.so
-- Up-to-date: /home/rover/workspaces/rover-real/src/install/rover_control/include/rover_control/rover_control
-- Up-to-date: /home/rover/workspaces/rover-real/src/install/rover_control/include/rover_control/rover_control/action
-- Up-to-date: /home/rover/workspaces/rover-real/src/install/rover_control/include/rover_control/rover_control/action/drive_to_pose.hpp
-- Up-to-date: /home/rover/workspaces/rover-real/src/install/rover_control/include/rover_control/rover_control/action/detail
-- Up-to-date: /home/rover/workspaces/rover-real/src/install/rover_control/include/rover_control/rover_control/action/detail/cancel_motion__struct.hpp
-- Up-to-date: /home/rover/workspaces/rover-real/src/install/rover_control/include/rover_control/rover_control/action/detail/cancel_motion__traits.hpp
-- Up-to-date: /home/rover/workspaces/rover-real/src/install/rover_control/include/rover_control/rover_control/action/detail/drive_to_pose__type_support.hpp
-- Up-to-date: /home/rover/workspaces/rover-real/src/install/rover_control/include/rover_control/rover_control/action/detail/follow_path__traits.hpp
-- Up-to-date: /home/rover/workspaces/rover-real/src/install/rover_control/include/rover_control/rover_control/action/detail/cancel_motion__builder.hpp
-- Up-to-date: /home/rover/workspaces/rover-real/src/install/rover_control/include/rover_control/rover_control/action/detail/drive_to_pose__builder.hpp
-- Up-to-date: /home/rover/workspaces/rover-real/src/install/rover_control/include/rover_control/rover_control/action/detail/set_velocity__type_support.hpp
-- Up-to-date: /home/rover/workspaces/rover-real/src/install/rover_control/include/rover_control/rover_control/action/detail/follow_path__type_support.hpp
-- Up-to-date: /home/rover/workspaces/rover-real/src/install/rover_control/include/rover_control/rover_control/action/detail/cancel_motion__type_support.hpp
-- Up-to-date: /home/rover/workspaces/rover-real/src/install/rover_control/include/rover_control/rover_control/action/detail/set_velocity__struct.hpp
-- Up-to-date: /home/rover/workspaces/rover-real/src/install/rover_control/include/rover_control/rover_control/action/detail/set_velocity__builder.hpp
-- Up-to-date: /home/rover/workspaces/rover-real/src/install/rover_control/include/rover_control/rover_control/action/detail/set_velocity__traits.hpp
-- Up-to-date: /home/rover/workspaces/rover-real/src/install/rover_control/include/rover_control/rover_control/action/detail/drive_to_pose__struct.hpp
-- Up-to-date: /home/rover/workspaces/rover-real/src/install/rover_control/include/rover_control/rover_control/action/detail/follow_path__builder.hpp
-- Up-to-date: /home/rover/workspaces/rover-real/src/install/rover_control/include/rover_control/rover_control/action/detail/drive_to_pose__traits.hpp
-- Up-to-date: /home/rover/workspaces/rover-real/src/install/rover_control/include/rover_control/rover_control/action/detail/follow_path__struct.hpp
-- Up-to-date: /home/rover/workspaces/rover-real/src/install/rover_control/include/rover_control/rover_control/action/cancel_motion.hpp
-- Up-to-date: /home/rover/workspaces/rover-real/src/install/rover_control/include/rover_control/rover_control/action/set_velocity.hpp
-- Up-to-date: /home/rover/workspaces/rover-real/src/install/rover_control/include/rover_control/rover_control/action/follow_path.hpp
-- Up-to-date: /home/rover/workspaces/rover-real/src/install/rover_control/include/rover_control/rover_control/msg
-- Up-to-date: /home/rover/workspaces/rover-real/src/install/rover_control/include/rover_control/rover_control/msg/drive_command.hpp
-- Up-to-date: /home/rover/workspaces/rover-real/src/install/rover_control/include/rover_control/rover_control/msg/rover_status.hpp
-- Up-to-date: /home/rover/workspaces/rover-real/src/install/rover_control/include/rover_control/rover_control/msg/rosidl_generator_cpp__visibility_control.hpp
-- Up-to-date: /home/rover/workspaces/rover-real/src/install/rover_control/include/rover_control/rover_control/msg/detail
-- Up-to-date: /home/rover/workspaces/rover-real/src/install/rover_control/include/rover_control/rover_control/msg/detail/drive_command__struct.hpp
-- Up-to-date: /home/rover/workspaces/rover-real/src/install/rover_control/include/rover_control/rover_control/msg/detail/rover_status__struct.hpp
-- Up-to-date: /home/rover/workspaces/rover-real/src/install/rover_control/include/rover_control/rover_control/msg/detail/rover_status__traits.hpp
-- Up-to-date: /home/rover/workspaces/rover-real/src/install/rover_control/include/rover_control/rover_control/msg/detail/rover_status__builder.hpp
-- Up-to-date: /home/rover/workspaces/rover-real/src/install/rover_control/include/rover_control/rover_control/msg/detail/drive_command__type_support.hpp
-- Up-to-date: /home/rover/workspaces/rover-real/src/install/rover_control/include/rover_control/rover_control/msg/detail/rover_status__type_support.hpp
-- Up-to-date: /home/rover/workspaces/rover-real/src/install/rover_control/include/rover_control/rover_control/msg/detail/drive_command__builder.hpp
-- Up-to-date: /home/rover/workspaces/rover-real/src/install/rover_control/include/rover_control/rover_control/msg/detail/drive_command__traits.hpp
-- Up-to-date: /home/rover/workspaces/rover-real/src/install/rover_control/include/rover_control/rover_control
-- Up-to-date: /home/rover/workspaces/rover-real/src/install/rover_control/include/rover_control/rover_control/action
-- Up-to-date: /home/rover/workspaces/rover-real/src/install/rover_control/include/rover_control/rover_control/action/detail
-- Up-to-date: /home/rover/workspaces/rover-real/src/install/rover_control/include/rover_control/rover_control/action/detail/dds_fastrtps
-- Up-to-date: /home/rover/workspaces/rover-real/src/install/rover_control/include/rover_control/rover_control/action/detail/drive_to_pose__rosidl_typesupport_fastrtps_cpp.hpp
-- Up-to-date: /home/rover/workspaces/rover-real/src/install/rover_control/include/rover_control/rover_control/action/detail/follow_path__rosidl_typesupport_fastrtps_cpp.hpp
-- Up-to-date: /home/rover/workspaces/rover-real/src/install/rover_control/include/rover_control/rover_control/action/detail/cancel_motion__rosidl_typesupport_fastrtps_cpp.hpp
-- Up-to-date: /home/rover/workspaces/rover-real/src/install/rover_control/include/rover_control/rover_control/action/detail/set_velocity__rosidl_typesupport_fastrtps_cpp.hpp
-- Up-to-date: /home/rover/workspaces/rover-real/src/install/rover_control/include/rover_control/rover_control/msg
-- Up-to-date: /home/rover/workspaces/rover-real/src/install/rover_control/include/rover_control/rover_control/msg/detail
-- Up-to-date: /home/rover/workspaces/rover-real/src/install/rover_control/include/rover_control/rover_control/msg/detail/dds_fastrtps
-- Up-to-date: /home/rover/workspaces/rover-real/src/install/rover_control/include/rover_control/rover_control/msg/detail/rover_status__rosidl_typesupport_fastrtps_cpp.hpp
-- Up-to-date: /home/rover/workspaces/rover-real/src/install/rover_control/include/rover_control/rover_control/msg/detail/drive_command__rosidl_typesupport_fastrtps_cpp.hpp
-- Up-to-date: /home/rover/workspaces/rover-real/src/install/rover_control/include/rover_control/rover_control/msg/rosidl_typesupport_fastrtps_cpp__visibility_control.h
-- Up-to-date: /home/rover/workspaces/rover-real/src/install/rover_control/lib/librover_control__rosidl_typesupport_fastrtps_cpp.so
-- Up-to-date: /home/rover/workspaces/rover-real/src/install/rover_control/include/rover_control/rover_control
-- Up-to-date: /home/rover/workspaces/rover-real/src/install/rover_control/include/rover_control/rover_control/action
-- Up-to-date: /home/rover/workspaces/rover-real/src/install/rover_control/include/rover_control/rover_control/action/detail
-- Up-to-date: /home/rover/workspaces/rover-real/src/install/rover_control/include/rover_control/rover_control/action/detail/follow_path__rosidl_typesupport_introspection_cpp.hpp
-- Up-to-date: /home/rover/workspaces/rover-real/src/install/rover_control/include/rover_control/rover_control/action/detail/set_velocity__type_support.cpp
-- Up-to-date: /home/rover/workspaces/rover-real/src/install/rover_control/include/rover_control/rover_control/action/detail/drive_to_pose__type_support.cpp
-- Up-to-date: /home/rover/workspaces/rover-real/src/install/rover_control/include/rover_control/rover_control/action/detail/follow_path__type_support.cpp
-- Up-to-date: /home/rover/workspaces/rover-real/src/install/rover_control/include/rover_control/rover_control/action/detail/drive_to_pose__rosidl_typesupport_introspection_cpp.hpp
-- Up-to-date: /home/rover/workspaces/rover-real/src/install/rover_control/include/rover_control/rover_control/action/detail/cancel_motion__type_support.cpp
-- Up-to-date: /home/rover/workspaces/rover-real/src/install/rover_control/include/rover_control/rover_control/action/detail/cancel_motion__rosidl_typesupport_introspection_cpp.hpp
-- Up-to-date: /home/rover/workspaces/rover-real/src/install/rover_control/include/rover_control/rover_control/action/detail/set_velocity__rosidl_typesupport_introspection_cpp.hpp
-- Up-to-date: /home/rover/workspaces/rover-real/src/install/rover_control/include/rover_control/rover_control/msg
-- Up-to-date: /home/rover/workspaces/rover-real/src/install/rover_control/include/rover_control/rover_control/msg/detail
-- Up-to-date: /home/rover/workspaces/rover-real/src/install/rover_control/include/rover_control/rover_control/msg/detail/drive_command__type_support.cpp
-- Up-to-date: /home/rover/workspaces/rover-real/src/install/rover_control/include/rover_control/rover_control/msg/detail/rover_status__type_support.cpp
-- Up-to-date: /home/rover/workspaces/rover-real/src/install/rover_control/include/rover_control/rover_control/msg/detail/rover_status__rosidl_typesupport_introspection_cpp.hpp
-- Up-to-date: /home/rover/workspaces/rover-real/src/install/rover_control/include/rover_control/rover_control/msg/detail/drive_command__rosidl_typesupport_introspection_cpp.hpp
-- Up-to-date: /home/rover/workspaces/rover-real/src/install/rover_control/lib/librover_control__rosidl_typesupport_introspection_cpp.so
-- Up-to-date: /home/rover/workspaces/rover-real/src/install/rover_control/lib/librover_control__rosidl_typesupport_cpp.so
-- Up-to-date: /home/rover/workspaces/rover-real/src/install/rover_control/share/rover_control/environment/pythonpath.sh
-- Up-to-date: /home/rover/workspaces/rover-real/src/install/rover_control/share/rover_control/environment/pythonpath.dsv
-- Up-to-date: /home/rover/workspaces/rover-real/src/install/rover_control/local/lib/python3.10/dist-packages/rover_control-1.0.0-py3.10.egg-info
-- Installing: /home/rover/workspaces/rover-real/src/install/rover_control/local/lib/python3.10/dist-packages/rover_control-1.0.0-py3.10.egg-info/top_level.txt
-- Installing: /home/rover/workspaces/rover-real/src/install/rover_control/local/lib/python3.10/dist-packages/rover_control-1.0.0-py3.10.egg-info/SOURCES.txt
-- Installing: /home/rover/workspaces/rover-real/src/install/rover_control/local/lib/python3.10/dist-packages/rover_control-1.0.0-py3.10.egg-info/PKG-INFO
-- Installing: /home/rover/workspaces/rover-real/src/install/rover_control/local/lib/python3.10/dist-packages/rover_control-1.0.0-py3.10.egg-info/dependency_links.txt
-- Up-to-date: /home/rover/workspaces/rover-real/src/install/rover_control/local/lib/python3.10/dist-packages/rover_control
-- Up-to-date: /home/rover/workspaces/rover-real/src/install/rover_control/local/lib/python3.10/dist-packages/rover_control/librover_control__rosidl_generator_py.so
-- Up-to-date: /home/rover/workspaces/rover-real/src/install/rover_control/local/lib/python3.10/dist-packages/rover_control/_rover_control_s.ep.rosidl_typesupport_c.c
-- Up-to-date: /home/rover/workspaces/rover-real/src/install/rover_control/local/lib/python3.10/dist-packages/rover_control/action
-- Up-to-date: /home/rover/workspaces/rover-real/src/install/rover_control/local/lib/python3.10/dist-packages/rover_control/action/_set_velocity_s.c
-- Up-to-date: /home/rover/workspaces/rover-real/src/install/rover_control/local/lib/python3.10/dist-packages/rover_control/action/_drive_to_pose_s.c
-- Up-to-date: /home/rover/workspaces/rover-real/src/install/rover_control/local/lib/python3.10/dist-packages/rover_control/action/_set_velocity.py
-- Up-to-date: /home/rover/workspaces/rover-real/src/install/rover_control/local/lib/python3.10/dist-packages/rover_control/action/_follow_path_s.c
-- Up-to-date: /home/rover/workspaces/rover-real/src/install/rover_control/local/lib/python3.10/dist-packages/rover_control/action/_follow_path.py
-- Up-to-date: /home/rover/workspaces/rover-real/src/install/rover_control/local/lib/python3.10/dist-packages/rover_control/action/_cancel_motion_s.c
-- Up-to-date: /home/rover/workspaces/rover-real/src/install/rover_control/local/lib/python3.10/dist-packages/rover_control/action/_cancel_motion.py
-- Up-to-date: /home/rover/workspaces/rover-real/src/install/rover_control/local/lib/python3.10/dist-packages/rover_control/action/_drive_to_pose.py
-- Up-to-date: /home/rover/workspaces/rover-real/src/install/rover_control/local/lib/python3.10/dist-packages/rover_control/action/__init__.py
-- Up-to-date: /home/rover/workspaces/rover-real/src/install/rover_control/local/lib/python3.10/dist-packages/rover_control/_rover_control_s.ep.rosidl_typesupport_fastrtps_c.c
-- Up-to-date: /home/rover/workspaces/rover-real/src/install/rover_control/local/lib/python3.10/dist-packages/rover_control/rover_control_s__rosidl_typesupport_fastrtps_c.cpython-310-aarch64-linux-gnu.so
-- Up-to-date: /home/rover/workspaces/rover-real/src/install/rover_control/local/lib/python3.10/dist-packages/rover_control/msg
-- Up-to-date: /home/rover/workspaces/rover-real/src/install/rover_control/local/lib/python3.10/dist-packages/rover_control/msg/_rover_status_s.c
-- Up-to-date: /home/rover/workspaces/rover-real/src/install/rover_control/local/lib/python3.10/dist-packages/rover_control/msg/_drive_command_s.c
-- Up-to-date: /home/rover/workspaces/rover-real/src/install/rover_control/local/lib/python3.10/dist-packages/rover_control/msg/_rover_status.py
-- Up-to-date: /home/rover/workspaces/rover-real/src/install/rover_control/local/lib/python3.10/dist-packages/rover_control/msg/_drive_command.py
-- Up-to-date: /home/rover/workspaces/rover-real/src/install/rover_control/local/lib/python3.10/dist-packages/rover_control/msg/__init__.py
-- Up-to-date: /home/rover/workspaces/rover-real/src/install/rover_control/local/lib/python3.10/dist-packages/rover_control/rover_control_s__rosidl_typesupport_introspection_c.cpython-310-aarch64-linux-gnu.so
-- Up-to-date: /home/rover/workspaces/rover-real/src/install/rover_control/local/lib/python3.10/dist-packages/rover_control/rover_control_s__rosidl_typesupport_c.cpython-310-aarch64-linux-gnu.so
-- Up-to-date: /home/rover/workspaces/rover-real/src/install/rover_control/local/lib/python3.10/dist-packages/rover_control/_rover_control_s.ep.rosidl_typesupport_introspection_c.c
-- Up-to-date: /home/rover/workspaces/rover-real/src/install/rover_control/local/lib/python3.10/dist-packages/rover_control/__init__.py
Listing '/home/rover/workspaces/rover-real/src/install/rover_control/local/lib/python3.10/dist-packages/rover_control'...
Listing '/home/rover/workspaces/rover-real/src/install/rover_control/local/lib/python3.10/dist-packages/rover_control/action'...
Listing '/home/rover/workspaces/rover-real/src/install/rover_control/local/lib/python3.10/dist-packages/rover_control/msg'...
-- Up-to-date: /home/rover/workspaces/rover-real/src/install/rover_control/local/lib/python3.10/dist-packages/rover_control/rover_control_s__rosidl_typesupport_fastrtps_c.cpython-310-aarch64-linux-gnu.so
-- Up-to-date: /home/rover/workspaces/rover-real/src/install/rover_control/local/lib/python3.10/dist-packages/rover_control/rover_control_s__rosidl_typesupport_introspection_c.cpython-310-aarch64-linux-gnu.so
-- Up-to-date: /home/rover/workspaces/rover-real/src/install/rover_control/local/lib/python3.10/dist-packages/rover_control/rover_control_s__rosidl_typesupport_c.cpython-310-aarch64-linux-gnu.so
-- Up-to-date: /home/rover/workspaces/rover-real/src/install/rover_control/lib/librover_control__rosidl_generator_py.so
-- Up-to-date: /home/rover/workspaces/rover-real/src/install/rover_control/share/rover_control/action/DriveToPose.idl
-- Up-to-date: /home/rover/workspaces/rover-real/src/install/rover_control/share/rover_control/action/FollowPath.idl
-- Up-to-date: /home/rover/workspaces/rover-real/src/install/rover_control/share/rover_control/action/SetVelocity.idl
-- Up-to-date: /home/rover/workspaces/rover-real/src/install/rover_control/share/rover_control/action/CancelMotion.idl
-- Up-to-date: /home/rover/workspaces/rover-real/src/install/rover_control/share/rover_control/msg/RoverStatus.idl
-- Up-to-date: /home/rover/workspaces/rover-real/src/install/rover_control/share/rover_control/msg/DriveCommand.idl
-- Up-to-date: /home/rover/workspaces/rover-real/src/install/rover_control/share/rover_control/action/DriveToPose.action
-- Up-to-date: /home/rover/workspaces/rover-real/src/install/rover_control/share/rover_control/action/FollowPath.action
-- Up-to-date: /home/rover/workspaces/rover-real/src/install/rover_control/share/rover_control/action/SetVelocity.action
-- Up-to-date: /home/rover/workspaces/rover-real/src/install/rover_control/share/rover_control/action/CancelMotion.action
-- Up-to-date: /home/rover/workspaces/rover-real/src/install/rover_control/share/rover_control/msg/RoverStatus.msg
-- Up-to-date: /home/rover/workspaces/rover-real/src/install/rover_control/share/rover_control/msg/DriveCommand.msg
-- Up-to-date: /home/rover/workspaces/rover-real/src/install/rover_control/share/rover_control/launch/
-- Up-to-date: /home/rover/workspaces/rover-real/src/install/rover_control/share/rover_control/launch//uno_drive.launch.py
-- Up-to-date: /home/rover/workspaces/rover-real/src/install/rover_control/share/rover_control/launch//rover_control.launch.py
-- Up-to-date: /home/rover/workspaces/rover-real/src/install/rover_control/share/rover_control/config/
-- Up-to-date: /home/rover/workspaces/rover-real/src/install/rover_control/share/rover_control/config//safety_params.yaml
-- Up-to-date: /home/rover/workspaces/rover-real/src/install/rover_control/share/rover_control/config//controller_config.yaml
-- Up-to-date: /home/rover/workspaces/rover-real/src/install/rover_control/share/rover_control/config//drive_params.yaml
-- Up-to-date: /home/rover/workspaces/rover-real/src/install/rover_control/share/rover_control/resource/
-- Up-to-date: /home/rover/workspaces/rover-real/src/install/rover_control/share/rover_control/resource//rover_control
-- Up-to-date: /home/rover/workspaces/rover-real/src/install/rover_control/share/rover_control/test/
-- Up-to-date: /home/rover/workspaces/rover-real/src/install/rover_control/share/rover_control/test//README.md
-- Up-to-date: /home/rover/workspaces/rover-real/src/install/rover_control/share/ament_index/resource_index/package_run_dependencies/rover_control
-- Up-to-date: /home/rover/workspaces/rover-real/src/install/rover_control/share/ament_index/resource_index/parent_prefix_path/rover_control
-- Up-to-date: /home/rover/workspaces/rover-real/src/install/rover_control/share/rover_control/environment/ament_prefix_path.sh
-- Up-to-date: /home/rover/workspaces/rover-real/src/install/rover_control/share/rover_control/environment/ament_prefix_path.dsv
-- Up-to-date: /home/rover/workspaces/rover-real/src/install/rover_control/share/rover_control/environment/path.sh
-- Up-to-date: /home/rover/workspaces/rover-real/src/install/rover_control/share/rover_control/environment/path.dsv
-- Up-to-date: /home/rover/workspaces/rover-real/src/install/rover_control/share/rover_control/local_setup.bash
-- Up-to-date: /home/rover/workspaces/rover-real/src/install/rover_control/share/rover_control/local_setup.sh
-- Up-to-date: /home/rover/workspaces/rover-real/src/install/rover_control/share/rover_control/local_setup.zsh
-- Up-to-date: /home/rover/workspaces/rover-real/src/install/rover_control/share/rover_control/local_setup.dsv
-- Installing: /home/rover/workspaces/rover-real/src/install/rover_control/share/rover_control/package.dsv
-- Up-to-date: /home/rover/workspaces/rover-real/src/install/rover_control/share/ament_index/resource_index/packages/rover_control
-- Up-to-date: /home/rover/workspaces/rover-real/src/install/rover_control/share/rover_control/cmake/export_rover_control__rosidl_generator_cExport.cmake
-- Up-to-date: /home/rover/workspaces/rover-real/src/install/rover_control/share/rover_control/cmake/export_rover_control__rosidl_generator_cExport-noconfig.cmake
-- Up-to-date: /home/rover/workspaces/rover-real/src/install/rover_control/share/rover_control/cmake/export_rover_control__rosidl_typesupport_fastrtps_cExport.cmake
-- Up-to-date: /home/rover/workspaces/rover-real/src/install/rover_control/share/rover_control/cmake/export_rover_control__rosidl_typesupport_fastrtps_cExport-noconfig.cmake
-- Up-to-date: /home/rover/workspaces/rover-real/src/install/rover_control/share/rover_control/cmake/rover_control__rosidl_typesupport_introspection_cExport.cmake
-- Up-to-date: /home/rover/workspaces/rover-real/src/install/rover_control/share/rover_control/cmake/rover_control__rosidl_typesupport_introspection_cExport-noconfig.cmake
-- Up-to-date: /home/rover/workspaces/rover-real/src/install/rover_control/share/rover_control/cmake/rover_control__rosidl_typesupport_cExport.cmake
-- Up-to-date: /home/rover/workspaces/rover-real/src/install/rover_control/share/rover_control/cmake/rover_control__rosidl_typesupport_cExport-noconfig.cmake
-- Up-to-date: /home/rover/workspaces/rover-real/src/install/rover_control/share/rover_control/cmake/export_rover_control__rosidl_generator_cppExport.cmake
-- Up-to-date: /home/rover/workspaces/rover-real/src/install/rover_control/share/rover_control/cmake/export_rover_control__rosidl_typesupport_fastrtps_cppExport.cmake
-- Up-to-date: /home/rover/workspaces/rover-real/src/install/rover_control/share/rover_control/cmake/export_rover_control__rosidl_typesupport_fastrtps_cppExport-noconfig.cmake
-- Up-to-date: /home/rover/workspaces/rover-real/src/install/rover_control/share/rover_control/cmake/rover_control__rosidl_typesupport_introspection_cppExport.cmake
-- Up-to-date: /home/rover/workspaces/rover-real/src/install/rover_control/share/rover_control/cmake/rover_control__rosidl_typesupport_introspection_cppExport-noconfig.cmake
-- Up-to-date: /home/rover/workspaces/rover-real/src/install/rover_control/share/rover_control/cmake/rover_control__rosidl_typesupport_cppExport.cmake
-- Up-to-date: /home/rover/workspaces/rover-real/src/install/rover_control/share/rover_control/cmake/rover_control__rosidl_typesupport_cppExport-noconfig.cmake
-- Up-to-date: /home/rover/workspaces/rover-real/src/install/rover_control/share/rover_control/cmake/export_rover_control__rosidl_generator_pyExport.cmake
-- Up-to-date: /home/rover/workspaces/rover-real/src/install/rover_control/share/rover_control/cmake/export_rover_control__rosidl_generator_pyExport-noconfig.cmake
-- Up-to-date: /home/rover/workspaces/rover-real/src/install/rover_control/share/rover_control/cmake/rosidl_cmake-extras.cmake
-- Up-to-date: /home/rover/workspaces/rover-real/src/install/rover_control/share/rover_control/cmake/ament_cmake_export_dependencies-extras.cmake
-- Up-to-date: /home/rover/workspaces/rover-real/src/install/rover_control/share/rover_control/cmake/ament_cmake_export_include_directories-extras.cmake
-- Up-to-date: /home/rover/workspaces/rover-real/src/install/rover_control/share/rover_control/cmake/ament_cmake_export_libraries-extras.cmake
-- Up-to-date: /home/rover/workspaces/rover-real/src/install/rover_control/share/rover_control/cmake/ament_cmake_export_targets-extras.cmake
-- Up-to-date: /home/rover/workspaces/rover-real/src/install/rover_control/share/rover_control/cmake/rosidl_cmake_export_typesupport_targets-extras.cmake
-- Up-to-date: /home/rover/workspaces/rover-real/src/install/rover_control/share/rover_control/cmake/rosidl_cmake_export_typesupport_libraries-extras.cmake
-- Up-to-date: /home/rover/workspaces/rover-real/src/install/rover_control/share/rover_control/cmake/rover_controlConfig.cmake
-- Up-to-date: /home/rover/workspaces/rover-real/src/install/rover_control/share/rover_control/cmake/rover_controlConfig-version.cmake
-- Up-to-date: /home/rover/workspaces/rover-real/src/install/rover_control/share/rover_control/package.xml
