[0.093s] Invoking command in '/home/rover/workspaces/rover-real/src/build/rover_control': AMENT_PREFIX_PATH=/home/rover/workspaces/rover-real/src/install/urc_msgs:${AMENT_PREFIX_PATH} CMAKE_PREFIX_PATH=/home/rover/workspaces/rover-real/src/install/urc_msgs:/opt/ros/humble:${CMAKE_PREFIX_PATH} LD_LIBRARY_PATH=/home/rover/workspaces/rover-real/src/install/urc_msgs/lib:${LD_LIBRARY_PATH} PYTHONPATH=/home/rover/workspaces/rover-real/src/install/urc_msgs/local/lib/python3.10/dist-packages:${PYTHONPATH} /usr/bin/cmake --build /home/rover/workspaces/rover-real/src/build/rover_control -- -j6 -l6
[0.697s] [  1%] Built target rover_control__cpp
[0.977s] [  1%] Built target ament_cmake_python_copy_rover_control
[1.092s] [35m[1mConsolidate compiler generated dependencies of target rover_control__rosidl_typesupport_introspection_cpp[0m
[1.205s] [ 12%] Built target rover_control__rosidl_typesupport_introspection_cpp
[2.865s] running egg_info
[2.868s] writing rover_control.egg-info/PKG-INFO
[2.874s] writing dependency_links to rover_control.egg-info/dependency_links.txt
[2.874s] writing top-level names to rover_control.egg-info/top_level.txt
[2.887s] reading manifest file 'rover_control.egg-info/SOURCES.txt'
[2.890s] writing manifest file 'rover_control.egg-info/SOURCES.txt'
[3.159s] [ 12%] Built target ament_cmake_python_build_rover_control_egg
[3.283s] [35m[1mConsolidate compiler generated dependencies of target rover_control__rosidl_typesupport_fastrtps_cpp[0m
[3.461s] [ 23%] Built target rover_control__rosidl_typesupport_fastrtps_cpp
[3.583s] [35m[1mConsolidate compiler generated dependencies of target rover_control__rosidl_typesupport_cpp[0m
[3.710s] [ 35%] Built target rover_control__rosidl_typesupport_cpp
[3.820s] [35m[1mConsolidate compiler generated dependencies of target rover_control__rosidl_generator_c[0m
[3.933s] [ 46%] Built target rover_control__rosidl_generator_c
[4.050s] [35m[1mConsolidate compiler generated dependencies of target rover_control__rosidl_typesupport_fastrtps_c[0m
[4.205s] [ 57%] Built target rover_control__rosidl_typesupport_fastrtps_c
[4.325s] [35m[1mConsolidate compiler generated dependencies of target rover_control__rosidl_typesupport_c[0m
[4.419s] [ 69%] Built target rover_control__rosidl_typesupport_c
[4.544s] [35m[1mConsolidate compiler generated dependencies of target rover_control__rosidl_typesupport_introspection_c[0m
[4.672s] [ 80%] Built target rover_control__rosidl_typesupport_introspection_c
[4.763s] [ 80%] Built target rover_control
[4.835s] [ 81%] Built target rover_control__py
[4.862s] [35m[1mConsolidate compiler generated dependencies of target rover_control__rosidl_generator_py[0m
[4.978s] [ 91%] Built target rover_control__rosidl_generator_py
[5.076s] [35m[1mConsolidate compiler generated dependencies of target rover_control__rosidl_typesupport_fastrtps_c__pyext[0m
[5.193s] [ 94%] Built target rover_control__rosidl_typesupport_fastrtps_c__pyext
[5.311s] [35m[1mConsolidate compiler generated dependencies of target rover_control__rosidl_typesupport_c__pyext[0m
[5.448s] [ 97%] Built target rover_control__rosidl_typesupport_c__pyext
[5.531s] [35m[1mConsolidate compiler generated dependencies of target rover_control__rosidl_typesupport_introspection_c__pyext[0m
[5.658s] [100%] Built target rover_control__rosidl_typesupport_introspection_c__pyext
[5.763s] Invoked command in '/home/rover/workspaces/rover-real/src/build/rover_control' returned '0': AMENT_PREFIX_PATH=/home/rover/workspaces/rover-real/src/install/urc_msgs:${AMENT_PREFIX_PATH} CMAKE_PREFIX_PATH=/home/rover/workspaces/rover-real/src/install/urc_msgs:/opt/ros/humble:${CMAKE_PREFIX_PATH} LD_LIBRARY_PATH=/home/rover/workspaces/rover-real/src/install/urc_msgs/lib:${LD_LIBRARY_PATH} PYTHONPATH=/home/rover/workspaces/rover-real/src/install/urc_msgs/local/lib/python3.10/dist-packages:${PYTHONPATH} /usr/bin/cmake --build /home/rover/workspaces/rover-real/src/build/rover_control -- -j6 -l6
[5.765s] Invoking command in '/home/rover/workspaces/rover-real/src/build/rover_control': AMENT_PREFIX_PATH=/home/rover/workspaces/rover-real/src/install/urc_msgs:${AMENT_PREFIX_PATH} CMAKE_PREFIX_PATH=/home/rover/workspaces/rover-real/src/install/urc_msgs:/opt/ros/humble:${CMAKE_PREFIX_PATH} LD_LIBRARY_PATH=/home/rover/workspaces/rover-real/src/install/urc_msgs/lib:${LD_LIBRARY_PATH} PYTHONPATH=/home/rover/workspaces/rover-real/src/install/urc_msgs/local/lib/python3.10/dist-packages:${PYTHONPATH} /usr/bin/cmake --install /home/rover/workspaces/rover-real/src/build/rover_control
[5.808s] -- Install configuration: ""
[5.809s] -- Up-to-date: /home/rover/workspaces/rover-real/src/install/rover_control/share/ament_index/resource_index/rosidl_interfaces/rover_control
[5.810s] -- Up-to-date: /home/rover/workspaces/rover-real/src/install/rover_control/include/rover_control/rover_control
[5.811s] -- Up-to-date: /home/rover/workspaces/rover-real/src/install/rover_control/include/rover_control/rover_control/action
[5.812s] -- Up-to-date: /home/rover/workspaces/rover-real/src/install/rover_control/include/rover_control/rover_control/action/follow_path.h
[5.813s] -- Up-to-date: /home/rover/workspaces/rover-real/src/install/rover_control/include/rover_control/rover_control/action/detail
[5.813s] -- Up-to-date: /home/rover/workspaces/rover-real/src/install/rover_control/include/rover_control/rover_control/action/detail/cancel_motion__functions.h
[5.814s] -- Up-to-date: /home/rover/workspaces/rover-real/src/install/rover_control/include/rover_control/rover_control/action/detail/drive_to_pose__struct.h
[5.814s] -- Up-to-date: /home/rover/workspaces/rover-real/src/install/rover_control/include/rover_control/rover_control/action/detail/drive_to_pose__type_support.h
[5.814s] -- Up-to-date: /home/rover/workspaces/rover-real/src/install/rover_control/include/rover_control/rover_control/action/detail/set_velocity__functions.c
[5.814s] -- Up-to-date: /home/rover/workspaces/rover-real/src/install/rover_control/include/rover_control/rover_control/action/detail/follow_path__functions.h
[5.814s] -- Up-to-date: /home/rover/workspaces/rover-real/src/install/rover_control/include/rover_control/rover_control/action/detail/set_velocity__functions.h
[5.814s] -- Up-to-date: /home/rover/workspaces/rover-real/src/install/rover_control/include/rover_control/rover_control/action/detail/cancel_motion__functions.c
[5.815s] -- Up-to-date: /home/rover/workspaces/rover-real/src/install/rover_control/include/rover_control/rover_control/action/detail/drive_to_pose__functions.c
[5.815s] -- Up-to-date: /home/rover/workspaces/rover-real/src/install/rover_control/include/rover_control/rover_control/action/detail/set_velocity__type_support.h
[5.815s] -- Up-to-date: /home/rover/workspaces/rover-real/src/install/rover_control/include/rover_control/rover_control/action/detail/drive_to_pose__functions.h
[5.815s] -- Up-to-date: /home/rover/workspaces/rover-real/src/install/rover_control/include/rover_control/rover_control/action/detail/follow_path__functions.c
[5.815s] -- Up-to-date: /home/rover/workspaces/rover-real/src/install/rover_control/include/rover_control/rover_control/action/detail/follow_path__type_support.h
[5.815s] -- Up-to-date: /home/rover/workspaces/rover-real/src/install/rover_control/include/rover_control/rover_control/action/detail/follow_path__struct.h
[5.815s] -- Up-to-date: /home/rover/workspaces/rover-real/src/install/rover_control/include/rover_control/rover_control/action/detail/cancel_motion__type_support.h
[5.816s] -- Up-to-date: /home/rover/workspaces/rover-real/src/install/rover_control/include/rover_control/rover_control/action/detail/set_velocity__struct.h
[5.816s] -- Up-to-date: /home/rover/workspaces/rover-real/src/install/rover_control/include/rover_control/rover_control/action/detail/cancel_motion__struct.h
[5.816s] -- Up-to-date: /home/rover/workspaces/rover-real/src/install/rover_control/include/rover_control/rover_control/action/set_velocity.h
[5.816s] -- Up-to-date: /home/rover/workspaces/rover-real/src/install/rover_control/include/rover_control/rover_control/action/cancel_motion.h
[5.816s] -- Up-to-date: /home/rover/workspaces/rover-real/src/install/rover_control/include/rover_control/rover_control/action/drive_to_pose.h
[5.816s] -- Up-to-date: /home/rover/workspaces/rover-real/src/install/rover_control/include/rover_control/rover_control/msg
[5.816s] -- Up-to-date: /home/rover/workspaces/rover-real/src/install/rover_control/include/rover_control/rover_control/msg/rosidl_generator_c__visibility_control.h
[5.817s] -- Up-to-date: /home/rover/workspaces/rover-real/src/install/rover_control/include/rover_control/rover_control/msg/detail
[5.817s] -- Up-to-date: /home/rover/workspaces/rover-real/src/install/rover_control/include/rover_control/rover_control/msg/detail/drive_command__functions.h
[5.817s] -- Up-to-date: /home/rover/workspaces/rover-real/src/install/rover_control/include/rover_control/rover_control/msg/detail/drive_command__functions.c
[5.817s] -- Up-to-date: /home/rover/workspaces/rover-real/src/install/rover_control/include/rover_control/rover_control/msg/detail/rover_status__struct.h
[5.817s] -- Up-to-date: /home/rover/workspaces/rover-real/src/install/rover_control/include/rover_control/rover_control/msg/detail/rover_status__type_support.h
[5.817s] -- Up-to-date: /home/rover/workspaces/rover-real/src/install/rover_control/include/rover_control/rover_control/msg/detail/drive_command__type_support.h
[5.817s] -- Up-to-date: /home/rover/workspaces/rover-real/src/install/rover_control/include/rover_control/rover_control/msg/detail/drive_command__struct.h
[5.818s] -- Up-to-date: /home/rover/workspaces/rover-real/src/install/rover_control/include/rover_control/rover_control/msg/detail/rover_status__functions.c
[5.818s] -- Up-to-date: /home/rover/workspaces/rover-real/src/install/rover_control/include/rover_control/rover_control/msg/detail/rover_status__functions.h
[5.818s] -- Up-to-date: /home/rover/workspaces/rover-real/src/install/rover_control/include/rover_control/rover_control/msg/drive_command.h
[5.818s] -- Up-to-date: /home/rover/workspaces/rover-real/src/install/rover_control/include/rover_control/rover_control/msg/rover_status.h
[5.818s] -- Up-to-date: /home/rover/workspaces/rover-real/src/install/rover_control/share/rover_control/environment/library_path.sh
[5.818s] -- Up-to-date: /home/rover/workspaces/rover-real/src/install/rover_control/share/rover_control/environment/library_path.dsv
[5.818s] -- Up-to-date: /home/rover/workspaces/rover-real/src/install/rover_control/lib/librover_control__rosidl_generator_c.so
[5.819s] -- Up-to-date: /home/rover/workspaces/rover-real/src/install/rover_control/include/rover_control/rover_control
[5.819s] -- Up-to-date: /home/rover/workspaces/rover-real/src/install/rover_control/include/rover_control/rover_control/action
[5.819s] -- Up-to-date: /home/rover/workspaces/rover-real/src/install/rover_control/include/rover_control/rover_control/action/detail
[5.819s] -- Up-to-date: /home/rover/workspaces/rover-real/src/install/rover_control/include/rover_control/rover_control/action/detail/follow_path__rosidl_typesupport_fastrtps_c.h
[5.819s] -- Up-to-date: /home/rover/workspaces/rover-real/src/install/rover_control/include/rover_control/rover_control/action/detail/set_velocity__rosidl_typesupport_fastrtps_c.h
[5.819s] -- Up-to-date: /home/rover/workspaces/rover-real/src/install/rover_control/include/rover_control/rover_control/action/detail/drive_to_pose__rosidl_typesupport_fastrtps_c.h
[5.819s] -- Up-to-date: /home/rover/workspaces/rover-real/src/install/rover_control/include/rover_control/rover_control/action/detail/cancel_motion__rosidl_typesupport_fastrtps_c.h
[5.820s] -- Up-to-date: /home/rover/workspaces/rover-real/src/install/rover_control/include/rover_control/rover_control/msg
[5.820s] -- Up-to-date: /home/rover/workspaces/rover-real/src/install/rover_control/include/rover_control/rover_control/msg/detail
[5.820s] -- Up-to-date: /home/rover/workspaces/rover-real/src/install/rover_control/include/rover_control/rover_control/msg/detail/drive_command__rosidl_typesupport_fastrtps_c.h
[5.820s] -- Up-to-date: /home/rover/workspaces/rover-real/src/install/rover_control/include/rover_control/rover_control/msg/detail/rover_status__rosidl_typesupport_fastrtps_c.h
[5.820s] -- Up-to-date: /home/rover/workspaces/rover-real/src/install/rover_control/include/rover_control/rover_control/msg/rosidl_typesupport_fastrtps_c__visibility_control.h
[5.820s] -- Up-to-date: /home/rover/workspaces/rover-real/src/install/rover_control/lib/librover_control__rosidl_typesupport_fastrtps_c.so
[5.820s] -- Up-to-date: /home/rover/workspaces/rover-real/src/install/rover_control/include/rover_control/rover_control
[5.821s] -- Up-to-date: /home/rover/workspaces/rover-real/src/install/rover_control/include/rover_control/rover_control/action
[5.821s] -- Up-to-date: /home/rover/workspaces/rover-real/src/install/rover_control/include/rover_control/rover_control/action/detail
[5.821s] -- Up-to-date: /home/rover/workspaces/rover-real/src/install/rover_control/include/rover_control/rover_control/action/detail/cancel_motion__rosidl_typesupport_introspection_c.h
[5.821s] -- Up-to-date: /home/rover/workspaces/rover-real/src/install/rover_control/include/rover_control/rover_control/action/detail/follow_path__type_support.c
[5.821s] -- Up-to-date: /home/rover/workspaces/rover-real/src/install/rover_control/include/rover_control/rover_control/action/detail/cancel_motion__type_support.c
[5.821s] -- Up-to-date: /home/rover/workspaces/rover-real/src/install/rover_control/include/rover_control/rover_control/action/detail/drive_to_pose__rosidl_typesupport_introspection_c.h
[5.822s] -- Up-to-date: /home/rover/workspaces/rover-real/src/install/rover_control/include/rover_control/rover_control/action/detail/set_velocity__type_support.c
[5.822s] -- Up-to-date: /home/rover/workspaces/rover-real/src/install/rover_control/include/rover_control/rover_control/action/detail/follow_path__rosidl_typesupport_introspection_c.h
[5.822s] -- Up-to-date: /home/rover/workspaces/rover-real/src/install/rover_control/include/rover_control/rover_control/action/detail/drive_to_pose__type_support.c
[5.822s] -- Up-to-date: /home/rover/workspaces/rover-real/src/install/rover_control/include/rover_control/rover_control/action/detail/set_velocity__rosidl_typesupport_introspection_c.h
[5.822s] -- Up-to-date: /home/rover/workspaces/rover-real/src/install/rover_control/include/rover_control/rover_control/msg
[5.822s] -- Up-to-date: /home/rover/workspaces/rover-real/src/install/rover_control/include/rover_control/rover_control/msg/detail
[5.822s] -- Up-to-date: /home/rover/workspaces/rover-real/src/install/rover_control/include/rover_control/rover_control/msg/detail/rover_status__type_support.c
[5.823s] -- Up-to-date: /home/rover/workspaces/rover-real/src/install/rover_control/include/rover_control/rover_control/msg/detail/drive_command__type_support.c
[5.823s] -- Up-to-date: /home/rover/workspaces/rover-real/src/install/rover_control/include/rover_control/rover_control/msg/detail/rover_status__rosidl_typesupport_introspection_c.h
[5.823s] -- Up-to-date: /home/rover/workspaces/rover-real/src/install/rover_control/include/rover_control/rover_control/msg/detail/drive_command__rosidl_typesupport_introspection_c.h
[5.823s] -- Up-to-date: /home/rover/workspaces/rover-real/src/install/rover_control/include/rover_control/rover_control/msg/rosidl_typesupport_introspection_c__visibility_control.h
[5.864s] -- Up-to-date: /home/rover/workspaces/rover-real/src/install/rover_control/lib/librover_control__rosidl_typesupport_introspection_c.so
[5.864s] -- Up-to-date: /home/rover/workspaces/rover-real/src/install/rover_control/lib/librover_control__rosidl_typesupport_c.so
[5.865s] -- Up-to-date: /home/rover/workspaces/rover-real/src/install/rover_control/include/rover_control/rover_control
[5.865s] -- Up-to-date: /home/rover/workspaces/rover-real/src/install/rover_control/include/rover_control/rover_control/action
[5.865s] -- Up-to-date: /home/rover/workspaces/rover-real/src/install/rover_control/include/rover_control/rover_control/action/drive_to_pose.hpp
[5.865s] -- Up-to-date: /home/rover/workspaces/rover-real/src/install/rover_control/include/rover_control/rover_control/action/detail
[5.865s] -- Up-to-date: /home/rover/workspaces/rover-real/src/install/rover_control/include/rover_control/rover_control/action/detail/cancel_motion__struct.hpp
[5.865s] -- Up-to-date: /home/rover/workspaces/rover-real/src/install/rover_control/include/rover_control/rover_control/action/detail/cancel_motion__traits.hpp
[5.866s] -- Up-to-date: /home/rover/workspaces/rover-real/src/install/rover_control/include/rover_control/rover_control/action/detail/drive_to_pose__type_support.hpp
[5.866s] -- Up-to-date: /home/rover/workspaces/rover-real/src/install/rover_control/include/rover_control/rover_control/action/detail/follow_path__traits.hpp
[5.866s] -- Up-to-date: /home/rover/workspaces/rover-real/src/install/rover_control/include/rover_control/rover_control/action/detail/cancel_motion__builder.hpp
[5.866s] -- Up-to-date: /home/rover/workspaces/rover-real/src/install/rover_control/include/rover_control/rover_control/action/detail/drive_to_pose__builder.hpp
[5.866s] -- Up-to-date: /home/rover/workspaces/rover-real/src/install/rover_control/include/rover_control/rover_control/action/detail/set_velocity__type_support.hpp
[5.866s] -- Up-to-date: /home/rover/workspaces/rover-real/src/install/rover_control/include/rover_control/rover_control/action/detail/follow_path__type_support.hpp
[5.866s] -- Up-to-date: /home/rover/workspaces/rover-real/src/install/rover_control/include/rover_control/rover_control/action/detail/cancel_motion__type_support.hpp
[5.867s] -- Up-to-date: /home/rover/workspaces/rover-real/src/install/rover_control/include/rover_control/rover_control/action/detail/set_velocity__struct.hpp
[5.867s] -- Up-to-date: /home/rover/workspaces/rover-real/src/install/rover_control/include/rover_control/rover_control/action/detail/set_velocity__builder.hpp
[5.867s] -- Up-to-date: /home/rover/workspaces/rover-real/src/install/rover_control/include/rover_control/rover_control/action/detail/set_velocity__traits.hpp
[5.867s] -- Up-to-date: /home/rover/workspaces/rover-real/src/install/rover_control/include/rover_control/rover_control/action/detail/drive_to_pose__struct.hpp
[5.867s] -- Up-to-date: /home/rover/workspaces/rover-real/src/install/rover_control/include/rover_control/rover_control/action/detail/follow_path__builder.hpp
[5.867s] -- Up-to-date: /home/rover/workspaces/rover-real/src/install/rover_control/include/rover_control/rover_control/action/detail/drive_to_pose__traits.hpp
[5.867s] -- Up-to-date: /home/rover/workspaces/rover-real/src/install/rover_control/include/rover_control/rover_control/action/detail/follow_path__struct.hpp
[5.868s] -- Up-to-date: /home/rover/workspaces/rover-real/src/install/rover_control/include/rover_control/rover_control/action/cancel_motion.hpp
[5.868s] -- Up-to-date: /home/rover/workspaces/rover-real/src/install/rover_control/include/rover_control/rover_control/action/set_velocity.hpp
[5.868s] -- Up-to-date: /home/rover/workspaces/rover-real/src/install/rover_control/include/rover_control/rover_control/action/follow_path.hpp
[5.868s] -- Up-to-date: /home/rover/workspaces/rover-real/src/install/rover_control/include/rover_control/rover_control/msg
[5.868s] -- Up-to-date: /home/rover/workspaces/rover-real/src/install/rover_control/include/rover_control/rover_control/msg/drive_command.hpp
[5.868s] -- Up-to-date: /home/rover/workspaces/rover-real/src/install/rover_control/include/rover_control/rover_control/msg/rover_status.hpp
[5.868s] -- Up-to-date: /home/rover/workspaces/rover-real/src/install/rover_control/include/rover_control/rover_control/msg/rosidl_generator_cpp__visibility_control.hpp
[5.869s] -- Up-to-date: /home/rover/workspaces/rover-real/src/install/rover_control/include/rover_control/rover_control/msg/detail
[5.869s] -- Up-to-date: /home/rover/workspaces/rover-real/src/install/rover_control/include/rover_control/rover_control/msg/detail/drive_command__struct.hpp
[5.869s] -- Up-to-date: /home/rover/workspaces/rover-real/src/install/rover_control/include/rover_control/rover_control/msg/detail/rover_status__struct.hpp
[5.869s] -- Up-to-date: /home/rover/workspaces/rover-real/src/install/rover_control/include/rover_control/rover_control/msg/detail/rover_status__traits.hpp
[5.869s] -- Up-to-date: /home/rover/workspaces/rover-real/src/install/rover_control/include/rover_control/rover_control/msg/detail/rover_status__builder.hpp
[5.869s] -- Up-to-date: /home/rover/workspaces/rover-real/src/install/rover_control/include/rover_control/rover_control/msg/detail/drive_command__type_support.hpp
[5.869s] -- Up-to-date: /home/rover/workspaces/rover-real/src/install/rover_control/include/rover_control/rover_control/msg/detail/rover_status__type_support.hpp
[5.870s] -- Up-to-date: /home/rover/workspaces/rover-real/src/install/rover_control/include/rover_control/rover_control/msg/detail/drive_command__builder.hpp
[5.870s] -- Up-to-date: /home/rover/workspaces/rover-real/src/install/rover_control/include/rover_control/rover_control/msg/detail/drive_command__traits.hpp
[5.870s] -- Up-to-date: /home/rover/workspaces/rover-real/src/install/rover_control/include/rover_control/rover_control
[5.870s] -- Up-to-date: /home/rover/workspaces/rover-real/src/install/rover_control/include/rover_control/rover_control/action
[5.870s] -- Up-to-date: /home/rover/workspaces/rover-real/src/install/rover_control/include/rover_control/rover_control/action/detail
[5.870s] -- Up-to-date: /home/rover/workspaces/rover-real/src/install/rover_control/include/rover_control/rover_control/action/detail/dds_fastrtps
[5.870s] -- Up-to-date: /home/rover/workspaces/rover-real/src/install/rover_control/include/rover_control/rover_control/action/detail/drive_to_pose__rosidl_typesupport_fastrtps_cpp.hpp
[5.871s] -- Up-to-date: /home/rover/workspaces/rover-real/src/install/rover_control/include/rover_control/rover_control/action/detail/follow_path__rosidl_typesupport_fastrtps_cpp.hpp
[5.871s] -- Up-to-date: /home/rover/workspaces/rover-real/src/install/rover_control/include/rover_control/rover_control/action/detail/cancel_motion__rosidl_typesupport_fastrtps_cpp.hpp
[5.871s] -- Up-to-date: /home/rover/workspaces/rover-real/src/install/rover_control/include/rover_control/rover_control/action/detail/set_velocity__rosidl_typesupport_fastrtps_cpp.hpp
[5.871s] -- Up-to-date: /home/rover/workspaces/rover-real/src/install/rover_control/include/rover_control/rover_control/msg
[5.871s] -- Up-to-date: /home/rover/workspaces/rover-real/src/install/rover_control/include/rover_control/rover_control/msg/detail
[5.871s] -- Up-to-date: /home/rover/workspaces/rover-real/src/install/rover_control/include/rover_control/rover_control/msg/detail/dds_fastrtps
[5.871s] -- Up-to-date: /home/rover/workspaces/rover-real/src/install/rover_control/include/rover_control/rover_control/msg/detail/rover_status__rosidl_typesupport_fastrtps_cpp.hpp
[5.872s] -- Up-to-date: /home/rover/workspaces/rover-real/src/install/rover_control/include/rover_control/rover_control/msg/detail/drive_command__rosidl_typesupport_fastrtps_cpp.hpp
[5.872s] -- Up-to-date: /home/rover/workspaces/rover-real/src/install/rover_control/include/rover_control/rover_control/msg/rosidl_typesupport_fastrtps_cpp__visibility_control.h
[5.872s] -- Up-to-date: /home/rover/workspaces/rover-real/src/install/rover_control/lib/librover_control__rosidl_typesupport_fastrtps_cpp.so
[5.872s] -- Up-to-date: /home/rover/workspaces/rover-real/src/install/rover_control/include/rover_control/rover_control
[5.872s] -- Up-to-date: /home/rover/workspaces/rover-real/src/install/rover_control/include/rover_control/rover_control/action
[5.872s] -- Up-to-date: /home/rover/workspaces/rover-real/src/install/rover_control/include/rover_control/rover_control/action/detail
[5.872s] -- Up-to-date: /home/rover/workspaces/rover-real/src/install/rover_control/include/rover_control/rover_control/action/detail/follow_path__rosidl_typesupport_introspection_cpp.hpp
[5.873s] -- Up-to-date: /home/rover/workspaces/rover-real/src/install/rover_control/include/rover_control/rover_control/action/detail/set_velocity__type_support.cpp
[5.873s] -- Up-to-date: /home/rover/workspaces/rover-real/src/install/rover_control/include/rover_control/rover_control/action/detail/drive_to_pose__type_support.cpp
[5.873s] -- Up-to-date: /home/rover/workspaces/rover-real/src/install/rover_control/include/rover_control/rover_control/action/detail/follow_path__type_support.cpp
[5.873s] -- Up-to-date: /home/rover/workspaces/rover-real/src/install/rover_control/include/rover_control/rover_control/action/detail/drive_to_pose__rosidl_typesupport_introspection_cpp.hpp
[5.886s] -- Up-to-date: /home/rover/workspaces/rover-real/src/install/rover_control/include/rover_control/rover_control/action/detail/cancel_motion__type_support.cpp
[5.887s] -- Up-to-date: /home/rover/workspaces/rover-real/src/install/rover_control/include/rover_control/rover_control/action/detail/cancel_motion__rosidl_typesupport_introspection_cpp.hpp
[5.887s] -- Up-to-date: /home/rover/workspaces/rover-real/src/install/rover_control/include/rover_control/rover_control/action/detail/set_velocity__rosidl_typesupport_introspection_cpp.hpp
[5.887s] -- Up-to-date: /home/rover/workspaces/rover-real/src/install/rover_control/include/rover_control/rover_control/msg
[5.887s] -- Up-to-date: /home/rover/workspaces/rover-real/src/install/rover_control/include/rover_control/rover_control/msg/detail
[5.888s] -- Up-to-date: /home/rover/workspaces/rover-real/src/install/rover_control/include/rover_control/rover_control/msg/detail/drive_command__type_support.cpp
[5.888s] -- Up-to-date: /home/rover/workspaces/rover-real/src/install/rover_control/include/rover_control/rover_control/msg/detail/rover_status__type_support.cpp
[5.888s] -- Up-to-date: /home/rover/workspaces/rover-real/src/install/rover_control/include/rover_control/rover_control/msg/detail/rover_status__rosidl_typesupport_introspection_cpp.hpp
[5.888s] -- Up-to-date: /home/rover/workspaces/rover-real/src/install/rover_control/include/rover_control/rover_control/msg/detail/drive_command__rosidl_typesupport_introspection_cpp.hpp
[5.888s] -- Up-to-date: /home/rover/workspaces/rover-real/src/install/rover_control/lib/librover_control__rosidl_typesupport_introspection_cpp.so
[5.888s] -- Up-to-date: /home/rover/workspaces/rover-real/src/install/rover_control/lib/librover_control__rosidl_typesupport_cpp.so
[5.888s] -- Up-to-date: /home/rover/workspaces/rover-real/src/install/rover_control/share/rover_control/environment/pythonpath.sh
[5.889s] -- Up-to-date: /home/rover/workspaces/rover-real/src/install/rover_control/share/rover_control/environment/pythonpath.dsv
[5.889s] -- Up-to-date: /home/rover/workspaces/rover-real/src/install/rover_control/local/lib/python3.10/dist-packages/rover_control-1.0.0-py3.10.egg-info
[5.898s] -- Installing: /home/rover/workspaces/rover-real/src/install/rover_control/local/lib/python3.10/dist-packages/rover_control-1.0.0-py3.10.egg-info/top_level.txt
[5.898s] -- Installing: /home/rover/workspaces/rover-real/src/install/rover_control/local/lib/python3.10/dist-packages/rover_control-1.0.0-py3.10.egg-info/SOURCES.txt
[5.898s] -- Installing: /home/rover/workspaces/rover-real/src/install/rover_control/local/lib/python3.10/dist-packages/rover_control-1.0.0-py3.10.egg-info/PKG-INFO
[5.899s] -- Installing: /home/rover/workspaces/rover-real/src/install/rover_control/local/lib/python3.10/dist-packages/rover_control-1.0.0-py3.10.egg-info/dependency_links.txt
[5.899s] -- Up-to-date: /home/rover/workspaces/rover-real/src/install/rover_control/local/lib/python3.10/dist-packages/rover_control
[5.899s] -- Up-to-date: /home/rover/workspaces/rover-real/src/install/rover_control/local/lib/python3.10/dist-packages/rover_control/librover_control__rosidl_generator_py.so
[5.899s] -- Up-to-date: /home/rover/workspaces/rover-real/src/install/rover_control/local/lib/python3.10/dist-packages/rover_control/_rover_control_s.ep.rosidl_typesupport_c.c
[5.899s] -- Up-to-date: /home/rover/workspaces/rover-real/src/install/rover_control/local/lib/python3.10/dist-packages/rover_control/action
[5.899s] -- Up-to-date: /home/rover/workspaces/rover-real/src/install/rover_control/local/lib/python3.10/dist-packages/rover_control/action/_set_velocity_s.c
[5.900s] -- Up-to-date: /home/rover/workspaces/rover-real/src/install/rover_control/local/lib/python3.10/dist-packages/rover_control/action/_drive_to_pose_s.c
[5.900s] -- Up-to-date: /home/rover/workspaces/rover-real/src/install/rover_control/local/lib/python3.10/dist-packages/rover_control/action/_set_velocity.py
[5.900s] -- Up-to-date: /home/rover/workspaces/rover-real/src/install/rover_control/local/lib/python3.10/dist-packages/rover_control/action/_follow_path_s.c
[5.900s] -- Up-to-date: /home/rover/workspaces/rover-real/src/install/rover_control/local/lib/python3.10/dist-packages/rover_control/action/_follow_path.py
[5.900s] -- Up-to-date: /home/rover/workspaces/rover-real/src/install/rover_control/local/lib/python3.10/dist-packages/rover_control/action/_cancel_motion_s.c
[5.900s] -- Up-to-date: /home/rover/workspaces/rover-real/src/install/rover_control/local/lib/python3.10/dist-packages/rover_control/action/_cancel_motion.py
[5.900s] -- Up-to-date: /home/rover/workspaces/rover-real/src/install/rover_control/local/lib/python3.10/dist-packages/rover_control/action/_drive_to_pose.py
[5.901s] -- Up-to-date: /home/rover/workspaces/rover-real/src/install/rover_control/local/lib/python3.10/dist-packages/rover_control/action/__init__.py
[5.901s] -- Up-to-date: /home/rover/workspaces/rover-real/src/install/rover_control/local/lib/python3.10/dist-packages/rover_control/_rover_control_s.ep.rosidl_typesupport_fastrtps_c.c
[5.901s] -- Up-to-date: /home/rover/workspaces/rover-real/src/install/rover_control/local/lib/python3.10/dist-packages/rover_control/rover_control_s__rosidl_typesupport_fastrtps_c.cpython-310-aarch64-linux-gnu.so
[5.901s] -- Up-to-date: /home/rover/workspaces/rover-real/src/install/rover_control/local/lib/python3.10/dist-packages/rover_control/msg
[5.901s] -- Up-to-date: /home/rover/workspaces/rover-real/src/install/rover_control/local/lib/python3.10/dist-packages/rover_control/msg/_rover_status_s.c
[5.901s] -- Up-to-date: /home/rover/workspaces/rover-real/src/install/rover_control/local/lib/python3.10/dist-packages/rover_control/msg/_drive_command_s.c
[5.901s] -- Up-to-date: /home/rover/workspaces/rover-real/src/install/rover_control/local/lib/python3.10/dist-packages/rover_control/msg/_rover_status.py
[5.902s] -- Up-to-date: /home/rover/workspaces/rover-real/src/install/rover_control/local/lib/python3.10/dist-packages/rover_control/msg/_drive_command.py
[5.902s] -- Up-to-date: /home/rover/workspaces/rover-real/src/install/rover_control/local/lib/python3.10/dist-packages/rover_control/msg/__init__.py
[5.902s] -- Up-to-date: /home/rover/workspaces/rover-real/src/install/rover_control/local/lib/python3.10/dist-packages/rover_control/rover_control_s__rosidl_typesupport_introspection_c.cpython-310-aarch64-linux-gnu.so
[5.902s] -- Up-to-date: /home/rover/workspaces/rover-real/src/install/rover_control/local/lib/python3.10/dist-packages/rover_control/rover_control_s__rosidl_typesupport_c.cpython-310-aarch64-linux-gnu.so
[5.902s] -- Up-to-date: /home/rover/workspaces/rover-real/src/install/rover_control/local/lib/python3.10/dist-packages/rover_control/_rover_control_s.ep.rosidl_typesupport_introspection_c.c
[5.902s] -- Up-to-date: /home/rover/workspaces/rover-real/src/install/rover_control/local/lib/python3.10/dist-packages/rover_control/__init__.py
[6.037s] Listing '/home/rover/workspaces/rover-real/src/install/rover_control/local/lib/python3.10/dist-packages/rover_control'...
[6.038s] Listing '/home/rover/workspaces/rover-real/src/install/rover_control/local/lib/python3.10/dist-packages/rover_control/action'...
[6.038s] Listing '/home/rover/workspaces/rover-real/src/install/rover_control/local/lib/python3.10/dist-packages/rover_control/msg'...
[6.065s] -- Up-to-date: /home/rover/workspaces/rover-real/src/install/rover_control/local/lib/python3.10/dist-packages/rover_control/rover_control_s__rosidl_typesupport_fastrtps_c.cpython-310-aarch64-linux-gnu.so
[6.066s] -- Up-to-date: /home/rover/workspaces/rover-real/src/install/rover_control/local/lib/python3.10/dist-packages/rover_control/rover_control_s__rosidl_typesupport_introspection_c.cpython-310-aarch64-linux-gnu.so
[6.066s] -- Up-to-date: /home/rover/workspaces/rover-real/src/install/rover_control/local/lib/python3.10/dist-packages/rover_control/rover_control_s__rosidl_typesupport_c.cpython-310-aarch64-linux-gnu.so
[6.066s] -- Up-to-date: /home/rover/workspaces/rover-real/src/install/rover_control/lib/librover_control__rosidl_generator_py.so
[6.073s] -- Up-to-date: /home/rover/workspaces/rover-real/src/install/rover_control/share/rover_control/action/DriveToPose.idl
[6.073s] -- Up-to-date: /home/rover/workspaces/rover-real/src/install/rover_control/share/rover_control/action/FollowPath.idl
[6.073s] -- Up-to-date: /home/rover/workspaces/rover-real/src/install/rover_control/share/rover_control/action/SetVelocity.idl
[6.074s] -- Up-to-date: /home/rover/workspaces/rover-real/src/install/rover_control/share/rover_control/action/CancelMotion.idl
[6.074s] -- Up-to-date: /home/rover/workspaces/rover-real/src/install/rover_control/share/rover_control/msg/RoverStatus.idl
[6.074s] -- Up-to-date: /home/rover/workspaces/rover-real/src/install/rover_control/share/rover_control/msg/DriveCommand.idl
[6.074s] -- Up-to-date: /home/rover/workspaces/rover-real/src/install/rover_control/share/rover_control/action/DriveToPose.action
[6.074s] -- Up-to-date: /home/rover/workspaces/rover-real/src/install/rover_control/share/rover_control/action/FollowPath.action
[6.074s] -- Up-to-date: /home/rover/workspaces/rover-real/src/install/rover_control/share/rover_control/action/SetVelocity.action
[6.075s] -- Up-to-date: /home/rover/workspaces/rover-real/src/install/rover_control/share/rover_control/action/CancelMotion.action
[6.075s] -- Up-to-date: /home/rover/workspaces/rover-real/src/install/rover_control/share/rover_control/msg/RoverStatus.msg
[6.075s] -- Up-to-date: /home/rover/workspaces/rover-real/src/install/rover_control/share/rover_control/msg/DriveCommand.msg
[6.075s] -- Up-to-date: /home/rover/workspaces/rover-real/src/install/rover_control/share/rover_control/launch/
[6.075s] -- Up-to-date: /home/rover/workspaces/rover-real/src/install/rover_control/share/rover_control/launch//uno_drive.launch.py
[6.075s] -- Up-to-date: /home/rover/workspaces/rover-real/src/install/rover_control/share/rover_control/launch//rover_control.launch.py
[6.075s] -- Up-to-date: /home/rover/workspaces/rover-real/src/install/rover_control/share/rover_control/config/
[6.075s] -- Up-to-date: /home/rover/workspaces/rover-real/src/install/rover_control/share/rover_control/config//safety_params.yaml
[6.076s] -- Up-to-date: /home/rover/workspaces/rover-real/src/install/rover_control/share/rover_control/config//controller_config.yaml
[6.076s] -- Up-to-date: /home/rover/workspaces/rover-real/src/install/rover_control/share/rover_control/config//drive_params.yaml
[6.076s] -- Up-to-date: /home/rover/workspaces/rover-real/src/install/rover_control/share/rover_control/resource/
[6.076s] -- Up-to-date: /home/rover/workspaces/rover-real/src/install/rover_control/share/rover_control/resource//rover_control
[6.076s] -- Up-to-date: /home/rover/workspaces/rover-real/src/install/rover_control/share/rover_control/test/
[6.076s] -- Up-to-date: /home/rover/workspaces/rover-real/src/install/rover_control/share/rover_control/test//README.md
[6.076s] -- Up-to-date: /home/rover/workspaces/rover-real/src/install/rover_control/share/ament_index/resource_index/package_run_dependencies/rover_control
[6.077s] -- Up-to-date: /home/rover/workspaces/rover-real/src/install/rover_control/share/ament_index/resource_index/parent_prefix_path/rover_control
[6.077s] -- Up-to-date: /home/rover/workspaces/rover-real/src/install/rover_control/share/rover_control/environment/ament_prefix_path.sh
[6.077s] -- Up-to-date: /home/rover/workspaces/rover-real/src/install/rover_control/share/rover_control/environment/ament_prefix_path.dsv
[6.077s] -- Up-to-date: /home/rover/workspaces/rover-real/src/install/rover_control/share/rover_control/environment/path.sh
[6.077s] -- Up-to-date: /home/rover/workspaces/rover-real/src/install/rover_control/share/rover_control/environment/path.dsv
[6.077s] -- Up-to-date: /home/rover/workspaces/rover-real/src/install/rover_control/share/rover_control/local_setup.bash
[6.078s] -- Up-to-date: /home/rover/workspaces/rover-real/src/install/rover_control/share/rover_control/local_setup.sh
[6.078s] -- Up-to-date: /home/rover/workspaces/rover-real/src/install/rover_control/share/rover_control/local_setup.zsh
[6.078s] -- Up-to-date: /home/rover/workspaces/rover-real/src/install/rover_control/share/rover_control/local_setup.dsv
[6.078s] -- Installing: /home/rover/workspaces/rover-real/src/install/rover_control/share/rover_control/package.dsv
[6.085s] -- Up-to-date: /home/rover/workspaces/rover-real/src/install/rover_control/share/ament_index/resource_index/packages/rover_control
[6.086s] -- Up-to-date: /home/rover/workspaces/rover-real/src/install/rover_control/share/rover_control/cmake/export_rover_control__rosidl_generator_cExport.cmake
[6.086s] -- Up-to-date: /home/rover/workspaces/rover-real/src/install/rover_control/share/rover_control/cmake/export_rover_control__rosidl_generator_cExport-noconfig.cmake
[6.086s] -- Up-to-date: /home/rover/workspaces/rover-real/src/install/rover_control/share/rover_control/cmake/export_rover_control__rosidl_typesupport_fastrtps_cExport.cmake
[6.086s] -- Up-to-date: /home/rover/workspaces/rover-real/src/install/rover_control/share/rover_control/cmake/export_rover_control__rosidl_typesupport_fastrtps_cExport-noconfig.cmake
[6.086s] -- Up-to-date: /home/rover/workspaces/rover-real/src/install/rover_control/share/rover_control/cmake/rover_control__rosidl_typesupport_introspection_cExport.cmake
[6.086s] -- Up-to-date: /home/rover/workspaces/rover-real/src/install/rover_control/share/rover_control/cmake/rover_control__rosidl_typesupport_introspection_cExport-noconfig.cmake
[6.086s] -- Up-to-date: /home/rover/workspaces/rover-real/src/install/rover_control/share/rover_control/cmake/rover_control__rosidl_typesupport_cExport.cmake
[6.087s] -- Up-to-date: /home/rover/workspaces/rover-real/src/install/rover_control/share/rover_control/cmake/rover_control__rosidl_typesupport_cExport-noconfig.cmake
[6.087s] -- Up-to-date: /home/rover/workspaces/rover-real/src/install/rover_control/share/rover_control/cmake/export_rover_control__rosidl_generator_cppExport.cmake
[6.087s] -- Up-to-date: /home/rover/workspaces/rover-real/src/install/rover_control/share/rover_control/cmake/export_rover_control__rosidl_typesupport_fastrtps_cppExport.cmake
[6.087s] -- Up-to-date: /home/rover/workspaces/rover-real/src/install/rover_control/share/rover_control/cmake/export_rover_control__rosidl_typesupport_fastrtps_cppExport-noconfig.cmake
[6.088s] -- Up-to-date: /home/rover/workspaces/rover-real/src/install/rover_control/share/rover_control/cmake/rover_control__rosidl_typesupport_introspection_cppExport.cmake
[6.088s] -- Up-to-date: /home/rover/workspaces/rover-real/src/install/rover_control/share/rover_control/cmake/rover_control__rosidl_typesupport_introspection_cppExport-noconfig.cmake
[6.088s] -- Up-to-date: /home/rover/workspaces/rover-real/src/install/rover_control/share/rover_control/cmake/rover_control__rosidl_typesupport_cppExport.cmake
[6.088s] -- Up-to-date: /home/rover/workspaces/rover-real/src/install/rover_control/share/rover_control/cmake/rover_control__rosidl_typesupport_cppExport-noconfig.cmake
[6.088s] -- Up-to-date: /home/rover/workspaces/rover-real/src/install/rover_control/share/rover_control/cmake/export_rover_control__rosidl_generator_pyExport.cmake
[6.088s] -- Up-to-date: /home/rover/workspaces/rover-real/src/install/rover_control/share/rover_control/cmake/export_rover_control__rosidl_generator_pyExport-noconfig.cmake
[6.088s] -- Up-to-date: /home/rover/workspaces/rover-real/src/install/rover_control/share/rover_control/cmake/rosidl_cmake-extras.cmake
[6.089s] -- Up-to-date: /home/rover/workspaces/rover-real/src/install/rover_control/share/rover_control/cmake/ament_cmake_export_dependencies-extras.cmake
[6.089s] -- Up-to-date: /home/rover/workspaces/rover-real/src/install/rover_control/share/rover_control/cmake/ament_cmake_export_include_directories-extras.cmake
[6.089s] -- Up-to-date: /home/rover/workspaces/rover-real/src/install/rover_control/share/rover_control/cmake/ament_cmake_export_libraries-extras.cmake
[6.089s] -- Up-to-date: /home/rover/workspaces/rover-real/src/install/rover_control/share/rover_control/cmake/ament_cmake_export_targets-extras.cmake
[6.089s] -- Up-to-date: /home/rover/workspaces/rover-real/src/install/rover_control/share/rover_control/cmake/rosidl_cmake_export_typesupport_targets-extras.cmake
[6.090s] -- Up-to-date: /home/rover/workspaces/rover-real/src/install/rover_control/share/rover_control/cmake/rosidl_cmake_export_typesupport_libraries-extras.cmake
[6.090s] -- Up-to-date: /home/rover/workspaces/rover-real/src/install/rover_control/share/rover_control/cmake/rover_controlConfig.cmake
[6.090s] -- Up-to-date: /home/rover/workspaces/rover-real/src/install/rover_control/share/rover_control/cmake/rover_controlConfig-version.cmake
[6.090s] -- Up-to-date: /home/rover/workspaces/rover-real/src/install/rover_control/share/rover_control/package.xml
[6.104s] Invoked command in '/home/rover/workspaces/rover-real/src/build/rover_control' returned '0': AMENT_PREFIX_PATH=/home/rover/workspaces/rover-real/src/install/urc_msgs:${AMENT_PREFIX_PATH} CMAKE_PREFIX_PATH=/home/rover/workspaces/rover-real/src/install/urc_msgs:/opt/ros/humble:${CMAKE_PREFIX_PATH} LD_LIBRARY_PATH=/home/rover/workspaces/rover-real/src/install/urc_msgs/lib:${LD_LIBRARY_PATH} PYTHONPATH=/home/rover/workspaces/rover-real/src/install/urc_msgs/local/lib/python3.10/dist-packages:${PYTHONPATH} /usr/bin/cmake --install /home/rover/workspaces/rover-real/src/build/rover_control
