running egg_info
creating ../build/mission_bt/mission_bt.egg-info
writing ../build/mission_bt/mission_bt.egg-info/PKG-INFO
writing dependency_links to ../build/mission_bt/mission_bt.egg-info/dependency_links.txt
writing entry points to ../build/mission_bt/mission_bt.egg-info/entry_points.txt
writing requirements to ../build/mission_bt/mission_bt.egg-info/requires.txt
writing top-level names to ../build/mission_bt/mission_bt.egg-info/top_level.txt
writing manifest file '../build/mission_bt/mission_bt.egg-info/SOURCES.txt'
reading manifest file '../build/mission_bt/mission_bt.egg-info/SOURCES.txt'
writing manifest file '../build/mission_bt/mission_bt.egg-info/SOURCES.txt'
running build
running install
running install_data
creating /home/rover/workspaces/rover-real/src/install/mission_bt/share/ament_index
creating /home/rover/workspaces/rover-real/src/install/mission_bt/share/ament_index/resource_index
creating /home/rover/workspaces/rover-real/src/install/mission_bt/share/ament_index/resource_index/packages
copying resource/mission_bt -> /home/rover/workspaces/rover-real/src/install/mission_bt/share/ament_index/resource_index/packages
copying package.xml -> /home/rover/workspaces/rover-real/src/install/mission_bt/share/mission_bt
creating /home/rover/workspaces/rover-real/src/install/mission_bt/share/mission_bt/launch
copying launch/mission_bt.launch.py -> /home/rover/workspaces/rover-real/src/install/mission_bt/share/mission_bt/launch
creating /home/rover/workspaces/rover-real/src/install/mission_bt/share/mission_bt/config
copying config/bt_params.yaml -> /home/rover/workspaces/rover-real/src/install/mission_bt/share/mission_bt/config
copying config/mission_config.yaml -> /home/rover/workspaces/rover-real/src/install/mission_bt/share/mission_bt/config
creating /home/rover/workspaces/rover-real/src/install/mission_bt/share/mission_bt/bt_trees
copying bt_trees/sampling.xml -> /home/rover/workspaces/rover-real/src/install/mission_bt/share/mission_bt/bt_trees
copying bt_trees/sample_mission.xml -> /home/rover/workspaces/rover-real/src/install/mission_bt/share/mission_bt/bt_trees
copying bt_trees/root_tree.xml -> /home/rover/workspaces/rover-real/src/install/mission_bt/share/mission_bt/bt_trees
copying bt_trees/nav.xml -> /home/rover/workspaces/rover-real/src/install/mission_bt/share/mission_bt/bt_trees
running install_egg_info
Copying ../build/mission_bt/mission_bt.egg-info to /home/rover/workspaces/rover-real/src/install/mission_bt/lib/python3.10/site-packages/mission_bt-0.0.0-py3.10.egg-info
running install_scripts
Installing bt_executor script to /home/rover/workspaces/rover-real/src/install/mission_bt/bin
writing list of installed files to '/home/rover/workspaces/rover-real/src/build/mission_bt/install.log'
