-- The C compiler identification is GNU 11.4.0
-- The CXX compiler identification is GNU 11.4.0
-- Detecting C compiler ABI info
-- Detecting C compiler ABI info - done
-- Check for working C compiler: /usr/bin/cc - skipped
-- Detecting C compile features
-- Detecting C compile features - done
-- Detecting CXX compiler ABI info
-- Detecting CXX compiler ABI info - done
-- Check for working CXX compiler: /usr/bin/c++ - skipped
-- Detecting CXX compile features
-- Detecting CXX compile features - done
-- Found ament_cmake: 1.3.12 (/opt/ros/humble/share/ament_cmake/cmake)
-- Found Python3: /usr/bin/python3 (found version "3.10.12") found components: Interpreter 
-- Found rosidl_default_generators: 1.2.0 (/opt/ros/humble/share/rosidl_default_generators/cmake)
-- Using all available rosidl_typesupport_c: rosidl_typesupport_fastrtps_c;rosidl_typesupport_introspection_c
-- Found rosidl_adapter: 3.1.7 (/opt/ros/humble/share/rosidl_adapter/cmake)
-- Using all available rosidl_typesupport_cpp: rosidl_typesupport_fastrtps_cpp;rosidl_typesupport_introspection_cpp
-- Found rclcpp: 16.0.14 (/opt/ros/humble/share/rclcpp/cmake)
-- Found rmw_implementation_cmake: 6.1.2 (/opt/ros/humble/share/rmw_implementation_cmake/cmake)
-- Found rmw_cyclonedds_cpp: 1.3.4 (/opt/ros/humble/share/rmw_cyclonedds_cpp/cmake)
-- Using RMW implementation 'rmw_cyclonedds_cpp' as default
-- Looking for pthread.h
-- Looking for pthread.h - found
-- Performing Test CMAKE_HAVE_LIBC_PTHREAD
-- Performing Test CMAKE_HAVE_LIBC_PTHREAD - Success
-- Found Threads: TRUE  
-- Found rclpy: 3.3.17 (/opt/ros/humble/share/rclpy/cmake)
-- Found geometry_msgs: 4.9.0 (/opt/ros/humble/share/geometry_msgs/cmake)
-- Found sensor_msgs: 4.9.0 (/opt/ros/humble/share/sensor_msgs/cmake)
-- Found nav_msgs: 4.9.0 (/opt/ros/humble/share/nav_msgs/cmake)
-- Found tf2: 0.25.16 (/opt/ros/humble/share/tf2/cmake)
-- Found tf2_ros: 0.25.16 (/opt/ros/humble/share/tf2_ros/cmake)
-- Found tf2_geometry_msgs: 0.25.16 (/opt/ros/humble/share/tf2_geometry_msgs/cmake)
-- Found eigen3_cmake_module: 0.1.1 (/opt/ros/humble/share/eigen3_cmake_module/cmake)
-- Found Eigen3: TRUE (found version "3.4.0") 
-- Ensuring Eigen3 include directory is part of orocos-kdl CMake target
-- Found controller_interface: 2.51.0 (/opt/ros/humble/share/controller_interface/cmake)
-- Found controller_manager: 2.51.0 (/opt/ros/humble/share/controller_manager/cmake)
-- Found diff_drive_controller: 2.50.0 (/opt/ros/humble/share/diff_drive_controller/cmake)
-- Found joint_state_broadcaster: 2.49.1 (/opt/ros/humble/share/joint_state_broadcaster/cmake)
-- Found diagnostic_msgs: 4.9.0 (/opt/ros/humble/share/diagnostic_msgs/cmake)
-- Found nav2_msgs: 1.1.18 (/opt/ros/humble/share/nav2_msgs/cmake)
-- Found nav2_common: 1.1.18 (/opt/ros/humble/share/nav2_common/cmake)
-- Found ament_cmake_ros: 0.10.0 (/opt/ros/humble/share/ament_cmake_ros/cmake)
-- Using all available rosidl_typesupport_c: rosidl_typesupport_fastrtps_c;rosidl_typesupport_introspection_c
-- Using all available rosidl_typesupport_cpp: rosidl_typesupport_fastrtps_cpp;rosidl_typesupport_introspection_cpp
-- Found PythonInterp: /usr/bin/python3 (found suitable version "3.10.12", minimum required is "3.6") 
-- Found python_cmake_module: 0.10.0 (/opt/ros/humble/share/python_cmake_module/cmake)
-- Found PythonLibs: /usr/lib/aarch64-linux-gnu/libpython3.10.so (found suitable version "3.10.12", minimum required is "3.5") 
-- Using PYTHON_EXECUTABLE: /usr/bin/python3
-- Using PYTHON_INCLUDE_DIRS: /usr/include/python3.10
-- Using PYTHON_LIBRARIES: /usr/lib/aarch64-linux-gnu/libpython3.10.so
-- Found PythonExtra: .so  
-- Found ament_lint_auto: 0.12.14 (/opt/ros/humble/share/ament_lint_auto/cmake)
-- Added test 'copyright' to check source files copyright and LICENSE
-- Added test 'flake8' to check Python code syntax and style conventions
-- Added test 'lint_cmake' to check CMake code style
-- Added test 'pep257' to check Python code against some of the docstring style conventions in PEP 257
-- Added test 'xmllint' to check XML markup files
-- Configuring done
-- Generating done
-- Build files have been written to: /home/rover/workspaces/rover-real/src/build/rover_control
[  1%] [34m[1mGenerating C++ code for ROS interfaces[0m
[  1%] Built target rover_control__cpp
[  1%] Built target ament_cmake_python_copy_rover_control
[  2%] [34m[1mGenerating C++ introspection for ROS interfaces[0m
[  4%] [32mBuilding CXX object CMakeFiles/rover_control__rosidl_typesupport_introspection_cpp.dir/rosidl_typesupport_introspection_cpp/rover_control/action/detail/drive_to_pose__type_support.cpp.o[0m
[  5%] [32mBuilding CXX object CMakeFiles/rover_control__rosidl_typesupport_introspection_cpp.dir/rosidl_typesupport_introspection_cpp/rover_control/action/detail/follow_path__type_support.cpp.o[0m
[  7%] [32mBuilding CXX object CMakeFiles/rover_control__rosidl_typesupport_introspection_cpp.dir/rosidl_typesupport_introspection_cpp/rover_control/action/detail/set_velocity__type_support.cpp.o[0m
[  8%] [32mBuilding CXX object CMakeFiles/rover_control__rosidl_typesupport_introspection_cpp.dir/rosidl_typesupport_introspection_cpp/rover_control/action/detail/cancel_motion__type_support.cpp.o[0m
[  9%] [32mBuilding CXX object CMakeFiles/rover_control__rosidl_typesupport_introspection_cpp.dir/rosidl_typesupport_introspection_cpp/rover_control/msg/detail/rover_status__type_support.cpp.o[0m
[ 11%] [32mBuilding CXX object CMakeFiles/rover_control__rosidl_typesupport_introspection_cpp.dir/rosidl_typesupport_introspection_cpp/rover_control/msg/detail/drive_command__type_support.cpp.o[0m
[ 12%] [32m[1mLinking CXX shared library librover_control__rosidl_typesupport_introspection_cpp.so[0m
[ 12%] Built target rover_control__rosidl_typesupport_introspection_cpp
running egg_info
creating rover_control.egg-info
writing rover_control.egg-info/PKG-INFO
writing dependency_links to rover_control.egg-info/dependency_links.txt
writing top-level names to rover_control.egg-info/top_level.txt
writing manifest file 'rover_control.egg-info/SOURCES.txt'
reading manifest file 'rover_control.egg-info/SOURCES.txt'
writing manifest file 'rover_control.egg-info/SOURCES.txt'
[ 12%] Built target ament_cmake_python_build_rover_control_egg
[ 14%] [34m[1mGenerating C++ type support for eProsima Fast-RTPS[0m
[ 15%] [32mBuilding CXX object CMakeFiles/rover_control__rosidl_typesupport_fastrtps_cpp.dir/rosidl_typesupport_fastrtps_cpp/rover_control/action/detail/dds_fastrtps/drive_to_pose__type_support.cpp.o[0m
[ 16%] [32mBuilding CXX object CMakeFiles/rover_control__rosidl_typesupport_fastrtps_cpp.dir/rosidl_typesupport_fastrtps_cpp/rover_control/action/detail/dds_fastrtps/cancel_motion__type_support.cpp.o[0m
[ 18%] [32mBuilding CXX object CMakeFiles/rover_control__rosidl_typesupport_fastrtps_cpp.dir/rosidl_typesupport_fastrtps_cpp/rover_control/msg/detail/dds_fastrtps/rover_status__type_support.cpp.o[0m
[ 19%] [32mBuilding CXX object CMakeFiles/rover_control__rosidl_typesupport_fastrtps_cpp.dir/rosidl_typesupport_fastrtps_cpp/rover_control/msg/detail/dds_fastrtps/drive_command__type_support.cpp.o[0m
[ 21%] [32mBuilding CXX object CMakeFiles/rover_control__rosidl_typesupport_fastrtps_cpp.dir/rosidl_typesupport_fastrtps_cpp/rover_control/action/detail/dds_fastrtps/set_velocity__type_support.cpp.o[0m
[ 22%] [32mBuilding CXX object CMakeFiles/rover_control__rosidl_typesupport_fastrtps_cpp.dir/rosidl_typesupport_fastrtps_cpp/rover_control/action/detail/dds_fastrtps/follow_path__type_support.cpp.o[0m
[ 23%] [32m[1mLinking CXX shared library librover_control__rosidl_typesupport_fastrtps_cpp.so[0m
[ 23%] Built target rover_control__rosidl_typesupport_fastrtps_cpp
[ 25%] [34m[1mGenerating C++ type support dispatch for ROS interfaces[0m
[ 26%] [32mBuilding CXX object CMakeFiles/rover_control__rosidl_typesupport_cpp.dir/rosidl_typesupport_cpp/rover_control/action/drive_to_pose__type_support.cpp.o[0m
[ 28%] [32mBuilding CXX object CMakeFiles/rover_control__rosidl_typesupport_cpp.dir/rosidl_typesupport_cpp/rover_control/msg/rover_status__type_support.cpp.o[0m
[ 29%] [32mBuilding CXX object CMakeFiles/rover_control__rosidl_typesupport_cpp.dir/rosidl_typesupport_cpp/rover_control/msg/drive_command__type_support.cpp.o[0m
[ 30%] [32mBuilding CXX object CMakeFiles/rover_control__rosidl_typesupport_cpp.dir/rosidl_typesupport_cpp/rover_control/action/cancel_motion__type_support.cpp.o[0m
[ 32%] [32mBuilding CXX object CMakeFiles/rover_control__rosidl_typesupport_cpp.dir/rosidl_typesupport_cpp/rover_control/action/set_velocity__type_support.cpp.o[0m
[ 33%] [32mBuilding CXX object CMakeFiles/rover_control__rosidl_typesupport_cpp.dir/rosidl_typesupport_cpp/rover_control/action/follow_path__type_support.cpp.o[0m
[ 35%] [32m[1mLinking CXX shared library librover_control__rosidl_typesupport_cpp.so[0m
[ 35%] Built target rover_control__rosidl_typesupport_cpp
[ 36%] [34m[1mGenerating C code for ROS interfaces[0m
[ 38%] [32mBuilding C object CMakeFiles/rover_control__rosidl_generator_c.dir/rosidl_generator_c/rover_control/action/detail/drive_to_pose__functions.c.o[0m
[ 39%] [32mBuilding C object CMakeFiles/rover_control__rosidl_generator_c.dir/rosidl_generator_c/rover_control/msg/detail/drive_command__functions.c.o[0m
[ 40%] [32mBuilding C object CMakeFiles/rover_control__rosidl_generator_c.dir/rosidl_generator_c/rover_control/msg/detail/rover_status__functions.c.o[0m
[ 42%] [32mBuilding C object CMakeFiles/rover_control__rosidl_generator_c.dir/rosidl_generator_c/rover_control/action/detail/cancel_motion__functions.c.o[0m
[ 43%] [32mBuilding C object CMakeFiles/rover_control__rosidl_generator_c.dir/rosidl_generator_c/rover_control/action/detail/set_velocity__functions.c.o[0m
[ 45%] [32mBuilding C object CMakeFiles/rover_control__rosidl_generator_c.dir/rosidl_generator_c/rover_control/action/detail/follow_path__functions.c.o[0m
[ 46%] [32m[1mLinking C shared library librover_control__rosidl_generator_c.so[0m
[ 46%] Built target rover_control__rosidl_generator_c
[ 47%] [34m[1mGenerating C type support for eProsima Fast-RTPS[0m
[ 49%] [32mBuilding CXX object CMakeFiles/rover_control__rosidl_typesupport_fastrtps_c.dir/rosidl_typesupport_fastrtps_c/rover_control/action/detail/drive_to_pose__type_support_c.cpp.o[0m
[ 50%] [32mBuilding CXX object CMakeFiles/rover_control__rosidl_typesupport_fastrtps_c.dir/rosidl_typesupport_fastrtps_c/rover_control/action/detail/cancel_motion__type_support_c.cpp.o[0m
[ 52%] [32mBuilding CXX object CMakeFiles/rover_control__rosidl_typesupport_fastrtps_c.dir/rosidl_typesupport_fastrtps_c/rover_control/msg/detail/rover_status__type_support_c.cpp.o[0m
[ 53%] [32mBuilding CXX object CMakeFiles/rover_control__rosidl_typesupport_fastrtps_c.dir/rosidl_typesupport_fastrtps_c/rover_control/msg/detail/drive_command__type_support_c.cpp.o[0m
[ 54%] [32mBuilding CXX object CMakeFiles/rover_control__rosidl_typesupport_fastrtps_c.dir/rosidl_typesupport_fastrtps_c/rover_control/action/detail/set_velocity__type_support_c.cpp.o[0m
[ 56%] [32mBuilding CXX object CMakeFiles/rover_control__rosidl_typesupport_fastrtps_c.dir/rosidl_typesupport_fastrtps_c/rover_control/action/detail/follow_path__type_support_c.cpp.o[0m
[ 57%] [32m[1mLinking CXX shared library librover_control__rosidl_typesupport_fastrtps_c.so[0m
[ 57%] Built target rover_control__rosidl_typesupport_fastrtps_c
[ 59%] [34m[1mGenerating C type support dispatch for ROS interfaces[0m
[ 60%] [32mBuilding CXX object CMakeFiles/rover_control__rosidl_typesupport_c.dir/rosidl_typesupport_c/rover_control/action/drive_to_pose__type_support.cpp.o[0m
[ 61%] [32mBuilding CXX object CMakeFiles/rover_control__rosidl_typesupport_c.dir/rosidl_typesupport_c/rover_control/msg/rover_status__type_support.cpp.o[0m
[ 63%] [32mBuilding CXX object CMakeFiles/rover_control__rosidl_typesupport_c.dir/rosidl_typesupport_c/rover_control/msg/drive_command__type_support.cpp.o[0m
[ 64%] [32mBuilding CXX object CMakeFiles/rover_control__rosidl_typesupport_c.dir/rosidl_typesupport_c/rover_control/action/cancel_motion__type_support.cpp.o[0m
[ 66%] [32mBuilding CXX object CMakeFiles/rover_control__rosidl_typesupport_c.dir/rosidl_typesupport_c/rover_control/action/set_velocity__type_support.cpp.o[0m
[ 67%] [32mBuilding CXX object CMakeFiles/rover_control__rosidl_typesupport_c.dir/rosidl_typesupport_c/rover_control/action/follow_path__type_support.cpp.o[0m
[ 69%] [32m[1mLinking CXX shared library librover_control__rosidl_typesupport_c.so[0m
[ 69%] Built target rover_control__rosidl_typesupport_c
[ 70%] [34m[1mGenerating C introspection for ROS interfaces[0m
[ 71%] [32mBuilding C object CMakeFiles/rover_control__rosidl_typesupport_introspection_c.dir/rosidl_typesupport_introspection_c/rover_control/action/detail/drive_to_pose__type_support.c.o[0m
[ 73%] [32mBuilding C object CMakeFiles/rover_control__rosidl_typesupport_introspection_c.dir/rosidl_typesupport_introspection_c/rover_control/msg/detail/drive_command__type_support.c.o[0m
[ 74%] [32mBuilding C object CMakeFiles/rover_control__rosidl_typesupport_introspection_c.dir/rosidl_typesupport_introspection_c/rover_control/msg/detail/rover_status__type_support.c.o[0m
[ 76%] [32mBuilding C object CMakeFiles/rover_control__rosidl_typesupport_introspection_c.dir/rosidl_typesupport_introspection_c/rover_control/action/detail/cancel_motion__type_support.c.o[0m
[ 77%] [32mBuilding C object CMakeFiles/rover_control__rosidl_typesupport_introspection_c.dir/rosidl_typesupport_introspection_c/rover_control/action/detail/set_velocity__type_support.c.o[0m
[ 78%] [32mBuilding C object CMakeFiles/rover_control__rosidl_typesupport_introspection_c.dir/rosidl_typesupport_introspection_c/rover_control/action/detail/follow_path__type_support.c.o[0m
[ 80%] [32m[1mLinking C shared library librover_control__rosidl_typesupport_introspection_c.so[0m
[ 80%] Built target rover_control__rosidl_typesupport_introspection_c
[ 80%] Built target rover_control
[ 81%] [34m[1mGenerating Python code for ROS interfaces[0m
[ 81%] Built target rover_control__py
[ 83%] [32mBuilding C object CMakeFiles/rover_control__rosidl_generator_py.dir/rosidl_generator_py/rover_control/action/_drive_to_pose_s.c.o[0m
[ 84%] [32mBuilding C object CMakeFiles/rover_control__rosidl_generator_py.dir/rosidl_generator_py/rover_control/action/_follow_path_s.c.o[0m
[ 85%] [32mBuilding C object CMakeFiles/rover_control__rosidl_generator_py.dir/rosidl_generator_py/rover_control/msg/_drive_command_s.c.o[0m
[ 87%] [32mBuilding C object CMakeFiles/rover_control__rosidl_generator_py.dir/rosidl_generator_py/rover_control/msg/_rover_status_s.c.o[0m
[ 88%] [32mBuilding C object CMakeFiles/rover_control__rosidl_generator_py.dir/rosidl_generator_py/rover_control/action/_cancel_motion_s.c.o[0m
[ 90%] [32mBuilding C object CMakeFiles/rover_control__rosidl_generator_py.dir/rosidl_generator_py/rover_control/action/_set_velocity_s.c.o[0m
[ 91%] [32m[1mLinking C shared library rosidl_generator_py/rover_control/librover_control__rosidl_generator_py.so[0m
[ 91%] Built target rover_control__rosidl_generator_py
[ 92%] [32mBuilding C object CMakeFiles/rover_control__rosidl_typesupport_fastrtps_c__pyext.dir/rosidl_generator_py/rover_control/_rover_control_s.ep.rosidl_typesupport_fastrtps_c.c.o[0m
[ 94%] [32m[1mLinking C shared library rosidl_generator_py/rover_control/rover_control_s__rosidl_typesupport_fastrtps_c.cpython-310-aarch64-linux-gnu.so[0m
[ 94%] Built target rover_control__rosidl_typesupport_fastrtps_c__pyext
[ 95%] [32mBuilding C object CMakeFiles/rover_control__rosidl_typesupport_c__pyext.dir/rosidl_generator_py/rover_control/_rover_control_s.ep.rosidl_typesupport_c.c.o[0m
[ 97%] [32m[1mLinking C shared library rosidl_generator_py/rover_control/rover_control_s__rosidl_typesupport_c.cpython-310-aarch64-linux-gnu.so[0m
[ 97%] Built target rover_control__rosidl_typesupport_c__pyext
[ 98%] [32mBuilding C object CMakeFiles/rover_control__rosidl_typesupport_introspection_c__pyext.dir/rosidl_generator_py/rover_control/_rover_control_s.ep.rosidl_typesupport_introspection_c.c.o[0m
[100%] [32m[1mLinking C shared library rosidl_generator_py/rover_control/rover_control_s__rosidl_typesupport_introspection_c.cpython-310-aarch64-linux-gnu.so[0m
[100%] Built target rover_control__rosidl_typesupport_introspection_c__pyext
-- Install configuration: ""
-- Installing: /home/rover/workspaces/rover-real/src/install/rover_control/share/ament_index/resource_index/rosidl_interfaces/rover_control
-- Installing: /home/rover/workspaces/rover-real/src/install/rover_control/include/rover_control/rover_control
-- Installing: /home/rover/workspaces/rover-real/src/install/rover_control/include/rover_control/rover_control/action
-- Installing: /home/rover/workspaces/rover-real/src/install/rover_control/include/rover_control/rover_control/action/follow_path.h
-- Installing: /home/rover/workspaces/rover-real/src/install/rover_control/include/rover_control/rover_control/action/detail
-- Installing: /home/rover/workspaces/rover-real/src/install/rover_control/include/rover_control/rover_control/action/detail/cancel_motion__functions.h
-- Installing: /home/rover/workspaces/rover-real/src/install/rover_control/include/rover_control/rover_control/action/detail/drive_to_pose__struct.h
-- Installing: /home/rover/workspaces/rover-real/src/install/rover_control/include/rover_control/rover_control/action/detail/drive_to_pose__type_support.h
-- Installing: /home/rover/workspaces/rover-real/src/install/rover_control/include/rover_control/rover_control/action/detail/set_velocity__functions.c
-- Installing: /home/rover/workspaces/rover-real/src/install/rover_control/include/rover_control/rover_control/action/detail/follow_path__functions.h
-- Installing: /home/rover/workspaces/rover-real/src/install/rover_control/include/rover_control/rover_control/action/detail/set_velocity__functions.h
-- Installing: /home/rover/workspaces/rover-real/src/install/rover_control/include/rover_control/rover_control/action/detail/cancel_motion__functions.c
-- Installing: /home/rover/workspaces/rover-real/src/install/rover_control/include/rover_control/rover_control/action/detail/drive_to_pose__functions.c
-- Installing: /home/rover/workspaces/rover-real/src/install/rover_control/include/rover_control/rover_control/action/detail/set_velocity__type_support.h
-- Installing: /home/rover/workspaces/rover-real/src/install/rover_control/include/rover_control/rover_control/action/detail/drive_to_pose__functions.h
-- Installing: /home/rover/workspaces/rover-real/src/install/rover_control/include/rover_control/rover_control/action/detail/follow_path__functions.c
-- Installing: /home/rover/workspaces/rover-real/src/install/rover_control/include/rover_control/rover_control/action/detail/follow_path__type_support.h
-- Installing: /home/rover/workspaces/rover-real/src/install/rover_control/include/rover_control/rover_control/action/detail/follow_path__struct.h
-- Installing: /home/rover/workspaces/rover-real/src/install/rover_control/include/rover_control/rover_control/action/detail/cancel_motion__type_support.h
-- Installing: /home/rover/workspaces/rover-real/src/install/rover_control/include/rover_control/rover_control/action/detail/set_velocity__struct.h
-- Installing: /home/rover/workspaces/rover-real/src/install/rover_control/include/rover_control/rover_control/action/detail/cancel_motion__struct.h
-- Installing: /home/rover/workspaces/rover-real/src/install/rover_control/include/rover_control/rover_control/action/set_velocity.h
-- Installing: /home/rover/workspaces/rover-real/src/install/rover_control/include/rover_control/rover_control/action/cancel_motion.h
-- Installing: /home/rover/workspaces/rover-real/src/install/rover_control/include/rover_control/rover_control/action/drive_to_pose.h
-- Installing: /home/rover/workspaces/rover-real/src/install/rover_control/include/rover_control/rover_control/msg
-- Installing: /home/rover/workspaces/rover-real/src/install/rover_control/include/rover_control/rover_control/msg/rosidl_generator_c__visibility_control.h
-- Installing: /home/rover/workspaces/rover-real/src/install/rover_control/include/rover_control/rover_control/msg/detail
-- Installing: /home/rover/workspaces/rover-real/src/install/rover_control/include/rover_control/rover_control/msg/detail/drive_command__functions.h
-- Installing: /home/rover/workspaces/rover-real/src/install/rover_control/include/rover_control/rover_control/msg/detail/drive_command__functions.c
-- Installing: /home/rover/workspaces/rover-real/src/install/rover_control/include/rover_control/rover_control/msg/detail/rover_status__struct.h
-- Installing: /home/rover/workspaces/rover-real/src/install/rover_control/include/rover_control/rover_control/msg/detail/rover_status__type_support.h
-- Installing: /home/rover/workspaces/rover-real/src/install/rover_control/include/rover_control/rover_control/msg/detail/drive_command__type_support.h
-- Installing: /home/rover/workspaces/rover-real/src/install/rover_control/include/rover_control/rover_control/msg/detail/drive_command__struct.h
-- Installing: /home/rover/workspaces/rover-real/src/install/rover_control/include/rover_control/rover_control/msg/detail/rover_status__functions.c
-- Installing: /home/rover/workspaces/rover-real/src/install/rover_control/include/rover_control/rover_control/msg/detail/rover_status__functions.h
-- Installing: /home/rover/workspaces/rover-real/src/install/rover_control/include/rover_control/rover_control/msg/drive_command.h
-- Installing: /home/rover/workspaces/rover-real/src/install/rover_control/include/rover_control/rover_control/msg/rover_status.h
-- Installing: /home/rover/workspaces/rover-real/src/install/rover_control/share/rover_control/environment/library_path.sh
-- Installing: /home/rover/workspaces/rover-real/src/install/rover_control/share/rover_control/environment/library_path.dsv
-- Installing: /home/rover/workspaces/rover-real/src/install/rover_control/lib/librover_control__rosidl_generator_c.so
-- Set runtime path of "/home/rover/workspaces/rover-real/src/install/rover_control/lib/librover_control__rosidl_generator_c.so" to ""
-- Up-to-date: /home/rover/workspaces/rover-real/src/install/rover_control/include/rover_control/rover_control
-- Up-to-date: /home/rover/workspaces/rover-real/src/install/rover_control/include/rover_control/rover_control/action
-- Up-to-date: /home/rover/workspaces/rover-real/src/install/rover_control/include/rover_control/rover_control/action/detail
-- Installing: /home/rover/workspaces/rover-real/src/install/rover_control/include/rover_control/rover_control/action/detail/follow_path__rosidl_typesupport_fastrtps_c.h
-- Installing: /home/rover/workspaces/rover-real/src/install/rover_control/include/rover_control/rover_control/action/detail/set_velocity__rosidl_typesupport_fastrtps_c.h
-- Installing: /home/rover/workspaces/rover-real/src/install/rover_control/include/rover_control/rover_control/action/detail/drive_to_pose__rosidl_typesupport_fastrtps_c.h
-- Installing: /home/rover/workspaces/rover-real/src/install/rover_control/include/rover_control/rover_control/action/detail/cancel_motion__rosidl_typesupport_fastrtps_c.h
-- Up-to-date: /home/rover/workspaces/rover-real/src/install/rover_control/include/rover_control/rover_control/msg
-- Up-to-date: /home/rover/workspaces/rover-real/src/install/rover_control/include/rover_control/rover_control/msg/detail
-- Installing: /home/rover/workspaces/rover-real/src/install/rover_control/include/rover_control/rover_control/msg/detail/drive_command__rosidl_typesupport_fastrtps_c.h
-- Installing: /home/rover/workspaces/rover-real/src/install/rover_control/include/rover_control/rover_control/msg/detail/rover_status__rosidl_typesupport_fastrtps_c.h
-- Installing: /home/rover/workspaces/rover-real/src/install/rover_control/include/rover_control/rover_control/msg/rosidl_typesupport_fastrtps_c__visibility_control.h
-- Installing: /home/rover/workspaces/rover-real/src/install/rover_control/lib/librover_control__rosidl_typesupport_fastrtps_c.so
-- Set runtime path of "/home/rover/workspaces/rover-real/src/install/rover_control/lib/librover_control__rosidl_typesupport_fastrtps_c.so" to ""
-- Up-to-date: /home/rover/workspaces/rover-real/src/install/rover_control/include/rover_control/rover_control
-- Up-to-date: /home/rover/workspaces/rover-real/src/install/rover_control/include/rover_control/rover_control/action
-- Up-to-date: /home/rover/workspaces/rover-real/src/install/rover_control/include/rover_control/rover_control/action/detail
-- Installing: /home/rover/workspaces/rover-real/src/install/rover_control/include/rover_control/rover_control/action/detail/cancel_motion__rosidl_typesupport_introspection_c.h
-- Installing: /home/rover/workspaces/rover-real/src/install/rover_control/include/rover_control/rover_control/action/detail/follow_path__type_support.c
-- Installing: /home/rover/workspaces/rover-real/src/install/rover_control/include/rover_control/rover_control/action/detail/cancel_motion__type_support.c
-- Installing: /home/rover/workspaces/rover-real/src/install/rover_control/include/rover_control/rover_control/action/detail/drive_to_pose__rosidl_typesupport_introspection_c.h
-- Installing: /home/rover/workspaces/rover-real/src/install/rover_control/include/rover_control/rover_control/action/detail/set_velocity__type_support.c
-- Installing: /home/rover/workspaces/rover-real/src/install/rover_control/include/rover_control/rover_control/action/detail/follow_path__rosidl_typesupport_introspection_c.h
-- Installing: /home/rover/workspaces/rover-real/src/install/rover_control/include/rover_control/rover_control/action/detail/drive_to_pose__type_support.c
-- Installing: /home/rover/workspaces/rover-real/src/install/rover_control/include/rover_control/rover_control/action/detail/set_velocity__rosidl_typesupport_introspection_c.h
-- Up-to-date: /home/rover/workspaces/rover-real/src/install/rover_control/include/rover_control/rover_control/msg
-- Up-to-date: /home/rover/workspaces/rover-real/src/install/rover_control/include/rover_control/rover_control/msg/detail
-- Installing: /home/rover/workspaces/rover-real/src/install/rover_control/include/rover_control/rover_control/msg/detail/rover_status__type_support.c
-- Installing: /home/rover/workspaces/rover-real/src/install/rover_control/include/rover_control/rover_control/msg/detail/drive_command__type_support.c
-- Installing: /home/rover/workspaces/rover-real/src/install/rover_control/include/rover_control/rover_control/msg/detail/rover_status__rosidl_typesupport_introspection_c.h
-- Installing: /home/rover/workspaces/rover-real/src/install/rover_control/include/rover_control/rover_control/msg/detail/drive_command__rosidl_typesupport_introspection_c.h
-- Installing: /home/rover/workspaces/rover-real/src/install/rover_control/include/rover_control/rover_control/msg/rosidl_typesupport_introspection_c__visibility_control.h
-- Installing: /home/rover/workspaces/rover-real/src/install/rover_control/lib/librover_control__rosidl_typesupport_introspection_c.so
-- Set runtime path of "/home/rover/workspaces/rover-real/src/install/rover_control/lib/librover_control__rosidl_typesupport_introspection_c.so" to ""
-- Installing: /home/rover/workspaces/rover-real/src/install/rover_control/lib/librover_control__rosidl_typesupport_c.so
-- Set runtime path of "/home/rover/workspaces/rover-real/src/install/rover_control/lib/librover_control__rosidl_typesupport_c.so" to ""
-- Up-to-date: /home/rover/workspaces/rover-real/src/install/rover_control/include/rover_control/rover_control
-- Up-to-date: /home/rover/workspaces/rover-real/src/install/rover_control/include/rover_control/rover_control/action
-- Installing: /home/rover/workspaces/rover-real/src/install/rover_control/include/rover_control/rover_control/action/drive_to_pose.hpp
-- Up-to-date: /home/rover/workspaces/rover-real/src/install/rover_control/include/rover_control/rover_control/action/detail
-- Installing: /home/rover/workspaces/rover-real/src/install/rover_control/include/rover_control/rover_control/action/detail/cancel_motion__struct.hpp
-- Installing: /home/rover/workspaces/rover-real/src/install/rover_control/include/rover_control/rover_control/action/detail/cancel_motion__traits.hpp
-- Installing: /home/rover/workspaces/rover-real/src/install/rover_control/include/rover_control/rover_control/action/detail/drive_to_pose__type_support.hpp
-- Installing: /home/rover/workspaces/rover-real/src/install/rover_control/include/rover_control/rover_control/action/detail/follow_path__traits.hpp
-- Installing: /home/rover/workspaces/rover-real/src/install/rover_control/include/rover_control/rover_control/action/detail/cancel_motion__builder.hpp
-- Installing: /home/rover/workspaces/rover-real/src/install/rover_control/include/rover_control/rover_control/action/detail/drive_to_pose__builder.hpp
-- Installing: /home/rover/workspaces/rover-real/src/install/rover_control/include/rover_control/rover_control/action/detail/set_velocity__type_support.hpp
-- Installing: /home/rover/workspaces/rover-real/src/install/rover_control/include/rover_control/rover_control/action/detail/follow_path__type_support.hpp
-- Installing: /home/rover/workspaces/rover-real/src/install/rover_control/include/rover_control/rover_control/action/detail/cancel_motion__type_support.hpp
-- Installing: /home/rover/workspaces/rover-real/src/install/rover_control/include/rover_control/rover_control/action/detail/set_velocity__struct.hpp
-- Installing: /home/rover/workspaces/rover-real/src/install/rover_control/include/rover_control/rover_control/action/detail/set_velocity__builder.hpp
-- Installing: /home/rover/workspaces/rover-real/src/install/rover_control/include/rover_control/rover_control/action/detail/set_velocity__traits.hpp
-- Installing: /home/rover/workspaces/rover-real/src/install/rover_control/include/rover_control/rover_control/action/detail/drive_to_pose__struct.hpp
-- Installing: /home/rover/workspaces/rover-real/src/install/rover_control/include/rover_control/rover_control/action/detail/follow_path__builder.hpp
-- Installing: /home/rover/workspaces/rover-real/src/install/rover_control/include/rover_control/rover_control/action/detail/drive_to_pose__traits.hpp
-- Installing: /home/rover/workspaces/rover-real/src/install/rover_control/include/rover_control/rover_control/action/detail/follow_path__struct.hpp
-- Installing: /home/rover/workspaces/rover-real/src/install/rover_control/include/rover_control/rover_control/action/cancel_motion.hpp
-- Installing: /home/rover/workspaces/rover-real/src/install/rover_control/include/rover_control/rover_control/action/set_velocity.hpp
-- Installing: /home/rover/workspaces/rover-real/src/install/rover_control/include/rover_control/rover_control/action/follow_path.hpp
-- Up-to-date: /home/rover/workspaces/rover-real/src/install/rover_control/include/rover_control/rover_control/msg
-- Installing: /home/rover/workspaces/rover-real/src/install/rover_control/include/rover_control/rover_control/msg/drive_command.hpp
-- Installing: /home/rover/workspaces/rover-real/src/install/rover_control/include/rover_control/rover_control/msg/rover_status.hpp
-- Installing: /home/rover/workspaces/rover-real/src/install/rover_control/include/rover_control/rover_control/msg/rosidl_generator_cpp__visibility_control.hpp
-- Up-to-date: /home/rover/workspaces/rover-real/src/install/rover_control/include/rover_control/rover_control/msg/detail
-- Installing: /home/rover/workspaces/rover-real/src/install/rover_control/include/rover_control/rover_control/msg/detail/drive_command__struct.hpp
-- Installing: /home/rover/workspaces/rover-real/src/install/rover_control/include/rover_control/rover_control/msg/detail/rover_status__struct.hpp
-- Installing: /home/rover/workspaces/rover-real/src/install/rover_control/include/rover_control/rover_control/msg/detail/rover_status__traits.hpp
-- Installing: /home/rover/workspaces/rover-real/src/install/rover_control/include/rover_control/rover_control/msg/detail/rover_status__builder.hpp
-- Installing: /home/rover/workspaces/rover-real/src/install/rover_control/include/rover_control/rover_control/msg/detail/drive_command__type_support.hpp
-- Installing: /home/rover/workspaces/rover-real/src/install/rover_control/include/rover_control/rover_control/msg/detail/rover_status__type_support.hpp
-- Installing: /home/rover/workspaces/rover-real/src/install/rover_control/include/rover_control/rover_control/msg/detail/drive_command__builder.hpp
-- Installing: /home/rover/workspaces/rover-real/src/install/rover_control/include/rover_control/rover_control/msg/detail/drive_command__traits.hpp
-- Up-to-date: /home/rover/workspaces/rover-real/src/install/rover_control/include/rover_control/rover_control
-- Up-to-date: /home/rover/workspaces/rover-real/src/install/rover_control/include/rover_control/rover_control/action
-- Up-to-date: /home/rover/workspaces/rover-real/src/install/rover_control/include/rover_control/rover_control/action/detail
-- Installing: /home/rover/workspaces/rover-real/src/install/rover_control/include/rover_control/rover_control/action/detail/dds_fastrtps
-- Installing: /home/rover/workspaces/rover-real/src/install/rover_control/include/rover_control/rover_control/action/detail/drive_to_pose__rosidl_typesupport_fastrtps_cpp.hpp
-- Installing: /home/rover/workspaces/rover-real/src/install/rover_control/include/rover_control/rover_control/action/detail/follow_path__rosidl_typesupport_fastrtps_cpp.hpp
-- Installing: /home/rover/workspaces/rover-real/src/install/rover_control/include/rover_control/rover_control/action/detail/cancel_motion__rosidl_typesupport_fastrtps_cpp.hpp
-- Installing: /home/rover/workspaces/rover-real/src/install/rover_control/include/rover_control/rover_control/action/detail/set_velocity__rosidl_typesupport_fastrtps_cpp.hpp
-- Up-to-date: /home/rover/workspaces/rover-real/src/install/rover_control/include/rover_control/rover_control/msg
-- Up-to-date: /home/rover/workspaces/rover-real/src/install/rover_control/include/rover_control/rover_control/msg/detail
-- Installing: /home/rover/workspaces/rover-real/src/install/rover_control/include/rover_control/rover_control/msg/detail/dds_fastrtps
-- Installing: /home/rover/workspaces/rover-real/src/install/rover_control/include/rover_control/rover_control/msg/detail/rover_status__rosidl_typesupport_fastrtps_cpp.hpp
-- Installing: /home/rover/workspaces/rover-real/src/install/rover_control/include/rover_control/rover_control/msg/detail/drive_command__rosidl_typesupport_fastrtps_cpp.hpp
-- Installing: /home/rover/workspaces/rover-real/src/install/rover_control/include/rover_control/rover_control/msg/rosidl_typesupport_fastrtps_cpp__visibility_control.h
-- Installing: /home/rover/workspaces/rover-real/src/install/rover_control/lib/librover_control__rosidl_typesupport_fastrtps_cpp.so
-- Set runtime path of "/home/rover/workspaces/rover-real/src/install/rover_control/lib/librover_control__rosidl_typesupport_fastrtps_cpp.so" to ""
-- Up-to-date: /home/rover/workspaces/rover-real/src/install/rover_control/include/rover_control/rover_control
-- Up-to-date: /home/rover/workspaces/rover-real/src/install/rover_control/include/rover_control/rover_control/action
-- Up-to-date: /home/rover/workspaces/rover-real/src/install/rover_control/include/rover_control/rover_control/action/detail
-- Installing: /home/rover/workspaces/rover-real/src/install/rover_control/include/rover_control/rover_control/action/detail/follow_path__rosidl_typesupport_introspection_cpp.hpp
-- Installing: /home/rover/workspaces/rover-real/src/install/rover_control/include/rover_control/rover_control/action/detail/set_velocity__type_support.cpp
-- Installing: /home/rover/workspaces/rover-real/src/install/rover_control/include/rover_control/rover_control/action/detail/drive_to_pose__type_support.cpp
-- Installing: /home/rover/workspaces/rover-real/src/install/rover_control/include/rover_control/rover_control/action/detail/follow_path__type_support.cpp
-- Installing: /home/rover/workspaces/rover-real/src/install/rover_control/include/rover_control/rover_control/action/detail/drive_to_pose__rosidl_typesupport_introspection_cpp.hpp
-- Installing: /home/rover/workspaces/rover-real/src/install/rover_control/include/rover_control/rover_control/action/detail/cancel_motion__type_support.cpp
-- Installing: /home/rover/workspaces/rover-real/src/install/rover_control/include/rover_control/rover_control/action/detail/cancel_motion__rosidl_typesupport_introspection_cpp.hpp
-- Installing: /home/rover/workspaces/rover-real/src/install/rover_control/include/rover_control/rover_control/action/detail/set_velocity__rosidl_typesupport_introspection_cpp.hpp
-- Up-to-date: /home/rover/workspaces/rover-real/src/install/rover_control/include/rover_control/rover_control/msg
-- Up-to-date: /home/rover/workspaces/rover-real/src/install/rover_control/include/rover_control/rover_control/msg/detail
-- Installing: /home/rover/workspaces/rover-real/src/install/rover_control/include/rover_control/rover_control/msg/detail/drive_command__type_support.cpp
-- Installing: /home/rover/workspaces/rover-real/src/install/rover_control/include/rover_control/rover_control/msg/detail/rover_status__type_support.cpp
-- Installing: /home/rover/workspaces/rover-real/src/install/rover_control/include/rover_control/rover_control/msg/detail/rover_status__rosidl_typesupport_introspection_cpp.hpp
-- Installing: /home/rover/workspaces/rover-real/src/install/rover_control/include/rover_control/rover_control/msg/detail/drive_command__rosidl_typesupport_introspection_cpp.hpp
-- Installing: /home/rover/workspaces/rover-real/src/install/rover_control/lib/librover_control__rosidl_typesupport_introspection_cpp.so
-- Set runtime path of "/home/rover/workspaces/rover-real/src/install/rover_control/lib/librover_control__rosidl_typesupport_introspection_cpp.so" to ""
-- Installing: /home/rover/workspaces/rover-real/src/install/rover_control/lib/librover_control__rosidl_typesupport_cpp.so
-- Set runtime path of "/home/rover/workspaces/rover-real/src/install/rover_control/lib/librover_control__rosidl_typesupport_cpp.so" to ""
-- Installing: /home/rover/workspaces/rover-real/src/install/rover_control/share/rover_control/environment/pythonpath.sh
-- Installing: /home/rover/workspaces/rover-real/src/install/rover_control/share/rover_control/environment/pythonpath.dsv
-- Installing: /home/rover/workspaces/rover-real/src/install/rover_control/local/lib/python3.10/dist-packages/rover_control-1.0.0-py3.10.egg-info
-- Installing: /home/rover/workspaces/rover-real/src/install/rover_control/local/lib/python3.10/dist-packages/rover_control-1.0.0-py3.10.egg-info/top_level.txt
-- Installing: /home/rover/workspaces/rover-real/src/install/rover_control/local/lib/python3.10/dist-packages/rover_control-1.0.0-py3.10.egg-info/SOURCES.txt
-- Installing: /home/rover/workspaces/rover-real/src/install/rover_control/local/lib/python3.10/dist-packages/rover_control-1.0.0-py3.10.egg-info/PKG-INFO
-- Installing: /home/rover/workspaces/rover-real/src/install/rover_control/local/lib/python3.10/dist-packages/rover_control-1.0.0-py3.10.egg-info/dependency_links.txt
-- Installing: /home/rover/workspaces/rover-real/src/install/rover_control/local/lib/python3.10/dist-packages/rover_control
-- Installing: /home/rover/workspaces/rover-real/src/install/rover_control/local/lib/python3.10/dist-packages/rover_control/librover_control__rosidl_generator_py.so
-- Installing: /home/rover/workspaces/rover-real/src/install/rover_control/local/lib/python3.10/dist-packages/rover_control/_rover_control_s.ep.rosidl_typesupport_c.c
-- Installing: /home/rover/workspaces/rover-real/src/install/rover_control/local/lib/python3.10/dist-packages/rover_control/action
-- Installing: /home/rover/workspaces/rover-real/src/install/rover_control/local/lib/python3.10/dist-packages/rover_control/action/_set_velocity_s.c
-- Installing: /home/rover/workspaces/rover-real/src/install/rover_control/local/lib/python3.10/dist-packages/rover_control/action/_drive_to_pose_s.c
-- Installing: /home/rover/workspaces/rover-real/src/install/rover_control/local/lib/python3.10/dist-packages/rover_control/action/_set_velocity.py
-- Installing: /home/rover/workspaces/rover-real/src/install/rover_control/local/lib/python3.10/dist-packages/rover_control/action/_follow_path_s.c
-- Installing: /home/rover/workspaces/rover-real/src/install/rover_control/local/lib/python3.10/dist-packages/rover_control/action/_follow_path.py
-- Installing: /home/rover/workspaces/rover-real/src/install/rover_control/local/lib/python3.10/dist-packages/rover_control/action/_cancel_motion_s.c
-- Installing: /home/rover/workspaces/rover-real/src/install/rover_control/local/lib/python3.10/dist-packages/rover_control/action/_cancel_motion.py
-- Installing: /home/rover/workspaces/rover-real/src/install/rover_control/local/lib/python3.10/dist-packages/rover_control/action/_drive_to_pose.py
-- Installing: /home/rover/workspaces/rover-real/src/install/rover_control/local/lib/python3.10/dist-packages/rover_control/action/__init__.py
-- Installing: /home/rover/workspaces/rover-real/src/install/rover_control/local/lib/python3.10/dist-packages/rover_control/_rover_control_s.ep.rosidl_typesupport_fastrtps_c.c
-- Installing: /home/rover/workspaces/rover-real/src/install/rover_control/local/lib/python3.10/dist-packages/rover_control/rover_control_s__rosidl_typesupport_fastrtps_c.cpython-310-aarch64-linux-gnu.so
-- Installing: /home/rover/workspaces/rover-real/src/install/rover_control/local/lib/python3.10/dist-packages/rover_control/msg
-- Installing: /home/rover/workspaces/rover-real/src/install/rover_control/local/lib/python3.10/dist-packages/rover_control/msg/_rover_status_s.c
-- Installing: /home/rover/workspaces/rover-real/src/install/rover_control/local/lib/python3.10/dist-packages/rover_control/msg/_drive_command_s.c
-- Installing: /home/rover/workspaces/rover-real/src/install/rover_control/local/lib/python3.10/dist-packages/rover_control/msg/_rover_status.py
-- Installing: /home/rover/workspaces/rover-real/src/install/rover_control/local/lib/python3.10/dist-packages/rover_control/msg/_drive_command.py
-- Installing: /home/rover/workspaces/rover-real/src/install/rover_control/local/lib/python3.10/dist-packages/rover_control/msg/__init__.py
-- Installing: /home/rover/workspaces/rover-real/src/install/rover_control/local/lib/python3.10/dist-packages/rover_control/rover_control_s__rosidl_typesupport_introspection_c.cpython-310-aarch64-linux-gnu.so
-- Installing: /home/rover/workspaces/rover-real/src/install/rover_control/local/lib/python3.10/dist-packages/rover_control/rover_control_s__rosidl_typesupport_c.cpython-310-aarch64-linux-gnu.so
-- Installing: /home/rover/workspaces/rover-real/src/install/rover_control/local/lib/python3.10/dist-packages/rover_control/_rover_control_s.ep.rosidl_typesupport_introspection_c.c
-- Installing: /home/rover/workspaces/rover-real/src/install/rover_control/local/lib/python3.10/dist-packages/rover_control/__init__.py
Listing '/home/rover/workspaces/rover-real/src/install/rover_control/local/lib/python3.10/dist-packages/rover_control'...
Compiling '/home/rover/workspaces/rover-real/src/install/rover_control/local/lib/python3.10/dist-packages/rover_control/__init__.py'...
Listing '/home/rover/workspaces/rover-real/src/install/rover_control/local/lib/python3.10/dist-packages/rover_control/action'...
Compiling '/home/rover/workspaces/rover-real/src/install/rover_control/local/lib/python3.10/dist-packages/rover_control/action/__init__.py'...
Compiling '/home/rover/workspaces/rover-real/src/install/rover_control/local/lib/python3.10/dist-packages/rover_control/action/_cancel_motion.py'...
Compiling '/home/rover/workspaces/rover-real/src/install/rover_control/local/lib/python3.10/dist-packages/rover_control/action/_drive_to_pose.py'...
Compiling '/home/rover/workspaces/rover-real/src/install/rover_control/local/lib/python3.10/dist-packages/rover_control/action/_follow_path.py'...
Compiling '/home/rover/workspaces/rover-real/src/install/rover_control/local/lib/python3.10/dist-packages/rover_control/action/_set_velocity.py'...
Listing '/home/rover/workspaces/rover-real/src/install/rover_control/local/lib/python3.10/dist-packages/rover_control/msg'...
Compiling '/home/rover/workspaces/rover-real/src/install/rover_control/local/lib/python3.10/dist-packages/rover_control/msg/__init__.py'...
Compiling '/home/rover/workspaces/rover-real/src/install/rover_control/local/lib/python3.10/dist-packages/rover_control/msg/_drive_command.py'...
Compiling '/home/rover/workspaces/rover-real/src/install/rover_control/local/lib/python3.10/dist-packages/rover_control/msg/_rover_status.py'...
-- Installing: /home/rover/workspaces/rover-real/src/install/rover_control/local/lib/python3.10/dist-packages/rover_control/rover_control_s__rosidl_typesupport_fastrtps_c.cpython-310-aarch64-linux-gnu.so
-- Set runtime path of "/home/rover/workspaces/rover-real/src/install/rover_control/local/lib/python3.10/dist-packages/rover_control/rover_control_s__rosidl_typesupport_fastrtps_c.cpython-310-aarch64-linux-gnu.so" to ""
-- Installing: /home/rover/workspaces/rover-real/src/install/rover_control/local/lib/python3.10/dist-packages/rover_control/rover_control_s__rosidl_typesupport_introspection_c.cpython-310-aarch64-linux-gnu.so
-- Set runtime path of "/home/rover/workspaces/rover-real/src/install/rover_control/local/lib/python3.10/dist-packages/rover_control/rover_control_s__rosidl_typesupport_introspection_c.cpython-310-aarch64-linux-gnu.so" to ""
-- Installing: /home/rover/workspaces/rover-real/src/install/rover_control/local/lib/python3.10/dist-packages/rover_control/rover_control_s__rosidl_typesupport_c.cpython-310-aarch64-linux-gnu.so
-- Set runtime path of "/home/rover/workspaces/rover-real/src/install/rover_control/local/lib/python3.10/dist-packages/rover_control/rover_control_s__rosidl_typesupport_c.cpython-310-aarch64-linux-gnu.so" to ""
-- Installing: /home/rover/workspaces/rover-real/src/install/rover_control/lib/librover_control__rosidl_generator_py.so
-- Set runtime path of "/home/rover/workspaces/rover-real/src/install/rover_control/lib/librover_control__rosidl_generator_py.so" to ""
-- Installing: /home/rover/workspaces/rover-real/src/install/rover_control/share/rover_control/action/DriveToPose.idl
-- Installing: /home/rover/workspaces/rover-real/src/install/rover_control/share/rover_control/action/FollowPath.idl
-- Installing: /home/rover/workspaces/rover-real/src/install/rover_control/share/rover_control/action/SetVelocity.idl
-- Installing: /home/rover/workspaces/rover-real/src/install/rover_control/share/rover_control/action/CancelMotion.idl
-- Installing: /home/rover/workspaces/rover-real/src/install/rover_control/share/rover_control/msg/RoverStatus.idl
-- Installing: /home/rover/workspaces/rover-real/src/install/rover_control/share/rover_control/msg/DriveCommand.idl
-- Installing: /home/rover/workspaces/rover-real/src/install/rover_control/share/rover_control/action/DriveToPose.action
-- Installing: /home/rover/workspaces/rover-real/src/install/rover_control/share/rover_control/action/FollowPath.action
-- Installing: /home/rover/workspaces/rover-real/src/install/rover_control/share/rover_control/action/SetVelocity.action
-- Installing: /home/rover/workspaces/rover-real/src/install/rover_control/share/rover_control/action/CancelMotion.action
-- Installing: /home/rover/workspaces/rover-real/src/install/rover_control/share/rover_control/msg/RoverStatus.msg
-- Installing: /home/rover/workspaces/rover-real/src/install/rover_control/share/rover_control/msg/DriveCommand.msg
-- Installing: /home/rover/workspaces/rover-real/src/install/rover_control/share/rover_control/launch/
-- Installing: /home/rover/workspaces/rover-real/src/install/rover_control/share/rover_control/launch//uno_drive.launch.py
-- Installing: /home/rover/workspaces/rover-real/src/install/rover_control/share/rover_control/launch//rover_control.launch.py
-- Installing: /home/rover/workspaces/rover-real/src/install/rover_control/share/rover_control/config/
-- Installing: /home/rover/workspaces/rover-real/src/install/rover_control/share/rover_control/config//safety_params.yaml
-- Installing: /home/rover/workspaces/rover-real/src/install/rover_control/share/rover_control/config//controller_config.yaml
-- Installing: /home/rover/workspaces/rover-real/src/install/rover_control/share/rover_control/config//drive_params.yaml
-- Installing: /home/rover/workspaces/rover-real/src/install/rover_control/share/rover_control/resource/
-- Installing: /home/rover/workspaces/rover-real/src/install/rover_control/share/rover_control/resource//rover_control
-- Installing: /home/rover/workspaces/rover-real/src/install/rover_control/share/rover_control/test/
-- Installing: /home/rover/workspaces/rover-real/src/install/rover_control/share/rover_control/test//README.md
-- Installing: /home/rover/workspaces/rover-real/src/install/rover_control/share/ament_index/resource_index/package_run_dependencies/rover_control
-- Installing: /home/rover/workspaces/rover-real/src/install/rover_control/share/ament_index/resource_index/parent_prefix_path/rover_control
-- Installing: /home/rover/workspaces/rover-real/src/install/rover_control/share/rover_control/environment/ament_prefix_path.sh
-- Installing: /home/rover/workspaces/rover-real/src/install/rover_control/share/rover_control/environment/ament_prefix_path.dsv
-- Installing: /home/rover/workspaces/rover-real/src/install/rover_control/share/rover_control/environment/path.sh
-- Installing: /home/rover/workspaces/rover-real/src/install/rover_control/share/rover_control/environment/path.dsv
-- Installing: /home/rover/workspaces/rover-real/src/install/rover_control/share/rover_control/local_setup.bash
-- Installing: /home/rover/workspaces/rover-real/src/install/rover_control/share/rover_control/local_setup.sh
-- Installing: /home/rover/workspaces/rover-real/src/install/rover_control/share/rover_control/local_setup.zsh
-- Installing: /home/rover/workspaces/rover-real/src/install/rover_control/share/rover_control/local_setup.dsv
-- Installing: /home/rover/workspaces/rover-real/src/install/rover_control/share/rover_control/package.dsv
-- Installing: /home/rover/workspaces/rover-real/src/install/rover_control/share/ament_index/resource_index/packages/rover_control
-- Installing: /home/rover/workspaces/rover-real/src/install/rover_control/share/rover_control/cmake/export_rover_control__rosidl_generator_cExport.cmake
-- Installing: /home/rover/workspaces/rover-real/src/install/rover_control/share/rover_control/cmake/export_rover_control__rosidl_generator_cExport-noconfig.cmake
-- Installing: /home/rover/workspaces/rover-real/src/install/rover_control/share/rover_control/cmake/export_rover_control__rosidl_typesupport_fastrtps_cExport.cmake
-- Installing: /home/rover/workspaces/rover-real/src/install/rover_control/share/rover_control/cmake/export_rover_control__rosidl_typesupport_fastrtps_cExport-noconfig.cmake
-- Installing: /home/rover/workspaces/rover-real/src/install/rover_control/share/rover_control/cmake/rover_control__rosidl_typesupport_introspection_cExport.cmake
-- Installing: /home/rover/workspaces/rover-real/src/install/rover_control/share/rover_control/cmake/rover_control__rosidl_typesupport_introspection_cExport-noconfig.cmake
-- Installing: /home/rover/workspaces/rover-real/src/install/rover_control/share/rover_control/cmake/rover_control__rosidl_typesupport_cExport.cmake
-- Installing: /home/rover/workspaces/rover-real/src/install/rover_control/share/rover_control/cmake/rover_control__rosidl_typesupport_cExport-noconfig.cmake
-- Installing: /home/rover/workspaces/rover-real/src/install/rover_control/share/rover_control/cmake/export_rover_control__rosidl_generator_cppExport.cmake
-- Installing: /home/rover/workspaces/rover-real/src/install/rover_control/share/rover_control/cmake/export_rover_control__rosidl_typesupport_fastrtps_cppExport.cmake
-- Installing: /home/rover/workspaces/rover-real/src/install/rover_control/share/rover_control/cmake/export_rover_control__rosidl_typesupport_fastrtps_cppExport-noconfig.cmake
-- Installing: /home/rover/workspaces/rover-real/src/install/rover_control/share/rover_control/cmake/rover_control__rosidl_typesupport_introspection_cppExport.cmake
-- Installing: /home/rover/workspaces/rover-real/src/install/rover_control/share/rover_control/cmake/rover_control__rosidl_typesupport_introspection_cppExport-noconfig.cmake
-- Installing: /home/rover/workspaces/rover-real/src/install/rover_control/share/rover_control/cmake/rover_control__rosidl_typesupport_cppExport.cmake
-- Installing: /home/rover/workspaces/rover-real/src/install/rover_control/share/rover_control/cmake/rover_control__rosidl_typesupport_cppExport-noconfig.cmake
-- Installing: /home/rover/workspaces/rover-real/src/install/rover_control/share/rover_control/cmake/export_rover_control__rosidl_generator_pyExport.cmake
-- Installing: /home/rover/workspaces/rover-real/src/install/rover_control/share/rover_control/cmake/export_rover_control__rosidl_generator_pyExport-noconfig.cmake
-- Installing: /home/rover/workspaces/rover-real/src/install/rover_control/share/rover_control/cmake/rosidl_cmake-extras.cmake
-- Installing: /home/rover/workspaces/rover-real/src/install/rover_control/share/rover_control/cmake/ament_cmake_export_dependencies-extras.cmake
-- Installing: /home/rover/workspaces/rover-real/src/install/rover_control/share/rover_control/cmake/ament_cmake_export_include_directories-extras.cmake
-- Installing: /home/rover/workspaces/rover-real/src/install/rover_control/share/rover_control/cmake/ament_cmake_export_libraries-extras.cmake
-- Installing: /home/rover/workspaces/rover-real/src/install/rover_control/share/rover_control/cmake/ament_cmake_export_targets-extras.cmake
-- Installing: /home/rover/workspaces/rover-real/src/install/rover_control/share/rover_control/cmake/rosidl_cmake_export_typesupport_targets-extras.cmake
-- Installing: /home/rover/workspaces/rover-real/src/install/rover_control/share/rover_control/cmake/rosidl_cmake_export_typesupport_libraries-extras.cmake
-- Installing: /home/rover/workspaces/rover-real/src/install/rover_control/share/rover_control/cmake/rover_controlConfig.cmake
-- Installing: /home/rover/workspaces/rover-real/src/install/rover_control/share/rover_control/cmake/rover_controlConfig-version.cmake
-- Installing: /home/rover/workspaces/rover-real/src/install/rover_control/share/rover_control/package.xml
