[  1%] Built target arm_control__cpp
[  1%] Built target ament_cmake_python_copy_arm_control
[35m[1mConsolidate compiler generated dependencies of target arm_control__rosidl_typesupport_introspection_cpp[0m
[ 12%] Built target arm_control__rosidl_typesupport_introspection_cpp
running egg_info
writing arm_control.egg-info/PKG-INFO
writing dependency_links to arm_control.egg-info/dependency_links.txt
writing top-level names to arm_control.egg-info/top_level.txt
reading manifest file 'arm_control.egg-info/SOURCES.txt'
writing manifest file 'arm_control.egg-info/SOURCES.txt'
[ 12%] Built target ament_cmake_python_build_arm_control_egg
[35m[1mConsolidate compiler generated dependencies of target arm_control__rosidl_typesupport_fastrtps_cpp[0m
[ 23%] Built target arm_control__rosidl_typesupport_fastrtps_cpp
[35m[1mConsolidate compiler generated dependencies of target arm_control__rosidl_typesupport_cpp[0m
[ 34%] Built target arm_control__rosidl_typesupport_cpp
[35m[1mConsolidate compiler generated dependencies of target arm_control__rosidl_generator_c[0m
[ 46%] Built target arm_control__rosidl_generator_c
[35m[1mConsolidate compiler generated dependencies of target arm_control__rosidl_typesupport_fastrtps_c[0m
[ 57%] Built target arm_control__rosidl_typesupport_fastrtps_c
[35m[1mConsolidate compiler generated dependencies of target arm_control__rosidl_typesupport_c[0m
[ 68%] Built target arm_control__rosidl_typesupport_c
[35m[1mConsolidate compiler generated dependencies of target arm_control__rosidl_typesupport_introspection_c[0m
[ 79%] Built target arm_control__rosidl_typesupport_introspection_c
[ 79%] Built target arm_control
[ 80%] Built target arm_control__py
[35m[1mConsolidate compiler generated dependencies of target arm_control__rosidl_generator_py[0m
[ 90%] Built target arm_control__rosidl_generator_py
[35m[1mConsolidate compiler generated dependencies of target arm_control__rosidl_typesupport_fastrtps_c__pyext[0m
[ 93%] Built target arm_control__rosidl_typesupport_fastrtps_c__pyext
[35m[1mConsolidate compiler generated dependencies of target arm_control__rosidl_typesupport_c__pyext[0m
[ 96%] Built target arm_control__rosidl_typesupport_c__pyext
[35m[1mConsolidate compiler generated dependencies of target arm_control__rosidl_typesupport_introspection_c__pyext[0m
[100%] Built target arm_control__rosidl_typesupport_introspection_c__pyext
-- Install configuration: ""
-- Up-to-date: /home/rover/workspaces/rover-real/src/install/arm_control/share/ament_index/resource_index/rosidl_interfaces/arm_control
-- Up-to-date: /home/rover/workspaces/rover-real/src/install/arm_control/include/arm_control/arm_control
-- Up-to-date: /home/rover/workspaces/rover-real/src/install/arm_control/include/arm_control/arm_control/action
-- Up-to-date: /home/rover/workspaces/rover-real/src/install/arm_control/include/arm_control/arm_control/action/pick_and_place.h
-- Up-to-date: /home/rover/workspaces/rover-real/src/install/arm_control/include/arm_control/arm_control/action/detail
-- Up-to-date: /home/rover/workspaces/rover-real/src/install/arm_control/include/arm_control/arm_control/action/detail/tool_change__functions.c
-- Up-to-date: /home/rover/workspaces/rover-real/src/install/arm_control/include/arm_control/arm_control/action/detail/go_to_named_pose__functions.h
-- Up-to-date: /home/rover/workspaces/rover-real/src/install/arm_control/include/arm_control/arm_control/action/detail/pick_and_place__functions.c
-- Up-to-date: /home/rover/workspaces/rover-real/src/install/arm_control/include/arm_control/arm_control/action/detail/tool_change__functions.h
-- Up-to-date: /home/rover/workspaces/rover-real/src/install/arm_control/include/arm_control/arm_control/action/detail/go_to_named_pose__functions.c
-- Up-to-date: /home/rover/workspaces/rover-real/src/install/arm_control/include/arm_control/arm_control/action/detail/pick_and_place__struct.h
-- Up-to-date: /home/rover/workspaces/rover-real/src/install/arm_control/include/arm_control/arm_control/action/detail/tool_change__struct.h
-- Up-to-date: /home/rover/workspaces/rover-real/src/install/arm_control/include/arm_control/arm_control/action/detail/pick_and_place__type_support.h
-- Up-to-date: /home/rover/workspaces/rover-real/src/install/arm_control/include/arm_control/arm_control/action/detail/tool_change__type_support.h
-- Up-to-date: /home/rover/workspaces/rover-real/src/install/arm_control/include/arm_control/arm_control/action/detail/pick_and_place__functions.h
-- Up-to-date: /home/rover/workspaces/rover-real/src/install/arm_control/include/arm_control/arm_control/action/detail/go_to_named_pose__type_support.h
-- Up-to-date: /home/rover/workspaces/rover-real/src/install/arm_control/include/arm_control/arm_control/action/detail/go_to_named_pose__struct.h
-- Up-to-date: /home/rover/workspaces/rover-real/src/install/arm_control/include/arm_control/arm_control/action/tool_change.h
-- Up-to-date: /home/rover/workspaces/rover-real/src/install/arm_control/include/arm_control/arm_control/action/go_to_named_pose.h
-- Up-to-date: /home/rover/workspaces/rover-real/src/install/arm_control/include/arm_control/arm_control/msg
-- Up-to-date: /home/rover/workspaces/rover-real/src/install/arm_control/include/arm_control/arm_control/msg/rosidl_generator_c__visibility_control.h
-- Up-to-date: /home/rover/workspaces/rover-real/src/install/arm_control/include/arm_control/arm_control/msg/fault.h
-- Up-to-date: /home/rover/workspaces/rover-real/src/install/arm_control/include/arm_control/arm_control/msg/detail
-- Up-to-date: /home/rover/workspaces/rover-real/src/install/arm_control/include/arm_control/arm_control/msg/detail/fault__struct.h
-- Up-to-date: /home/rover/workspaces/rover-real/src/install/arm_control/include/arm_control/arm_control/msg/detail/arm_status__functions.h
-- Up-to-date: /home/rover/workspaces/rover-real/src/install/arm_control/include/arm_control/arm_control/msg/detail/arm_status__type_support.h
-- Up-to-date: /home/rover/workspaces/rover-real/src/install/arm_control/include/arm_control/arm_control/msg/detail/arm_status__functions.c
-- Up-to-date: /home/rover/workspaces/rover-real/src/install/arm_control/include/arm_control/arm_control/msg/detail/fault__type_support.h
-- Up-to-date: /home/rover/workspaces/rover-real/src/install/arm_control/include/arm_control/arm_control/msg/detail/fault__functions.h
-- Up-to-date: /home/rover/workspaces/rover-real/src/install/arm_control/include/arm_control/arm_control/msg/detail/fault__functions.c
-- Up-to-date: /home/rover/workspaces/rover-real/src/install/arm_control/include/arm_control/arm_control/msg/detail/arm_status__struct.h
-- Up-to-date: /home/rover/workspaces/rover-real/src/install/arm_control/include/arm_control/arm_control/msg/arm_status.h
-- Up-to-date: /home/rover/workspaces/rover-real/src/install/arm_control/share/arm_control/environment/library_path.sh
-- Up-to-date: /home/rover/workspaces/rover-real/src/install/arm_control/share/arm_control/environment/library_path.dsv
-- Up-to-date: /home/rover/workspaces/rover-real/src/install/arm_control/lib/libarm_control__rosidl_generator_c.so
-- Up-to-date: /home/rover/workspaces/rover-real/src/install/arm_control/include/arm_control/arm_control
-- Up-to-date: /home/rover/workspaces/rover-real/src/install/arm_control/include/arm_control/arm_control/action
-- Up-to-date: /home/rover/workspaces/rover-real/src/install/arm_control/include/arm_control/arm_control/action/detail
-- Up-to-date: /home/rover/workspaces/rover-real/src/install/arm_control/include/arm_control/arm_control/action/detail/pick_and_place__rosidl_typesupport_fastrtps_c.h
-- Up-to-date: /home/rover/workspaces/rover-real/src/install/arm_control/include/arm_control/arm_control/action/detail/go_to_named_pose__rosidl_typesupport_fastrtps_c.h
-- Up-to-date: /home/rover/workspaces/rover-real/src/install/arm_control/include/arm_control/arm_control/action/detail/tool_change__rosidl_typesupport_fastrtps_c.h
-- Up-to-date: /home/rover/workspaces/rover-real/src/install/arm_control/include/arm_control/arm_control/msg
-- Up-to-date: /home/rover/workspaces/rover-real/src/install/arm_control/include/arm_control/arm_control/msg/detail
-- Up-to-date: /home/rover/workspaces/rover-real/src/install/arm_control/include/arm_control/arm_control/msg/detail/fault__rosidl_typesupport_fastrtps_c.h
-- Up-to-date: /home/rover/workspaces/rover-real/src/install/arm_control/include/arm_control/arm_control/msg/detail/arm_status__rosidl_typesupport_fastrtps_c.h
-- Up-to-date: /home/rover/workspaces/rover-real/src/install/arm_control/include/arm_control/arm_control/msg/rosidl_typesupport_fastrtps_c__visibility_control.h
-- Up-to-date: /home/rover/workspaces/rover-real/src/install/arm_control/lib/libarm_control__rosidl_typesupport_fastrtps_c.so
-- Up-to-date: /home/rover/workspaces/rover-real/src/install/arm_control/include/arm_control/arm_control
-- Up-to-date: /home/rover/workspaces/rover-real/src/install/arm_control/include/arm_control/arm_control/action
-- Up-to-date: /home/rover/workspaces/rover-real/src/install/arm_control/include/arm_control/arm_control/action/pick_and_place.hpp
-- Up-to-date: /home/rover/workspaces/rover-real/src/install/arm_control/include/arm_control/arm_control/action/detail
-- Up-to-date: /home/rover/workspaces/rover-real/src/install/arm_control/include/arm_control/arm_control/action/detail/pick_and_place__struct.hpp
-- Up-to-date: /home/rover/workspaces/rover-real/src/install/arm_control/include/arm_control/arm_control/action/detail/tool_change__builder.hpp
-- Up-to-date: /home/rover/workspaces/rover-real/src/install/arm_control/include/arm_control/arm_control/action/detail/go_to_named_pose__builder.hpp
-- Up-to-date: /home/rover/workspaces/rover-real/src/install/arm_control/include/arm_control/arm_control/action/detail/pick_and_place__traits.hpp
-- Up-to-date: /home/rover/workspaces/rover-real/src/install/arm_control/include/arm_control/arm_control/action/detail/pick_and_place__type_support.hpp
-- Up-to-date: /home/rover/workspaces/rover-real/src/install/arm_control/include/arm_control/arm_control/action/detail/go_to_named_pose__traits.hpp
-- Up-to-date: /home/rover/workspaces/rover-real/src/install/arm_control/include/arm_control/arm_control/action/detail/go_to_named_pose__struct.hpp
-- Up-to-date: /home/rover/workspaces/rover-real/src/install/arm_control/include/arm_control/arm_control/action/detail/tool_change__struct.hpp
-- Up-to-date: /home/rover/workspaces/rover-real/src/install/arm_control/include/arm_control/arm_control/action/detail/tool_change__traits.hpp
-- Up-to-date: /home/rover/workspaces/rover-real/src/install/arm_control/include/arm_control/arm_control/action/detail/go_to_named_pose__type_support.hpp
-- Up-to-date: /home/rover/workspaces/rover-real/src/install/arm_control/include/arm_control/arm_control/action/detail/tool_change__type_support.hpp
-- Up-to-date: /home/rover/workspaces/rover-real/src/install/arm_control/include/arm_control/arm_control/action/detail/pick_and_place__builder.hpp
-- Up-to-date: /home/rover/workspaces/rover-real/src/install/arm_control/include/arm_control/arm_control/action/go_to_named_pose.hpp
-- Up-to-date: /home/rover/workspaces/rover-real/src/install/arm_control/include/arm_control/arm_control/action/tool_change.hpp
-- Up-to-date: /home/rover/workspaces/rover-real/src/install/arm_control/include/arm_control/arm_control/msg
-- Up-to-date: /home/rover/workspaces/rover-real/src/install/arm_control/include/arm_control/arm_control/msg/rosidl_generator_cpp__visibility_control.hpp
-- Up-to-date: /home/rover/workspaces/rover-real/src/install/arm_control/include/arm_control/arm_control/msg/fault.hpp
-- Up-to-date: /home/rover/workspaces/rover-real/src/install/arm_control/include/arm_control/arm_control/msg/detail
-- Up-to-date: /home/rover/workspaces/rover-real/src/install/arm_control/include/arm_control/arm_control/msg/detail/arm_status__struct.hpp
-- Up-to-date: /home/rover/workspaces/rover-real/src/install/arm_control/include/arm_control/arm_control/msg/detail/fault__traits.hpp
-- Up-to-date: /home/rover/workspaces/rover-real/src/install/arm_control/include/arm_control/arm_control/msg/detail/fault__type_support.hpp
-- Up-to-date: /home/rover/workspaces/rover-real/src/install/arm_control/include/arm_control/arm_control/msg/detail/arm_status__builder.hpp
-- Up-to-date: /home/rover/workspaces/rover-real/src/install/arm_control/include/arm_control/arm_control/msg/detail/arm_status__traits.hpp
-- Up-to-date: /home/rover/workspaces/rover-real/src/install/arm_control/include/arm_control/arm_control/msg/detail/arm_status__type_support.hpp
-- Up-to-date: /home/rover/workspaces/rover-real/src/install/arm_control/include/arm_control/arm_control/msg/detail/fault__builder.hpp
-- Up-to-date: /home/rover/workspaces/rover-real/src/install/arm_control/include/arm_control/arm_control/msg/detail/fault__struct.hpp
-- Up-to-date: /home/rover/workspaces/rover-real/src/install/arm_control/include/arm_control/arm_control/msg/arm_status.hpp
-- Up-to-date: /home/rover/workspaces/rover-real/src/install/arm_control/include/arm_control/arm_control
-- Up-to-date: /home/rover/workspaces/rover-real/src/install/arm_control/include/arm_control/arm_control/action
-- Up-to-date: /home/rover/workspaces/rover-real/src/install/arm_control/include/arm_control/arm_control/action/detail
-- Up-to-date: /home/rover/workspaces/rover-real/src/install/arm_control/include/arm_control/arm_control/action/detail/dds_fastrtps
-- Up-to-date: /home/rover/workspaces/rover-real/src/install/arm_control/include/arm_control/arm_control/action/detail/pick_and_place__rosidl_typesupport_fastrtps_cpp.hpp
-- Up-to-date: /home/rover/workspaces/rover-real/src/install/arm_control/include/arm_control/arm_control/action/detail/tool_change__rosidl_typesupport_fastrtps_cpp.hpp
-- Up-to-date: /home/rover/workspaces/rover-real/src/install/arm_control/include/arm_control/arm_control/action/detail/go_to_named_pose__rosidl_typesupport_fastrtps_cpp.hpp
-- Up-to-date: /home/rover/workspaces/rover-real/src/install/arm_control/include/arm_control/arm_control/msg
-- Up-to-date: /home/rover/workspaces/rover-real/src/install/arm_control/include/arm_control/arm_control/msg/detail
-- Up-to-date: /home/rover/workspaces/rover-real/src/install/arm_control/include/arm_control/arm_control/msg/detail/dds_fastrtps
-- Up-to-date: /home/rover/workspaces/rover-real/src/install/arm_control/include/arm_control/arm_control/msg/detail/fault__rosidl_typesupport_fastrtps_cpp.hpp
-- Up-to-date: /home/rover/workspaces/rover-real/src/install/arm_control/include/arm_control/arm_control/msg/detail/arm_status__rosidl_typesupport_fastrtps_cpp.hpp
-- Up-to-date: /home/rover/workspaces/rover-real/src/install/arm_control/include/arm_control/arm_control/msg/rosidl_typesupport_fastrtps_cpp__visibility_control.h
-- Up-to-date: /home/rover/workspaces/rover-real/src/install/arm_control/lib/libarm_control__rosidl_typesupport_fastrtps_cpp.so
-- Up-to-date: /home/rover/workspaces/rover-real/src/install/arm_control/include/arm_control/arm_control
-- Up-to-date: /home/rover/workspaces/rover-real/src/install/arm_control/include/arm_control/arm_control/action
-- Up-to-date: /home/rover/workspaces/rover-real/src/install/arm_control/include/arm_control/arm_control/action/detail
-- Up-to-date: /home/rover/workspaces/rover-real/src/install/arm_control/include/arm_control/arm_control/action/detail/pick_and_place__rosidl_typesupport_introspection_c.h
-- Up-to-date: /home/rover/workspaces/rover-real/src/install/arm_control/include/arm_control/arm_control/action/detail/pick_and_place__type_support.c
-- Up-to-date: /home/rover/workspaces/rover-real/src/install/arm_control/include/arm_control/arm_control/action/detail/go_to_named_pose__type_support.c
-- Up-to-date: /home/rover/workspaces/rover-real/src/install/arm_control/include/arm_control/arm_control/action/detail/go_to_named_pose__rosidl_typesupport_introspection_c.h
-- Up-to-date: /home/rover/workspaces/rover-real/src/install/arm_control/include/arm_control/arm_control/action/detail/tool_change__type_support.c
-- Up-to-date: /home/rover/workspaces/rover-real/src/install/arm_control/include/arm_control/arm_control/action/detail/tool_change__rosidl_typesupport_introspection_c.h
-- Up-to-date: /home/rover/workspaces/rover-real/src/install/arm_control/include/arm_control/arm_control/msg
-- Up-to-date: /home/rover/workspaces/rover-real/src/install/arm_control/include/arm_control/arm_control/msg/detail
-- Up-to-date: /home/rover/workspaces/rover-real/src/install/arm_control/include/arm_control/arm_control/msg/detail/fault__rosidl_typesupport_introspection_c.h
-- Up-to-date: /home/rover/workspaces/rover-real/src/install/arm_control/include/arm_control/arm_control/msg/detail/fault__type_support.c
-- Up-to-date: /home/rover/workspaces/rover-real/src/install/arm_control/include/arm_control/arm_control/msg/detail/arm_status__rosidl_typesupport_introspection_c.h
-- Up-to-date: /home/rover/workspaces/rover-real/src/install/arm_control/include/arm_control/arm_control/msg/detail/arm_status__type_support.c
-- Up-to-date: /home/rover/workspaces/rover-real/src/install/arm_control/include/arm_control/arm_control/msg/rosidl_typesupport_introspection_c__visibility_control.h
-- Up-to-date: /home/rover/workspaces/rover-real/src/install/arm_control/lib/libarm_control__rosidl_typesupport_introspection_c.so
-- Up-to-date: /home/rover/workspaces/rover-real/src/install/arm_control/lib/libarm_control__rosidl_typesupport_c.so
-- Up-to-date: /home/rover/workspaces/rover-real/src/install/arm_control/include/arm_control/arm_control
-- Up-to-date: /home/rover/workspaces/rover-real/src/install/arm_control/include/arm_control/arm_control/action
-- Up-to-date: /home/rover/workspaces/rover-real/src/install/arm_control/include/arm_control/arm_control/action/detail
-- Up-to-date: /home/rover/workspaces/rover-real/src/install/arm_control/include/arm_control/arm_control/action/detail/tool_change__type_support.cpp
-- Up-to-date: /home/rover/workspaces/rover-real/src/install/arm_control/include/arm_control/arm_control/action/detail/go_to_named_pose__rosidl_typesupport_introspection_cpp.hpp
-- Up-to-date: /home/rover/workspaces/rover-real/src/install/arm_control/include/arm_control/arm_control/action/detail/pick_and_place__type_support.cpp
-- Up-to-date: /home/rover/workspaces/rover-real/src/install/arm_control/include/arm_control/arm_control/action/detail/tool_change__rosidl_typesupport_introspection_cpp.hpp
-- Up-to-date: /home/rover/workspaces/rover-real/src/install/arm_control/include/arm_control/arm_control/action/detail/pick_and_place__rosidl_typesupport_introspection_cpp.hpp
-- Up-to-date: /home/rover/workspaces/rover-real/src/install/arm_control/include/arm_control/arm_control/action/detail/go_to_named_pose__type_support.cpp
-- Up-to-date: /home/rover/workspaces/rover-real/src/install/arm_control/include/arm_control/arm_control/msg
-- Up-to-date: /home/rover/workspaces/rover-real/src/install/arm_control/include/arm_control/arm_control/msg/detail
-- Up-to-date: /home/rover/workspaces/rover-real/src/install/arm_control/include/arm_control/arm_control/msg/detail/fault__type_support.cpp
-- Up-to-date: /home/rover/workspaces/rover-real/src/install/arm_control/include/arm_control/arm_control/msg/detail/arm_status__type_support.cpp
-- Up-to-date: /home/rover/workspaces/rover-real/src/install/arm_control/include/arm_control/arm_control/msg/detail/fault__rosidl_typesupport_introspection_cpp.hpp
-- Up-to-date: /home/rover/workspaces/rover-real/src/install/arm_control/include/arm_control/arm_control/msg/detail/arm_status__rosidl_typesupport_introspection_cpp.hpp
-- Up-to-date: /home/rover/workspaces/rover-real/src/install/arm_control/lib/libarm_control__rosidl_typesupport_introspection_cpp.so
-- Up-to-date: /home/rover/workspaces/rover-real/src/install/arm_control/lib/libarm_control__rosidl_typesupport_cpp.so
-- Up-to-date: /home/rover/workspaces/rover-real/src/install/arm_control/share/arm_control/environment/pythonpath.sh
-- Up-to-date: /home/rover/workspaces/rover-real/src/install/arm_control/share/arm_control/environment/pythonpath.dsv
-- Up-to-date: /home/rover/workspaces/rover-real/src/install/arm_control/local/lib/python3.10/dist-packages/arm_control-1.0.0-py3.10.egg-info
-- Installing: /home/rover/workspaces/rover-real/src/install/arm_control/local/lib/python3.10/dist-packages/arm_control-1.0.0-py3.10.egg-info/top_level.txt
-- Installing: /home/rover/workspaces/rover-real/src/install/arm_control/local/lib/python3.10/dist-packages/arm_control-1.0.0-py3.10.egg-info/SOURCES.txt
-- Installing: /home/rover/workspaces/rover-real/src/install/arm_control/local/lib/python3.10/dist-packages/arm_control-1.0.0-py3.10.egg-info/PKG-INFO
-- Installing: /home/rover/workspaces/rover-real/src/install/arm_control/local/lib/python3.10/dist-packages/arm_control-1.0.0-py3.10.egg-info/dependency_links.txt
-- Up-to-date: /home/rover/workspaces/rover-real/src/install/arm_control/local/lib/python3.10/dist-packages/arm_control
-- Up-to-date: /home/rover/workspaces/rover-real/src/install/arm_control/local/lib/python3.10/dist-packages/arm_control/action
-- Up-to-date: /home/rover/workspaces/rover-real/src/install/arm_control/local/lib/python3.10/dist-packages/arm_control/action/_pick_and_place.py
-- Up-to-date: /home/rover/workspaces/rover-real/src/install/arm_control/local/lib/python3.10/dist-packages/arm_control/action/_tool_change.py
-- Up-to-date: /home/rover/workspaces/rover-real/src/install/arm_control/local/lib/python3.10/dist-packages/arm_control/action/_pick_and_place_s.c
-- Up-to-date: /home/rover/workspaces/rover-real/src/install/arm_control/local/lib/python3.10/dist-packages/arm_control/action/_go_to_named_pose.py
-- Up-to-date: /home/rover/workspaces/rover-real/src/install/arm_control/local/lib/python3.10/dist-packages/arm_control/action/_go_to_named_pose_s.c
-- Up-to-date: /home/rover/workspaces/rover-real/src/install/arm_control/local/lib/python3.10/dist-packages/arm_control/action/__init__.py
-- Up-to-date: /home/rover/workspaces/rover-real/src/install/arm_control/local/lib/python3.10/dist-packages/arm_control/action/_tool_change_s.c
-- Up-to-date: /home/rover/workspaces/rover-real/src/install/arm_control/local/lib/python3.10/dist-packages/arm_control/_arm_control_s.ep.rosidl_typesupport_introspection_c.c
-- Up-to-date: /home/rover/workspaces/rover-real/src/install/arm_control/local/lib/python3.10/dist-packages/arm_control/arm_control_s__rosidl_typesupport_c.cpython-310-aarch64-linux-gnu.so
-- Up-to-date: /home/rover/workspaces/rover-real/src/install/arm_control/local/lib/python3.10/dist-packages/arm_control/_arm_control_s.ep.rosidl_typesupport_c.c
-- Up-to-date: /home/rover/workspaces/rover-real/src/install/arm_control/local/lib/python3.10/dist-packages/arm_control/msg
-- Up-to-date: /home/rover/workspaces/rover-real/src/install/arm_control/local/lib/python3.10/dist-packages/arm_control/msg/_fault.py
-- Up-to-date: /home/rover/workspaces/rover-real/src/install/arm_control/local/lib/python3.10/dist-packages/arm_control/msg/_arm_status_s.c
-- Up-to-date: /home/rover/workspaces/rover-real/src/install/arm_control/local/lib/python3.10/dist-packages/arm_control/msg/_fault_s.c
-- Up-to-date: /home/rover/workspaces/rover-real/src/install/arm_control/local/lib/python3.10/dist-packages/arm_control/msg/_arm_status.py
-- Up-to-date: /home/rover/workspaces/rover-real/src/install/arm_control/local/lib/python3.10/dist-packages/arm_control/msg/__init__.py
-- Up-to-date: /home/rover/workspaces/rover-real/src/install/arm_control/local/lib/python3.10/dist-packages/arm_control/arm_control_s__rosidl_typesupport_fastrtps_c.cpython-310-aarch64-linux-gnu.so
-- Up-to-date: /home/rover/workspaces/rover-real/src/install/arm_control/local/lib/python3.10/dist-packages/arm_control/_arm_control_s.ep.rosidl_typesupport_fastrtps_c.c
-- Up-to-date: /home/rover/workspaces/rover-real/src/install/arm_control/local/lib/python3.10/dist-packages/arm_control/arm_control_s__rosidl_typesupport_introspection_c.cpython-310-aarch64-linux-gnu.so
-- Up-to-date: /home/rover/workspaces/rover-real/src/install/arm_control/local/lib/python3.10/dist-packages/arm_control/libarm_control__rosidl_generator_py.so
-- Up-to-date: /home/rover/workspaces/rover-real/src/install/arm_control/local/lib/python3.10/dist-packages/arm_control/__init__.py
Listing '/home/rover/workspaces/rover-real/src/install/arm_control/local/lib/python3.10/dist-packages/arm_control'...
Listing '/home/rover/workspaces/rover-real/src/install/arm_control/local/lib/python3.10/dist-packages/arm_control/action'...
Listing '/home/rover/workspaces/rover-real/src/install/arm_control/local/lib/python3.10/dist-packages/arm_control/msg'...
-- Up-to-date: /home/rover/workspaces/rover-real/src/install/arm_control/local/lib/python3.10/dist-packages/arm_control/arm_control_s__rosidl_typesupport_fastrtps_c.cpython-310-aarch64-linux-gnu.so
-- Up-to-date: /home/rover/workspaces/rover-real/src/install/arm_control/local/lib/python3.10/dist-packages/arm_control/arm_control_s__rosidl_typesupport_introspection_c.cpython-310-aarch64-linux-gnu.so
-- Up-to-date: /home/rover/workspaces/rover-real/src/install/arm_control/local/lib/python3.10/dist-packages/arm_control/arm_control_s__rosidl_typesupport_c.cpython-310-aarch64-linux-gnu.so
-- Up-to-date: /home/rover/workspaces/rover-real/src/install/arm_control/lib/libarm_control__rosidl_generator_py.so
-- Up-to-date: /home/rover/workspaces/rover-real/src/install/arm_control/share/arm_control/msg/ArmStatus.idl
-- Up-to-date: /home/rover/workspaces/rover-real/src/install/arm_control/share/arm_control/msg/Fault.idl
-- Up-to-date: /home/rover/workspaces/rover-real/src/install/arm_control/share/arm_control/action/GoToNamedPose.idl
-- Up-to-date: /home/rover/workspaces/rover-real/src/install/arm_control/share/arm_control/action/PickAndPlace.idl
-- Up-to-date: /home/rover/workspaces/rover-real/src/install/arm_control/share/arm_control/action/ToolChange.idl
-- Up-to-date: /home/rover/workspaces/rover-real/src/install/arm_control/share/arm_control/msg/ArmStatus.msg
-- Up-to-date: /home/rover/workspaces/rover-real/src/install/arm_control/share/arm_control/msg/Fault.msg
-- Up-to-date: /home/rover/workspaces/rover-real/src/install/arm_control/share/arm_control/action/GoToNamedPose.action
-- Up-to-date: /home/rover/workspaces/rover-real/src/install/arm_control/share/arm_control/action/PickAndPlace.action
-- Up-to-date: /home/rover/workspaces/rover-real/src/install/arm_control/share/arm_control/action/ToolChange.action
-- Up-to-date: /home/rover/workspaces/rover-real/src/install/arm_control/share/arm_control/launch
-- Up-to-date: /home/rover/workspaces/rover-real/src/install/arm_control/share/arm_control/launch/arm_control.launch.py
-- Up-to-date: /home/rover/workspaces/rover-real/src/install/arm_control/share/arm_control/config
-- Up-to-date: /home/rover/workspaces/rover-real/src/install/arm_control/share/arm_control/config/safety_params.yaml
-- Up-to-date: /home/rover/workspaces/rover-real/src/install/arm_control/share/arm_control/config/controller_config.yaml
-- Up-to-date: /home/rover/workspaces/rover-real/src/install/arm_control/share/arm_control/test
-- Up-to-date: /home/rover/workspaces/rover-real/src/install/arm_control/share/arm_control/test/README.md
-- Up-to-date: /home/rover/workspaces/rover-real/src/install/arm_control/share/arm_control/resource
-- Up-to-date: /home/rover/workspaces/rover-real/src/install/arm_control/share/arm_control/resource/arm_control
-- Up-to-date: /home/rover/workspaces/rover-real/src/install/arm_control/share/ament_index/resource_index/package_run_dependencies/arm_control
-- Up-to-date: /home/rover/workspaces/rover-real/src/install/arm_control/share/ament_index/resource_index/parent_prefix_path/arm_control
-- Up-to-date: /home/rover/workspaces/rover-real/src/install/arm_control/share/arm_control/environment/ament_prefix_path.sh
-- Up-to-date: /home/rover/workspaces/rover-real/src/install/arm_control/share/arm_control/environment/ament_prefix_path.dsv
-- Up-to-date: /home/rover/workspaces/rover-real/src/install/arm_control/share/arm_control/environment/path.sh
-- Up-to-date: /home/rover/workspaces/rover-real/src/install/arm_control/share/arm_control/environment/path.dsv
-- Up-to-date: /home/rover/workspaces/rover-real/src/install/arm_control/share/arm_control/local_setup.bash
-- Up-to-date: /home/rover/workspaces/rover-real/src/install/arm_control/share/arm_control/local_setup.sh
-- Up-to-date: /home/rover/workspaces/rover-real/src/install/arm_control/share/arm_control/local_setup.zsh
-- Up-to-date: /home/rover/workspaces/rover-real/src/install/arm_control/share/arm_control/local_setup.dsv
-- Installing: /home/rover/workspaces/rover-real/src/install/arm_control/share/arm_control/package.dsv
-- Up-to-date: /home/rover/workspaces/rover-real/src/install/arm_control/share/ament_index/resource_index/packages/arm_control
-- Up-to-date: /home/rover/workspaces/rover-real/src/install/arm_control/share/arm_control/cmake/export_arm_control__rosidl_generator_cExport.cmake
-- Up-to-date: /home/rover/workspaces/rover-real/src/install/arm_control/share/arm_control/cmake/export_arm_control__rosidl_generator_cExport-noconfig.cmake
-- Up-to-date: /home/rover/workspaces/rover-real/src/install/arm_control/share/arm_control/cmake/export_arm_control__rosidl_typesupport_fastrtps_cExport.cmake
-- Up-to-date: /home/rover/workspaces/rover-real/src/install/arm_control/share/arm_control/cmake/export_arm_control__rosidl_typesupport_fastrtps_cExport-noconfig.cmake
-- Up-to-date: /home/rover/workspaces/rover-real/src/install/arm_control/share/arm_control/cmake/export_arm_control__rosidl_generator_cppExport.cmake
-- Up-to-date: /home/rover/workspaces/rover-real/src/install/arm_control/share/arm_control/cmake/export_arm_control__rosidl_typesupport_fastrtps_cppExport.cmake
-- Up-to-date: /home/rover/workspaces/rover-real/src/install/arm_control/share/arm_control/cmake/export_arm_control__rosidl_typesupport_fastrtps_cppExport-noconfig.cmake
-- Up-to-date: /home/rover/workspaces/rover-real/src/install/arm_control/share/arm_control/cmake/arm_control__rosidl_typesupport_introspection_cExport.cmake
-- Up-to-date: /home/rover/workspaces/rover-real/src/install/arm_control/share/arm_control/cmake/arm_control__rosidl_typesupport_introspection_cExport-noconfig.cmake
-- Up-to-date: /home/rover/workspaces/rover-real/src/install/arm_control/share/arm_control/cmake/arm_control__rosidl_typesupport_cExport.cmake
-- Up-to-date: /home/rover/workspaces/rover-real/src/install/arm_control/share/arm_control/cmake/arm_control__rosidl_typesupport_cExport-noconfig.cmake
-- Up-to-date: /home/rover/workspaces/rover-real/src/install/arm_control/share/arm_control/cmake/arm_control__rosidl_typesupport_introspection_cppExport.cmake
-- Up-to-date: /home/rover/workspaces/rover-real/src/install/arm_control/share/arm_control/cmake/arm_control__rosidl_typesupport_introspection_cppExport-noconfig.cmake
-- Up-to-date: /home/rover/workspaces/rover-real/src/install/arm_control/share/arm_control/cmake/arm_control__rosidl_typesupport_cppExport.cmake
-- Up-to-date: /home/rover/workspaces/rover-real/src/install/arm_control/share/arm_control/cmake/arm_control__rosidl_typesupport_cppExport-noconfig.cmake
-- Up-to-date: /home/rover/workspaces/rover-real/src/install/arm_control/share/arm_control/cmake/export_arm_control__rosidl_generator_pyExport.cmake
-- Up-to-date: /home/rover/workspaces/rover-real/src/install/arm_control/share/arm_control/cmake/export_arm_control__rosidl_generator_pyExport-noconfig.cmake
-- Up-to-date: /home/rover/workspaces/rover-real/src/install/arm_control/share/arm_control/cmake/rosidl_cmake-extras.cmake
-- Up-to-date: /home/rover/workspaces/rover-real/src/install/arm_control/share/arm_control/cmake/ament_cmake_export_dependencies-extras.cmake
-- Up-to-date: /home/rover/workspaces/rover-real/src/install/arm_control/share/arm_control/cmake/ament_cmake_export_include_directories-extras.cmake
-- Up-to-date: /home/rover/workspaces/rover-real/src/install/arm_control/share/arm_control/cmake/ament_cmake_export_libraries-extras.cmake
-- Up-to-date: /home/rover/workspaces/rover-real/src/install/arm_control/share/arm_control/cmake/ament_cmake_export_targets-extras.cmake
-- Up-to-date: /home/rover/workspaces/rover-real/src/install/arm_control/share/arm_control/cmake/rosidl_cmake_export_typesupport_targets-extras.cmake
-- Up-to-date: /home/rover/workspaces/rover-real/src/install/arm_control/share/arm_control/cmake/rosidl_cmake_export_typesupport_libraries-extras.cmake
-- Up-to-date: /home/rover/workspaces/rover-real/src/install/arm_control/share/arm_control/cmake/arm_controlConfig.cmake
-- Up-to-date: /home/rover/workspaces/rover-real/src/install/arm_control/share/arm_control/cmake/arm_controlConfig-version.cmake
-- Up-to-date: /home/rover/workspaces/rover-real/src/install/arm_control/share/arm_control/package.xml
