[1.374s] Invoking command in '/home/rover/workspaces/rover-real/src/build/arm_control': AMENT_PREFIX_PATH=/home/rover/workspaces/rover-real/src/install/arm_template:${AMENT_PREFIX_PATH} CMAKE_PREFIX_PATH=/home/rover/workspaces/rover-real/src/install/arm_template:/opt/ros/humble:${CMAKE_PREFIX_PATH} PYTHONPATH=/home/rover/workspaces/rover-real/src/install/arm_template/local/lib/python3.10/dist-packages:${PYTHONPATH} /usr/bin/cmake --build /home/rover/workspaces/rover-real/src/build/arm_control -- -j6 -l6
[1.909s] [  1%] Built target arm_control__cpp
[2.248s] [  1%] Built target ament_cmake_python_copy_arm_control
[2.480s] [35m[1mConsolidate compiler generated dependencies of target arm_control__rosidl_typesupport_introspection_cpp[0m
[2.621s] [ 12%] Built target arm_control__rosidl_typesupport_introspection_cpp
[4.298s] running egg_info
[4.301s] writing arm_control.egg-info/PKG-INFO
[4.302s] writing dependency_links to arm_control.egg-info/dependency_links.txt
[4.303s] writing top-level names to arm_control.egg-info/top_level.txt
[4.313s] reading manifest file 'arm_control.egg-info/SOURCES.txt'
[4.317s] writing manifest file 'arm_control.egg-info/SOURCES.txt'
[4.569s] [ 12%] Built target ament_cmake_python_build_arm_control_egg
[4.686s] [35m[1mConsolidate compiler generated dependencies of target arm_control__rosidl_typesupport_fastrtps_cpp[0m
[4.814s] [ 23%] Built target arm_control__rosidl_typesupport_fastrtps_cpp
[4.913s] [35m[1mConsolidate compiler generated dependencies of target arm_control__rosidl_typesupport_cpp[0m
[5.035s] [ 34%] Built target arm_control__rosidl_typesupport_cpp
[5.157s] [35m[1mConsolidate compiler generated dependencies of target arm_control__rosidl_generator_c[0m
[5.268s] [ 46%] Built target arm_control__rosidl_generator_c
[5.366s] [35m[1mConsolidate compiler generated dependencies of target arm_control__rosidl_typesupport_fastrtps_c[0m
[5.494s] [ 57%] Built target arm_control__rosidl_typesupport_fastrtps_c
[5.593s] [35m[1mConsolidate compiler generated dependencies of target arm_control__rosidl_typesupport_c[0m
[5.686s] [ 68%] Built target arm_control__rosidl_typesupport_c
[5.825s] [35m[1mConsolidate compiler generated dependencies of target arm_control__rosidl_typesupport_introspection_c[0m
[5.932s] [ 79%] Built target arm_control__rosidl_typesupport_introspection_c
[6.101s] [ 79%] Built target arm_control
[6.277s] [ 80%] Built target arm_control__py
[6.395s] [35m[1mConsolidate compiler generated dependencies of target arm_control__rosidl_generator_py[0m
[6.504s] [ 90%] Built target arm_control__rosidl_generator_py
[6.620s] [35m[1mConsolidate compiler generated dependencies of target arm_control__rosidl_typesupport_fastrtps_c__pyext[0m
[6.739s] [ 93%] Built target arm_control__rosidl_typesupport_fastrtps_c__pyext
[6.841s] [35m[1mConsolidate compiler generated dependencies of target arm_control__rosidl_typesupport_c__pyext[0m
[6.982s] [ 96%] Built target arm_control__rosidl_typesupport_c__pyext
[7.081s] [35m[1mConsolidate compiler generated dependencies of target arm_control__rosidl_typesupport_introspection_c__pyext[0m
[7.187s] [100%] Built target arm_control__rosidl_typesupport_introspection_c__pyext
[7.301s] Invoked command in '/home/rover/workspaces/rover-real/src/build/arm_control' returned '0': AMENT_PREFIX_PATH=/home/rover/workspaces/rover-real/src/install/arm_template:${AMENT_PREFIX_PATH} CMAKE_PREFIX_PATH=/home/rover/workspaces/rover-real/src/install/arm_template:/opt/ros/humble:${CMAKE_PREFIX_PATH} PYTHONPATH=/home/rover/workspaces/rover-real/src/install/arm_template/local/lib/python3.10/dist-packages:${PYTHONPATH} /usr/bin/cmake --build /home/rover/workspaces/rover-real/src/build/arm_control -- -j6 -l6
[7.313s] Invoking command in '/home/rover/workspaces/rover-real/src/build/arm_control': AMENT_PREFIX_PATH=/home/rover/workspaces/rover-real/src/install/arm_template:${AMENT_PREFIX_PATH} CMAKE_PREFIX_PATH=/home/rover/workspaces/rover-real/src/install/arm_template:/opt/ros/humble:${CMAKE_PREFIX_PATH} PYTHONPATH=/home/rover/workspaces/rover-real/src/install/arm_template/local/lib/python3.10/dist-packages:${PYTHONPATH} /usr/bin/cmake --install /home/rover/workspaces/rover-real/src/build/arm_control
[7.353s] -- Install configuration: ""
[7.354s] -- Up-to-date: /home/rover/workspaces/rover-real/src/install/arm_control/share/ament_index/resource_index/rosidl_interfaces/arm_control
[7.355s] -- Up-to-date: /home/rover/workspaces/rover-real/src/install/arm_control/include/arm_control/arm_control
[7.355s] -- Up-to-date: /home/rover/workspaces/rover-real/src/install/arm_control/include/arm_control/arm_control/action
[7.355s] -- Up-to-date: /home/rover/workspaces/rover-real/src/install/arm_control/include/arm_control/arm_control/action/pick_and_place.h
[7.355s] -- Up-to-date: /home/rover/workspaces/rover-real/src/install/arm_control/include/arm_control/arm_control/action/detail
[7.355s] -- Up-to-date: /home/rover/workspaces/rover-real/src/install/arm_control/include/arm_control/arm_control/action/detail/tool_change__functions.c
[7.355s] -- Up-to-date: /home/rover/workspaces/rover-real/src/install/arm_control/include/arm_control/arm_control/action/detail/go_to_named_pose__functions.h
[7.356s] -- Up-to-date: /home/rover/workspaces/rover-real/src/install/arm_control/include/arm_control/arm_control/action/detail/pick_and_place__functions.c
[7.356s] -- Up-to-date: /home/rover/workspaces/rover-real/src/install/arm_control/include/arm_control/arm_control/action/detail/tool_change__functions.h
[7.356s] -- Up-to-date: /home/rover/workspaces/rover-real/src/install/arm_control/include/arm_control/arm_control/action/detail/go_to_named_pose__functions.c
[7.357s] -- Up-to-date: /home/rover/workspaces/rover-real/src/install/arm_control/include/arm_control/arm_control/action/detail/pick_and_place__struct.h
[7.357s] -- Up-to-date: /home/rover/workspaces/rover-real/src/install/arm_control/include/arm_control/arm_control/action/detail/tool_change__struct.h
[7.357s] -- Up-to-date: /home/rover/workspaces/rover-real/src/install/arm_control/include/arm_control/arm_control/action/detail/pick_and_place__type_support.h
[7.357s] -- Up-to-date: /home/rover/workspaces/rover-real/src/install/arm_control/include/arm_control/arm_control/action/detail/tool_change__type_support.h
[7.357s] -- Up-to-date: /home/rover/workspaces/rover-real/src/install/arm_control/include/arm_control/arm_control/action/detail/pick_and_place__functions.h
[7.357s] -- Up-to-date: /home/rover/workspaces/rover-real/src/install/arm_control/include/arm_control/arm_control/action/detail/go_to_named_pose__type_support.h
[7.358s] -- Up-to-date: /home/rover/workspaces/rover-real/src/install/arm_control/include/arm_control/arm_control/action/detail/go_to_named_pose__struct.h
[7.358s] -- Up-to-date: /home/rover/workspaces/rover-real/src/install/arm_control/include/arm_control/arm_control/action/tool_change.h
[7.359s] -- Up-to-date: /home/rover/workspaces/rover-real/src/install/arm_control/include/arm_control/arm_control/action/go_to_named_pose.h
[7.359s] -- Up-to-date: /home/rover/workspaces/rover-real/src/install/arm_control/include/arm_control/arm_control/msg
[7.359s] -- Up-to-date: /home/rover/workspaces/rover-real/src/install/arm_control/include/arm_control/arm_control/msg/rosidl_generator_c__visibility_control.h
[7.360s] -- Up-to-date: /home/rover/workspaces/rover-real/src/install/arm_control/include/arm_control/arm_control/msg/fault.h
[7.360s] -- Up-to-date: /home/rover/workspaces/rover-real/src/install/arm_control/include/arm_control/arm_control/msg/detail
[7.360s] -- Up-to-date: /home/rover/workspaces/rover-real/src/install/arm_control/include/arm_control/arm_control/msg/detail/fault__struct.h
[7.361s] -- Up-to-date: /home/rover/workspaces/rover-real/src/install/arm_control/include/arm_control/arm_control/msg/detail/arm_status__functions.h
[7.361s] -- Up-to-date: /home/rover/workspaces/rover-real/src/install/arm_control/include/arm_control/arm_control/msg/detail/arm_status__type_support.h
[7.361s] -- Up-to-date: /home/rover/workspaces/rover-real/src/install/arm_control/include/arm_control/arm_control/msg/detail/arm_status__functions.c
[7.361s] -- Up-to-date: /home/rover/workspaces/rover-real/src/install/arm_control/include/arm_control/arm_control/msg/detail/fault__type_support.h
[7.362s] -- Up-to-date: /home/rover/workspaces/rover-real/src/install/arm_control/include/arm_control/arm_control/msg/detail/fault__functions.h
[7.362s] -- Up-to-date: /home/rover/workspaces/rover-real/src/install/arm_control/include/arm_control/arm_control/msg/detail/fault__functions.c
[7.362s] -- Up-to-date: /home/rover/workspaces/rover-real/src/install/arm_control/include/arm_control/arm_control/msg/detail/arm_status__struct.h
[7.363s] -- Up-to-date: /home/rover/workspaces/rover-real/src/install/arm_control/include/arm_control/arm_control/msg/arm_status.h
[7.363s] -- Up-to-date: /home/rover/workspaces/rover-real/src/install/arm_control/share/arm_control/environment/library_path.sh
[7.363s] -- Up-to-date: /home/rover/workspaces/rover-real/src/install/arm_control/share/arm_control/environment/library_path.dsv
[7.363s] -- Up-to-date: /home/rover/workspaces/rover-real/src/install/arm_control/lib/libarm_control__rosidl_generator_c.so
[7.363s] -- Up-to-date: /home/rover/workspaces/rover-real/src/install/arm_control/include/arm_control/arm_control
[7.363s] -- Up-to-date: /home/rover/workspaces/rover-real/src/install/arm_control/include/arm_control/arm_control/action
[7.364s] -- Up-to-date: /home/rover/workspaces/rover-real/src/install/arm_control/include/arm_control/arm_control/action/detail
[7.364s] -- Up-to-date: /home/rover/workspaces/rover-real/src/install/arm_control/include/arm_control/arm_control/action/detail/pick_and_place__rosidl_typesupport_fastrtps_c.h
[7.364s] -- Up-to-date: /home/rover/workspaces/rover-real/src/install/arm_control/include/arm_control/arm_control/action/detail/go_to_named_pose__rosidl_typesupport_fastrtps_c.h
[7.365s] -- Up-to-date: /home/rover/workspaces/rover-real/src/install/arm_control/include/arm_control/arm_control/action/detail/tool_change__rosidl_typesupport_fastrtps_c.h
[7.365s] -- Up-to-date: /home/rover/workspaces/rover-real/src/install/arm_control/include/arm_control/arm_control/msg
[7.365s] -- Up-to-date: /home/rover/workspaces/rover-real/src/install/arm_control/include/arm_control/arm_control/msg/detail
[7.366s] -- Up-to-date: /home/rover/workspaces/rover-real/src/install/arm_control/include/arm_control/arm_control/msg/detail/fault__rosidl_typesupport_fastrtps_c.h
[7.366s] -- Up-to-date: /home/rover/workspaces/rover-real/src/install/arm_control/include/arm_control/arm_control/msg/detail/arm_status__rosidl_typesupport_fastrtps_c.h
[7.366s] -- Up-to-date: /home/rover/workspaces/rover-real/src/install/arm_control/include/arm_control/arm_control/msg/rosidl_typesupport_fastrtps_c__visibility_control.h
[7.366s] -- Up-to-date: /home/rover/workspaces/rover-real/src/install/arm_control/lib/libarm_control__rosidl_typesupport_fastrtps_c.so
[7.367s] -- Up-to-date: /home/rover/workspaces/rover-real/src/install/arm_control/include/arm_control/arm_control
[7.368s] -- Up-to-date: /home/rover/workspaces/rover-real/src/install/arm_control/include/arm_control/arm_control/action
[7.374s] -- Up-to-date: /home/rover/workspaces/rover-real/src/install/arm_control/include/arm_control/arm_control/action/pick_and_place.hpp
[7.374s] -- Up-to-date: /home/rover/workspaces/rover-real/src/install/arm_control/include/arm_control/arm_control/action/detail
[7.374s] -- Up-to-date: /home/rover/workspaces/rover-real/src/install/arm_control/include/arm_control/arm_control/action/detail/pick_and_place__struct.hpp
[7.375s] -- Up-to-date: /home/rover/workspaces/rover-real/src/install/arm_control/include/arm_control/arm_control/action/detail/tool_change__builder.hpp
[7.375s] -- Up-to-date: /home/rover/workspaces/rover-real/src/install/arm_control/include/arm_control/arm_control/action/detail/go_to_named_pose__builder.hpp
[7.375s] -- Up-to-date: /home/rover/workspaces/rover-real/src/install/arm_control/include/arm_control/arm_control/action/detail/pick_and_place__traits.hpp
[7.375s] -- Up-to-date: /home/rover/workspaces/rover-real/src/install/arm_control/include/arm_control/arm_control/action/detail/pick_and_place__type_support.hpp
[7.376s] -- Up-to-date: /home/rover/workspaces/rover-real/src/install/arm_control/include/arm_control/arm_control/action/detail/go_to_named_pose__traits.hpp
[7.376s] -- Up-to-date: /home/rover/workspaces/rover-real/src/install/arm_control/include/arm_control/arm_control/action/detail/go_to_named_pose__struct.hpp
[7.376s] -- Up-to-date: /home/rover/workspaces/rover-real/src/install/arm_control/include/arm_control/arm_control/action/detail/tool_change__struct.hpp
[7.376s] -- Up-to-date: /home/rover/workspaces/rover-real/src/install/arm_control/include/arm_control/arm_control/action/detail/tool_change__traits.hpp
[7.376s] -- Up-to-date: /home/rover/workspaces/rover-real/src/install/arm_control/include/arm_control/arm_control/action/detail/go_to_named_pose__type_support.hpp
[7.376s] -- Up-to-date: /home/rover/workspaces/rover-real/src/install/arm_control/include/arm_control/arm_control/action/detail/tool_change__type_support.hpp
[7.376s] -- Up-to-date: /home/rover/workspaces/rover-real/src/install/arm_control/include/arm_control/arm_control/action/detail/pick_and_place__builder.hpp
[7.377s] -- Up-to-date: /home/rover/workspaces/rover-real/src/install/arm_control/include/arm_control/arm_control/action/go_to_named_pose.hpp
[7.377s] -- Up-to-date: /home/rover/workspaces/rover-real/src/install/arm_control/include/arm_control/arm_control/action/tool_change.hpp
[7.377s] -- Up-to-date: /home/rover/workspaces/rover-real/src/install/arm_control/include/arm_control/arm_control/msg
[7.377s] -- Up-to-date: /home/rover/workspaces/rover-real/src/install/arm_control/include/arm_control/arm_control/msg/rosidl_generator_cpp__visibility_control.hpp
[7.377s] -- Up-to-date: /home/rover/workspaces/rover-real/src/install/arm_control/include/arm_control/arm_control/msg/fault.hpp
[7.378s] -- Up-to-date: /home/rover/workspaces/rover-real/src/install/arm_control/include/arm_control/arm_control/msg/detail
[7.378s] -- Up-to-date: /home/rover/workspaces/rover-real/src/install/arm_control/include/arm_control/arm_control/msg/detail/arm_status__struct.hpp
[7.378s] -- Up-to-date: /home/rover/workspaces/rover-real/src/install/arm_control/include/arm_control/arm_control/msg/detail/fault__traits.hpp
[7.378s] -- Up-to-date: /home/rover/workspaces/rover-real/src/install/arm_control/include/arm_control/arm_control/msg/detail/fault__type_support.hpp
[7.378s] -- Up-to-date: /home/rover/workspaces/rover-real/src/install/arm_control/include/arm_control/arm_control/msg/detail/arm_status__builder.hpp
[7.378s] -- Up-to-date: /home/rover/workspaces/rover-real/src/install/arm_control/include/arm_control/arm_control/msg/detail/arm_status__traits.hpp
[7.378s] -- Up-to-date: /home/rover/workspaces/rover-real/src/install/arm_control/include/arm_control/arm_control/msg/detail/arm_status__type_support.hpp
[7.379s] -- Up-to-date: /home/rover/workspaces/rover-real/src/install/arm_control/include/arm_control/arm_control/msg/detail/fault__builder.hpp
[7.379s] -- Up-to-date: /home/rover/workspaces/rover-real/src/install/arm_control/include/arm_control/arm_control/msg/detail/fault__struct.hpp
[7.379s] -- Up-to-date: /home/rover/workspaces/rover-real/src/install/arm_control/include/arm_control/arm_control/msg/arm_status.hpp
[7.379s] -- Up-to-date: /home/rover/workspaces/rover-real/src/install/arm_control/include/arm_control/arm_control
[7.379s] -- Up-to-date: /home/rover/workspaces/rover-real/src/install/arm_control/include/arm_control/arm_control/action
[7.379s] -- Up-to-date: /home/rover/workspaces/rover-real/src/install/arm_control/include/arm_control/arm_control/action/detail
[7.379s] -- Up-to-date: /home/rover/workspaces/rover-real/src/install/arm_control/include/arm_control/arm_control/action/detail/dds_fastrtps
[7.380s] -- Up-to-date: /home/rover/workspaces/rover-real/src/install/arm_control/include/arm_control/arm_control/action/detail/pick_and_place__rosidl_typesupport_fastrtps_cpp.hpp
[7.380s] -- Up-to-date: /home/rover/workspaces/rover-real/src/install/arm_control/include/arm_control/arm_control/action/detail/tool_change__rosidl_typesupport_fastrtps_cpp.hpp
[7.380s] -- Up-to-date: /home/rover/workspaces/rover-real/src/install/arm_control/include/arm_control/arm_control/action/detail/go_to_named_pose__rosidl_typesupport_fastrtps_cpp.hpp
[7.380s] -- Up-to-date: /home/rover/workspaces/rover-real/src/install/arm_control/include/arm_control/arm_control/msg
[7.380s] -- Up-to-date: /home/rover/workspaces/rover-real/src/install/arm_control/include/arm_control/arm_control/msg/detail
[7.380s] -- Up-to-date: /home/rover/workspaces/rover-real/src/install/arm_control/include/arm_control/arm_control/msg/detail/dds_fastrtps
[7.380s] -- Up-to-date: /home/rover/workspaces/rover-real/src/install/arm_control/include/arm_control/arm_control/msg/detail/fault__rosidl_typesupport_fastrtps_cpp.hpp
[7.381s] -- Up-to-date: /home/rover/workspaces/rover-real/src/install/arm_control/include/arm_control/arm_control/msg/detail/arm_status__rosidl_typesupport_fastrtps_cpp.hpp
[7.381s] -- Up-to-date: /home/rover/workspaces/rover-real/src/install/arm_control/include/arm_control/arm_control/msg/rosidl_typesupport_fastrtps_cpp__visibility_control.h
[7.381s] -- Up-to-date: /home/rover/workspaces/rover-real/src/install/arm_control/lib/libarm_control__rosidl_typesupport_fastrtps_cpp.so
[7.381s] -- Up-to-date: /home/rover/workspaces/rover-real/src/install/arm_control/include/arm_control/arm_control
[7.381s] -- Up-to-date: /home/rover/workspaces/rover-real/src/install/arm_control/include/arm_control/arm_control/action
[7.381s] -- Up-to-date: /home/rover/workspaces/rover-real/src/install/arm_control/include/arm_control/arm_control/action/detail
[7.381s] -- Up-to-date: /home/rover/workspaces/rover-real/src/install/arm_control/include/arm_control/arm_control/action/detail/pick_and_place__rosidl_typesupport_introspection_c.h
[7.382s] -- Up-to-date: /home/rover/workspaces/rover-real/src/install/arm_control/include/arm_control/arm_control/action/detail/pick_and_place__type_support.c
[7.382s] -- Up-to-date: /home/rover/workspaces/rover-real/src/install/arm_control/include/arm_control/arm_control/action/detail/go_to_named_pose__type_support.c
[7.382s] -- Up-to-date: /home/rover/workspaces/rover-real/src/install/arm_control/include/arm_control/arm_control/action/detail/go_to_named_pose__rosidl_typesupport_introspection_c.h
[7.382s] -- Up-to-date: /home/rover/workspaces/rover-real/src/install/arm_control/include/arm_control/arm_control/action/detail/tool_change__type_support.c
[7.382s] -- Up-to-date: /home/rover/workspaces/rover-real/src/install/arm_control/include/arm_control/arm_control/action/detail/tool_change__rosidl_typesupport_introspection_c.h
[7.382s] -- Up-to-date: /home/rover/workspaces/rover-real/src/install/arm_control/include/arm_control/arm_control/msg
[7.382s] -- Up-to-date: /home/rover/workspaces/rover-real/src/install/arm_control/include/arm_control/arm_control/msg/detail
[7.383s] -- Up-to-date: /home/rover/workspaces/rover-real/src/install/arm_control/include/arm_control/arm_control/msg/detail/fault__rosidl_typesupport_introspection_c.h
[7.383s] -- Up-to-date: /home/rover/workspaces/rover-real/src/install/arm_control/include/arm_control/arm_control/msg/detail/fault__type_support.c
[7.383s] -- Up-to-date: /home/rover/workspaces/rover-real/src/install/arm_control/include/arm_control/arm_control/msg/detail/arm_status__rosidl_typesupport_introspection_c.h
[7.383s] -- Up-to-date: /home/rover/workspaces/rover-real/src/install/arm_control/include/arm_control/arm_control/msg/detail/arm_status__type_support.c
[7.383s] -- Up-to-date: /home/rover/workspaces/rover-real/src/install/arm_control/include/arm_control/arm_control/msg/rosidl_typesupport_introspection_c__visibility_control.h
[7.383s] -- Up-to-date: /home/rover/workspaces/rover-real/src/install/arm_control/lib/libarm_control__rosidl_typesupport_introspection_c.so
[7.383s] -- Up-to-date: /home/rover/workspaces/rover-real/src/install/arm_control/lib/libarm_control__rosidl_typesupport_c.so
[7.384s] -- Up-to-date: /home/rover/workspaces/rover-real/src/install/arm_control/include/arm_control/arm_control
[7.384s] -- Up-to-date: /home/rover/workspaces/rover-real/src/install/arm_control/include/arm_control/arm_control/action
[7.384s] -- Up-to-date: /home/rover/workspaces/rover-real/src/install/arm_control/include/arm_control/arm_control/action/detail
[7.384s] -- Up-to-date: /home/rover/workspaces/rover-real/src/install/arm_control/include/arm_control/arm_control/action/detail/tool_change__type_support.cpp
[7.384s] -- Up-to-date: /home/rover/workspaces/rover-real/src/install/arm_control/include/arm_control/arm_control/action/detail/go_to_named_pose__rosidl_typesupport_introspection_cpp.hpp
[7.384s] -- Up-to-date: /home/rover/workspaces/rover-real/src/install/arm_control/include/arm_control/arm_control/action/detail/pick_and_place__type_support.cpp
[7.384s] -- Up-to-date: /home/rover/workspaces/rover-real/src/install/arm_control/include/arm_control/arm_control/action/detail/tool_change__rosidl_typesupport_introspection_cpp.hpp
[7.385s] -- Up-to-date: /home/rover/workspaces/rover-real/src/install/arm_control/include/arm_control/arm_control/action/detail/pick_and_place__rosidl_typesupport_introspection_cpp.hpp
[7.385s] -- Up-to-date: /home/rover/workspaces/rover-real/src/install/arm_control/include/arm_control/arm_control/action/detail/go_to_named_pose__type_support.cpp
[7.385s] -- Up-to-date: /home/rover/workspaces/rover-real/src/install/arm_control/include/arm_control/arm_control/msg
[7.385s] -- Up-to-date: /home/rover/workspaces/rover-real/src/install/arm_control/include/arm_control/arm_control/msg/detail
[7.385s] -- Up-to-date: /home/rover/workspaces/rover-real/src/install/arm_control/include/arm_control/arm_control/msg/detail/fault__type_support.cpp
[7.385s] -- Up-to-date: /home/rover/workspaces/rover-real/src/install/arm_control/include/arm_control/arm_control/msg/detail/arm_status__type_support.cpp
[7.385s] -- Up-to-date: /home/rover/workspaces/rover-real/src/install/arm_control/include/arm_control/arm_control/msg/detail/fault__rosidl_typesupport_introspection_cpp.hpp
[7.386s] -- Up-to-date: /home/rover/workspaces/rover-real/src/install/arm_control/include/arm_control/arm_control/msg/detail/arm_status__rosidl_typesupport_introspection_cpp.hpp
[7.386s] -- Up-to-date: /home/rover/workspaces/rover-real/src/install/arm_control/lib/libarm_control__rosidl_typesupport_introspection_cpp.so
[7.386s] -- Up-to-date: /home/rover/workspaces/rover-real/src/install/arm_control/lib/libarm_control__rosidl_typesupport_cpp.so
[7.386s] -- Up-to-date: /home/rover/workspaces/rover-real/src/install/arm_control/share/arm_control/environment/pythonpath.sh
[7.386s] -- Up-to-date: /home/rover/workspaces/rover-real/src/install/arm_control/share/arm_control/environment/pythonpath.dsv
[7.386s] -- Up-to-date: /home/rover/workspaces/rover-real/src/install/arm_control/local/lib/python3.10/dist-packages/arm_control-1.0.0-py3.10.egg-info
[7.386s] -- Installing: /home/rover/workspaces/rover-real/src/install/arm_control/local/lib/python3.10/dist-packages/arm_control-1.0.0-py3.10.egg-info/top_level.txt
[7.386s] -- Installing: /home/rover/workspaces/rover-real/src/install/arm_control/local/lib/python3.10/dist-packages/arm_control-1.0.0-py3.10.egg-info/SOURCES.txt
[7.387s] -- Installing: /home/rover/workspaces/rover-real/src/install/arm_control/local/lib/python3.10/dist-packages/arm_control-1.0.0-py3.10.egg-info/PKG-INFO
[7.387s] -- Installing: /home/rover/workspaces/rover-real/src/install/arm_control/local/lib/python3.10/dist-packages/arm_control-1.0.0-py3.10.egg-info/dependency_links.txt
[7.387s] -- Up-to-date: /home/rover/workspaces/rover-real/src/install/arm_control/local/lib/python3.10/dist-packages/arm_control
[7.387s] -- Up-to-date: /home/rover/workspaces/rover-real/src/install/arm_control/local/lib/python3.10/dist-packages/arm_control/action
[7.387s] -- Up-to-date: /home/rover/workspaces/rover-real/src/install/arm_control/local/lib/python3.10/dist-packages/arm_control/action/_pick_and_place.py
[7.387s] -- Up-to-date: /home/rover/workspaces/rover-real/src/install/arm_control/local/lib/python3.10/dist-packages/arm_control/action/_tool_change.py
[7.387s] -- Up-to-date: /home/rover/workspaces/rover-real/src/install/arm_control/local/lib/python3.10/dist-packages/arm_control/action/_pick_and_place_s.c
[7.388s] -- Up-to-date: /home/rover/workspaces/rover-real/src/install/arm_control/local/lib/python3.10/dist-packages/arm_control/action/_go_to_named_pose.py
[7.388s] -- Up-to-date: /home/rover/workspaces/rover-real/src/install/arm_control/local/lib/python3.10/dist-packages/arm_control/action/_go_to_named_pose_s.c
[7.388s] -- Up-to-date: /home/rover/workspaces/rover-real/src/install/arm_control/local/lib/python3.10/dist-packages/arm_control/action/__init__.py
[7.388s] -- Up-to-date: /home/rover/workspaces/rover-real/src/install/arm_control/local/lib/python3.10/dist-packages/arm_control/action/_tool_change_s.c
[7.388s] -- Up-to-date: /home/rover/workspaces/rover-real/src/install/arm_control/local/lib/python3.10/dist-packages/arm_control/_arm_control_s.ep.rosidl_typesupport_introspection_c.c
[7.388s] -- Up-to-date: /home/rover/workspaces/rover-real/src/install/arm_control/local/lib/python3.10/dist-packages/arm_control/arm_control_s__rosidl_typesupport_c.cpython-310-aarch64-linux-gnu.so
[7.388s] -- Up-to-date: /home/rover/workspaces/rover-real/src/install/arm_control/local/lib/python3.10/dist-packages/arm_control/_arm_control_s.ep.rosidl_typesupport_c.c
[7.389s] -- Up-to-date: /home/rover/workspaces/rover-real/src/install/arm_control/local/lib/python3.10/dist-packages/arm_control/msg
[7.389s] -- Up-to-date: /home/rover/workspaces/rover-real/src/install/arm_control/local/lib/python3.10/dist-packages/arm_control/msg/_fault.py
[7.389s] -- Up-to-date: /home/rover/workspaces/rover-real/src/install/arm_control/local/lib/python3.10/dist-packages/arm_control/msg/_arm_status_s.c
[7.389s] -- Up-to-date: /home/rover/workspaces/rover-real/src/install/arm_control/local/lib/python3.10/dist-packages/arm_control/msg/_fault_s.c
[7.389s] -- Up-to-date: /home/rover/workspaces/rover-real/src/install/arm_control/local/lib/python3.10/dist-packages/arm_control/msg/_arm_status.py
[7.419s] -- Up-to-date: /home/rover/workspaces/rover-real/src/install/arm_control/local/lib/python3.10/dist-packages/arm_control/msg/__init__.py
[7.419s] -- Up-to-date: /home/rover/workspaces/rover-real/src/install/arm_control/local/lib/python3.10/dist-packages/arm_control/arm_control_s__rosidl_typesupport_fastrtps_c.cpython-310-aarch64-linux-gnu.so
[7.419s] -- Up-to-date: /home/rover/workspaces/rover-real/src/install/arm_control/local/lib/python3.10/dist-packages/arm_control/_arm_control_s.ep.rosidl_typesupport_fastrtps_c.c
[7.420s] -- Up-to-date: /home/rover/workspaces/rover-real/src/install/arm_control/local/lib/python3.10/dist-packages/arm_control/arm_control_s__rosidl_typesupport_introspection_c.cpython-310-aarch64-linux-gnu.so
[7.420s] -- Up-to-date: /home/rover/workspaces/rover-real/src/install/arm_control/local/lib/python3.10/dist-packages/arm_control/libarm_control__rosidl_generator_py.so
[7.420s] -- Up-to-date: /home/rover/workspaces/rover-real/src/install/arm_control/local/lib/python3.10/dist-packages/arm_control/__init__.py
[7.469s] Listing '/home/rover/workspaces/rover-real/src/install/arm_control/local/lib/python3.10/dist-packages/arm_control'...
[7.469s] Listing '/home/rover/workspaces/rover-real/src/install/arm_control/local/lib/python3.10/dist-packages/arm_control/action'...
[7.470s] Listing '/home/rover/workspaces/rover-real/src/install/arm_control/local/lib/python3.10/dist-packages/arm_control/msg'...
[7.504s] -- Up-to-date: /home/rover/workspaces/rover-real/src/install/arm_control/local/lib/python3.10/dist-packages/arm_control/arm_control_s__rosidl_typesupport_fastrtps_c.cpython-310-aarch64-linux-gnu.so
[7.505s] -- Up-to-date: /home/rover/workspaces/rover-real/src/install/arm_control/local/lib/python3.10/dist-packages/arm_control/arm_control_s__rosidl_typesupport_introspection_c.cpython-310-aarch64-linux-gnu.so
[7.505s] -- Up-to-date: /home/rover/workspaces/rover-real/src/install/arm_control/local/lib/python3.10/dist-packages/arm_control/arm_control_s__rosidl_typesupport_c.cpython-310-aarch64-linux-gnu.so
[7.505s] -- Up-to-date: /home/rover/workspaces/rover-real/src/install/arm_control/lib/libarm_control__rosidl_generator_py.so
[7.506s] -- Up-to-date: /home/rover/workspaces/rover-real/src/install/arm_control/share/arm_control/msg/ArmStatus.idl
[7.506s] -- Up-to-date: /home/rover/workspaces/rover-real/src/install/arm_control/share/arm_control/msg/Fault.idl
[7.506s] -- Up-to-date: /home/rover/workspaces/rover-real/src/install/arm_control/share/arm_control/action/GoToNamedPose.idl
[7.506s] -- Up-to-date: /home/rover/workspaces/rover-real/src/install/arm_control/share/arm_control/action/PickAndPlace.idl
[7.507s] -- Up-to-date: /home/rover/workspaces/rover-real/src/install/arm_control/share/arm_control/action/ToolChange.idl
[7.507s] -- Up-to-date: /home/rover/workspaces/rover-real/src/install/arm_control/share/arm_control/msg/ArmStatus.msg
[7.507s] -- Up-to-date: /home/rover/workspaces/rover-real/src/install/arm_control/share/arm_control/msg/Fault.msg
[7.507s] -- Up-to-date: /home/rover/workspaces/rover-real/src/install/arm_control/share/arm_control/action/GoToNamedPose.action
[7.507s] -- Up-to-date: /home/rover/workspaces/rover-real/src/install/arm_control/share/arm_control/action/PickAndPlace.action
[7.507s] -- Up-to-date: /home/rover/workspaces/rover-real/src/install/arm_control/share/arm_control/action/ToolChange.action
[7.508s] -- Up-to-date: /home/rover/workspaces/rover-real/src/install/arm_control/share/arm_control/launch
[7.508s] -- Up-to-date: /home/rover/workspaces/rover-real/src/install/arm_control/share/arm_control/launch/arm_control.launch.py
[7.508s] -- Up-to-date: /home/rover/workspaces/rover-real/src/install/arm_control/share/arm_control/config
[7.508s] -- Up-to-date: /home/rover/workspaces/rover-real/src/install/arm_control/share/arm_control/config/safety_params.yaml
[7.508s] -- Up-to-date: /home/rover/workspaces/rover-real/src/install/arm_control/share/arm_control/config/controller_config.yaml
[7.508s] -- Up-to-date: /home/rover/workspaces/rover-real/src/install/arm_control/share/arm_control/test
[7.509s] -- Up-to-date: /home/rover/workspaces/rover-real/src/install/arm_control/share/arm_control/test/README.md
[7.509s] -- Up-to-date: /home/rover/workspaces/rover-real/src/install/arm_control/share/arm_control/resource
[7.509s] -- Up-to-date: /home/rover/workspaces/rover-real/src/install/arm_control/share/arm_control/resource/arm_control
[7.509s] -- Up-to-date: /home/rover/workspaces/rover-real/src/install/arm_control/share/ament_index/resource_index/package_run_dependencies/arm_control
[7.509s] -- Up-to-date: /home/rover/workspaces/rover-real/src/install/arm_control/share/ament_index/resource_index/parent_prefix_path/arm_control
[7.510s] -- Up-to-date: /home/rover/workspaces/rover-real/src/install/arm_control/share/arm_control/environment/ament_prefix_path.sh
[7.510s] -- Up-to-date: /home/rover/workspaces/rover-real/src/install/arm_control/share/arm_control/environment/ament_prefix_path.dsv
[7.510s] -- Up-to-date: /home/rover/workspaces/rover-real/src/install/arm_control/share/arm_control/environment/path.sh
[7.510s] -- Up-to-date: /home/rover/workspaces/rover-real/src/install/arm_control/share/arm_control/environment/path.dsv
[7.510s] -- Up-to-date: /home/rover/workspaces/rover-real/src/install/arm_control/share/arm_control/local_setup.bash
[7.510s] -- Up-to-date: /home/rover/workspaces/rover-real/src/install/arm_control/share/arm_control/local_setup.sh
[7.510s] -- Up-to-date: /home/rover/workspaces/rover-real/src/install/arm_control/share/arm_control/local_setup.zsh
[7.511s] -- Up-to-date: /home/rover/workspaces/rover-real/src/install/arm_control/share/arm_control/local_setup.dsv
[7.511s] -- Installing: /home/rover/workspaces/rover-real/src/install/arm_control/share/arm_control/package.dsv
[7.512s] -- Up-to-date: /home/rover/workspaces/rover-real/src/install/arm_control/share/ament_index/resource_index/packages/arm_control
[7.512s] -- Up-to-date: /home/rover/workspaces/rover-real/src/install/arm_control/share/arm_control/cmake/export_arm_control__rosidl_generator_cExport.cmake
[7.513s] -- Up-to-date: /home/rover/workspaces/rover-real/src/install/arm_control/share/arm_control/cmake/export_arm_control__rosidl_generator_cExport-noconfig.cmake
[7.515s] -- Up-to-date: /home/rover/workspaces/rover-real/src/install/arm_control/share/arm_control/cmake/export_arm_control__rosidl_typesupport_fastrtps_cExport.cmake
[7.525s] -- Up-to-date: /home/rover/workspaces/rover-real/src/install/arm_control/share/arm_control/cmake/export_arm_control__rosidl_typesupport_fastrtps_cExport-noconfig.cmake
[7.527s] -- Up-to-date: /home/rover/workspaces/rover-real/src/install/arm_control/share/arm_control/cmake/export_arm_control__rosidl_generator_cppExport.cmake
[7.527s] -- Up-to-date: /home/rover/workspaces/rover-real/src/install/arm_control/share/arm_control/cmake/export_arm_control__rosidl_typesupport_fastrtps_cppExport.cmake
[7.527s] -- Up-to-date: /home/rover/workspaces/rover-real/src/install/arm_control/share/arm_control/cmake/export_arm_control__rosidl_typesupport_fastrtps_cppExport-noconfig.cmake
[7.528s] -- Up-to-date: /home/rover/workspaces/rover-real/src/install/arm_control/share/arm_control/cmake/arm_control__rosidl_typesupport_introspection_cExport.cmake
[7.550s] -- Up-to-date: /home/rover/workspaces/rover-real/src/install/arm_control/share/arm_control/cmake/arm_control__rosidl_typesupport_introspection_cExport-noconfig.cmake
[7.553s] -- Up-to-date: /home/rover/workspaces/rover-real/src/install/arm_control/share/arm_control/cmake/arm_control__rosidl_typesupport_cExport.cmake
[7.555s] -- Up-to-date: /home/rover/workspaces/rover-real/src/install/arm_control/share/arm_control/cmake/arm_control__rosidl_typesupport_cExport-noconfig.cmake
[7.558s] -- Up-to-date: /home/rover/workspaces/rover-real/src/install/arm_control/share/arm_control/cmake/arm_control__rosidl_typesupport_introspection_cppExport.cmake
[7.559s] -- Up-to-date: /home/rover/workspaces/rover-real/src/install/arm_control/share/arm_control/cmake/arm_control__rosidl_typesupport_introspection_cppExport-noconfig.cmake
[7.560s] -- Up-to-date: /home/rover/workspaces/rover-real/src/install/arm_control/share/arm_control/cmake/arm_control__rosidl_typesupport_cppExport.cmake
[7.561s] -- Up-to-date: /home/rover/workspaces/rover-real/src/install/arm_control/share/arm_control/cmake/arm_control__rosidl_typesupport_cppExport-noconfig.cmake
[7.562s] -- Up-to-date: /home/rover/workspaces/rover-real/src/install/arm_control/share/arm_control/cmake/export_arm_control__rosidl_generator_pyExport.cmake
[7.565s] -- Up-to-date: /home/rover/workspaces/rover-real/src/install/arm_control/share/arm_control/cmake/export_arm_control__rosidl_generator_pyExport-noconfig.cmake
[7.566s] -- Up-to-date: /home/rover/workspaces/rover-real/src/install/arm_control/share/arm_control/cmake/rosidl_cmake-extras.cmake
[7.567s] -- Up-to-date: /home/rover/workspaces/rover-real/src/install/arm_control/share/arm_control/cmake/ament_cmake_export_dependencies-extras.cmake
[7.568s] -- Up-to-date: /home/rover/workspaces/rover-real/src/install/arm_control/share/arm_control/cmake/ament_cmake_export_include_directories-extras.cmake
[7.570s] -- Up-to-date: /home/rover/workspaces/rover-real/src/install/arm_control/share/arm_control/cmake/ament_cmake_export_libraries-extras.cmake
[7.571s] -- Up-to-date: /home/rover/workspaces/rover-real/src/install/arm_control/share/arm_control/cmake/ament_cmake_export_targets-extras.cmake
[7.572s] -- Up-to-date: /home/rover/workspaces/rover-real/src/install/arm_control/share/arm_control/cmake/rosidl_cmake_export_typesupport_targets-extras.cmake
[7.573s] -- Up-to-date: /home/rover/workspaces/rover-real/src/install/arm_control/share/arm_control/cmake/rosidl_cmake_export_typesupport_libraries-extras.cmake
[7.575s] -- Up-to-date: /home/rover/workspaces/rover-real/src/install/arm_control/share/arm_control/cmake/arm_controlConfig.cmake
[7.577s] -- Up-to-date: /home/rover/workspaces/rover-real/src/install/arm_control/share/arm_control/cmake/arm_controlConfig-version.cmake
[7.578s] -- Up-to-date: /home/rover/workspaces/rover-real/src/install/arm_control/share/arm_control/package.xml
[7.579s] Invoked command in '/home/rover/workspaces/rover-real/src/build/arm_control' returned '0': AMENT_PREFIX_PATH=/home/rover/workspaces/rover-real/src/install/arm_template:${AMENT_PREFIX_PATH} CMAKE_PREFIX_PATH=/home/rover/workspaces/rover-real/src/install/arm_template:/opt/ros/humble:${CMAKE_PREFIX_PATH} PYTHONPATH=/home/rover/workspaces/rover-real/src/install/arm_template/local/lib/python3.10/dist-packages:${PYTHONPATH} /usr/bin/cmake --install /home/rover/workspaces/rover-real/src/build/arm_control
