[2.652s] Invoking command in '/home/rover/workspaces/rover-real/src/science/science_analysis': PYTHONPATH=/home/rover/workspaces/rover-real/src/build/science_analysis/prefix_override:/usr/lib/python3/dist-packages/colcon_core/task/python/colcon_distutils_commands:/home/rover/workspaces/rover-real/src/install/science_analysis/lib/python3.10/site-packages:${PYTHONPATH} /usr/bin/python3 -W ignore:setup.py install is deprecated -W ignore:easy_install command is deprecated setup.py egg_info --egg-base ../../build/science_analysis build --build-base /home/rover/workspaces/rover-real/src/build/science_analysis/build install --record /home/rover/workspaces/rover-real/src/build/science_analysis/install.log --single-version-externally-managed install_data
[3.640s] running egg_info
[3.641s] creating ../../build/science_analysis/science_analysis.egg-info
[3.643s] writing ../../build/science_analysis/science_analysis.egg-info/PKG-INFO
[3.644s] writing dependency_links to ../../build/science_analysis/science_analysis.egg-info/dependency_links.txt
[3.644s] writing entry points to ../../build/science_analysis/science_analysis.egg-info/entry_points.txt
[3.644s] writing requirements to ../../build/science_analysis/science_analysis.egg-info/requires.txt
[3.645s] writing top-level names to ../../build/science_analysis/science_analysis.egg-info/top_level.txt
[3.648s] writing manifest file '../../build/science_analysis/science_analysis.egg-info/SOURCES.txt'
[3.652s] reading manifest file '../../build/science_analysis/science_analysis.egg-info/SOURCES.txt'
[3.654s] writing manifest file '../../build/science_analysis/science_analysis.egg-info/SOURCES.txt'
[3.655s] running build
[3.655s] running build_py
[3.655s] creating /home/rover/workspaces/rover-real/src/build/science_analysis/build
[3.655s] creating /home/rover/workspaces/rover-real/src/build/science_analysis/build/lib
[3.656s] creating /home/rover/workspaces/rover-real/src/build/science_analysis/build/lib/science_analysis
[3.656s] copying science_analysis/node.py -> /home/rover/workspaces/rover-real/src/build/science_analysis/build/lib/science_analysis
[3.656s] copying science_analysis/__init__.py -> /home/rover/workspaces/rover-real/src/build/science_analysis/build/lib/science_analysis
[3.657s] running install
[3.658s] running install_lib
[3.660s] creating /home/rover/workspaces/rover-real/src/install/science_analysis/lib/python3.10/site-packages/science_analysis
[3.661s] copying /home/rover/workspaces/rover-real/src/build/science_analysis/build/lib/science_analysis/node.py -> /home/rover/workspaces/rover-real/src/install/science_analysis/lib/python3.10/site-packages/science_analysis
[3.661s] copying /home/rover/workspaces/rover-real/src/build/science_analysis/build/lib/science_analysis/__init__.py -> /home/rover/workspaces/rover-real/src/install/science_analysis/lib/python3.10/site-packages/science_analysis
[3.663s] byte-compiling /home/rover/workspaces/rover-real/src/install/science_analysis/lib/python3.10/site-packages/science_analysis/node.py to node.cpython-310.pyc
[3.664s] byte-compiling /home/rover/workspaces/rover-real/src/install/science_analysis/lib/python3.10/site-packages/science_analysis/__init__.py to __init__.cpython-310.pyc
[3.665s] running install_data
[3.665s] creating /home/rover/workspaces/rover-real/src/install/science_analysis/share/ament_index
[3.665s] creating /home/rover/workspaces/rover-real/src/install/science_analysis/share/ament_index/resource_index
[3.667s] creating /home/rover/workspaces/rover-real/src/install/science_analysis/share/ament_index/resource_index/packages
[3.667s] copying resource/science_analysis -> /home/rover/workspaces/rover-real/src/install/science_analysis/share/ament_index/resource_index/packages
[3.667s] copying package.xml -> /home/rover/workspaces/rover-real/src/install/science_analysis/share/science_analysis
[3.668s] creating /home/rover/workspaces/rover-real/src/install/science_analysis/share/science_analysis/launch
[3.668s] copying launch/science_analysis.launch.py -> /home/rover/workspaces/rover-real/src/install/science_analysis/share/science_analysis/launch
[3.668s] creating /home/rover/workspaces/rover-real/src/install/science_analysis/share/science_analysis/config
[3.669s] copying config/assay_params.yaml -> /home/rover/workspaces/rover-real/src/install/science_analysis/share/science_analysis/config
[3.669s] running install_egg_info
[3.675s] Copying ../../build/science_analysis/science_analysis.egg-info to /home/rover/workspaces/rover-real/src/install/science_analysis/lib/python3.10/site-packages/science_analysis-0.0.0-py3.10.egg-info
[3.678s] running install_scripts
[3.745s] Installing science_analysis_node script to /home/rover/workspaces/rover-real/src/install/science_analysis/bin
[3.745s] writing list of installed files to '/home/rover/workspaces/rover-real/src/build/science_analysis/install.log'
[3.949s] Invoked command in '/home/rover/workspaces/rover-real/src/science/science_analysis' returned '0': PYTHONPATH=/home/rover/workspaces/rover-real/src/build/science_analysis/prefix_override:/usr/lib/python3/dist-packages/colcon_core/task/python/colcon_distutils_commands:/home/rover/workspaces/rover-real/src/install/science_analysis/lib/python3.10/site-packages:${PYTHONPATH} /usr/bin/python3 -W ignore:setup.py install is deprecated -W ignore:easy_install command is deprecated setup.py egg_info --egg-base ../../build/science_analysis build --build-base /home/rover/workspaces/rover-real/src/build/science_analysis/build install --record /home/rover/workspaces/rover-real/src/build/science_analysis/install.log --single-version-externally-managed install_data
