[5.045s] Invoking command in '/home/rover/workspaces/rover-real/src/common/urc_interfaces': PYTHONPATH=/home/rover/workspaces/rover-real/src/build/urc_interfaces/prefix_override:/usr/lib/python3/dist-packages/colcon_core/task/python/colcon_distutils_commands:/home/rover/workspaces/rover-real/src/install/urc_interfaces/lib/python3.10/site-packages:${PYTHONPATH} /usr/bin/python3 -W ignore:setup.py install is deprecated -W ignore:easy_install command is deprecated setup.py egg_info --egg-base ../../build/urc_interfaces build --build-base /home/rover/workspaces/rover-real/src/build/urc_interfaces/build install --record /home/rover/workspaces/rover-real/src/build/urc_interfaces/install.log --single-version-externally-managed install_data
[5.935s] running egg_info
[5.936s] writing ../../build/urc_interfaces/urc_interfaces.egg-info/PKG-INFO
[5.938s] writing dependency_links to ../../build/urc_interfaces/urc_interfaces.egg-info/dependency_links.txt
[5.938s] writing entry points to ../../build/urc_interfaces/urc_interfaces.egg-info/entry_points.txt
[5.939s] writing requirements to ../../build/urc_interfaces/urc_interfaces.egg-info/requires.txt
[5.939s] writing top-level names to ../../build/urc_interfaces/urc_interfaces.egg-info/top_level.txt
[5.945s] reading manifest file '../../build/urc_interfaces/urc_interfaces.egg-info/SOURCES.txt'
[5.952s] writing manifest file '../../build/urc_interfaces/urc_interfaces.egg-info/SOURCES.txt'
[5.955s] running build
[5.955s] running build_py
[5.955s] running install
[5.955s] running install_lib
[5.959s] running install_data
[5.960s] running install_egg_info
[5.965s] removing '/home/rover/workspaces/rover-real/src/install/urc_interfaces/lib/python3.10/site-packages/urc_interfaces-0.0.0-py3.10.egg-info' (and everything under it)
[5.966s] Copying ../../build/urc_interfaces/urc_interfaces.egg-info to /home/rover/workspaces/rover-real/src/install/urc_interfaces/lib/python3.10/site-packages/urc_interfaces-0.0.0-py3.10.egg-info
[5.972s] running install_scripts
[6.032s] writing list of installed files to '/home/rover/workspaces/rover-real/src/build/urc_interfaces/install.log'
[6.199s] Invoked command in '/home/rover/workspaces/rover-real/src/common/urc_interfaces' returned '0': PYTHONPATH=/home/rover/workspaces/rover-real/src/build/urc_interfaces/prefix_override:/usr/lib/python3/dist-packages/colcon_core/task/python/colcon_distutils_commands:/home/rover/workspaces/rover-real/src/install/urc_interfaces/lib/python3.10/site-packages:${PYTHONPATH} /usr/bin/python3 -W ignore:setup.py install is deprecated -W ignore:easy_install command is deprecated setup.py egg_info --egg-base ../../build/urc_interfaces build --build-base /home/rover/workspaces/rover-real/src/build/urc_interfaces/build install --record /home/rover/workspaces/rover-real/src/build/urc_interfaces/install.log --single-version-externally-managed install_data
