[0.110s] Invoking command in '/home/rover/workspaces/rover-real/src/build/micro_ros_msgs': CMAKE_PREFIX_PATH=/opt/ros/humble:${CMAKE_PREFIX_PATH} /usr/bin/cmake /home/rover/workspaces/rover-real/src/uros/micro_ros_msgs -DCMAKE_INSTALL_PREFIX=/home/rover/workspaces/rover-real/src/install/micro_ros_msgs
[1.615s] -- The C compiler identification is GNU 11.4.0
[1.830s] -- The CXX compiler identification is GNU 11.4.0
[1.921s] -- Detecting C compiler ABI info
[2.360s] -- Detecting C compiler ABI info - done
[2.396s] -- Check for working C compiler: /usr/bin/cc - skipped
[2.397s] -- Detecting C compile features
[2.399s] -- Detecting C compile features - done
[2.423s] -- Detecting CXX compiler ABI info
[2.902s] -- Detecting CXX compiler ABI info - done
[2.933s] -- Check for working CXX compiler: /usr/bin/c++ - skipped
[2.934s] -- Detecting CXX compile features
[2.936s] -- Detecting CXX compile features - done
[2.947s] -- Found ament_cmake: 1.3.12 (/opt/ros/humble/share/ament_cmake/cmake)
[3.967s] -- Found Python3: /usr/bin/python3 (found version "3.10.12") found components: Interpreter 
[4.522s] -- Found rosidl_default_generators: 1.2.0 (/opt/ros/humble/share/rosidl_default_generators/cmake)
[4.538s] -- Using all available rosidl_typesupport_c: rosidl_typesupport_fastrtps_c;rosidl_typesupport_introspection_c
[4.569s] -- Found rosidl_adapter: 3.1.7 (/opt/ros/humble/share/rosidl_adapter/cmake)
[4.778s] -- Using all available rosidl_typesupport_cpp: rosidl_typesupport_fastrtps_cpp;rosidl_typesupport_introspection_cpp
[5.023s] -- Found ament_lint_auto: 0.12.14 (/opt/ros/humble/share/ament_lint_auto/cmake)
[6.593s] -- Found ament_cmake_ros: 0.10.0 (/opt/ros/humble/share/ament_cmake_ros/cmake)
[7.643s] -- Using all available rosidl_typesupport_c: rosidl_typesupport_fastrtps_c;rosidl_typesupport_introspection_c
[8.973s] -- Using all available rosidl_typesupport_cpp: rosidl_typesupport_fastrtps_cpp;rosidl_typesupport_introspection_cpp
[9.089s] -- Found PythonInterp: /usr/bin/python3 (found suitable version "3.10.12", minimum required is "3.6") 
[9.099s] -- Found python_cmake_module: 0.10.0 (/opt/ros/humble/share/python_cmake_module/cmake)
[9.256s] -- Found PythonLibs: /usr/lib/aarch64-linux-gnu/libpython3.10.so (found suitable version "3.10.12", minimum required is "3.5") 
[9.257s] -- Using PYTHON_EXECUTABLE: /usr/bin/python3
[9.257s] -- Using PYTHON_INCLUDE_DIRS: /usr/include/python3.10
[9.257s] -- Using PYTHON_LIBRARIES: /usr/lib/aarch64-linux-gnu/libpython3.10.so
[9.372s] -- Found PythonExtra: .so  
[9.621s] -- Added test 'copyright' to check source files copyright and LICENSE
[9.639s] -- Added test 'lint_cmake' to check CMake code style
[9.639s] -- Added test 'xmllint' to check XML markup files
[9.692s] -- Configuring done
[10.017s] -- Generating done
[10.064s] -- Build files have been written to: /home/rover/workspaces/rover-real/src/build/micro_ros_msgs
[10.139s] Invoked command in '/home/rover/workspaces/rover-real/src/build/micro_ros_msgs' returned '0': CMAKE_PREFIX_PATH=/opt/ros/humble:${CMAKE_PREFIX_PATH} /usr/bin/cmake /home/rover/workspaces/rover-real/src/uros/micro_ros_msgs -DCMAKE_INSTALL_PREFIX=/home/rover/workspaces/rover-real/src/install/micro_ros_msgs
[10.140s] Invoking command in '/home/rover/workspaces/rover-real/src/build/micro_ros_msgs': CMAKE_PREFIX_PATH=/opt/ros/humble:${CMAKE_PREFIX_PATH} /usr/bin/cmake --build /home/rover/workspaces/rover-real/src/build/micro_ros_msgs -- -j6 -l6
[10.462s] [  2%] [34m[1mGenerating C++ code for ROS interfaces[0m
[10.468s] [  4%] [34m[1mGenerating C code for ROS interfaces[0m
[13.427s] [  4%] Built target micro_ros_msgs__cpp
[13.801s] [  4%] Built target ament_cmake_python_copy_micro_ros_msgs
[15.157s] [  6%] [32mBuilding C object CMakeFiles/micro_ros_msgs__rosidl_generator_c.dir/rosidl_generator_c/micro_ros_msgs/msg/detail/graph__functions.c.o[0m
[15.597s] [  8%] [32mBuilding C object CMakeFiles/micro_ros_msgs__rosidl_generator_c.dir/rosidl_generator_c/micro_ros_msgs/msg/detail/node__functions.c.o[0m
[15.974s] [ 10%] [32mBuilding C object CMakeFiles/micro_ros_msgs__rosidl_generator_c.dir/rosidl_generator_c/micro_ros_msgs/msg/detail/entity__functions.c.o[0m
[16.410s] [ 12%] [32m[1mLinking C shared library libmicro_ros_msgs__rosidl_generator_c.so[0m
[16.798s] [ 12%] Built target micro_ros_msgs__rosidl_generator_c
[18.897s] running egg_info
[18.901s] creating micro_ros_msgs.egg-info
[18.902s] writing micro_ros_msgs.egg-info/PKG-INFO
[18.906s] writing dependency_links to micro_ros_msgs.egg-info/dependency_links.txt
[18.910s] writing top-level names to micro_ros_msgs.egg-info/top_level.txt
[18.913s] writing manifest file 'micro_ros_msgs.egg-info/SOURCES.txt'
[18.932s] reading manifest file 'micro_ros_msgs.egg-info/SOURCES.txt'
[18.952s] writing manifest file 'micro_ros_msgs.egg-info/SOURCES.txt'
[19.460s] [ 12%] Built target ament_cmake_python_build_micro_ros_msgs_egg
[19.596s] [ 14%] [34m[1mGenerating C introspection for ROS interfaces[0m
[22.977s] [ 17%] [32mBuilding C object CMakeFiles/micro_ros_msgs__rosidl_typesupport_introspection_c.dir/rosidl_typesupport_introspection_c/micro_ros_msgs/msg/detail/graph__type_support.c.o[0m
[23.285s] [ 19%] [32mBuilding C object CMakeFiles/micro_ros_msgs__rosidl_typesupport_introspection_c.dir/rosidl_typesupport_introspection_c/micro_ros_msgs/msg/detail/node__type_support.c.o[0m
[23.567s] [ 21%] [32mBuilding C object CMakeFiles/micro_ros_msgs__rosidl_typesupport_introspection_c.dir/rosidl_typesupport_introspection_c/micro_ros_msgs/msg/detail/entity__type_support.c.o[0m
[23.813s] [ 23%] [32m[1mLinking C shared library libmicro_ros_msgs__rosidl_typesupport_introspection_c.so[0m
[24.156s] [ 23%] Built target micro_ros_msgs__rosidl_typesupport_introspection_c
[24.276s] [ 25%] [34m[1mGenerating C type support dispatch for ROS interfaces[0m
[26.133s] [ 27%] [32mBuilding CXX object CMakeFiles/micro_ros_msgs__rosidl_typesupport_c.dir/rosidl_typesupport_c/micro_ros_msgs/msg/graph__type_support.cpp.o[0m
[26.339s] [ 29%] [32mBuilding CXX object CMakeFiles/micro_ros_msgs__rosidl_typesupport_c.dir/rosidl_typesupport_c/micro_ros_msgs/msg/node__type_support.cpp.o[0m
[26.550s] [ 31%] [32mBuilding CXX object CMakeFiles/micro_ros_msgs__rosidl_typesupport_c.dir/rosidl_typesupport_c/micro_ros_msgs/msg/entity__type_support.cpp.o[0m
[26.641s] [ 34%] [32m[1mLinking CXX shared library libmicro_ros_msgs__rosidl_typesupport_c.so[0m
[26.755s] [ 34%] Built target micro_ros_msgs__rosidl_typesupport_c
[26.788s] [ 36%] [34m[1mGenerating C type support for eProsima Fast-RTPS[0m
[29.081s] [ 38%] [32mBuilding CXX object CMakeFiles/micro_ros_msgs__rosidl_typesupport_fastrtps_c.dir/rosidl_typesupport_fastrtps_c/micro_ros_msgs/msg/detail/graph__type_support_c.cpp.o[0m
[30.556s] [ 40%] [32mBuilding CXX object CMakeFiles/micro_ros_msgs__rosidl_typesupport_fastrtps_c.dir/rosidl_typesupport_fastrtps_c/micro_ros_msgs/msg/detail/entity__type_support_c.cpp.o[0m
[33.170s] [ 42%] [32mBuilding CXX object CMakeFiles/micro_ros_msgs__rosidl_typesupport_fastrtps_c.dir/rosidl_typesupport_fastrtps_c/micro_ros_msgs/msg/detail/node__type_support_c.cpp.o[0m
[35.343s] gmake[2]: *** wait: No child processes.  Stop.
[35.344s] gmake[2]: *** Waiting for unfinished jobs....
[35.345s] gmake[2]: *** wait: No child processes.  Stop.
[35.346s] gmake[1]: *** wait: No child processes.  Stop.
[35.347s] gmake[1]: *** Waiting for unfinished jobs....
[35.347s] gmake[1]: *** wait: No child processes.  Stop.
[35.347s] gmake: *** [Makefile:146: all] Error 2
