[0.361s] Invoking command in '/home/rover/workspaces/rover-real/src/build/slam_launch': CMAKE_PREFIX_PATH=/home/rover/workspaces/rover-real/src/install/zed2i_launch:/home/rover/workspaces/rover-real/src/install/loc_fusion:${CMAKE_PREFIX_PATH} PKG_CONFIG_PATH=/home/rover/workspaces/rover-real/src/install/zed2i_launch/lib/aarch64-linux-gnu/pkgconfig:/home/rover/workspaces/rover-real/src/install/zed2i_launch/lib/pkgconfig:/home/rover/workspaces/rover-real/src/install/loc_fusion/lib/aarch64-linux-gnu/pkgconfig:/home/rover/workspaces/rover-real/src/install/loc_fusion/lib/pkgconfig:${PKG_CONFIG_PATH} ROS_PACKAGE_PATH=/home/rover/workspaces/rover-real/src/install/zed2i_launch/share:/home/rover/workspaces/rover-real/src/install/loc_fusion/share:${ROS_PACKAGE_PATH} /usr/bin/cmake /home/rover/workspaces/rover-real/src/perception/slam_launch -DCATKIN_INSTALL_INTO_PREFIX_ROOT=0 -DCMAKE_INSTALL_PREFIX=/home/rover/workspaces/rover-real/src/install/slam_launch
[0.711s] -- The C compiler identification is GNU 11.4.0
[1.281s] -- The CXX compiler identification is GNU 11.4.0
[1.334s] -- Detecting C compiler ABI info
[1.968s] -- Detecting C compiler ABI info - done
[2.038s] -- Check for working C compiler: /usr/bin/cc - skipped
[2.039s] -- Detecting C compile features
[2.039s] -- Detecting C compile features - done
[2.110s] -- Detecting CXX compiler ABI info
[3.135s] -- Detecting CXX compiler ABI info - done
[3.172s] -- Check for working CXX compiler: /usr/bin/c++ - skipped
[3.191s] -- Detecting CXX compile features
[3.191s] -- Detecting CXX compile features - done
[3.219s] -- Found ament_cmake: 1.3.12 (/opt/ros/humble/share/ament_cmake/cmake)
[5.191s] -- Found Python3: /usr/bin/python3 (found version "3.10.12") found components: Interpreter 
[7.472s] -- Configuring done
[7.576s] -- Generating done
[7.579s] [33mCMake Warning:
[7.580s]   Manually-specified variables were not used by the project:
[7.580s] 
[7.580s]     CATKIN_INSTALL_INTO_PREFIX_ROOT
[7.580s] 
[7.580s] [0m
[7.610s] -- Build files have been written to: /home/rover/workspaces/rover-real/src/build/slam_launch
[7.678s] Invoked command in '/home/rover/workspaces/rover-real/src/build/slam_launch' returned '0': CMAKE_PREFIX_PATH=/home/rover/workspaces/rover-real/src/install/zed2i_launch:/home/rover/workspaces/rover-real/src/install/loc_fusion:${CMAKE_PREFIX_PATH} PKG_CONFIG_PATH=/home/rover/workspaces/rover-real/src/install/zed2i_launch/lib/aarch64-linux-gnu/pkgconfig:/home/rover/workspaces/rover-real/src/install/zed2i_launch/lib/pkgconfig:/home/rover/workspaces/rover-real/src/install/loc_fusion/lib/aarch64-linux-gnu/pkgconfig:/home/rover/workspaces/rover-real/src/install/loc_fusion/lib/pkgconfig:${PKG_CONFIG_PATH} ROS_PACKAGE_PATH=/home/rover/workspaces/rover-real/src/install/zed2i_launch/share:/home/rover/workspaces/rover-real/src/install/loc_fusion/share:${ROS_PACKAGE_PATH} /usr/bin/cmake /home/rover/workspaces/rover-real/src/perception/slam_launch -DCATKIN_INSTALL_INTO_PREFIX_ROOT=0 -DCMAKE_INSTALL_PREFIX=/home/rover/workspaces/rover-real/src/install/slam_launch
[7.681s] Invoking command in '/home/rover/workspaces/rover-real/src/build/slam_launch': CMAKE_PREFIX_PATH=/home/rover/workspaces/rover-real/src/install/zed2i_launch:/home/rover/workspaces/rover-real/src/install/loc_fusion:${CMAKE_PREFIX_PATH} PKG_CONFIG_PATH=/home/rover/workspaces/rover-real/src/install/zed2i_launch/lib/aarch64-linux-gnu/pkgconfig:/home/rover/workspaces/rover-real/src/install/zed2i_launch/lib/pkgconfig:/home/rover/workspaces/rover-real/src/install/loc_fusion/lib/aarch64-linux-gnu/pkgconfig:/home/rover/workspaces/rover-real/src/install/loc_fusion/lib/pkgconfig:${PKG_CONFIG_PATH} ROS_PACKAGE_PATH=/home/rover/workspaces/rover-real/src/install/zed2i_launch/share:/home/rover/workspaces/rover-real/src/install/loc_fusion/share:${ROS_PACKAGE_PATH} /usr/bin/cmake --build /home/rover/workspaces/rover-real/src/build/slam_launch -- -j6 -l6
[11.985s] Invoked command in '/home/rover/workspaces/rover-real/src/build/slam_launch' returned '0': CMAKE_PREFIX_PATH=/home/rover/workspaces/rover-real/src/install/zed2i_launch:/home/rover/workspaces/rover-real/src/install/loc_fusion:${CMAKE_PREFIX_PATH} PKG_CONFIG_PATH=/home/rover/workspaces/rover-real/src/install/zed2i_launch/lib/aarch64-linux-gnu/pkgconfig:/home/rover/workspaces/rover-real/src/install/zed2i_launch/lib/pkgconfig:/home/rover/workspaces/rover-real/src/install/loc_fusion/lib/aarch64-linux-gnu/pkgconfig:/home/rover/workspaces/rover-real/src/install/loc_fusion/lib/pkgconfig:${PKG_CONFIG_PATH} ROS_PACKAGE_PATH=/home/rover/workspaces/rover-real/src/install/zed2i_launch/share:/home/rover/workspaces/rover-real/src/install/loc_fusion/share:${ROS_PACKAGE_PATH} /usr/bin/cmake --build /home/rover/workspaces/rover-real/src/build/slam_launch -- -j6 -l6
[11.998s] Invoking command in '/home/rover/workspaces/rover-real/src/build/slam_launch': CMAKE_PREFIX_PATH=/home/rover/workspaces/rover-real/src/install/zed2i_launch:/home/rover/workspaces/rover-real/src/install/loc_fusion:${CMAKE_PREFIX_PATH} PKG_CONFIG_PATH=/home/rover/workspaces/rover-real/src/install/zed2i_launch/lib/aarch64-linux-gnu/pkgconfig:/home/rover/workspaces/rover-real/src/install/zed2i_launch/lib/pkgconfig:/home/rover/workspaces/rover-real/src/install/loc_fusion/lib/aarch64-linux-gnu/pkgconfig:/home/rover/workspaces/rover-real/src/install/loc_fusion/lib/pkgconfig:${PKG_CONFIG_PATH} ROS_PACKAGE_PATH=/home/rover/workspaces/rover-real/src/install/zed2i_launch/share:/home/rover/workspaces/rover-real/src/install/loc_fusion/share:${ROS_PACKAGE_PATH} /usr/bin/cmake --install /home/rover/workspaces/rover-real/src/build/slam_launch
[12.101s] -- Install configuration: ""
[12.101s] -- Installing: /home/rover/workspaces/rover-real/src/install/slam_launch/share/slam_launch/launch
[12.104s] -- Installing: /home/rover/workspaces/rover-real/src/install/slam_launch/share/slam_launch/launch/slam.launch.py
[12.158s] -- Installing: /home/rover/workspaces/rover-real/src/install/slam_launch/share/slam_launch/config
[12.162s] -- Installing: /home/rover/workspaces/rover-real/src/install/slam_launch/share/slam_launch/config/rtabmap_params.yaml
[12.163s] -- Installing: /home/rover/workspaces/rover-real/src/install/slam_launch/share/ament_index/resource_index/package_run_dependencies/slam_launch
[12.163s] -- Installing: /home/rover/workspaces/rover-real/src/install/slam_launch/share/ament_index/resource_index/parent_prefix_path/slam_launch
[12.163s] -- Installing: /home/rover/workspaces/rover-real/src/install/slam_launch/share/slam_launch/environment/ament_prefix_path.sh
[12.163s] -- Installing: /home/rover/workspaces/rover-real/src/install/slam_launch/share/slam_launch/environment/ament_prefix_path.dsv
[12.163s] -- Installing: /home/rover/workspaces/rover-real/src/install/slam_launch/share/slam_launch/environment/path.sh
[12.163s] -- Installing: /home/rover/workspaces/rover-real/src/install/slam_launch/share/slam_launch/environment/path.dsv
[12.164s] -- Installing: /home/rover/workspaces/rover-real/src/install/slam_launch/share/slam_launch/local_setup.bash
[12.164s] -- Installing: /home/rover/workspaces/rover-real/src/install/slam_launch/share/slam_launch/local_setup.sh
[12.164s] -- Installing: /home/rover/workspaces/rover-real/src/install/slam_launch/share/slam_launch/local_setup.zsh
[12.164s] -- Installing: /home/rover/workspaces/rover-real/src/install/slam_launch/share/slam_launch/local_setup.dsv
[12.164s] -- Installing: /home/rover/workspaces/rover-real/src/install/slam_launch/share/slam_launch/package.dsv
[12.164s] -- Installing: /home/rover/workspaces/rover-real/src/install/slam_launch/share/ament_index/resource_index/packages/slam_launch
[12.169s] -- Installing: /home/rover/workspaces/rover-real/src/install/slam_launch/share/slam_launch/cmake/slam_launchConfig.cmake
[12.169s] -- Installing: /home/rover/workspaces/rover-real/src/install/slam_launch/share/slam_launch/cmake/slam_launchConfig-version.cmake
[12.169s] -- Installing: /home/rover/workspaces/rover-real/src/install/slam_launch/share/slam_launch/package.xml
[12.211s] Invoked command in '/home/rover/workspaces/rover-real/src/build/slam_launch' returned '0': CMAKE_PREFIX_PATH=/home/rover/workspaces/rover-real/src/install/zed2i_launch:/home/rover/workspaces/rover-real/src/install/loc_fusion:${CMAKE_PREFIX_PATH} PKG_CONFIG_PATH=/home/rover/workspaces/rover-real/src/install/zed2i_launch/lib/aarch64-linux-gnu/pkgconfig:/home/rover/workspaces/rover-real/src/install/zed2i_launch/lib/pkgconfig:/home/rover/workspaces/rover-real/src/install/loc_fusion/lib/aarch64-linux-gnu/pkgconfig:/home/rover/workspaces/rover-real/src/install/loc_fusion/lib/pkgconfig:${PKG_CONFIG_PATH} ROS_PACKAGE_PATH=/home/rover/workspaces/rover-real/src/install/zed2i_launch/share:/home/rover/workspaces/rover-real/src/install/loc_fusion/share:${ROS_PACKAGE_PATH} /usr/bin/cmake --install /home/rover/workspaces/rover-real/src/build/slam_launch
